INFO: [VRFC 10-2263] Analyzing Verilog file "D:/github/memory_system/memory_system.sim/sim_1/synth/timing/xsim/Dcache_tb_time_synth.v" into library xil_defaultlib
INFO: [VRFC 10-311] analyzing module IBUF_UNIQ_BASE_
INFO: [VRFC 10-311] analyzing module IBUF_HD1851
INFO: [VRFC 10-311] analyzing module IBUF_HD1852
INFO: [VRFC 10-311] analyzing module IBUF_HD1853
INFO: [VRFC 10-311] analyzing module IBUF_HD1854
INFO: [VRFC 10-311] analyzing module IBUF_HD1855
INFO: [VRFC 10-311] analyzing module IBUF_HD1856
INFO: [VRFC 10-311] analyzing module IBUF_HD1857
INFO: [VRFC 10-311] analyzing module IBUF_HD1858
INFO: [VRFC 10-311] analyzing module IBUF_HD1859
INFO: [VRFC 10-311] analyzing module IBUF_HD1860
INFO: [VRFC 10-311] analyzing module IBUF_HD1861
INFO: [VRFC 10-311] analyzing module IBUF_HD1862
INFO: [VRFC 10-311] analyzing module IBUF_HD1863
INFO: [VRFC 10-311] analyzing module IBUF_HD1864
INFO: [VRFC 10-311] analyzing module IBUF_HD1865
INFO: [VRFC 10-311] analyzing module IBUF_HD1866
INFO: [VRFC 10-311] analyzing module IBUF_HD1867
INFO: [VRFC 10-311] analyzing module IBUF_HD1868
INFO: [VRFC 10-311] analyzing module IBUF_HD1869
INFO: [VRFC 10-311] analyzing module IBUF_HD1870
INFO: [VRFC 10-311] analyzing module IBUF_HD1871
INFO: [VRFC 10-311] analyzing module IBUF_HD1872
INFO: [VRFC 10-311] analyzing module IBUF_HD1873
INFO: [VRFC 10-311] analyzing module IBUF_HD1874
INFO: [VRFC 10-311] analyzing module IBUF_HD1875
INFO: [VRFC 10-311] analyzing module IBUF_HD1876
INFO: [VRFC 10-311] analyzing module IBUF_HD1877
INFO: [VRFC 10-311] analyzing module IBUF_HD1878
INFO: [VRFC 10-311] analyzing module IBUF_HD1879
INFO: [VRFC 10-311] analyzing module IBUF_HD1880
INFO: [VRFC 10-311] analyzing module IBUF_HD1881
INFO: [VRFC 10-311] analyzing module IBUF_HD1882
INFO: [VRFC 10-311] analyzing module IBUF_HD1883
INFO: [VRFC 10-311] analyzing module IBUF_HD1884
INFO: [VRFC 10-311] analyzing module IBUF_HD1885
INFO: [VRFC 10-311] analyzing module IBUF_HD1886
INFO: [VRFC 10-311] analyzing module IBUF_HD1887
INFO: [VRFC 10-311] analyzing module IBUF_HD1888
INFO: [VRFC 10-311] analyzing module IBUF_HD1889
INFO: [VRFC 10-311] analyzing module IBUF_HD1890
INFO: [VRFC 10-311] analyzing module IBUF_HD1891
INFO: [VRFC 10-311] analyzing module IBUF_HD1892
INFO: [VRFC 10-311] analyzing module IBUF_HD1893
INFO: [VRFC 10-311] analyzing module IBUF_HD1894
INFO: [VRFC 10-311] analyzing module IBUF_HD1895
INFO: [VRFC 10-311] analyzing module IBUF_HD1896
INFO: [VRFC 10-311] analyzing module IBUF_HD1897
INFO: [VRFC 10-311] analyzing module IBUF_HD1898
INFO: [VRFC 10-311] analyzing module IBUF_HD1899
INFO: [VRFC 10-311] analyzing module IBUF_HD1900
INFO: [VRFC 10-311] analyzing module IBUF_HD1901
INFO: [VRFC 10-311] analyzing module IBUF_HD1902
INFO: [VRFC 10-311] analyzing module IBUF_HD1903
INFO: [VRFC 10-311] analyzing module IBUF_HD1904
INFO: [VRFC 10-311] analyzing module IBUF_HD1905
INFO: [VRFC 10-311] analyzing module IBUF_HD1906
INFO: [VRFC 10-311] analyzing module IBUF_HD1907
INFO: [VRFC 10-311] analyzing module IBUF_HD1908
INFO: [VRFC 10-311] analyzing module IBUF_HD1909
INFO: [VRFC 10-311] analyzing module IBUF_HD1910
INFO: [VRFC 10-311] analyzing module IBUF_HD1911
INFO: [VRFC 10-311] analyzing module IBUF_HD1912
INFO: [VRFC 10-311] analyzing module IBUF_HD1913
INFO: [VRFC 10-311] analyzing module IBUF_HD1914
INFO: [VRFC 10-311] analyzing module IBUF_HD1915
INFO: [VRFC 10-311] analyzing module IBUF_HD1916
INFO: [VRFC 10-311] analyzing module IBUF_HD1917
INFO: [VRFC 10-311] analyzing module IBUF_HD1918
INFO: [VRFC 10-311] analyzing module IBUF_HD1919
INFO: [VRFC 10-311] analyzing module IBUF_HD1920
INFO: [VRFC 10-311] analyzing module IBUF_HD1921
INFO: [VRFC 10-311] analyzing module IBUF_HD1922
INFO: [VRFC 10-311] analyzing module IBUF_HD1923
INFO: [VRFC 10-311] analyzing module IBUF_HD1924
INFO: [VRFC 10-311] analyzing module IBUF_HD1925
INFO: [VRFC 10-311] analyzing module IBUF_HD1926
INFO: [VRFC 10-311] analyzing module IBUF_HD1927
INFO: [VRFC 10-311] analyzing module IBUF_HD1928
INFO: [VRFC 10-311] analyzing module IBUF_HD1929
INFO: [VRFC 10-311] analyzing module IBUF_HD1930
INFO: [VRFC 10-311] analyzing module IBUF_HD1931
INFO: [VRFC 10-311] analyzing module IBUF_HD1932
INFO: [VRFC 10-311] analyzing module IBUF_HD1933
INFO: [VRFC 10-311] analyzing module IBUF_HD1934
INFO: [VRFC 10-311] analyzing module IBUF_HD1935
INFO: [VRFC 10-311] analyzing module IBUF_HD1936
INFO: [VRFC 10-311] analyzing module IBUF_HD1937
INFO: [VRFC 10-311] analyzing module IBUF_HD1938
INFO: [VRFC 10-311] analyzing module IBUF_HD1939
INFO: [VRFC 10-311] analyzing module IBUF_HD1940
INFO: [VRFC 10-311] analyzing module IBUF_HD1941
INFO: [VRFC 10-311] analyzing module IBUF_HD1942
INFO: [VRFC 10-311] analyzing module IBUF_HD1943
INFO: [VRFC 10-311] analyzing module IBUF_HD1944
INFO: [VRFC 10-311] analyzing module IBUF_HD1945
INFO: [VRFC 10-311] analyzing module IBUF_HD1946
INFO: [VRFC 10-311] analyzing module IBUF_HD1947
INFO: [VRFC 10-311] analyzing module IBUF_HD1948
INFO: [VRFC 10-311] analyzing module IBUF_HD1949
INFO: [VRFC 10-311] analyzing module IBUF_HD1950
INFO: [VRFC 10-311] analyzing module IBUF_HD1951
INFO: [VRFC 10-311] analyzing module IBUF_HD1952
INFO: [VRFC 10-311] analyzing module IBUF_HD1953
INFO: [VRFC 10-311] analyzing module IBUF_HD1954
INFO: [VRFC 10-311] analyzing module IBUF_HD1955
INFO: [VRFC 10-311] analyzing module IBUF_HD1956
INFO: [VRFC 10-311] analyzing module IBUF_HD1957
INFO: [VRFC 10-311] analyzing module IBUF_HD1958
INFO: [VRFC 10-311] analyzing module IBUF_HD1959
INFO: [VRFC 10-311] analyzing module IBUF_HD1960
INFO: [VRFC 10-311] analyzing module IBUF_HD1961
INFO: [VRFC 10-311] analyzing module IBUF_HD1962
INFO: [VRFC 10-311] analyzing module IBUF_HD1963
INFO: [VRFC 10-311] analyzing module IBUF_HD1964
INFO: [VRFC 10-311] analyzing module IBUF_HD1965
INFO: [VRFC 10-311] analyzing module IBUF_HD1966
INFO: [VRFC 10-311] analyzing module IBUF_HD1967
INFO: [VRFC 10-311] analyzing module IBUF_HD1968
INFO: [VRFC 10-311] analyzing module IBUF_HD1969
INFO: [VRFC 10-311] analyzing module IBUF_HD1970
INFO: [VRFC 10-311] analyzing module IBUF_HD1971
INFO: [VRFC 10-311] analyzing module IBUF_HD1972
INFO: [VRFC 10-311] analyzing module IBUF_HD1973
INFO: [VRFC 10-311] analyzing module IBUF_HD1974
INFO: [VRFC 10-311] analyzing module IBUF_HD1975
INFO: [VRFC 10-311] analyzing module IBUF_HD1976
INFO: [VRFC 10-311] analyzing module IBUF_HD1977
INFO: [VRFC 10-311] analyzing module IBUF_HD1978
INFO: [VRFC 10-311] analyzing module IBUF_HD1979
INFO: [VRFC 10-311] analyzing module IBUF_HD1980
INFO: [VRFC 10-311] analyzing module IBUF_HD1981
INFO: [VRFC 10-311] analyzing module IBUF_HD1982
INFO: [VRFC 10-311] analyzing module IBUF_HD1983
INFO: [VRFC 10-311] analyzing module IBUF_HD1984
INFO: [VRFC 10-311] analyzing module IBUF_HD1985
INFO: [VRFC 10-311] analyzing module IBUF_HD1986
INFO: [VRFC 10-311] analyzing module IBUF_HD1987
INFO: [VRFC 10-311] analyzing module IBUF_HD1988
INFO: [VRFC 10-311] analyzing module IBUF_HD1989
INFO: [VRFC 10-311] analyzing module IBUF_HD1990
INFO: [VRFC 10-311] analyzing module IBUF_HD1991
INFO: [VRFC 10-311] analyzing module IBUF_HD1992
INFO: [VRFC 10-311] analyzing module IBUF_HD1993
INFO: [VRFC 10-311] analyzing module IBUF_HD1994
INFO: [VRFC 10-311] analyzing module IBUF_HD1995
INFO: [VRFC 10-311] analyzing module IBUF_HD1996
INFO: [VRFC 10-311] analyzing module IBUF_HD1997
INFO: [VRFC 10-311] analyzing module IBUF_HD1998
INFO: [VRFC 10-311] analyzing module IBUF_HD1999
INFO: [VRFC 10-311] analyzing module IBUF_HD2000
INFO: [VRFC 10-311] analyzing module IBUF_HD2001
INFO: [VRFC 10-311] analyzing module IBUF_HD2002
INFO: [VRFC 10-311] analyzing module IBUF_HD2003
INFO: [VRFC 10-311] analyzing module IBUF_HD2004
INFO: [VRFC 10-311] analyzing module IBUF_HD2005
INFO: [VRFC 10-311] analyzing module IBUF_HD2006
INFO: [VRFC 10-311] analyzing module IBUF_HD2007
INFO: [VRFC 10-311] analyzing module IBUF_HD2008
INFO: [VRFC 10-311] analyzing module IBUF_HD2009
INFO: [VRFC 10-311] analyzing module IBUF_HD2010
INFO: [VRFC 10-311] analyzing module IBUF_HD2011
INFO: [VRFC 10-311] analyzing module IBUF_HD2012
INFO: [VRFC 10-311] analyzing module IBUF_HD2013
INFO: [VRFC 10-311] analyzing module IBUF_HD2014
INFO: [VRFC 10-311] analyzing module IBUF_HD2015
INFO: [VRFC 10-311] analyzing module IBUF_HD2016
INFO: [VRFC 10-311] analyzing module IBUF_HD2017
INFO: [VRFC 10-311] analyzing module IBUF_HD2018
INFO: [VRFC 10-311] analyzing module IBUF_HD2019
INFO: [VRFC 10-311] analyzing module IBUF_HD2020
INFO: [VRFC 10-311] analyzing module IBUF_HD2021
INFO: [VRFC 10-311] analyzing module IBUF_HD2022
INFO: [VRFC 10-311] analyzing module IBUF_HD2023
INFO: [VRFC 10-311] analyzing module IBUF_HD2024
INFO: [VRFC 10-311] analyzing module IBUF_HD2025
INFO: [VRFC 10-311] analyzing module IBUF_HD2026
INFO: [VRFC 10-311] analyzing module IBUF_HD2027
INFO: [VRFC 10-311] analyzing module IBUF_HD2028
INFO: [VRFC 10-311] analyzing module IBUF_HD2029
INFO: [VRFC 10-311] analyzing module IBUF_HD2030
INFO: [VRFC 10-311] analyzing module IBUF_HD2031
INFO: [VRFC 10-311] analyzing module IBUF_HD2032
INFO: [VRFC 10-311] analyzing module IBUF_HD2033
INFO: [VRFC 10-311] analyzing module IBUF_HD2034
INFO: [VRFC 10-311] analyzing module IBUF_HD2035
INFO: [VRFC 10-311] analyzing module IBUF_HD2036
INFO: [VRFC 10-311] analyzing module IBUF_HD2037
INFO: [VRFC 10-311] analyzing module IBUF_HD2038
INFO: [VRFC 10-311] analyzing module IBUF_HD2039
INFO: [VRFC 10-311] analyzing module IBUF_HD2040
INFO: [VRFC 10-311] analyzing module IBUF_HD2041
INFO: [VRFC 10-311] analyzing module IBUF_HD2042
INFO: [VRFC 10-311] analyzing module IBUF_HD2043
INFO: [VRFC 10-311] analyzing module IBUF_HD2044
INFO: [VRFC 10-311] analyzing module IBUF_HD2045
INFO: [VRFC 10-311] analyzing module IBUF_HD2046
INFO: [VRFC 10-311] analyzing module IBUF_HD2047
INFO: [VRFC 10-311] analyzing module IBUF_HD2048
INFO: [VRFC 10-311] analyzing module IBUF_HD2049
INFO: [VRFC 10-311] analyzing module IBUF_HD2050
INFO: [VRFC 10-311] analyzing module IBUF_HD2051
INFO: [VRFC 10-311] analyzing module IBUF_HD2052
INFO: [VRFC 10-311] analyzing module IBUF_HD2053
INFO: [VRFC 10-311] analyzing module IBUF_HD2054
INFO: [VRFC 10-311] analyzing module IBUF_HD2055
INFO: [VRFC 10-311] analyzing module IBUF_HD2056
INFO: [VRFC 10-311] analyzing module IBUF_HD2057
INFO: [VRFC 10-311] analyzing module IBUF_HD2058
INFO: [VRFC 10-311] analyzing module IBUF_HD2059
INFO: [VRFC 10-311] analyzing module IBUF_HD2060
INFO: [VRFC 10-311] analyzing module IBUF_HD2061
INFO: [VRFC 10-311] analyzing module IBUF_HD2062
INFO: [VRFC 10-311] analyzing module IBUF_HD2063
INFO: [VRFC 10-311] analyzing module IBUF_HD2064
INFO: [VRFC 10-311] analyzing module IBUF_HD2065
INFO: [VRFC 10-311] analyzing module IBUF_HD2066
INFO: [VRFC 10-311] analyzing module IBUF_HD2067
INFO: [VRFC 10-311] analyzing module IBUF_HD2068
INFO: [VRFC 10-311] analyzing module IBUF_HD2069
INFO: [VRFC 10-311] analyzing module IBUF_HD2070
INFO: [VRFC 10-311] analyzing module IBUF_HD2071
INFO: [VRFC 10-311] analyzing module IBUF_HD2072
INFO: [VRFC 10-311] analyzing module IBUF_HD2073
INFO: [VRFC 10-311] analyzing module IBUF_HD2074
INFO: [VRFC 10-311] analyzing module IBUF_HD2075
INFO: [VRFC 10-311] analyzing module IBUF_HD2076
INFO: [VRFC 10-311] analyzing module IBUF_HD2077
INFO: [VRFC 10-311] analyzing module IBUF_HD2078
INFO: [VRFC 10-311] analyzing module IBUF_HD2079
INFO: [VRFC 10-311] analyzing module IBUF_HD2080
INFO: [VRFC 10-311] analyzing module IBUF_HD2081
INFO: [VRFC 10-311] analyzing module IBUF_HD2082
INFO: [VRFC 10-311] analyzing module IBUF_HD2083
INFO: [VRFC 10-311] analyzing module IBUF_HD2084
INFO: [VRFC 10-311] analyzing module IBUF_HD2085
INFO: [VRFC 10-311] analyzing module IBUF_HD2086
INFO: [VRFC 10-311] analyzing module IBUF_HD2087
INFO: [VRFC 10-311] analyzing module IBUF_HD2088
INFO: [VRFC 10-311] analyzing module IBUF_HD2089
INFO: [VRFC 10-311] analyzing module IBUF_HD2090
INFO: [VRFC 10-311] analyzing module IBUF_HD2091
INFO: [VRFC 10-311] analyzing module IBUF_HD2092
INFO: [VRFC 10-311] analyzing module IBUF_HD2093
INFO: [VRFC 10-311] analyzing module IBUF_HD2094
INFO: [VRFC 10-311] analyzing module IBUF_HD2095
INFO: [VRFC 10-311] analyzing module IBUF_HD2096
INFO: [VRFC 10-311] analyzing module IBUF_HD2097
INFO: [VRFC 10-311] analyzing module IBUF_HD2098
INFO: [VRFC 10-311] analyzing module IBUF_HD2099
INFO: [VRFC 10-311] analyzing module IBUF_HD2100
INFO: [VRFC 10-311] analyzing module IBUF_HD2101
INFO: [VRFC 10-311] analyzing module IBUF_HD2102
INFO: [VRFC 10-311] analyzing module IBUF_HD2103
INFO: [VRFC 10-311] analyzing module IBUF_HD2104
INFO: [VRFC 10-311] analyzing module IBUF_HD2105
INFO: [VRFC 10-311] analyzing module IBUF_HD2106
INFO: [VRFC 10-311] analyzing module IBUF_HD2107
INFO: [VRFC 10-311] analyzing module IBUF_HD2108
INFO: [VRFC 10-311] analyzing module IBUF_HD2109
INFO: [VRFC 10-311] analyzing module IBUF_HD2110
INFO: [VRFC 10-311] analyzing module IBUF_HD2111
INFO: [VRFC 10-311] analyzing module IBUF_HD2112
INFO: [VRFC 10-311] analyzing module IBUF_HD2113
INFO: [VRFC 10-311] analyzing module IBUF_HD2114
INFO: [VRFC 10-311] analyzing module IBUF_HD2115
INFO: [VRFC 10-311] analyzing module IBUF_HD2116
INFO: [VRFC 10-311] analyzing module IBUF_HD2117
INFO: [VRFC 10-311] analyzing module IBUF_HD2118
INFO: [VRFC 10-311] analyzing module IBUF_HD2119
INFO: [VRFC 10-311] analyzing module IBUF_HD2120
INFO: [VRFC 10-311] analyzing module IBUF_HD2121
INFO: [VRFC 10-311] analyzing module IBUF_HD2122
INFO: [VRFC 10-311] analyzing module IBUF_HD2123
INFO: [VRFC 10-311] analyzing module IBUF_HD2124
INFO: [VRFC 10-311] analyzing module IBUF_HD2125
INFO: [VRFC 10-311] analyzing module IBUF_HD2126
INFO: [VRFC 10-311] analyzing module IBUF_HD2127
INFO: [VRFC 10-311] analyzing module IBUF_HD2128
INFO: [VRFC 10-311] analyzing module IBUF_HD2129
INFO: [VRFC 10-311] analyzing module IBUF_HD2130
INFO: [VRFC 10-311] analyzing module IBUF_HD2131
INFO: [VRFC 10-311] analyzing module IBUF_HD2132
INFO: [VRFC 10-311] analyzing module IBUF_HD2133
INFO: [VRFC 10-311] analyzing module IBUF_HD2134
INFO: [VRFC 10-311] analyzing module IBUF_HD2135
INFO: [VRFC 10-311] analyzing module IBUF_HD2136
INFO: [VRFC 10-311] analyzing module IBUF_HD2137
INFO: [VRFC 10-311] analyzing module IBUF_HD2138
INFO: [VRFC 10-311] analyzing module IBUF_HD2139
INFO: [VRFC 10-311] analyzing module IBUF_HD2140
INFO: [VRFC 10-311] analyzing module IBUF_HD2141
INFO: [VRFC 10-311] analyzing module IBUF_HD2142
INFO: [VRFC 10-311] analyzing module IBUF_HD2143
INFO: [VRFC 10-311] analyzing module IBUF_HD2144
INFO: [VRFC 10-311] analyzing module IBUF_HD2145
INFO: [VRFC 10-311] analyzing module IBUF_HD2146
INFO: [VRFC 10-311] analyzing module IBUF_HD2147
INFO: [VRFC 10-311] analyzing module IBUF_HD2148
INFO: [VRFC 10-311] analyzing module IBUF_HD2149
INFO: [VRFC 10-311] analyzing module IBUF_HD2150
INFO: [VRFC 10-311] analyzing module IBUF_HD2151
INFO: [VRFC 10-311] analyzing module IBUF_HD2152
INFO: [VRFC 10-311] analyzing module IBUF_HD2153
INFO: [VRFC 10-311] analyzing module IBUF_HD2154
INFO: [VRFC 10-311] analyzing module IBUF_HD2155
INFO: [VRFC 10-311] analyzing module IBUF_HD2156
INFO: [VRFC 10-311] analyzing module IBUF_HD2157
INFO: [VRFC 10-311] analyzing module IBUF_HD2158
INFO: [VRFC 10-311] analyzing module IBUF_HD2159
INFO: [VRFC 10-311] analyzing module IBUF_HD2160
INFO: [VRFC 10-311] analyzing module IBUF_HD2161
INFO: [VRFC 10-311] analyzing module IBUF_HD2162
INFO: [VRFC 10-311] analyzing module IBUF_HD2163
INFO: [VRFC 10-311] analyzing module IBUF_HD2164
INFO: [VRFC 10-311] analyzing module IBUF_HD2165
INFO: [VRFC 10-311] analyzing module IBUF_HD2166
INFO: [VRFC 10-311] analyzing module IBUF_HD2167
INFO: [VRFC 10-311] analyzing module IBUF_HD2168
INFO: [VRFC 10-311] analyzing module IBUF_HD2169
INFO: [VRFC 10-311] analyzing module IBUF_HD2170
INFO: [VRFC 10-311] analyzing module IBUF_HD2171
INFO: [VRFC 10-311] analyzing module IBUF_HD2172
INFO: [VRFC 10-311] analyzing module IBUF_HD2173
INFO: [VRFC 10-311] analyzing module IBUF_HD2174
INFO: [VRFC 10-311] analyzing module IBUF_HD2175
INFO: [VRFC 10-311] analyzing module IBUF_HD2176
INFO: [VRFC 10-311] analyzing module IBUF_HD2177
INFO: [VRFC 10-311] analyzing module IBUF_HD2178
INFO: [VRFC 10-311] analyzing module IBUF_HD2179
INFO: [VRFC 10-311] analyzing module IBUF_HD2180
INFO: [VRFC 10-311] analyzing module IBUF_HD2181
INFO: [VRFC 10-311] analyzing module IBUF_HD2182
INFO: [VRFC 10-311] analyzing module IBUF_HD2183
INFO: [VRFC 10-311] analyzing module IBUF_HD2184
INFO: [VRFC 10-311] analyzing module IBUF_HD2185
INFO: [VRFC 10-311] analyzing module IBUF_HD2186
INFO: [VRFC 10-311] analyzing module IBUF_HD2187
INFO: [VRFC 10-311] analyzing module IBUF_HD2188
INFO: [VRFC 10-311] analyzing module IBUF_HD2189
INFO: [VRFC 10-311] analyzing module IBUF_HD2190
INFO: [VRFC 10-311] analyzing module IBUF_HD2191
INFO: [VRFC 10-311] analyzing module IBUF_HD2192
INFO: [VRFC 10-311] analyzing module IBUF_HD2193
INFO: [VRFC 10-311] analyzing module IBUF_HD2194
INFO: [VRFC 10-311] analyzing module IBUF_HD2195
INFO: [VRFC 10-311] analyzing module IBUF_HD2196
INFO: [VRFC 10-311] analyzing module IBUF_HD2197
INFO: [VRFC 10-311] analyzing module IBUF_HD2198
INFO: [VRFC 10-311] analyzing module IBUF_HD2199
INFO: [VRFC 10-311] analyzing module IBUF_HD2200
INFO: [VRFC 10-311] analyzing module IBUF_HD2201
INFO: [VRFC 10-311] analyzing module IBUF_HD2202
INFO: [VRFC 10-311] analyzing module IBUF_HD2203
INFO: [VRFC 10-311] analyzing module IBUF_HD2204
INFO: [VRFC 10-311] analyzing module IBUF_HD2205
INFO: [VRFC 10-311] analyzing module IBUF_HD2206
INFO: [VRFC 10-311] analyzing module IBUF_HD2207
INFO: [VRFC 10-311] analyzing module IBUF_HD2208
INFO: [VRFC 10-311] analyzing module IBUF_HD2209
INFO: [VRFC 10-311] analyzing module IBUF_HD2210
INFO: [VRFC 10-311] analyzing module IBUF_HD2211
INFO: [VRFC 10-311] analyzing module IBUF_HD2212
INFO: [VRFC 10-311] analyzing module IBUF_HD2213
INFO: [VRFC 10-311] analyzing module IBUF_HD2214
INFO: [VRFC 10-311] analyzing module IBUF_HD2215
INFO: [VRFC 10-311] analyzing module IBUF_HD2216
INFO: [VRFC 10-311] analyzing module IBUF_HD2217
INFO: [VRFC 10-311] analyzing module IBUF_HD2218
INFO: [VRFC 10-311] analyzing module IBUF_HD2219
INFO: [VRFC 10-311] analyzing module IBUF_HD2220
INFO: [VRFC 10-311] analyzing module Dcache
INFO: [VRFC 10-311] analyzing module Dcache_D_V_buffer
INFO: [VRFC 10-311] analyzing module Dcache_bank_dataSram0
INFO: [VRFC 10-311] analyzing module Dcache_bank_dataSram1
INFO: [VRFC 10-311] analyzing module Dcache_bank_tagSRAM
INFO: [VRFC 10-311] analyzing module Dcache_plru_buffer
INFO: [VRFC 10-311] analyzing module cArbMerge2_6b
INFO: [VRFC 10-311] analyzing module cFifo1
INFO: [VRFC 10-311] analyzing module cMutexMerge2_1b
INFO: [VRFC 10-311] analyzing module cMutexMerge2_1b__1
INFO: [VRFC 10-311] analyzing module cMutexMerge6_outpmt_6b
INFO: [VRFC 10-311] analyzing module cPmtFifo1
INFO: [VRFC 10-311] analyzing module cPmtFifo1__1
INFO: [VRFC 10-311] analyzing module cPmtFifo2
INFO: [VRFC 10-311] analyzing module cSelector5_fire2
INFO: [VRFC 10-311] analyzing module cSelector6
INFO: [VRFC 10-311] analyzing module contTap
INFO: [VRFC 10-311] analyzing module contTap__1
INFO: [VRFC 10-311] analyzing module contTap__10
INFO: [VRFC 10-311] analyzing module contTap__11
INFO: [VRFC 10-311] analyzing module contTap__2
INFO: [VRFC 10-311] analyzing module contTap__3
INFO: [VRFC 10-311] analyzing module contTap__4
INFO: [VRFC 10-311] analyzing module contTap__5
INFO: [VRFC 10-311] analyzing module contTap__6
INFO: [VRFC 10-311] analyzing module contTap__7
INFO: [VRFC 10-311] analyzing module contTap__8
INFO: [VRFC 10-311] analyzing module contTap__9
INFO: [VRFC 10-311] analyzing module dcache_tag_compare
INFO: [VRFC 10-311] analyzing module delay1U
INFO: [VRFC 10-311] analyzing module delay1U__1
INFO: [VRFC 10-311] analyzing module delay1U__2
INFO: [VRFC 10-311] analyzing module delay1U__3
INFO: [VRFC 10-311] analyzing module delay1U__4
INFO: [VRFC 10-311] analyzing module delay1U__5
INFO: [VRFC 10-311] analyzing module delay1Unit
INFO: [VRFC 10-311] analyzing module delay1Unit__1
INFO: [VRFC 10-311] analyzing module delay1Unit__2
INFO: [VRFC 10-311] analyzing module delay2U
INFO: [VRFC 10-311] analyzing module delay2U__1
INFO: [VRFC 10-311] analyzing module delay2U__2
INFO: [VRFC 10-311] analyzing module delay2U__3
INFO: [VRFC 10-311] analyzing module delay2U__4
INFO: [VRFC 10-311] analyzing module delay2U__5
INFO: [VRFC 10-311] analyzing module pmtRelay
INFO: [VRFC 10-311] analyzing module pmtRelay__2
INFO: [VRFC 10-311] analyzing module pmtRelay__3
INFO: [VRFC 10-311] analyzing module receiver
INFO: [VRFC 10-311] analyzing module receiver__1
INFO: [VRFC 10-311] analyzing module receiver__2
INFO: [VRFC 10-311] analyzing module receiver__3
INFO: [VRFC 10-311] analyzing module receiver__4
INFO: [VRFC 10-311] analyzing module receiver__5
INFO: [VRFC 10-311] analyzing module relay
INFO: [VRFC 10-311] analyzing module relay__1
INFO: [VRFC 10-311] analyzing module relay__2
INFO: [VRFC 10-311] analyzing module relay__3
INFO: [VRFC 10-311] analyzing module relay__4
INFO: [VRFC 10-311] analyzing module sender
INFO: [VRFC 10-311] analyzing module sender__2
INFO: [VRFC 10-311] analyzing module sender__3
INFO: [VRFC 10-311] analyzing module sender__4
INFO: [VRFC 10-311] analyzing module sender__5
INFO: [VRFC 10-311] analyzing module sender__6
INFO: [VRFC 10-311] analyzing module Dcache_bank_dataSram0_blk_mem_gen_generic_cstr
INFO: [VRFC 10-311] analyzing module Dcache_bank_dataSram0_blk_mem_gen_prim_width
INFO: [VRFC 10-311] analyzing module Dcache_bank_dataSram0_blk_mem_gen_prim_width__parameterized0
INFO: [VRFC 10-311] analyzing module Dcache_bank_dataSram0_blk_mem_gen_prim_width__parameterized1
INFO: [VRFC 10-311] analyzing module Dcache_bank_dataSram0_blk_mem_gen_prim_width__parameterized10
INFO: [VRFC 10-311] analyzing module Dcache_bank_dataSram0_blk_mem_gen_prim_width__parameterized11
INFO: [VRFC 10-311] analyzing module Dcache_bank_dataSram0_blk_mem_gen_prim_width__parameterized12
INFO: [VRFC 10-311] analyzing module Dcache_bank_dataSram0_blk_mem_gen_prim_width__parameterized13
INFO: [VRFC 10-311] analyzing module Dcache_bank_dataSram0_blk_mem_gen_prim_width__parameterized14
INFO: [VRFC 10-311] analyzing module Dcache_bank_dataSram0_blk_mem_gen_prim_width__parameterized15
INFO: [VRFC 10-311] analyzing module Dcache_bank_dataSram0_blk_mem_gen_prim_width__parameterized16
INFO: [VRFC 10-311] analyzing module Dcache_bank_dataSram0_blk_mem_gen_prim_width__parameterized17
INFO: [VRFC 10-311] analyzing module Dcache_bank_dataSram0_blk_mem_gen_prim_width__parameterized18
INFO: [VRFC 10-311] analyzing module Dcache_bank_dataSram0_blk_mem_gen_prim_width__parameterized19
INFO: [VRFC 10-311] analyzing module Dcache_bank_dataSram0_blk_mem_gen_prim_width__parameterized2
INFO: [VRFC 10-311] analyzing module Dcache_bank_dataSram0_blk_mem_gen_prim_width__parameterized20
INFO: [VRFC 10-311] analyzing module Dcache_bank_dataSram0_blk_mem_gen_prim_width__parameterized21
INFO: [VRFC 10-311] analyzing module Dcache_bank_dataSram0_blk_mem_gen_prim_width__parameterized22
INFO: [VRFC 10-311] analyzing module Dcache_bank_dataSram0_blk_mem_gen_prim_width__parameterized23
INFO: [VRFC 10-311] analyzing module Dcache_bank_dataSram0_blk_mem_gen_prim_width__parameterized24
INFO: [VRFC 10-311] analyzing module Dcache_bank_dataSram0_blk_mem_gen_prim_width__parameterized25
INFO: [VRFC 10-311] analyzing module Dcache_bank_dataSram0_blk_mem_gen_prim_width__parameterized26
INFO: [VRFC 10-311] analyzing module Dcache_bank_dataSram0_blk_mem_gen_prim_width__parameterized27
INFO: [VRFC 10-311] analyzing module Dcache_bank_dataSram0_blk_mem_gen_prim_width__parameterized28
INFO: [VRFC 10-311] analyzing module Dcache_bank_dataSram0_blk_mem_gen_prim_width__parameterized29
INFO: [VRFC 10-311] analyzing module Dcache_bank_dataSram0_blk_mem_gen_prim_width__parameterized3
INFO: [VRFC 10-311] analyzing module Dcache_bank_dataSram0_blk_mem_gen_prim_width__parameterized30
INFO: [VRFC 10-311] analyzing module Dcache_bank_dataSram0_blk_mem_gen_prim_width__parameterized4
INFO: [VRFC 10-311] analyzing module Dcache_bank_dataSram0_blk_mem_gen_prim_width__parameterized5
INFO: [VRFC 10-311] analyzing module Dcache_bank_dataSram0_blk_mem_gen_prim_width__parameterized6
INFO: [VRFC 10-311] analyzing module Dcache_bank_dataSram0_blk_mem_gen_prim_width__parameterized7
INFO: [VRFC 10-311] analyzing module Dcache_bank_dataSram0_blk_mem_gen_prim_width__parameterized8
INFO: [VRFC 10-311] analyzing module Dcache_bank_dataSram0_blk_mem_gen_prim_width__parameterized9
INFO: [VRFC 10-311] analyzing module Dcache_bank_dataSram0_blk_mem_gen_prim_wrapper_init
INFO: [VRFC 10-311] analyzing module Dcache_bank_dataSram0_blk_mem_gen_prim_wrapper_init__parameterized0
INFO: [VRFC 10-311] analyzing module Dcache_bank_dataSram0_blk_mem_gen_prim_wrapper_init__parameterized1
INFO: [VRFC 10-311] analyzing module Dcache_bank_dataSram0_blk_mem_gen_prim_wrapper_init__parameterized10
INFO: [VRFC 10-311] analyzing module Dcache_bank_dataSram0_blk_mem_gen_prim_wrapper_init__parameterized11
INFO: [VRFC 10-311] analyzing module Dcache_bank_dataSram0_blk_mem_gen_prim_wrapper_init__parameterized12
INFO: [VRFC 10-311] analyzing module Dcache_bank_dataSram0_blk_mem_gen_prim_wrapper_init__parameterized13
INFO: [VRFC 10-311] analyzing module Dcache_bank_dataSram0_blk_mem_gen_prim_wrapper_init__parameterized14
INFO: [VRFC 10-311] analyzing module Dcache_bank_dataSram0_blk_mem_gen_prim_wrapper_init__parameterized15
INFO: [VRFC 10-311] analyzing module Dcache_bank_dataSram0_blk_mem_gen_prim_wrapper_init__parameterized16
INFO: [VRFC 10-311] analyzing module Dcache_bank_dataSram0_blk_mem_gen_prim_wrapper_init__parameterized17
INFO: [VRFC 10-311] analyzing module Dcache_bank_dataSram0_blk_mem_gen_prim_wrapper_init__parameterized18
INFO: [VRFC 10-311] analyzing module Dcache_bank_dataSram0_blk_mem_gen_prim_wrapper_init__parameterized19
INFO: [VRFC 10-311] analyzing module Dcache_bank_dataSram0_blk_mem_gen_prim_wrapper_init__parameterized2
INFO: [VRFC 10-311] analyzing module Dcache_bank_dataSram0_blk_mem_gen_prim_wrapper_init__parameterized20
INFO: [VRFC 10-311] analyzing module Dcache_bank_dataSram0_blk_mem_gen_prim_wrapper_init__parameterized21
INFO: [VRFC 10-311] analyzing module Dcache_bank_dataSram0_blk_mem_gen_prim_wrapper_init__parameterized22
INFO: [VRFC 10-311] analyzing module Dcache_bank_dataSram0_blk_mem_gen_prim_wrapper_init__parameterized23
INFO: [VRFC 10-311] analyzing module Dcache_bank_dataSram0_blk_mem_gen_prim_wrapper_init__parameterized24
INFO: [VRFC 10-311] analyzing module Dcache_bank_dataSram0_blk_mem_gen_prim_wrapper_init__parameterized25
INFO: [VRFC 10-311] analyzing module Dcache_bank_dataSram0_blk_mem_gen_prim_wrapper_init__parameterized26
INFO: [VRFC 10-311] analyzing module Dcache_bank_dataSram0_blk_mem_gen_prim_wrapper_init__parameterized27
INFO: [VRFC 10-311] analyzing module Dcache_bank_dataSram0_blk_mem_gen_prim_wrapper_init__parameterized28
INFO: [VRFC 10-311] analyzing module Dcache_bank_dataSram0_blk_mem_gen_prim_wrapper_init__parameterized29
INFO: [VRFC 10-311] analyzing module Dcache_bank_dataSram0_blk_mem_gen_prim_wrapper_init__parameterized3
INFO: [VRFC 10-311] analyzing module Dcache_bank_dataSram0_blk_mem_gen_prim_wrapper_init__parameterized30
INFO: [VRFC 10-311] analyzing module Dcache_bank_dataSram0_blk_mem_gen_prim_wrapper_init__parameterized4
INFO: [VRFC 10-311] analyzing module Dcache_bank_dataSram0_blk_mem_gen_prim_wrapper_init__parameterized5
INFO: [VRFC 10-311] analyzing module Dcache_bank_dataSram0_blk_mem_gen_prim_wrapper_init__parameterized6
INFO: [VRFC 10-311] analyzing module Dcache_bank_dataSram0_blk_mem_gen_prim_wrapper_init__parameterized7
INFO: [VRFC 10-311] analyzing module Dcache_bank_dataSram0_blk_mem_gen_prim_wrapper_init__parameterized8
INFO: [VRFC 10-311] analyzing module Dcache_bank_dataSram0_blk_mem_gen_prim_wrapper_init__parameterized9
INFO: [VRFC 10-311] analyzing module Dcache_bank_dataSram0_blk_mem_gen_top
INFO: [VRFC 10-311] analyzing module Dcache_bank_dataSram0_blk_mem_gen_v8_4_3
INFO: [VRFC 10-311] analyzing module Dcache_bank_dataSram0_blk_mem_gen_v8_4_3_synth
INFO: [VRFC 10-311] analyzing module Dcache_bank_dataSram1_blk_mem_gen_generic_cstr
INFO: [VRFC 10-311] analyzing module Dcache_bank_dataSram1_blk_mem_gen_prim_width
INFO: [VRFC 10-311] analyzing module Dcache_bank_dataSram1_blk_mem_gen_prim_width__parameterized0
INFO: [VRFC 10-311] analyzing module Dcache_bank_dataSram1_blk_mem_gen_prim_width__parameterized1
INFO: [VRFC 10-311] analyzing module Dcache_bank_dataSram1_blk_mem_gen_prim_width__parameterized10
INFO: [VRFC 10-311] analyzing module Dcache_bank_dataSram1_blk_mem_gen_prim_width__parameterized11
INFO: [VRFC 10-311] analyzing module Dcache_bank_dataSram1_blk_mem_gen_prim_width__parameterized12
INFO: [VRFC 10-311] analyzing module Dcache_bank_dataSram1_blk_mem_gen_prim_width__parameterized13
INFO: [VRFC 10-311] analyzing module Dcache_bank_dataSram1_blk_mem_gen_prim_width__parameterized14
INFO: [VRFC 10-311] analyzing module Dcache_bank_dataSram1_blk_mem_gen_prim_width__parameterized15
INFO: [VRFC 10-311] analyzing module Dcache_bank_dataSram1_blk_mem_gen_prim_width__parameterized16
INFO: [VRFC 10-311] analyzing module Dcache_bank_dataSram1_blk_mem_gen_prim_width__parameterized17
INFO: [VRFC 10-311] analyzing module Dcache_bank_dataSram1_blk_mem_gen_prim_width__parameterized18
INFO: [VRFC 10-311] analyzing module Dcache_bank_dataSram1_blk_mem_gen_prim_width__parameterized19
INFO: [VRFC 10-311] analyzing module Dcache_bank_dataSram1_blk_mem_gen_prim_width__parameterized2
INFO: [VRFC 10-311] analyzing module Dcache_bank_dataSram1_blk_mem_gen_prim_width__parameterized20
INFO: [VRFC 10-311] analyzing module Dcache_bank_dataSram1_blk_mem_gen_prim_width__parameterized21
INFO: [VRFC 10-311] analyzing module Dcache_bank_dataSram1_blk_mem_gen_prim_width__parameterized22
INFO: [VRFC 10-311] analyzing module Dcache_bank_dataSram1_blk_mem_gen_prim_width__parameterized23
INFO: [VRFC 10-311] analyzing module Dcache_bank_dataSram1_blk_mem_gen_prim_width__parameterized24
INFO: [VRFC 10-311] analyzing module Dcache_bank_dataSram1_blk_mem_gen_prim_width__parameterized25
INFO: [VRFC 10-311] analyzing module Dcache_bank_dataSram1_blk_mem_gen_prim_width__parameterized26
INFO: [VRFC 10-311] analyzing module Dcache_bank_dataSram1_blk_mem_gen_prim_width__parameterized27
INFO: [VRFC 10-311] analyzing module Dcache_bank_dataSram1_blk_mem_gen_prim_width__parameterized28
INFO: [VRFC 10-311] analyzing module Dcache_bank_dataSram1_blk_mem_gen_prim_width__parameterized29
INFO: [VRFC 10-311] analyzing module Dcache_bank_dataSram1_blk_mem_gen_prim_width__parameterized3
INFO: [VRFC 10-311] analyzing module Dcache_bank_dataSram1_blk_mem_gen_prim_width__parameterized30
INFO: [VRFC 10-311] analyzing module Dcache_bank_dataSram1_blk_mem_gen_prim_width__parameterized4
INFO: [VRFC 10-311] analyzing module Dcache_bank_dataSram1_blk_mem_gen_prim_width__parameterized5
INFO: [VRFC 10-311] analyzing module Dcache_bank_dataSram1_blk_mem_gen_prim_width__parameterized6
INFO: [VRFC 10-311] analyzing module Dcache_bank_dataSram1_blk_mem_gen_prim_width__parameterized7
INFO: [VRFC 10-311] analyzing module Dcache_bank_dataSram1_blk_mem_gen_prim_width__parameterized8
INFO: [VRFC 10-311] analyzing module Dcache_bank_dataSram1_blk_mem_gen_prim_width__parameterized9
INFO: [VRFC 10-311] analyzing module Dcache_bank_dataSram1_blk_mem_gen_prim_wrapper_init
INFO: [VRFC 10-311] analyzing module Dcache_bank_dataSram1_blk_mem_gen_prim_wrapper_init__parameterized0
INFO: [VRFC 10-311] analyzing module Dcache_bank_dataSram1_blk_mem_gen_prim_wrapper_init__parameterized1
INFO: [VRFC 10-311] analyzing module Dcache_bank_dataSram1_blk_mem_gen_prim_wrapper_init__parameterized10
INFO: [VRFC 10-311] analyzing module Dcache_bank_dataSram1_blk_mem_gen_prim_wrapper_init__parameterized11
INFO: [VRFC 10-311] analyzing module Dcache_bank_dataSram1_blk_mem_gen_prim_wrapper_init__parameterized12
INFO: [VRFC 10-311] analyzing module Dcache_bank_dataSram1_blk_mem_gen_prim_wrapper_init__parameterized13
INFO: [VRFC 10-311] analyzing module Dcache_bank_dataSram1_blk_mem_gen_prim_wrapper_init__parameterized14
INFO: [VRFC 10-311] analyzing module Dcache_bank_dataSram1_blk_mem_gen_prim_wrapper_init__parameterized15
INFO: [VRFC 10-311] analyzing module Dcache_bank_dataSram1_blk_mem_gen_prim_wrapper_init__parameterized16
INFO: [VRFC 10-311] analyzing module Dcache_bank_dataSram1_blk_mem_gen_prim_wrapper_init__parameterized17
INFO: [VRFC 10-311] analyzing module Dcache_bank_dataSram1_blk_mem_gen_prim_wrapper_init__parameterized18
INFO: [VRFC 10-311] analyzing module Dcache_bank_dataSram1_blk_mem_gen_prim_wrapper_init__parameterized19
INFO: [VRFC 10-311] analyzing module Dcache_bank_dataSram1_blk_mem_gen_prim_wrapper_init__parameterized2
INFO: [VRFC 10-311] analyzing module Dcache_bank_dataSram1_blk_mem_gen_prim_wrapper_init__parameterized20
INFO: [VRFC 10-311] analyzing module Dcache_bank_dataSram1_blk_mem_gen_prim_wrapper_init__parameterized21
INFO: [VRFC 10-311] analyzing module Dcache_bank_dataSram1_blk_mem_gen_prim_wrapper_init__parameterized22
INFO: [VRFC 10-311] analyzing module Dcache_bank_dataSram1_blk_mem_gen_prim_wrapper_init__parameterized23
INFO: [VRFC 10-311] analyzing module Dcache_bank_dataSram1_blk_mem_gen_prim_wrapper_init__parameterized24
INFO: [VRFC 10-311] analyzing module Dcache_bank_dataSram1_blk_mem_gen_prim_wrapper_init__parameterized25
INFO: [VRFC 10-311] analyzing module Dcache_bank_dataSram1_blk_mem_gen_prim_wrapper_init__parameterized26
INFO: [VRFC 10-311] analyzing module Dcache_bank_dataSram1_blk_mem_gen_prim_wrapper_init__parameterized27
INFO: [VRFC 10-311] analyzing module Dcache_bank_dataSram1_blk_mem_gen_prim_wrapper_init__parameterized28
INFO: [VRFC 10-311] analyzing module Dcache_bank_dataSram1_blk_mem_gen_prim_wrapper_init__parameterized29
INFO: [VRFC 10-311] analyzing module Dcache_bank_dataSram1_blk_mem_gen_prim_wrapper_init__parameterized3
INFO: [VRFC 10-311] analyzing module Dcache_bank_dataSram1_blk_mem_gen_prim_wrapper_init__parameterized30
INFO: [VRFC 10-311] analyzing module Dcache_bank_dataSram1_blk_mem_gen_prim_wrapper_init__parameterized4
INFO: [VRFC 10-311] analyzing module Dcache_bank_dataSram1_blk_mem_gen_prim_wrapper_init__parameterized5
INFO: [VRFC 10-311] analyzing module Dcache_bank_dataSram1_blk_mem_gen_prim_wrapper_init__parameterized6
INFO: [VRFC 10-311] analyzing module Dcache_bank_dataSram1_blk_mem_gen_prim_wrapper_init__parameterized7
INFO: [VRFC 10-311] analyzing module Dcache_bank_dataSram1_blk_mem_gen_prim_wrapper_init__parameterized8
INFO: [VRFC 10-311] analyzing module Dcache_bank_dataSram1_blk_mem_gen_prim_wrapper_init__parameterized9
INFO: [VRFC 10-311] analyzing module Dcache_bank_dataSram1_blk_mem_gen_top
INFO: [VRFC 10-311] analyzing module Dcache_bank_dataSram1_blk_mem_gen_v8_4_3
INFO: [VRFC 10-311] analyzing module Dcache_bank_dataSram1_blk_mem_gen_v8_4_3_synth
INFO: [VRFC 10-311] analyzing module Dcache_bank_tagSRAM_blk_mem_gen_generic_cstr
INFO: [VRFC 10-311] analyzing module Dcache_bank_tagSRAM_blk_mem_gen_prim_width
INFO: [VRFC 10-311] analyzing module Dcache_bank_tagSRAM_blk_mem_gen_prim_width__parameterized0
INFO: [VRFC 10-311] analyzing module Dcache_bank_tagSRAM_blk_mem_gen_prim_width__parameterized1
INFO: [VRFC 10-311] analyzing module Dcache_bank_tagSRAM_blk_mem_gen_prim_width__parameterized2
INFO: [VRFC 10-311] analyzing module Dcache_bank_tagSRAM_blk_mem_gen_prim_width__parameterized3
INFO: [VRFC 10-311] analyzing module Dcache_bank_tagSRAM_blk_mem_gen_prim_width__parameterized4
INFO: [VRFC 10-311] analyzing module Dcache_bank_tagSRAM_blk_mem_gen_prim_wrapper_init
INFO: [VRFC 10-311] analyzing module Dcache_bank_tagSRAM_blk_mem_gen_prim_wrapper_init__parameterized0
INFO: [VRFC 10-311] analyzing module Dcache_bank_tagSRAM_blk_mem_gen_prim_wrapper_init__parameterized1
INFO: [VRFC 10-311] analyzing module Dcache_bank_tagSRAM_blk_mem_gen_prim_wrapper_init__parameterized2
INFO: [VRFC 10-311] analyzing module Dcache_bank_tagSRAM_blk_mem_gen_prim_wrapper_init__parameterized3
INFO: [VRFC 10-311] analyzing module Dcache_bank_tagSRAM_blk_mem_gen_prim_wrapper_init__parameterized4
INFO: [VRFC 10-311] analyzing module Dcache_bank_tagSRAM_blk_mem_gen_top
INFO: [VRFC 10-311] analyzing module Dcache_bank_tagSRAM_blk_mem_gen_v8_4_3
INFO: [VRFC 10-311] analyzing module Dcache_bank_tagSRAM_blk_mem_gen_v8_4_3_synth
INFO: [VRFC 10-311] analyzing module glbl
INFO: [VRFC 10-2263] Analyzing Verilog file "D:/github/memory_system/memory_system.srcs/sim_1/new/replace_fifo_buffer_tb.v" into library xil_defaultlib
INFO: [VRFC 10-311] analyzing module replace_fifo_buffer_tb
INFO: [VRFC 10-2263] Analyzing Verilog file "D:/github/memory_system/memory_system.srcs/sim_1/new/Icache_tb.v" into library xil_defaultlib
INFO: [VRFC 10-311] analyzing module Icache_tb
INFO: [VRFC 10-2263] Analyzing Verilog file "D:/github/memory_system/memory_system.srcs/sim_1/new/Dcache_D_V_buffer_tb.v" into library xil_defaultlib
INFO: [VRFC 10-311] analyzing module Dcache_D_V_buffer_tb
INFO: [VRFC 10-2263] Analyzing Verilog file "D:/github/memory_system/memory_system.srcs/sim_1/new/Dcache_tb.v" into library xil_defaultlib
INFO: [VRFC 10-311] analyzing module Dcache_tb
