#
# A fatal error has been detected by the Java Runtime Environment:
#
#  EXCEPTION_ACCESS_VIOLATION (0xc0000005) at pc=0x00007ffe1fc81439, pid=18552, tid=23556
#
# JRE version: Java(TM) SE Runtime Environment (9.0+11) (build 9.0.4+11)
# Java VM: Java HotSpot(TM) 64-Bit Server VM (9.0.4+11, mixed mode, tiered, compressed oops, g1 gc, windows-amd64)
# Problematic frame:
# C  0x00007ffe1fc81439
#
# No core dump will be written. Minidumps are not enabled by default on client versions of Windows
#
# If you would like to submit a bug report, please visit:
#   http://bugreport.java.com/bugreport/crash.jsp
# The crash happened outside the Java Virtual Machine in native code.
# See problematic frame for where to report the bug.
#

---------------  S U M M A R Y ------------

Command Line: -Dsun.java2d.pmoffscreen=false -Dsun.java2d.xrender=false -Dsun.java2d.d3d=false -Dsun.awt.nopixfmt=true -Dsun.java2d.dpiaware=true -Dsun.java2d.uiScale.enabled=false -Xverify:none -Dswing.aatext=true -XX:-UsePerfData -Djdk.map.althashing.threshold=512 -XX:StringTableSize=4072 --add-opens=java.base/java.nio=ALL-UNNAMED --add-opens=java.desktop/sun.swing=ALL-UNNAMED --add-opens=java.desktop/javax.swing=ALL-UNNAMED --add-opens=java.desktop/javax.swing.tree=ALL-UNNAMED --add-opens=java.desktop/javax.swing.plaf.basic=ALL-UNNAMED --add-opens=java.desktop/javax.swing.plaf.synth=ALL-UNNAMED --add-opens=java.desktop/com.sun.awt=ALL-UNNAMED -XX:NewSize=60m -XX:MaxNewSize=60m -Xms128m -Xmx3072m -Xss5m 

Host: Intel(R) Core(TM) i5-10500 CPU @ 3.10GHz, 12 cores, 15G,  Windows 10 , 64 bit Build 19041 (10.0.19041.4597)
Time: Sun Jul 14 18:52:46 2024 中国标准时间 elapsed time: 12133 seconds (0d 3h 22m 13s)

---------------  T H R E A D  ---------------

Current thread (0x00000223dc598000):  JavaThread "AWT-EventQueue-1" [_thread_in_native, id=23556, stack(0x0000003d03d00000,0x0000003d04200000)]

Stack: [0x0000003d03d00000,0x0000003d04200000],  sp=0x0000003d041f4a00,  free space=5074k
Native frames: (J=compiled Java code, j=interpreted, Vv=VM code, C=native code)
C  0x00007ffe1fc81439
C  0x00007ffe1fc95107
C  0x00007ffe1fc94e12
C  0x00007ffe1fc7ac06
C  [librdi_wavedata.dll+0x125e90]
C  [librdi_wavedata.dll+0x148744]
C  [librdi_wavedata.dll+0x1e1cce]
C  [librdi_wavedata.dll+0x1e1bef]
C  [librdi_wavedata.dll+0x20b1f0]
C  [librdi_wavedata.dll+0x20aed0]
C  [librdi_wavedata.dll+0x26873b]
C  [librdi_wavedata.dll+0x26a153]
C  [librdi_wavedata.dll+0x242ea0]
C  [librdi_wavedata.dll+0x242f1d]
C  [librdi_wavedata.dll+0x242f1d]
C  [librdi_wavedata.dll+0x242fc1]
C  [librdi_wavedata.dll+0x2695c4]
C  [librdi_wavedata.dll+0x239546]
C  [librdi_wavedata.dll+0x239315]
C  [librdi_wavedata.dll+0x275c1f]
C  0x00000223ecb4a5ba

Java frames: (J=compiled Java code, j=interpreted, Vv=VM code)
J 28177  ui.views.waveform.waveformi.WVExecutive_getGraphicsDataSize(J)J (0 bytes) @ 0x00000223ecb4a521 [0x00000223ecb4a4e0+0x0000000000000041]
J 28176 c1 ui.views.waveform.executive.a.gEt()Ljava/io/ByteArrayInputStream; (93 bytes) @ 0x00000223e6a46aac [0x00000223e6a469c0+0x00000000000000ec]
J 28175 c1 ui.views.waveform.b.a.gEf()V (142 bytes) @ 0x00000223e6aafeb4 [0x00000223e6aafda0+0x0000000000000114]
J 28049 c1 ui.views.waveform.w.cRi()V (38 bytes) @ 0x00000223e6792e6c [0x00000223e6792700+0x000000000000076c]
J 22474 c1 ui.views.waveform.c.b.j(Lui/frmwork/b/i;)V (603 bytes) @ 0x00000223e5cdf56c [0x00000223e5cd54a0+0x000000000000a0cc]
J 21508 c1 ui.views.waveform.w.a(Lui/frmwork/b/i;)V (17 bytes) @ 0x00000223e67f6a14 [0x00000223e67f6940+0x00000000000000d4]
J 29829 c2 ui.frmwork.HTclEventBroker.i(JZ)V (471 bytes) @ 0x00000223ece0d990 [0x00000223ece0c3c0+0x00000000000015d0]
J 29194 c2 ui.frmwork.HTclEventBroker.fireTclEvent(J)I (113 bytes) @ 0x00000223ecd783b4 [0x00000223ecd77e20+0x0000000000000594]
v  ~StubRoutines::call_stub
J 30432  ui.views.waveform.waveformi.WVExecutive_processModelEvent(JJ)V (0 bytes) @ 0x00000223eba3be24 [0x00000223eba3bde0+0x0000000000000044]
J 30273 c1 ui.views.waveform.c.b.eD(J)V (109 bytes) @ 0x00000223e584c1c4 [0x00000223e584c080+0x0000000000000144]
J 22474 c1 ui.views.waveform.c.b.j(Lui/frmwork/b/i;)V (603 bytes) @ 0x00000223e5ce0274 [0x00000223e5cd54a0+0x000000000000add4]
J 21508 c1 ui.views.waveform.w.a(Lui/frmwork/b/i;)V (17 bytes) @ 0x00000223e67f6a14 [0x00000223e67f6940+0x00000000000000d4]
J 29829 c2 ui.frmwork.HTclEventBroker.i(JZ)V (471 bytes) @ 0x00000223ece0d990 [0x00000223ece0c3c0+0x00000000000015d0]
J 17371 c1 ui.frmwork.HTclEventBroker$$Lambda$204.run()V (12 bytes) @ 0x00000223e519835c [0x00000223e5198280+0x00000000000000dc]
J 13344 c2 java.awt.EventQueue$3.run()Ljava/lang/Object; java.desktop@9.0.4 (5 bytes) @ 0x00000223ebc57e0c [0x00000223ebc57b00+0x000000000000030c]
v  ~StubRoutines::call_stub
J 4291  java.security.AccessController.doPrivileged(Ljava/security/PrivilegedAction;Ljava/security/AccessControlContext;)Ljava/lang/Object; java.base@9.0.4 (0 bytes) @ 0x00000223eb2dc3c6 [0x00000223eb2dc360+0x0000000000000066]
J 9670 c2 ui.frmwork.b.d.dispatchEvent(Ljava/awt/AWTEvent;)V (34 bytes) @ 0x00000223eb7327a4 [0x00000223eb732180+0x0000000000000624]
J 29667 c2 java.awt.EventDispatchThread.pumpOneEventForFilters(I)V java.desktop@9.0.4 (218 bytes) @ 0x00000223ec4e2100 [0x00000223ec4e1c00+0x0000000000000500]
J 21881 c2 java.awt.EventDispatchThread.pumpEventsForFilter(ILjava/awt/Conditional;Ljava/awt/EventFilter;)V java.desktop@9.0.4 (47 bytes) @ 0x00000223ebe46610 [0x00000223ebe46460+0x00000000000001b0]
j  java.awt.EventDispatchThread.pumpEventsForFilter(Ljava/awt/Conditional;Ljava/awt/EventFilter;)V+4 java.desktop@9.0.4
j  java.awt.WaitDispatchSupport$2.run()V+59 java.desktop@9.0.4
j  java.awt.WaitDispatchSupport$4.run()Ljava/lang/Void;+4 java.desktop@9.0.4
j  java.awt.WaitDispatchSupport$4.run()Ljava/lang/Object;+1 java.desktop@9.0.4
v  ~StubRoutines::call_stub
J 1033  java.security.AccessController.doPrivileged(Ljava/security/PrivilegedAction;)Ljava/lang/Object; java.base@9.0.4 (0 bytes) @ 0x00000223eb0ea6b2 [0x00000223eb0ea660+0x0000000000000052]
j  java.awt.WaitDispatchSupport.enter()Z+260 java.desktop@9.0.4
j  java.awt.Dialog.show()V+225 java.desktop@9.0.4
J 34007 c1 java.awt.Dialog.setVisible(Z)V java.desktop@9.0.4 (6 bytes) @ 0x00000223e5dd4b04 [0x00000223e5dd48a0+0x0000000000000264]
j  ui.b.c.g.setVisible(Z)V+2
j  ui.b.c.by.showDialog()V+64
j  ui.b.c.bF.actionPerformed(Ljava/awt/event/ActionEvent;)V+8
j  ui.b.c.by.cJI()V+396
j  ui.views.c.t.b.a.run()V+60
j  ui.frmwork.a.dWF()Z+66
j  ui.frmwork.V.dYl()V+42
j  ui.bk.actionPerformed(Ljava/awt/event/ActionEvent;)V+25
J 30646 c1 javax.swing.AbstractButton.fireActionPerformed(Ljava/awt/event/ActionEvent;)V java.desktop@9.0.4 (96 bytes) @ 0x00000223e4fd632c [0x00000223e4fd5ac0+0x000000000000086c]
j  ui.utils.o.b.B.fireActionPerformed(Ljava/awt/event/ActionEvent;)V+7
J 31671 c1 javax.swing.AbstractButton$Handler.actionPerformed(Ljava/awt/event/ActionEvent;)V java.desktop@9.0.4 (9 bytes) @ 0x00000223e65457c4 [0x00000223e65456c0+0x0000000000000104]
J 30653 c1 javax.swing.DefaultButtonModel.fireActionPerformed(Ljava/awt/event/ActionEvent;)V java.desktop@9.0.4 (46 bytes) @ 0x00000223e4c84794 [0x00000223e4c844e0+0x00000000000002b4]
J 28962 c1 javax.swing.DefaultButtonModel.setPressed(Z)V java.desktop@9.0.4 (125 bytes) @ 0x00000223e5179244 [0x00000223e5178380+0x0000000000000ec4]
J 33804 c1 javax.swing.plaf.basic.BasicButtonListener.mouseReleased(Ljava/awt/event/MouseEvent;)V java.desktop@9.0.4 (48 bytes) @ 0x00000223e54452ac [0x00000223e5444e80+0x000000000000042c]
j  com.jidesoft.plaf.basic.BasicJideButtonListener.mouseReleased(Ljava/awt/event/MouseEvent;)V+61
J 21958 c1 java.awt.AWTEventMulticaster.mouseReleased(Ljava/awt/event/MouseEvent;)V java.desktop@9.0.4 (27 bytes) @ 0x00000223e423448c [0x00000223e4234280+0x000000000000020c]
J 21958 c1 java.awt.AWTEventMulticaster.mouseReleased(Ljava/awt/event/MouseEvent;)V java.desktop@9.0.4 (27 bytes) @ 0x00000223e423448c [0x00000223e4234280+0x000000000000020c]
J 21958 c1 java.awt.AWTEventMulticaster.mouseReleased(Ljava/awt/event/MouseEvent;)V java.desktop@9.0.4 (27 bytes) @ 0x00000223e423448c [0x00000223e4234280+0x000000000000020c]
J 30486 c2 javax.swing.JComponent.processMouseEvent(Ljava/awt/event/MouseEvent;)V java.desktop@9.0.4 (27 bytes) @ 0x00000223eb46fbe4 [0x00000223eb46faa0+0x0000000000000144]
J 25190 c2 java.awt.Container.processEvent(Ljava/awt/AWTEvent;)V java.desktop@9.0.4 (22 bytes) @ 0x00000223ebb7b2b8 [0x00000223ebb7b1a0+0x0000000000000118]
J 34056 c2 java.awt.Component.dispatchEventImpl(Ljava/awt/AWTEvent;)V java.desktop@9.0.4 (739 bytes) @ 0x00000223ed2b32ec [0x00000223ed2b1300+0x0000000000001fec]
J 28970 c2 java.awt.Container.dispatchEventImpl(Ljava/awt/AWTEvent;)V java.desktop@9.0.4 (129 bytes) @ 0x00000223ec1269c8 [0x00000223ec126900+0x00000000000000c8]
J 28896 c2 java.awt.LightweightDispatcher.retargetMouseEvent(Ljava/awt/Component;ILjava/awt/event/MouseEvent;)V java.desktop@9.0.4 (350 bytes) @ 0x00000223ebe0d59c [0x00000223ebe0d180+0x000000000000041c]
J 28970 c2 java.awt.Container.dispatchEventImpl(Ljava/awt/AWTEvent;)V java.desktop@9.0.4 (129 bytes) @ 0x00000223ec127020 [0x00000223ec126900+0x0000000000000720]
J 20901 c2 java.awt.Window.dispatchEventImpl(Ljava/awt/AWTEvent;)V java.desktop@9.0.4 (23 bytes) @ 0x00000223ebb9328c [0x00000223ebb93240+0x000000000000004c]
J 13344 c2 java.awt.EventQueue$3.run()Ljava/lang/Object; java.desktop@9.0.4 (5 bytes) @ 0x00000223ebc57cbc [0x00000223ebc57b00+0x00000000000001bc]
v  ~StubRoutines::call_stub
J 4291  java.security.AccessController.doPrivileged(Ljava/security/PrivilegedAction;Ljava/security/AccessControlContext;)Ljava/lang/Object; java.base@9.0.4 (0 bytes) @ 0x00000223eb2dc3c6 [0x00000223eb2dc360+0x0000000000000066]
J 14476 c2 java.awt.EventQueue$4.run()Ljava/lang/Object; java.desktop@9.0.4 (5 bytes) @ 0x00000223ebdd77c0 [0x00000223ebdd7560+0x0000000000000260]
v  ~StubRoutines::call_stub
J 4291  java.security.AccessController.doPrivileged(Ljava/security/PrivilegedAction;Ljava/security/AccessControlContext;)Ljava/lang/Object; java.base@9.0.4 (0 bytes) @ 0x00000223eb2dc3c6 [0x00000223eb2dc360+0x0000000000000066]
J 9670 c2 ui.frmwork.b.d.dispatchEvent(Ljava/awt/AWTEvent;)V (34 bytes) @ 0x00000223eb7325cc [0x00000223eb732180+0x000000000000044c]
J 29667 c2 java.awt.EventDispatchThread.pumpOneEventForFilters(I)V java.desktop@9.0.4 (218 bytes) @ 0x00000223ec4e2100 [0x00000223ec4e1c00+0x0000000000000500]
J 21800% c2 java.awt.EventDispatchThread.pumpEventsForFilter(ILjava/awt/Conditional;Ljava/awt/EventFilter;)V java.desktop@9.0.4 (47 bytes) @ 0x00000223eb251458 [0x00000223eb251340+0x0000000000000118]
j  java.awt.EventDispatchThread.pumpEventsForHierarchy(ILjava/awt/Conditional;Ljava/awt/Component;)V+11 java.desktop@9.0.4
j  java.awt.EventDispatchThread.pumpEvents(ILjava/awt/Conditional;)V+4 java.desktop@9.0.4
j  java.awt.EventDispatchThread.pumpEvents(Ljava/awt/Conditional;)V+3 java.desktop@9.0.4
j  java.awt.EventDispatchThread.run()V+9 java.desktop@9.0.4
v  ~StubRoutines::call_stub

siginfo: EXCEPTION_ACCESS_VIOLATION (0xc0000005), reading address 0x0000000000000044


Register to memory mapping:

RIP=0x00007ffe1fc81439 is an unknown value
RAX=0x000002238b8ef290 is an unknown value
RBX=0x00000224548e9b20 is an unknown value
RCX=0x0000000000000000 is an unknown value
RDX=0x000002240a2ceed0 is an unknown value
RSP=0x0000003d041f4a00 is pointing into the stack for thread: 0x00000223dc598000
RBP=0x0000003d041f4ba0 is pointing into the stack for thread: 0x00000223dc598000
RSI=0x0000000000000000 is an unknown value
RDI=0x0000003d041f4b60 is pointing into the stack for thread: 0x00000223dc598000
R8 =0x0000003d041f4aa0 is pointing into the stack for thread: 0x00000223dc598000
R9 =0x0000000000000018 is an unknown value
R10=0x0000000000000080 is an unknown value
R11=0x80000000004373fd is an unknown value
R12=0x000002238b3228e0 is an unknown value
R13=0x0000000000000001 is an unknown value
R14=0x000002240a2ceed0 is an unknown value
R15=0x0000003d041f4aa0 is pointing into the stack for thread: 0x00000223dc598000


Registers:
RAX=0x000002238b8ef290, RBX=0x00000224548e9b20, RCX=0x0000000000000000, RDX=0x000002240a2ceed0
RSP=0x0000003d041f4a00, RBP=0x0000003d041f4ba0, RSI=0x0000000000000000, RDI=0x0000003d041f4b60
R8 =0x0000003d041f4aa0, R9 =0x0000000000000018, R10=0x0000000000000080, R11=0x80000000004373fd
R12=0x000002238b3228e0, R13=0x0000000000000001, R14=0x000002240a2ceed0, R15=0x0000003d041f4aa0
RIP=0x00007ffe1fc81439, EFLAGS=0x0000000000010206

Top of Stack: (sp=0x0000003d041f4a00)
0x0000003d041f4a00:   0000003d041f5130 0000000000000000
0x0000003d041f4a10:   0000000000000000 000002238b3228e0
0x0000003d041f4a20:   00000224548e9b20 0000000000000200
0x0000003d041f4a30:   fffffffffffffffe 00007ffe66b9fde6
0x0000003d041f4a40:   0000000000000000 00000000000004f8
0x0000003d041f4a50:   0000003d041f5130 0000000000003000
0x0000003d041f4a60:   0000003d041f4b60 00007ffe1fc95107
0x0000003d041f4a70:   00000000000004f8 00000224548e9b20
0x0000003d041f4a80:   000002238b8ef290 0000022461890758
0x0000003d041f4a90:   00000224548e9b20 00007ffe1fc94e12
0x0000003d041f4aa0:   00000224548e9b20 0000022461890730
0x0000003d041f4ab0:   0000000000000200 0000022461890730
0x0000003d041f4ac0:   0000022461890730 0000000000000000
0x0000003d041f4ad0:   00000007c01a2bb8 000002238b3228e0
0x0000003d041f4ae0:   0000000000000000 0000022461890f00
0x0000003d041f4af0:   0000000000000001 0000000000000000 

Instructions: (pc=0x00007ffe1fc81439)
0x00007ffe1fc81419:   50 48 c7 44 24 30 fe ff ff ff 48 89 5c 24 78 48
0x00007ffe1fc81429:   89 b4 24 80 00 00 00 4d 8b f8 4c 8b f2 48 8b f1
0x00007ffe1fc81439:   83 79 44 00 75 07 33 c0 e9 da 00 00 00 33 db 39
0x00007ffe1fc81449:   59 44 75 04 8b c3 eb 06 48 8b 41 48 8b 00 8b d0 



---------------  P R O C E S S  ---------------

Java Threads: ( => current thread )
  0x0000022492d73000 JavaThread "Relaunch Simulation" [_thread_blocked, id=24764, stack(0x0000003d08600000,0x0000003d08b00000)]
  0x000002238307c000 JavaThread "Image Animator 3" daemon [_thread_blocked, id=12996, stack(0x0000003d07c00000,0x0000003d08100000)]
  0x000002241aff7000 JavaThread "SyntheticaAnimation 50" daemon [_thread_blocked, id=12792, stack(0x0000003d07700000,0x0000003d07c00000)]
  0x000002241aff7800 JavaThread "Monitor File Timestamp Swing Worker" [_thread_blocked, id=4308, stack(0x0000003d09500000,0x0000003d09a00000)]
  0x000002241afee000 JavaThread "Timer-3" [_thread_blocked, id=5080, stack(0x0000003d09000000,0x0000003d09500000)]
  0x0000022383080000 JavaThread "SyntheticaAnimation 50" daemon [_thread_blocked, id=7472, stack(0x0000003d06d00000,0x0000003d07200000)]
  0x0000022383083800 JavaThread "Update Runs Swing Worker" [_thread_blocked, id=28788, stack(0x0000003d08100000,0x0000003d08600000)]
  0x000002238307a000 JavaThread "hw_ila_monitor" [_thread_blocked, id=10280, stack(0x0000003d07200000,0x0000003d07700000)]
  0x000002238307d000 JavaThread "Refresh Filesets Swing Worker" [_thread_blocked, id=23344, stack(0x0000003d06300000,0x0000003d06800000)]
  0x000002238307b800 JavaThread "SyntheticaAnimation 70" daemon [_thread_blocked, id=27304, stack(0x0000003d05e00000,0x0000003d06300000)]
  0x000002238307e800 JavaThread "Swing-Shell" daemon [_thread_blocked, id=13564, stack(0x0000003d02e00000,0x0000003d03300000)]
  0x000002238307a800 JavaThread "SyntheticaAnimation 25" daemon [_thread_blocked, id=26440, stack(0x0000003d05900000,0x0000003d05e00000)]
  0x00000223fe7be000 JavaThread "SyntheticaAnimation 50" daemon [_thread_blocked, id=24396, stack(0x0000003d05400000,0x0000003d05900000)]
  0x00000223fe7bd000 JavaThread "Monitor HEventQueue" [_thread_blocked, id=12240, stack(0x0000003d04f00000,0x0000003d05400000)]
  0x00000223fe7bc800 JavaThread "SyntheticaCleanerThread" daemon [_thread_blocked, id=12276, stack(0x0000003d04700000,0x0000003d04c00000)]
  0x00000223fe7be800 JavaThread "Batik CleanerThread" daemon [_thread_blocked, id=9516, stack(0x0000003d03300000,0x0000003d03800000)]
=>0x00000223dc598000 JavaThread "AWT-EventQueue-1" [_thread_in_native, id=23556, stack(0x0000003d03d00000,0x0000003d04200000)]
  0x00000223dc609800 JavaThread "Process Messages" [_thread_blocked, id=26416, stack(0x0000003d03800000,0x0000003d03d00000)]
  0x00000223dc466800 JavaThread "Thread-1" [_thread_in_native, id=28796, stack(0x0000003d7c100000,0x0000003d7d500000)]
  0x00000223d3bbd800 JavaThread "TimerQueue" daemon [_thread_blocked, id=7440, stack(0x0000003d02900000,0x0000003d02e00000)]
  0x00000223dc0d4000 JavaThread "AWT-Windows" daemon [_thread_in_native, id=20440, stack(0x0000003d02400000,0x0000003d02900000)]
  0x00000223dc0d1800 JavaThread "AWT-Shutdown" [_thread_blocked, id=2040, stack(0x0000003d01f00000,0x0000003d02400000)]
  0x00000223dc0d0800 JavaThread "Java2D Disposer" daemon [_thread_blocked, id=27932, stack(0x0000003d01a00000,0x0000003d01f00000)]
  0x00000223d3865800 JavaThread "Service Thread" daemon [_thread_blocked, id=24488, stack(0x0000003d01400000,0x0000003d01900000)]
  0x00000223d35b7000 JavaThread "Common-Cleaner" daemon [_thread_blocked, id=25852, stack(0x0000003d00f00000,0x0000003d01400000)]
  0x00000223d3599000 JavaThread "Sweeper thread" daemon [_thread_blocked, id=28000, stack(0x0000003d00a00000,0x0000003d00f00000)]
  0x00000223d3598000 JavaThread "C1 CompilerThread3" daemon [_thread_blocked, id=28828, stack(0x0000003d7ff00000,0x0000003d80000000)]
  0x00000223d3572800 JavaThread "C2 CompilerThread2" daemon [_thread_blocked, id=25360, stack(0x0000003d7fe00000,0x0000003d7ff00000)]
  0x00000223d3572000 JavaThread "C2 CompilerThread1" daemon [_thread_blocked, id=23428, stack(0x0000003d7fd00000,0x0000003d7fe00000)]
  0x00000223d3571000 JavaThread "C2 CompilerThread0" daemon [_thread_blocked, id=8052, stack(0x0000003d7fc00000,0x0000003d7fd00000)]
  0x00000223d3570000 JavaThread "Attach Listener" daemon [_thread_blocked, id=26252, stack(0x0000003d00500000,0x0000003d00a00000)]
  0x00000223d356f800 JavaThread "Signal Dispatcher" daemon [_thread_blocked, id=11028, stack(0x0000003d00000000,0x0000003d00500000)]
  0x00000223d356d800 JavaThread "Finalizer" daemon [_thread_blocked, id=26784, stack(0x0000003d7f700000,0x0000003d7fc00000)]
  0x00000223d356b800 JavaThread "Reference Handler" daemon [_thread_blocked, id=6616, stack(0x0000003d7f200000,0x0000003d7f700000)]
  0x00000223db8c3000 JavaThread "main" [_thread_blocked, id=2224, stack(0x0000003d7c000000,0x0000003d7c100000)]

Other Threads:
  0x00000223d6552800 VMThread "VM Thread" [stack: 0x0000003d7f100000,0x0000003d7f200000] [id=21092]
  0x00000223d377c800 WatcherThread [stack: 0x0000003d01900000,0x0000003d01a00000] [id=24748]
  0x00000223dacc3800 GCTaskThread "GC Thread#0" [stack: 0x0000003d7d800000,0x0000003d7d900000] [id=3960]
  0x00000223db8c6000 GCTaskThread "GC Thread#1" [stack: 0x0000003d7d900000,0x0000003d7da00000] [id=3984]
  0x00000223db8c5800 GCTaskThread "GC Thread#2" [stack: 0x0000003d7da00000,0x0000003d7db00000] [id=4340]
  0x00000223db8c6800 GCTaskThread "GC Thread#3" [stack: 0x0000003d7db00000,0x0000003d7dc00000] [id=19636]
  0x00000223db8c7000 GCTaskThread "GC Thread#4" [stack: 0x0000003d7dc00000,0x0000003d7dd00000] [id=27308]
  0x00000223db8c4000 GCTaskThread "GC Thread#5" [stack: 0x0000003d7dd00000,0x0000003d7de00000] [id=26972]
  0x00000223db8c4800 GCTaskThread "GC Thread#6" [stack: 0x0000003d7de00000,0x0000003d7df00000] [id=28196]
  0x00000223dafd1000 GCTaskThread "GC Thread#7" [stack: 0x0000003d7df00000,0x0000003d7e000000] [id=21712]
  0x00000223dafd2000 GCTaskThread "GC Thread#8" [stack: 0x0000003d7e000000,0x0000003d7e100000] [id=9928]
  0x00000223dafd0000 GCTaskThread "GC Thread#9" [stack: 0x0000003d7e100000,0x0000003d7e200000] [id=14016]
  0x00000223d90fa800 ConcurrentGCThread "G1 Main Marker" [stack: 0x0000003d7ed00000,0x0000003d7ee00000] [id=13200]
  0x00000223dafd2800 ConcurrentGCThread "G1 Marker#0" [stack: 0x0000003d7ee00000,0x0000003d7ef00000] [id=28980]
  0x00000223dafd3000 ConcurrentGCThread "G1 Marker#1" [stack: 0x0000003d7ef00000,0x0000003d7f000000] [id=24584]
  0x00000223dafd5000 ConcurrentGCThread "G1 Marker#2" [stack: 0x0000003d7f000000,0x0000003d7f100000] [id=28272]
  0x00000223d8eed800 ConcurrentGCThread "G1 Refine#0" [stack: 0x0000003d7eb00000,0x0000003d7ec00000] [id=25656]
  0x00000223d8c57800 ConcurrentGCThread "G1 Refine#1" [stack: 0x0000003d7ea00000,0x0000003d7eb00000] [id=5328]
  0x00000223dba81000 ConcurrentGCThread "G1 Refine#2" [stack: 0x0000003d7e900000,0x0000003d7ea00000] [id=25896]
  0x00000223dba80800 ConcurrentGCThread "G1 Refine#3" [stack: 0x0000003d7e800000,0x0000003d7e900000] [id=10156]
  0x00000223d92d6800 ConcurrentGCThread "G1 Refine#4" [stack: 0x0000003d7e700000,0x0000003d7e800000] [id=27996]
  0x00000223db9e9000 ConcurrentGCThread "G1 Refine#5" [stack: 0x0000003d7e600000,0x0000003d7e700000] [id=4080]
  0x00000223db58d000 ConcurrentGCThread "G1 Refine#6" [stack: 0x0000003d7e500000,0x0000003d7e600000] [id=23464]
  0x00000223db58c800 ConcurrentGCThread "G1 Refine#7" [stack: 0x0000003d7e400000,0x0000003d7e500000] [id=26200]
  0x00000223d8c49000 ConcurrentGCThread "G1 Refine#8" [stack: 0x0000003d7e300000,0x0000003d7e400000] [id=3336]
  0x00000223d8c48800 ConcurrentGCThread "G1 Refine#9" [stack: 0x0000003d7e200000,0x0000003d7e300000] [id=27568]
  0x00000223d8eee800 ConcurrentGCThread "G1 Young RemSet Sampling" [stack: 0x0000003d7ec00000,0x0000003d7ed00000] [id=25692]

Threads with active compile tasks:

VM state:not at safepoint (normal execution)

VM Mutex/Monitor currently owned by a thread: None

Heap address: 0x0000000700000000, size: 3072 MB, Compressed Oops mode: Zero based, Oop shift amount: 3
Narrow klass base: 0x0000000000000000, Narrow klass shift: 3
Compressed class space size: 1073741824 Address: 0x00000007c0000000

Heap:
 garbage-first heap   total 384000K, used 261933K [0x0000000700000000, 0x0000000700100bb8, 0x00000007c0000000)
  region size 1024K, 33 young (33792K), 3 survivors (3072K)
 Metaspace       used 106836K, capacity 109377K, committed 117500K, reserved 1150976K
  class space    used 14656K, capacity 15169K, committed 16892K, reserved 1048576K
Heap Regions: E=young(eden), S=young(survivor), O=old, HS=humongous(starts), HC=humongous(continues), CS=collection set, F=free, A=archive, TS=gc time stamp, AC=allocation context, TAMS=top-at-mark-start (previous, next)
|   0|0x0000000700000000, 0x00000007000ecfa8, 0x0000000700100000| 92%| O|  |TS  0|AC  0|TAMS 0x0000000700000000, 0x0000000700000000|
|   1|0x0000000700100000, 0x0000000700200000, 0x0000000700200000|100%|HS|  |TS  0|AC  0|TAMS 0x0000000700100000, 0x0000000700100000|
|   2|0x0000000700200000, 0x0000000700300000, 0x0000000700300000|100%|HC|  |TS  0|AC  0|TAMS 0x0000000700200000, 0x0000000700200000|
|   3|0x0000000700300000, 0x0000000700400000, 0x0000000700400000|100%|HS|  |TS  0|AC  0|TAMS 0x0000000700300000, 0x0000000700300000|
|   4|0x0000000700400000, 0x00000007004e7848, 0x0000000700500000| 90%| O|  |TS  0|AC  0|TAMS 0x0000000700400000, 0x0000000700400000|
|   5|0x0000000700500000, 0x00000007005dc838, 0x0000000700600000| 86%| O|  |TS  0|AC  0|TAMS 0x0000000700500000, 0x0000000700500000|
|   6|0x0000000700600000, 0x00000007006ffff0, 0x0000000700700000| 99%| O|  |TS  0|AC  0|TAMS 0x0000000700600000, 0x0000000700600000|
|   7|0x0000000700700000, 0x0000000700800000, 0x0000000700800000|100%| O|  |TS  0|AC  0|TAMS 0x0000000700700000, 0x0000000700700000|
|   8|0x0000000700800000, 0x00000007008ffff8, 0x0000000700900000| 99%| O|  |TS  0|AC  0|TAMS 0x0000000700800000, 0x0000000700800000|
|   9|0x0000000700900000, 0x00000007009f9dc8, 0x0000000700a00000| 97%| O|  |TS  0|AC  0|TAMS 0x0000000700900000, 0x0000000700900000|
|  10|0x0000000700a00000, 0x0000000700afdba0, 0x0000000700b00000| 99%| O|  |TS  0|AC  0|TAMS 0x0000000700a00000, 0x0000000700a00000|
|  11|0x0000000700b00000, 0x0000000700bedde8, 0x0000000700c00000| 92%| O|  |TS  0|AC  0|TAMS 0x0000000700b00000, 0x0000000700b00000|
|  12|0x0000000700c00000, 0x0000000700cfc258, 0x0000000700d00000| 98%| O|  |TS  0|AC  0|TAMS 0x0000000700c00000, 0x0000000700c00000|
|  13|0x0000000700d00000, 0x0000000700df5e78, 0x0000000700e00000| 96%| O|  |TS  0|AC  0|TAMS 0x0000000700d00000, 0x0000000700d00000|
|  14|0x0000000700e00000, 0x0000000700ed4ac8, 0x0000000700f00000| 83%| O|  |TS  0|AC  0|TAMS 0x0000000700e00000, 0x0000000700e00000|
|  15|0x0000000700f00000, 0x0000000700fff850, 0x0000000701000000| 99%| O|  |TS  0|AC  0|TAMS 0x0000000700f00000, 0x0000000700f00000|
|  16|0x0000000701000000, 0x0000000701100000, 0x0000000701100000|100%| O|  |TS  0|AC  0|TAMS 0x0000000701000000, 0x0000000701000000|
|  17|0x0000000701100000, 0x000000070119f250, 0x0000000701200000| 62%| O|  |TS  0|AC  0|TAMS 0x0000000701100000, 0x0000000701100000|
|  18|0x0000000701200000, 0x00000007012fffc8, 0x0000000701300000| 99%| O|  |TS  0|AC  0|TAMS 0x0000000701200000, 0x0000000701200000|
|  19|0x0000000701300000, 0x00000007013fffe0, 0x0000000701400000| 99%| O|  |TS  0|AC  0|TAMS 0x0000000701300000, 0x0000000701300000|
|  20|0x0000000701400000, 0x00000007014ffff8, 0x0000000701500000| 99%| O|  |TS  0|AC  0|TAMS 0x0000000701400000, 0x0000000701400000|
|  21|0x0000000701500000, 0x00000007015fffc8, 0x0000000701600000| 99%| O|  |TS  0|AC  0|TAMS 0x0000000701500000, 0x0000000701500000|
|  22|0x0000000701600000, 0x00000007016ffff0, 0x0000000701700000| 99%| O|  |TS  0|AC  0|TAMS 0x0000000701600000, 0x0000000701600000|
|  23|0x0000000701700000, 0x00000007017febb8, 0x0000000701800000| 99%| O|  |TS  0|AC  0|TAMS 0x0000000701700000, 0x0000000701700000|
|  24|0x0000000701800000, 0x00000007018ffff0, 0x0000000701900000| 99%| O|  |TS  0|AC  0|TAMS 0x0000000701800000, 0x0000000701800000|
|  25|0x0000000701900000, 0x00000007019ffd58, 0x0000000701a00000| 99%| O|  |TS  0|AC  0|TAMS 0x0000000701900000, 0x0000000701900000|
|  26|0x0000000701a00000, 0x0000000701afffd8, 0x0000000701b00000| 99%| O|  |TS  0|AC  0|TAMS 0x0000000701a00000, 0x0000000701a00000|
|  27|0x0000000701b00000, 0x0000000701bffff8, 0x0000000701c00000| 99%| O|  |TS  0|AC  0|TAMS 0x0000000701b00000, 0x0000000701b00000|
|  28|0x0000000701c00000, 0x0000000701cffff8, 0x0000000701d00000| 99%| O|  |TS  0|AC  0|TAMS 0x0000000701c00000, 0x0000000701c00000|
|  29|0x0000000701d00000, 0x0000000701dffea0, 0x0000000701e00000| 99%| O|  |TS  0|AC  0|TAMS 0x0000000701d00000, 0x0000000701d00000|
|  30|0x0000000701e00000, 0x0000000701f00000, 0x0000000701f00000|100%| O|  |TS  0|AC  0|TAMS 0x0000000701e00000, 0x0000000701e00000|
|  31|0x0000000701f00000, 0x0000000701fffff8, 0x0000000702000000| 99%| O|  |TS  0|AC  0|TAMS 0x0000000701f00000, 0x0000000701f00000|
|  32|0x0000000702000000, 0x00000007020fffe0, 0x0000000702100000| 99%| O|  |TS  0|AC  0|TAMS 0x0000000702000000, 0x0000000702000000|
|  33|0x0000000702100000, 0x0000000702200000, 0x0000000702200000|100%| O|  |TS  0|AC  0|TAMS 0x0000000702100000, 0x0000000702100000|
|  34|0x0000000702200000, 0x00000007022ff018, 0x0000000702300000| 99%| O|  |TS  0|AC  0|TAMS 0x0000000702200000, 0x0000000702200000|
|  35|0x0000000702300000, 0x00000007023ff678, 0x0000000702400000| 99%| O|  |TS  0|AC  0|TAMS 0x0000000702300000, 0x0000000702300000|
|  36|0x0000000702400000, 0x00000007024fff18, 0x0000000702500000| 99%| O|  |TS  0|AC  0|TAMS 0x0000000702400000, 0x0000000702400000|
|  37|0x0000000702500000, 0x00000007025ffff8, 0x0000000702600000| 99%| O|  |TS  0|AC  0|TAMS 0x0000000702500000, 0x0000000702500000|
|  38|0x0000000702600000, 0x00000007026ffff8, 0x0000000702700000| 99%| O|  |TS  0|AC  0|TAMS 0x0000000702600000, 0x0000000702600000|
|  39|0x0000000702700000, 0x00000007027fcf00, 0x0000000702800000| 98%| O|  |TS  0|AC  0|TAMS 0x0000000702700000, 0x0000000702700000|
|  40|0x0000000702800000, 0x00000007028fffe8, 0x0000000702900000| 99%| O|  |TS  0|AC  0|TAMS 0x0000000702800000, 0x0000000702800000|
|  41|0x0000000702900000, 0x00000007029ffe00, 0x0000000702a00000| 99%| O|  |TS  0|AC  0|TAMS 0x0000000702900000, 0x0000000702900000|
|  42|0x0000000702a00000, 0x0000000702b00000, 0x0000000702b00000|100%| O|  |TS  0|AC  0|TAMS 0x0000000702a00000, 0x0000000702a00000|
|  43|0x0000000702b00000, 0x0000000702c00000, 0x0000000702c00000|100%|HS|  |TS  0|AC  0|TAMS 0x0000000702b00000, 0x0000000702b00000|
|  44|0x0000000702c00000, 0x0000000702d00000, 0x0000000702d00000|100%|HC|  |TS  0|AC  0|TAMS 0x0000000702c00000, 0x0000000702c00000|
|  45|0x0000000702d00000, 0x0000000702e00000, 0x0000000702e00000|100%|HC|  |TS  0|AC  0|TAMS 0x0000000702d00000, 0x0000000702d00000|
|  46|0x0000000702e00000, 0x0000000702f00000, 0x0000000702f00000|100%|HC|  |TS  0|AC  0|TAMS 0x0000000702e00000, 0x0000000702e00000|
|  47|0x0000000702f00000, 0x0000000703000000, 0x0000000703000000|100%|HC|  |TS  0|AC  0|TAMS 0x0000000702f00000, 0x0000000702f00000|
|  48|0x0000000703000000, 0x0000000703100000, 0x0000000703100000|100%|HC|  |TS  0|AC  0|TAMS 0x0000000703000000, 0x0000000703000000|
|  49|0x0000000703100000, 0x00000007031fe2e0, 0x0000000703200000| 99%| O|  |TS  0|AC  0|TAMS 0x0000000703100000, 0x0000000703100000|
|  50|0x0000000703200000, 0x0000000703300000, 0x0000000703300000|100%| O|  |TS  0|AC  0|TAMS 0x0000000703200000, 0x0000000703200000|
|  51|0x0000000703300000, 0x00000007033ffff0, 0x0000000703400000| 99%| O|  |TS  0|AC  0|TAMS 0x0000000703300000, 0x0000000703300000|
|  52|0x0000000703400000, 0x00000007034ffff0, 0x0000000703500000| 99%| O|  |TS  0|AC  0|TAMS 0x0000000703400000, 0x0000000703400000|
|  53|0x0000000703500000, 0x00000007035feeb8, 0x0000000703600000| 99%| O|  |TS  0|AC  0|TAMS 0x0000000703500000, 0x0000000703500000|
|  54|0x0000000703600000, 0x00000007036fffe8, 0x0000000703700000| 99%| O|  |TS  0|AC  0|TAMS 0x0000000703600000, 0x0000000703600000|
|  55|0x0000000703700000, 0x00000007037fff50, 0x0000000703800000| 99%| O|  |TS  0|AC  0|TAMS 0x0000000703700000, 0x0000000703700000|
|  56|0x0000000703800000, 0x00000007038ffff8, 0x0000000703900000| 99%| O|  |TS  0|AC  0|TAMS 0x0000000703800000, 0x0000000703800000|
|  57|0x0000000703900000, 0x00000007039fffe8, 0x0000000703a00000| 99%| O|  |TS  0|AC  0|TAMS 0x0000000703900000, 0x0000000703900000|
|  58|0x0000000703a00000, 0x0000000703b00000, 0x0000000703b00000|100%| O|  |TS  0|AC  0|TAMS 0x0000000703a00000, 0x0000000703a00000|
|  59|0x0000000703b00000, 0x0000000703c00000, 0x0000000703c00000|100%| O|  |TS  0|AC  0|TAMS 0x0000000703b00000, 0x0000000703b00000|
|  60|0x0000000703c00000, 0x0000000703cffff0, 0x0000000703d00000| 99%| O|  |TS  0|AC  0|TAMS 0x0000000703c00000, 0x0000000703c00000|
|  61|0x0000000703d00000, 0x0000000703dd6498, 0x0000000703e00000| 83%| O|  |TS  0|AC  0|TAMS 0x0000000703d00000, 0x0000000703d00000|
|  62|0x0000000703e00000, 0x0000000703effff0, 0x0000000703f00000| 99%| O|  |TS  0|AC  0|TAMS 0x0000000703e00000, 0x0000000703e00000|
|  63|0x0000000703f00000, 0x0000000703fffff8, 0x0000000704000000| 99%| O|  |TS  0|AC  0|TAMS 0x0000000703f00000, 0x0000000703f00000|
|  64|0x0000000704000000, 0x00000007040ffff8, 0x0000000704100000| 99%| O|  |TS  0|AC  0|TAMS 0x0000000704000000, 0x0000000704000000|
|  65|0x0000000704100000, 0x00000007041ffff0, 0x0000000704200000| 99%| O|  |TS  0|AC  0|TAMS 0x0000000704100000, 0x0000000704100000|
|  66|0x0000000704200000, 0x00000007042ffff8, 0x0000000704300000| 99%| O|  |TS  0|AC  0|TAMS 0x0000000704200000, 0x0000000704200000|
|  67|0x0000000704300000, 0x00000007043ff508, 0x0000000704400000| 99%| O|  |TS  0|AC  0|TAMS 0x0000000704300000, 0x0000000704300000|
|  68|0x0000000704400000, 0x00000007044fffe8, 0x0000000704500000| 99%| O|  |TS  0|AC  0|TAMS 0x0000000704400000, 0x0000000704400000|
|  69|0x0000000704500000, 0x00000007045fffe8, 0x0000000704600000| 99%| O|  |TS  0|AC  0|TAMS 0x0000000704500000, 0x0000000704500000|
|  70|0x0000000704600000, 0x00000007046ffff8, 0x0000000704700000| 99%| O|  |TS  0|AC  0|TAMS 0x0000000704600000, 0x0000000704600000|
|  71|0x0000000704700000, 0x00000007047fffd8, 0x0000000704800000| 99%| O|  |TS  0|AC  0|TAMS 0x0000000704700000, 0x0000000704700000|
|  72|0x0000000704800000, 0x00000007048fffe8, 0x0000000704900000| 99%| O|  |TS  0|AC  0|TAMS 0x0000000704800000, 0x0000000704800000|
|  73|0x0000000704900000, 0x00000007049ffff8, 0x0000000704a00000| 99%| O|  |TS  0|AC  0|TAMS 0x0000000704900000, 0x0000000704900000|
|  74|0x0000000704a00000, 0x0000000704b00000, 0x0000000704b00000|100%| O|  |TS  0|AC  0|TAMS 0x0000000704a00000, 0x0000000704a00000|
|  75|0x0000000704b00000, 0x0000000704c00000, 0x0000000704c00000|100%| O|  |TS  0|AC  0|TAMS 0x0000000704b00000, 0x0000000704b00000|
|  76|0x0000000704c00000, 0x0000000704d00000, 0x0000000704d00000|100%| O|  |TS  0|AC  0|TAMS 0x0000000704c00000, 0x0000000704c00000|
|  77|0x0000000704d00000, 0x0000000704dffff0, 0x0000000704e00000| 99%| O|  |TS  0|AC  0|TAMS 0x0000000704d00000, 0x0000000704d00000|
|  78|0x0000000704e00000, 0x0000000704efff28, 0x0000000704f00000| 99%| O|  |TS  0|AC  0|TAMS 0x0000000704e00000, 0x0000000704e00000|
|  79|0x0000000704f00000, 0x0000000704ffffe0, 0x0000000705000000| 99%| O|  |TS  0|AC  0|TAMS 0x0000000704f00000, 0x0000000704f00000|
|  80|0x0000000705000000, 0x0000000705100000, 0x0000000705100000|100%| O|  |TS  0|AC  0|TAMS 0x0000000705000000, 0x0000000705000000|
|  81|0x0000000705100000, 0x00000007051ffff8, 0x0000000705200000| 99%| O|  |TS  0|AC  0|TAMS 0x0000000705100000, 0x0000000705100000|
|  82|0x0000000705200000, 0x0000000705300000, 0x0000000705300000|100%| O|  |TS  0|AC  0|TAMS 0x0000000705200000, 0x0000000705200000|
|  83|0x0000000705300000, 0x0000000705400000, 0x0000000705400000|100%| O|  |TS  0|AC  0|TAMS 0x0000000705300000, 0x0000000705300000|
|  84|0x0000000705400000, 0x00000007054fffe8, 0x0000000705500000| 99%| O|  |TS  0|AC  0|TAMS 0x0000000705400000, 0x0000000705400000|
|  85|0x0000000705500000, 0x00000007055ffaf0, 0x0000000705600000| 99%| O|  |TS  0|AC  0|TAMS 0x0000000705500000, 0x0000000705500000|
|  86|0x0000000705600000, 0x00000007056fffd8, 0x0000000705700000| 99%| O|  |TS  0|AC  0|TAMS 0x0000000705600000, 0x0000000705600000|
|  87|0x0000000705700000, 0x00000007057fffe8, 0x0000000705800000| 99%| O|  |TS  0|AC  0|TAMS 0x0000000705700000, 0x0000000705700000|
|  88|0x0000000705800000, 0x00000007058ffef0, 0x0000000705900000| 99%| O|  |TS  0|AC  0|TAMS 0x0000000705800000, 0x0000000705800000|
|  89|0x0000000705900000, 0x0000000705a00000, 0x0000000705a00000|100%| O|  |TS  0|AC  0|TAMS 0x0000000705900000, 0x0000000705900000|
|  90|0x0000000705a00000, 0x0000000705b00000, 0x0000000705b00000|100%| O|  |TS  0|AC  0|TAMS 0x0000000705a00000, 0x0000000705a00000|
|  91|0x0000000705b00000, 0x0000000705bfffe8, 0x0000000705c00000| 99%| O|  |TS  0|AC  0|TAMS 0x0000000705b00000, 0x0000000705b00000|
|  92|0x0000000705c00000, 0x0000000705d00000, 0x0000000705d00000|100%| O|  |TS  0|AC  0|TAMS 0x0000000705c00000, 0x0000000705c00000|
|  93|0x0000000705d00000, 0x0000000705dff520, 0x0000000705e00000| 99%| O|  |TS  0|AC  0|TAMS 0x0000000705d00000, 0x0000000705d00000|
|  94|0x0000000705e00000, 0x0000000705efffe0, 0x0000000705f00000| 99%| O|  |TS  0|AC  0|TAMS 0x0000000705e00000, 0x0000000705e00000|
|  95|0x0000000705f00000, 0x0000000705fffff0, 0x0000000706000000| 99%| O|  |TS  0|AC  0|TAMS 0x0000000705f00000, 0x0000000705f00000|
|  96|0x0000000706000000, 0x00000007060ffff8, 0x0000000706100000| 99%| O|  |TS  0|AC  0|TAMS 0x0000000706000000, 0x0000000706000000|
|  97|0x0000000706100000, 0x00000007061ffca0, 0x0000000706200000| 99%| O|  |TS  0|AC  0|TAMS 0x0000000706100000, 0x0000000706100000|
|  98|0x0000000706200000, 0x00000007062fffd8, 0x0000000706300000| 99%| O|  |TS  0|AC  0|TAMS 0x0000000706200000, 0x0000000706200000|
|  99|0x0000000706300000, 0x00000007063bbd50, 0x0000000706400000| 73%| O|  |TS  0|AC  0|TAMS 0x0000000706300000, 0x0000000706300000|
| 100|0x0000000706400000, 0x00000007064fffd0, 0x0000000706500000| 99%| O|  |TS  0|AC  0|TAMS 0x0000000706400000, 0x0000000706400000|
| 101|0x0000000706500000, 0x00000007065fffe8, 0x0000000706600000| 99%| O|  |TS  0|AC  0|TAMS 0x0000000706500000, 0x0000000706500000|
| 102|0x0000000706600000, 0x00000007066ffff0, 0x0000000706700000| 99%| O|  |TS  0|AC  0|TAMS 0x0000000706600000, 0x0000000706600000|
| 103|0x0000000706700000, 0x00000007067ffff8, 0x0000000706800000| 99%| O|  |TS  0|AC  0|TAMS 0x0000000706700000, 0x0000000706700000|
| 104|0x0000000706800000, 0x00000007068ffff0, 0x0000000706900000| 99%| O|  |TS  0|AC  0|TAMS 0x0000000706800000, 0x0000000706800000|
| 105|0x0000000706900000, 0x00000007069ffff8, 0x0000000706a00000| 99%| O|  |TS  0|AC  0|TAMS 0x0000000706900000, 0x0000000706900000|
| 106|0x0000000706a00000, 0x0000000706b00000, 0x0000000706b00000|100%| O|  |TS  0|AC  0|TAMS 0x0000000706a00000, 0x0000000706a00000|
| 107|0x0000000706b00000, 0x0000000706bffff0, 0x0000000706c00000| 99%| O|  |TS  0|AC  0|TAMS 0x0000000706b00000, 0x0000000706b00000|
| 108|0x0000000706c00000, 0x0000000706d00000, 0x0000000706d00000|100%| O|  |TS  0|AC  0|TAMS 0x0000000706c00000, 0x0000000706c00000|
| 109|0x0000000706d00000, 0x0000000706dfffd0, 0x0000000706e00000| 99%| O|  |TS  0|AC  0|TAMS 0x0000000706d00000, 0x0000000706d00000|
| 110|0x0000000706e00000, 0x0000000706effff0, 0x0000000706f00000| 99%| O|  |TS  0|AC  0|TAMS 0x0000000706e00000, 0x0000000706e00000|
| 111|0x0000000706f00000, 0x0000000707000000, 0x0000000707000000|100%| O|  |TS  0|AC  0|TAMS 0x0000000706f00000, 0x0000000706f00000|
| 112|0x0000000707000000, 0x0000000707100000, 0x0000000707100000|100%| O|  |TS  0|AC  0|TAMS 0x0000000707000000, 0x0000000707000000|
| 113|0x0000000707100000, 0x00000007071ffff8, 0x0000000707200000| 99%| O|  |TS  0|AC  0|TAMS 0x0000000707100000, 0x0000000707100000|
| 114|0x0000000707200000, 0x0000000707300000, 0x0000000707300000|100%| O|  |TS  0|AC  0|TAMS 0x0000000707200000, 0x0000000707200000|
| 115|0x0000000707300000, 0x0000000707400000, 0x0000000707400000|100%| O|  |TS  0|AC  0|TAMS 0x0000000707300000, 0x0000000707300000|
| 116|0x0000000707400000, 0x0000000707500000, 0x0000000707500000|100%| O|  |TS  0|AC  0|TAMS 0x0000000707400000, 0x0000000707400000|
| 117|0x0000000707500000, 0x00000007075ffff0, 0x0000000707600000| 99%| O|  |TS  0|AC  0|TAMS 0x0000000707500000, 0x0000000707500000|
| 118|0x0000000707600000, 0x00000007076fffe8, 0x0000000707700000| 99%| O|  |TS  0|AC  0|TAMS 0x0000000707600000, 0x0000000707600000|
| 119|0x0000000707700000, 0x00000007077fffc0, 0x0000000707800000| 99%| O|  |TS  0|AC  0|TAMS 0x0000000707700000, 0x0000000707700000|
| 120|0x0000000707800000, 0x0000000707900000, 0x0000000707900000|100%| O|  |TS  0|AC  0|TAMS 0x0000000707800000, 0x0000000707800000|
| 121|0x0000000707900000, 0x00000007079fffc0, 0x0000000707a00000| 99%| O|  |TS  0|AC  0|TAMS 0x0000000707900000, 0x0000000707900000|
| 122|0x0000000707a00000, 0x0000000707afccc8, 0x0000000707b00000| 98%| O|  |TS  0|AC  0|TAMS 0x0000000707a00000, 0x0000000707a00000|
| 123|0x0000000707b00000, 0x0000000707bffff0, 0x0000000707c00000| 99%| O|  |TS  0|AC  0|TAMS 0x0000000707b00000, 0x0000000707b00000|
| 124|0x0000000707c00000, 0x0000000707cfffe0, 0x0000000707d00000| 99%| O|  |TS  0|AC  0|TAMS 0x0000000707c00000, 0x0000000707c00000|
| 125|0x0000000707d00000, 0x0000000707dffff8, 0x0000000707e00000| 99%| O|  |TS  0|AC  0|TAMS 0x0000000707d00000, 0x0000000707d00000|
| 126|0x0000000707e00000, 0x0000000707efffe8, 0x0000000707f00000| 99%| O|  |TS  0|AC  0|TAMS 0x0000000707e00000, 0x0000000707e00000|
| 127|0x0000000707f00000, 0x0000000707fffff8, 0x0000000708000000| 99%| O|  |TS  0|AC  0|TAMS 0x0000000707f00000, 0x0000000707f00000|
| 128|0x0000000708000000, 0x00000007080ffff0, 0x0000000708100000| 99%| O|  |TS  0|AC  0|TAMS 0x0000000708000000, 0x0000000708000000|
| 129|0x0000000708100000, 0x00000007081ffff8, 0x0000000708200000| 99%| O|  |TS  0|AC  0|TAMS 0x0000000708100000, 0x0000000708100000|
| 130|0x0000000708200000, 0x00000007082fffd8, 0x0000000708300000| 99%| O|  |TS  0|AC  0|TAMS 0x0000000708200000, 0x0000000708200000|
| 131|0x0000000708300000, 0x00000007083ffff8, 0x0000000708400000| 99%| O|  |TS  0|AC  0|TAMS 0x0000000708300000, 0x0000000708300000|
| 132|0x0000000708400000, 0x00000007084fffe8, 0x0000000708500000| 99%| O|  |TS  0|AC  0|TAMS 0x0000000708400000, 0x0000000708400000|
| 133|0x0000000708500000, 0x00000007085ffff0, 0x0000000708600000| 99%| O|  |TS  0|AC  0|TAMS 0x0000000708500000, 0x0000000708500000|
| 134|0x0000000708600000, 0x0000000708700000, 0x0000000708700000|100%| O|  |TS  0|AC  0|TAMS 0x0000000708600000, 0x0000000708600000|
| 135|0x0000000708700000, 0x00000007087ffff8, 0x0000000708800000| 99%| O|  |TS  0|AC  0|TAMS 0x0000000708700000, 0x0000000708700000|
| 136|0x0000000708800000, 0x00000007088ffff0, 0x0000000708900000| 99%| O|  |TS  0|AC  0|TAMS 0x0000000708800000, 0x0000000708800000|
| 137|0x0000000708900000, 0x00000007089fffe8, 0x0000000708a00000| 99%| O|  |TS  0|AC  0|TAMS 0x0000000708900000, 0x0000000708900000|
| 138|0x0000000708a00000, 0x0000000708affff0, 0x0000000708b00000| 99%| O|  |TS  0|AC  0|TAMS 0x0000000708a00000, 0x0000000708a00000|
| 139|0x0000000708b00000, 0x0000000708bfffe8, 0x0000000708c00000| 99%| O|  |TS  0|AC  0|TAMS 0x0000000708b00000, 0x0000000708b00000|
| 140|0x0000000708c00000, 0x0000000708cffff8, 0x0000000708d00000| 99%| O|  |TS  0|AC  0|TAMS 0x0000000708c00000, 0x0000000708c00000|
| 141|0x0000000708d00000, 0x0000000708dffff8, 0x0000000708e00000| 99%| O|  |TS  0|AC  0|TAMS 0x0000000708d00000, 0x0000000708d00000|
| 142|0x0000000708e00000, 0x0000000708f00000, 0x0000000708f00000|100%| O|  |TS  0|AC  0|TAMS 0x0000000708e00000, 0x0000000708e00000|
| 143|0x0000000708f00000, 0x0000000708fffff0, 0x0000000709000000| 99%| O|  |TS  0|AC  0|TAMS 0x0000000708f00000, 0x0000000708f00000|
| 144|0x0000000709000000, 0x00000007090ffb40, 0x0000000709100000| 99%| O|  |TS  0|AC  0|TAMS 0x0000000709000000, 0x0000000709000000|
| 145|0x0000000709100000, 0x00000007091fe408, 0x0000000709200000| 99%| O|  |TS  0|AC  0|TAMS 0x0000000709100000, 0x0000000709100000|
| 146|0x0000000709200000, 0x00000007092fffe8, 0x0000000709300000| 99%| O|  |TS  0|AC  0|TAMS 0x0000000709200000, 0x0000000709200000|
| 147|0x0000000709300000, 0x00000007093fffe8, 0x0000000709400000| 99%| O|  |TS  0|AC  0|TAMS 0x0000000709300000, 0x0000000709300000|
| 148|0x0000000709400000, 0x00000007094ffff0, 0x0000000709500000| 99%| O|  |TS  0|AC  0|TAMS 0x0000000709400000, 0x0000000709400000|
| 149|0x0000000709500000, 0x00000007095fffe8, 0x0000000709600000| 99%| O|  |TS  0|AC  0|TAMS 0x0000000709500000, 0x0000000709500000|
| 150|0x0000000709600000, 0x00000007096ffff0, 0x0000000709700000| 99%| O|  |TS  0|AC  0|TAMS 0x0000000709600000, 0x0000000709600000|
| 151|0x0000000709700000, 0x00000007097ffff8, 0x0000000709800000| 99%| O|  |TS  0|AC  0|TAMS 0x0000000709700000, 0x0000000709700000|
| 152|0x0000000709800000, 0x00000007098ffff0, 0x0000000709900000| 99%| O|  |TS  0|AC  0|TAMS 0x0000000709800000, 0x0000000709800000|
| 153|0x0000000709900000, 0x00000007099fffe8, 0x0000000709a00000| 99%| O|  |TS  0|AC  0|TAMS 0x0000000709900000, 0x0000000709900000|
| 154|0x0000000709a00000, 0x0000000709afffe8, 0x0000000709b00000| 99%| O|  |TS  0|AC  0|TAMS 0x0000000709a00000, 0x0000000709a00000|
| 155|0x0000000709b00000, 0x0000000709bfffe0, 0x0000000709c00000| 99%| O|  |TS  0|AC  0|TAMS 0x0000000709b00000, 0x0000000709b00000|
| 156|0x0000000709c00000, 0x0000000709cffff8, 0x0000000709d00000| 99%| O|  |TS  0|AC  0|TAMS 0x0000000709c00000, 0x0000000709c00000|
| 157|0x0000000709d00000, 0x0000000709dffc10, 0x0000000709e00000| 99%| O|  |TS  0|AC  0|TAMS 0x0000000709d00000, 0x0000000709d00000|
| 158|0x0000000709e00000, 0x0000000709effff8, 0x0000000709f00000| 99%| O|  |TS  0|AC  0|TAMS 0x0000000709e00000, 0x0000000709e00000|
| 159|0x0000000709f00000, 0x0000000709ffffe0, 0x000000070a000000| 99%| O|  |TS  0|AC  0|TAMS 0x0000000709f00000, 0x0000000709f00000|
| 160|0x000000070a000000, 0x000000070a0ff680, 0x000000070a100000| 99%| O|  |TS  0|AC  0|TAMS 0x000000070a000000, 0x000000070a000000|
| 161|0x000000070a100000, 0x000000070a1ff4b0, 0x000000070a200000| 99%| O|  |TS  0|AC  0|TAMS 0x000000070a100000, 0x000000070a100000|
| 162|0x000000070a200000, 0x000000070a2ffff0, 0x000000070a300000| 99%| O|  |TS  0|AC  0|TAMS 0x000000070a200000, 0x000000070a200000|
| 163|0x000000070a300000, 0x000000070a3ffff0, 0x000000070a400000| 99%| O|  |TS  0|AC  0|TAMS 0x000000070a300000, 0x000000070a300000|
| 164|0x000000070a400000, 0x000000070a4ffff0, 0x000000070a500000| 99%| O|  |TS  0|AC  0|TAMS 0x000000070a400000, 0x000000070a400000|
| 165|0x000000070a500000, 0x000000070a5ffff8, 0x000000070a600000| 99%| O|  |TS  0|AC  0|TAMS 0x000000070a500000, 0x000000070a500000|
| 166|0x000000070a600000, 0x000000070a6ffff0, 0x000000070a700000| 99%| O|  |TS  0|AC  0|TAMS 0x000000070a600000, 0x000000070a600000|
| 167|0x000000070a700000, 0x000000070a7ffff0, 0x000000070a800000| 99%| O|  |TS  0|AC  0|TAMS 0x000000070a700000, 0x000000070a700000|
| 168|0x000000070a800000, 0x000000070a8fffe0, 0x000000070a900000| 99%| O|  |TS  0|AC  0|TAMS 0x000000070a800000, 0x000000070a800000|
| 169|0x000000070a900000, 0x000000070a9ffff0, 0x000000070aa00000| 99%| O|  |TS  0|AC  0|TAMS 0x000000070a900000, 0x000000070a900000|
| 170|0x000000070aa00000, 0x000000070aafff80, 0x000000070ab00000| 99%| O|  |TS  0|AC  0|TAMS 0x000000070aa00000, 0x000000070aa00000|
| 171|0x000000070ab00000, 0x000000070abffff0, 0x000000070ac00000| 99%| O|  |TS  0|AC  0|TAMS 0x000000070ab00000, 0x000000070ab00000|
| 172|0x000000070ac00000, 0x000000070acffff8, 0x000000070ad00000| 99%| O|  |TS  0|AC  0|TAMS 0x000000070ac00000, 0x000000070ac00000|
| 173|0x000000070ad00000, 0x000000070adfffe0, 0x000000070ae00000| 99%| O|  |TS  0|AC  0|TAMS 0x000000070ad00000, 0x000000070ad00000|
| 174|0x000000070ae00000, 0x000000070af00000, 0x000000070af00000|100%| O|  |TS  0|AC  0|TAMS 0x000000070ae00000, 0x000000070ae00000|
| 175|0x000000070af00000, 0x000000070afff630, 0x000000070b000000| 99%| O|  |TS  0|AC  0|TAMS 0x000000070af00000, 0x000000070af00000|
| 176|0x000000070b000000, 0x000000070b100000, 0x000000070b100000|100%|HS|  |TS  0|AC  0|TAMS 0x000000070b000000, 0x000000070b000000|
| 177|0x000000070b100000, 0x000000070b200000, 0x000000070b200000|100%|HC|  |TS  0|AC  0|TAMS 0x000000070b100000, 0x000000070b100000|
| 178|0x000000070b200000, 0x000000070b2fffe8, 0x000000070b300000| 99%| O|  |TS  0|AC  0|TAMS 0x000000070b200000, 0x000000070b200000|
| 179|0x000000070b300000, 0x000000070b3fff68, 0x000000070b400000| 99%| O|  |TS  0|AC  0|TAMS 0x000000070b300000, 0x000000070b300000|
| 180|0x000000070b400000, 0x000000070b4ffff0, 0x000000070b500000| 99%| O|  |TS  0|AC  0|TAMS 0x000000070b400000, 0x000000070b400000|
| 181|0x000000070b500000, 0x000000070b600000, 0x000000070b600000|100%|HS|  |TS  0|AC  0|TAMS 0x000000070b500000, 0x000000070b500000|
| 182|0x000000070b600000, 0x000000070b700000, 0x000000070b700000|100%|HC|  |TS  0|AC  0|TAMS 0x000000070b600000, 0x000000070b600000|
| 183|0x000000070b700000, 0x000000070b800000, 0x000000070b800000|100%|HS|  |TS  0|AC  0|TAMS 0x000000070b700000, 0x000000070b700000|
| 184|0x000000070b800000, 0x000000070b900000, 0x000000070b900000|100%|HC|  |TS  0|AC  0|TAMS 0x000000070b800000, 0x000000070b800000|
| 185|0x000000070b900000, 0x000000070ba00000, 0x000000070ba00000|100%|HC|  |TS  0|AC  0|TAMS 0x000000070b900000, 0x000000070b900000|
| 186|0x000000070ba00000, 0x000000070bb00000, 0x000000070bb00000|100%|HC|  |TS  0|AC  0|TAMS 0x000000070ba00000, 0x000000070ba00000|
| 187|0x000000070bb00000, 0x000000070bbffe10, 0x000000070bc00000| 99%| O|  |TS  0|AC  0|TAMS 0x000000070bb00000, 0x000000070bb00000|
| 188|0x000000070bc00000, 0x000000070bcffff8, 0x000000070bd00000| 99%| O|  |TS  0|AC  0|TAMS 0x000000070bc00000, 0x000000070bc00000|
| 189|0x000000070bd00000, 0x000000070bdffff8, 0x000000070be00000| 99%| O|  |TS  0|AC  0|TAMS 0x000000070bd00000, 0x000000070bd00000|
| 190|0x000000070be00000, 0x000000070befffb0, 0x000000070bf00000| 99%| O|  |TS  0|AC  0|TAMS 0x000000070be00000, 0x000000070be00000|
| 191|0x000000070bf00000, 0x000000070bfffff8, 0x000000070c000000| 99%| O|  |TS  0|AC  0|TAMS 0x000000070bf00000, 0x000000070bf00000|
| 192|0x000000070c000000, 0x000000070c100000, 0x000000070c100000|100%|HS|  |TS  0|AC  0|TAMS 0x000000070c000000, 0x000000070c000000|
| 193|0x000000070c100000, 0x000000070c200000, 0x000000070c200000|100%|HC|  |TS  0|AC  0|TAMS 0x000000070c100000, 0x000000070c100000|
| 194|0x000000070c200000, 0x000000070c2fffd0, 0x000000070c300000| 99%| O|  |TS  0|AC  0|TAMS 0x000000070c200000, 0x000000070c200000|
| 195|0x000000070c300000, 0x000000070c3fffe8, 0x000000070c400000| 99%| O|  |TS  0|AC  0|TAMS 0x000000070c300000, 0x000000070c300000|
| 196|0x000000070c400000, 0x000000070c4ffff0, 0x000000070c500000| 99%| O|  |TS  0|AC  0|TAMS 0x000000070c400000, 0x000000070c400000|
| 197|0x000000070c500000, 0x000000070c5fffa0, 0x000000070c600000| 99%| O|  |TS  0|AC  0|TAMS 0x000000070c500000, 0x000000070c500000|
| 198|0x000000070c600000, 0x000000070c700000, 0x000000070c700000|100%|HS|  |TS  0|AC  0|TAMS 0x000000070c600000, 0x000000070c600000|
| 199|0x000000070c700000, 0x000000070c800000, 0x000000070c800000|100%|HC|  |TS  0|AC  0|TAMS 0x000000070c700000, 0x000000070c700000|
| 200|0x000000070c800000, 0x000000070c8fffe8, 0x000000070c900000| 99%| O|  |TS  0|AC  0|TAMS 0x000000070c800000, 0x000000070c800000|
| 201|0x000000070c900000, 0x000000070ca00000, 0x000000070ca00000|100%|HS|  |TS  0|AC  0|TAMS 0x000000070c900000, 0x000000070c900000|
| 202|0x000000070ca00000, 0x000000070cb00000, 0x000000070cb00000|100%|HC|  |TS  0|AC  0|TAMS 0x000000070ca00000, 0x000000070ca00000|
| 203|0x000000070cb00000, 0x000000070cbffff8, 0x000000070cc00000| 99%| O|  |TS  0|AC  0|TAMS 0x000000070cb00000, 0x000000070cb00000|
| 204|0x000000070cc00000, 0x000000070cd00000, 0x000000070cd00000|100%|HS|  |TS  0|AC  0|TAMS 0x000000070cc00000, 0x000000070cc00000|
| 205|0x000000070cd00000, 0x000000070ce00000, 0x000000070ce00000|100%|HC|  |TS  0|AC  0|TAMS 0x000000070cd00000, 0x000000070cd00000|
| 206|0x000000070ce00000, 0x000000070cf00000, 0x000000070cf00000|100%| O|  |TS  0|AC  0|TAMS 0x000000070ce00000, 0x000000070ce00000|
| 207|0x000000070cf00000, 0x000000070cfffff8, 0x000000070d000000| 99%| O|  |TS  0|AC  0|TAMS 0x000000070cf00000, 0x000000070cf00000|
| 208|0x000000070d000000, 0x000000070d100000, 0x000000070d100000|100%| O|  |TS  0|AC  0|TAMS 0x000000070d000000, 0x000000070d000000|
| 209|0x000000070d100000, 0x000000070d200000, 0x000000070d200000|100%| O|  |TS  0|AC  0|TAMS 0x000000070d100000, 0x000000070d100000|
| 210|0x000000070d200000, 0x000000070d2ffe40, 0x000000070d300000| 99%| O|  |TS  0|AC  0|TAMS 0x000000070d200000, 0x000000070d200000|
| 211|0x000000070d300000, 0x000000070d3ffff0, 0x000000070d400000| 99%| O|  |TS  0|AC  0|TAMS 0x000000070d300000, 0x000000070d300000|
| 212|0x000000070d400000, 0x000000070d4ffff8, 0x000000070d500000| 99%| O|  |TS  0|AC  0|TAMS 0x000000070d400000, 0x000000070d400000|
| 213|0x000000070d500000, 0x000000070d50fe28, 0x000000070d600000|  6%| O|  |TS  0|AC  0|TAMS 0x000000070d500000, 0x000000070d500000|
| 214|0x000000070d600000, 0x000000070d60f400, 0x000000070d700000|  5%| O|  |TS 37|AC  0|TAMS 0x000000070d600000, 0x000000070d600000|
| 215|0x000000070d700000, 0x000000070d700000, 0x000000070d800000|  0%| F|  |TS  0|AC  0|TAMS 0x000000070d700000, 0x000000070d700000|
| 216|0x000000070d800000, 0x000000070d800000, 0x000000070d900000|  0%| F|  |TS  0|AC  0|TAMS 0x000000070d800000, 0x000000070d800000|
| 217|0x000000070d900000, 0x000000070da00000, 0x000000070da00000|100%|HS|  |TS  0|AC  0|TAMS 0x000000070d900000, 0x000000070d900000|
| 218|0x000000070da00000, 0x000000070db00000, 0x000000070db00000|100%|HC|  |TS  0|AC  0|TAMS 0x000000070da00000, 0x000000070da00000|
| 219|0x000000070db00000, 0x000000070dc00000, 0x000000070dc00000|100%|HC|  |TS  0|AC  0|TAMS 0x000000070db00000, 0x000000070db00000|
| 220|0x000000070dc00000, 0x000000070dd00000, 0x000000070dd00000|100%|HC|  |TS  0|AC  0|TAMS 0x000000070dc00000, 0x000000070dc00000|
| 221|0x000000070dd00000, 0x000000070de00000, 0x000000070de00000|100%|HS|  |TS  0|AC  0|TAMS 0x000000070dd00000, 0x000000070dd00000|
| 222|0x000000070de00000, 0x000000070de00000, 0x000000070df00000|  0%| F|  |TS  0|AC  0|TAMS 0x000000070de00000, 0x000000070de00000|
| 223|0x000000070df00000, 0x000000070df00000, 0x000000070e000000|  0%| F|  |TS  0|AC  0|TAMS 0x000000070df00000, 0x000000070df00000|
| 224|0x000000070e000000, 0x000000070e000000, 0x000000070e100000|  0%| F|  |TS  0|AC  0|TAMS 0x000000070e000000, 0x000000070e000000|
| 225|0x000000070e100000, 0x000000070e100000, 0x000000070e200000|  0%| F|  |TS  0|AC  0|TAMS 0x000000070e100000, 0x000000070e100000|
| 226|0x000000070e200000, 0x000000070e200000, 0x000000070e300000|  0%| F|  |TS  0|AC  0|TAMS 0x000000070e200000, 0x000000070e200000|
| 227|0x000000070e300000, 0x000000070e300000, 0x000000070e400000|  0%| F|  |TS  0|AC  0|TAMS 0x000000070e300000, 0x000000070e300000|
| 228|0x000000070e400000, 0x000000070e500000, 0x000000070e500000|100%|HS|  |TS  0|AC  0|TAMS 0x000000070e400000, 0x000000070e400000|
| 229|0x000000070e500000, 0x000000070e600000, 0x000000070e600000|100%|HC|  |TS  0|AC  0|TAMS 0x000000070e500000, 0x000000070e500000|
| 230|0x000000070e600000, 0x000000070e700000, 0x000000070e700000|100%|HC|  |TS  0|AC  0|TAMS 0x000000070e600000, 0x000000070e600000|
| 231|0x000000070e700000, 0x000000070e800000, 0x000000070e800000|100%|HC|  |TS  0|AC  0|TAMS 0x000000070e700000, 0x000000070e700000|
| 232|0x000000070e800000, 0x000000070e900000, 0x000000070e900000|100%|HC|  |TS  0|AC  0|TAMS 0x000000070e800000, 0x000000070e800000|
| 233|0x000000070e900000, 0x000000070ea00000, 0x000000070ea00000|100%|HC|  |TS  0|AC  0|TAMS 0x000000070e900000, 0x000000070e900000|
| 234|0x000000070ea00000, 0x000000070eb00000, 0x000000070eb00000|100%|HC|  |TS  0|AC  0|TAMS 0x000000070ea00000, 0x000000070ea00000|
| 235|0x000000070eb00000, 0x000000070ec00000, 0x000000070ec00000|100%|HC|  |TS  0|AC  0|TAMS 0x000000070eb00000, 0x000000070eb00000|
| 236|0x000000070ec00000, 0x000000070ec00000, 0x000000070ed00000|  0%| F|  |TS  0|AC  0|TAMS 0x000000070ec00000, 0x000000070ec00000|
| 237|0x000000070ed00000, 0x000000070ed00000, 0x000000070ee00000|  0%| F|  |TS  0|AC  0|TAMS 0x000000070ed00000, 0x000000070ed00000|
| 238|0x000000070ee00000, 0x000000070ee00000, 0x000000070ef00000|  0%| F|  |TS  0|AC  0|TAMS 0x000000070ee00000, 0x000000070ee00000|
| 239|0x000000070ef00000, 0x000000070ef00000, 0x000000070f000000|  0%| F|  |TS  0|AC  0|TAMS 0x000000070ef00000, 0x000000070ef00000|
| 240|0x000000070f000000, 0x000000070f000000, 0x000000070f100000|  0%| F|  |TS  0|AC  0|TAMS 0x000000070f000000, 0x000000070f000000|
| 241|0x000000070f100000, 0x000000070f100000, 0x000000070f200000|  0%| F|  |TS  0|AC  0|TAMS 0x000000070f100000, 0x000000070f100000|
| 242|0x000000070f200000, 0x000000070f200000, 0x000000070f300000|  0%| F|  |TS  0|AC  0|TAMS 0x000000070f200000, 0x000000070f200000|
| 243|0x000000070f300000, 0x000000070f300000, 0x000000070f400000|  0%| F|  |TS  0|AC  0|TAMS 0x000000070f300000, 0x000000070f300000|
| 244|0x000000070f400000, 0x000000070f400000, 0x000000070f500000|  0%| F|  |TS  0|AC  0|TAMS 0x000000070f400000, 0x000000070f400000|
| 245|0x000000070f500000, 0x000000070f500000, 0x000000070f600000|  0%| F|  |TS  0|AC  0|TAMS 0x000000070f500000, 0x000000070f500000|
| 246|0x000000070f600000, 0x000000070f600000, 0x000000070f700000|  0%| F|  |TS  0|AC  0|TAMS 0x000000070f600000, 0x000000070f600000|
| 247|0x000000070f700000, 0x000000070f700000, 0x000000070f800000|  0%| F|  |TS  0|AC  0|TAMS 0x000000070f700000, 0x000000070f700000|
| 248|0x000000070f800000, 0x000000070f800000, 0x000000070f900000|  0%| F|  |TS  0|AC  0|TAMS 0x000000070f800000, 0x000000070f800000|
| 249|0x000000070f900000, 0x000000070f900000, 0x000000070fa00000|  0%| F|  |TS  0|AC  0|TAMS 0x000000070f900000, 0x000000070f900000|
| 250|0x000000070fa00000, 0x000000070fa00000, 0x000000070fb00000|  0%| F|  |TS  0|AC  0|TAMS 0x000000070fa00000, 0x000000070fa00000|
| 251|0x000000070fb00000, 0x000000070fb00000, 0x000000070fc00000|  0%| F|  |TS  0|AC  0|TAMS 0x000000070fb00000, 0x000000070fb00000|
| 252|0x000000070fc00000, 0x000000070fc00000, 0x000000070fd00000|  0%| F|  |TS  0|AC  0|TAMS 0x000000070fc00000, 0x000000070fc00000|
| 253|0x000000070fd00000, 0x000000070fd00000, 0x000000070fe00000|  0%| F|  |TS  0|AC  0|TAMS 0x000000070fd00000, 0x000000070fd00000|
| 254|0x000000070fe00000, 0x000000070fe00000, 0x000000070ff00000|  0%| F|  |TS  0|AC  0|TAMS 0x000000070fe00000, 0x000000070fe00000|
| 255|0x000000070ff00000, 0x000000070ff00000, 0x0000000710000000|  0%| F|  |TS  0|AC  0|TAMS 0x000000070ff00000, 0x000000070ff00000|
| 256|0x0000000710000000, 0x0000000710000000, 0x0000000710100000|  0%| F|  |TS  0|AC  0|TAMS 0x0000000710000000, 0x0000000710000000|
| 257|0x0000000710100000, 0x0000000710100000, 0x0000000710200000|  0%| F|  |TS  0|AC  0|TAMS 0x0000000710100000, 0x0000000710100000|
| 258|0x0000000710200000, 0x0000000710200000, 0x0000000710300000|  0%| F|  |TS  0|AC  0|TAMS 0x0000000710200000, 0x0000000710200000|
| 259|0x0000000710300000, 0x0000000710300000, 0x0000000710400000|  0%| F|  |TS  0|AC  0|TAMS 0x0000000710300000, 0x0000000710300000|
| 260|0x0000000710400000, 0x0000000710400000, 0x0000000710500000|  0%| F|  |TS  0|AC  0|TAMS 0x0000000710400000, 0x0000000710400000|
| 261|0x0000000710500000, 0x0000000710500000, 0x0000000710600000|  0%| F|  |TS  0|AC  0|TAMS 0x0000000710500000, 0x0000000710500000|
| 262|0x0000000710600000, 0x0000000710600000, 0x0000000710700000|  0%| F|  |TS  0|AC  0|TAMS 0x0000000710600000, 0x0000000710600000|
| 263|0x0000000710700000, 0x0000000710700000, 0x0000000710800000|  0%| F|  |TS  0|AC  0|TAMS 0x0000000710700000, 0x0000000710700000|
| 264|0x0000000710800000, 0x0000000710800000, 0x0000000710900000|  0%| F|  |TS  0|AC  0|TAMS 0x0000000710800000, 0x0000000710800000|
| 265|0x0000000710900000, 0x0000000710900000, 0x0000000710a00000|  0%| F|  |TS  0|AC  0|TAMS 0x0000000710900000, 0x0000000710900000|
| 266|0x0000000710a00000, 0x0000000710a00000, 0x0000000710b00000|  0%| F|  |TS  0|AC  0|TAMS 0x0000000710a00000, 0x0000000710a00000|
| 267|0x0000000710b00000, 0x0000000710b00000, 0x0000000710c00000|  0%| F|  |TS  0|AC  0|TAMS 0x0000000710b00000, 0x0000000710b00000|
| 268|0x0000000710c00000, 0x0000000710c00000, 0x0000000710d00000|  0%| F|  |TS  0|AC  0|TAMS 0x0000000710c00000, 0x0000000710c00000|
| 269|0x0000000710d00000, 0x0000000710d00000, 0x0000000710e00000|  0%| F|  |TS  0|AC  0|TAMS 0x0000000710d00000, 0x0000000710d00000|
| 270|0x0000000710e00000, 0x0000000710e00000, 0x0000000710f00000|  0%| F|  |TS  0|AC  0|TAMS 0x0000000710e00000, 0x0000000710e00000|
| 271|0x0000000710f00000, 0x0000000710f00000, 0x0000000711000000|  0%| F|  |TS  0|AC  0|TAMS 0x0000000710f00000, 0x0000000710f00000|
| 272|0x0000000711000000, 0x0000000711000000, 0x0000000711100000|  0%| F|  |TS  0|AC  0|TAMS 0x0000000711000000, 0x0000000711000000|
| 273|0x0000000711100000, 0x0000000711100000, 0x0000000711200000|  0%| F|  |TS  0|AC  0|TAMS 0x0000000711100000, 0x0000000711100000|
| 274|0x0000000711200000, 0x0000000711200000, 0x0000000711300000|  0%| F|  |TS  0|AC  0|TAMS 0x0000000711200000, 0x0000000711200000|
| 275|0x0000000711300000, 0x0000000711300000, 0x0000000711400000|  0%| F|  |TS  0|AC  0|TAMS 0x0000000711300000, 0x0000000711300000|
| 276|0x0000000711400000, 0x0000000711400000, 0x0000000711500000|  0%| F|  |TS  0|AC  0|TAMS 0x0000000711400000, 0x0000000711400000|
| 277|0x0000000711500000, 0x0000000711500000, 0x0000000711600000|  0%| F|  |TS  0|AC  0|TAMS 0x0000000711500000, 0x0000000711500000|
| 278|0x0000000711600000, 0x0000000711600000, 0x0000000711700000|  0%| F|  |TS  0|AC  0|TAMS 0x0000000711600000, 0x0000000711600000|
| 279|0x0000000711700000, 0x0000000711700000, 0x0000000711800000|  0%| F|  |TS  0|AC  0|TAMS 0x0000000711700000, 0x0000000711700000|
| 280|0x0000000711800000, 0x0000000711800000, 0x0000000711900000|  0%| F|  |TS  0|AC  0|TAMS 0x0000000711800000, 0x0000000711800000|
| 281|0x0000000711900000, 0x0000000711900000, 0x0000000711a00000|  0%| F|  |TS  0|AC  0|TAMS 0x0000000711900000, 0x0000000711900000|
| 282|0x0000000711a00000, 0x0000000711a00000, 0x0000000711b00000|  0%| F|  |TS  0|AC  0|TAMS 0x0000000711a00000, 0x0000000711a00000|
| 283|0x0000000711b00000, 0x0000000711b00000, 0x0000000711c00000|  0%| F|  |TS  0|AC  0|TAMS 0x0000000711b00000, 0x0000000711b00000|
| 284|0x0000000711c00000, 0x0000000711c00000, 0x0000000711d00000|  0%| F|  |TS  0|AC  0|TAMS 0x0000000711c00000, 0x0000000711c00000|
| 285|0x0000000711d00000, 0x0000000711d00000, 0x0000000711e00000|  0%| F|  |TS  0|AC  0|TAMS 0x0000000711d00000, 0x0000000711d00000|
| 286|0x0000000711e00000, 0x0000000711e00000, 0x0000000711f00000|  0%| F|  |TS  0|AC  0|TAMS 0x0000000711e00000, 0x0000000711e00000|
| 287|0x0000000711f00000, 0x0000000711f00000, 0x0000000712000000|  0%| F|  |TS  0|AC  0|TAMS 0x0000000711f00000, 0x0000000711f00000|
| 288|0x0000000712000000, 0x0000000712000000, 0x0000000712100000|  0%| F|  |TS  0|AC  0|TAMS 0x0000000712000000, 0x0000000712000000|
| 289|0x0000000712100000, 0x0000000712100000, 0x0000000712200000|  0%| F|  |TS  0|AC  0|TAMS 0x0000000712100000, 0x0000000712100000|
| 290|0x0000000712200000, 0x0000000712200000, 0x0000000712300000|  0%| F|  |TS  0|AC  0|TAMS 0x0000000712200000, 0x0000000712200000|
| 291|0x0000000712300000, 0x0000000712300000, 0x0000000712400000|  0%| F|  |TS  0|AC  0|TAMS 0x0000000712300000, 0x0000000712300000|
| 292|0x0000000712400000, 0x0000000712400000, 0x0000000712500000|  0%| F|  |TS  0|AC  0|TAMS 0x0000000712400000, 0x0000000712400000|
| 293|0x0000000712500000, 0x0000000712500000, 0x0000000712600000|  0%| F|  |TS  0|AC  0|TAMS 0x0000000712500000, 0x0000000712500000|
| 294|0x0000000712600000, 0x0000000712600000, 0x0000000712700000|  0%| F|  |TS  0|AC  0|TAMS 0x0000000712600000, 0x0000000712600000|
| 295|0x0000000712700000, 0x0000000712700000, 0x0000000712800000|  0%| F|  |TS  0|AC  0|TAMS 0x0000000712700000, 0x0000000712700000|
| 296|0x0000000712800000, 0x0000000712800000, 0x0000000712900000|  0%| F|  |TS  0|AC  0|TAMS 0x0000000712800000, 0x0000000712800000|
| 297|0x0000000712900000, 0x0000000712900000, 0x0000000712a00000|  0%| F|  |TS  0|AC  0|TAMS 0x0000000712900000, 0x0000000712900000|
| 298|0x0000000712a00000, 0x0000000712a00000, 0x0000000712b00000|  0%| F|  |TS  0|AC  0|TAMS 0x0000000712a00000, 0x0000000712a00000|
| 299|0x0000000712b00000, 0x0000000712b00000, 0x0000000712c00000|  0%| F|  |TS  0|AC  0|TAMS 0x0000000712b00000, 0x0000000712b00000|
| 300|0x0000000712c00000, 0x0000000712c00000, 0x0000000712d00000|  0%| F|  |TS  0|AC  0|TAMS 0x0000000712c00000, 0x0000000712c00000|
| 301|0x0000000712d00000, 0x0000000712d00000, 0x0000000712e00000|  0%| F|  |TS  0|AC  0|TAMS 0x0000000712d00000, 0x0000000712d00000|
| 302|0x0000000712e00000, 0x0000000712e00000, 0x0000000712f00000|  0%| F|  |TS  0|AC  0|TAMS 0x0000000712e00000, 0x0000000712e00000|
| 303|0x0000000712f00000, 0x0000000712f00000, 0x0000000713000000|  0%| F|  |TS  0|AC  0|TAMS 0x0000000712f00000, 0x0000000712f00000|
| 304|0x0000000713000000, 0x0000000713000000, 0x0000000713100000|  0%| F|  |TS  0|AC  0|TAMS 0x0000000713000000, 0x0000000713000000|
| 305|0x0000000713100000, 0x0000000713100000, 0x0000000713200000|  0%| F|  |TS  0|AC  0|TAMS 0x0000000713100000, 0x0000000713100000|
| 306|0x0000000713200000, 0x0000000713200000, 0x0000000713300000|  0%| F|  |TS  0|AC  0|TAMS 0x0000000713200000, 0x0000000713200000|
| 307|0x0000000713300000, 0x0000000713300000, 0x0000000713400000|  0%| F|  |TS  0|AC  0|TAMS 0x0000000713300000, 0x0000000713300000|
| 308|0x0000000713400000, 0x0000000713400000, 0x0000000713500000|  0%| F|  |TS  0|AC  0|TAMS 0x0000000713400000, 0x0000000713400000|
| 309|0x0000000713500000, 0x0000000713500000, 0x0000000713600000|  0%| F|  |TS  0|AC  0|TAMS 0x0000000713500000, 0x0000000713500000|
| 310|0x0000000713600000, 0x0000000713600000, 0x0000000713700000|  0%| F|  |TS  0|AC  0|TAMS 0x0000000713600000, 0x0000000713600000|
| 311|0x0000000713700000, 0x0000000713700000, 0x0000000713800000|  0%| F|  |TS  0|AC  0|TAMS 0x0000000713700000, 0x0000000713700000|
| 312|0x0000000713800000, 0x0000000713831d58, 0x0000000713900000| 19%| S|CS|TS 37|AC  0|TAMS 0x0000000713800000, 0x0000000713800000|
| 313|0x0000000713900000, 0x0000000713900000, 0x0000000713a00000|  0%| F|  |TS 37|AC  0|TAMS 0x0000000713900000, 0x0000000713900000|
| 314|0x0000000713a00000, 0x0000000713b00000, 0x0000000713b00000|100%| S|CS|TS 37|AC  0|TAMS 0x0000000713a00000, 0x0000000713a00000|
| 315|0x0000000713b00000, 0x0000000713b00000, 0x0000000713c00000|  0%| F|  |TS 37|AC  0|TAMS 0x0000000713b00000, 0x0000000713b00000|
| 316|0x0000000713c00000, 0x0000000713d00000, 0x0000000713d00000|100%| S|CS|TS 37|AC  0|TAMS 0x0000000713c00000, 0x0000000713c00000|
| 317|0x0000000713d00000, 0x0000000713d00000, 0x0000000713e00000|  0%| F|  |TS 37|AC  0|TAMS 0x0000000713d00000, 0x0000000713d00000|
| 318|0x0000000713e00000, 0x0000000713e00000, 0x0000000713f00000|  0%| F|  |TS 37|AC  0|TAMS 0x0000000713e00000, 0x0000000713e00000|
| 319|0x0000000713f00000, 0x0000000713f00000, 0x0000000714000000|  0%| F|  |TS 37|AC  0|TAMS 0x0000000713f00000, 0x0000000713f00000|
| 320|0x0000000714000000, 0x0000000714000000, 0x0000000714100000|  0%| F|  |TS 37|AC  0|TAMS 0x0000000714000000, 0x0000000714000000|
| 321|0x0000000714100000, 0x0000000714100000, 0x0000000714200000|  0%| F|  |TS 37|AC  0|TAMS 0x0000000714100000, 0x0000000714100000|
| 322|0x0000000714200000, 0x0000000714200000, 0x0000000714300000|  0%| F|  |TS 37|AC  0|TAMS 0x0000000714200000, 0x0000000714200000|
| 323|0x0000000714300000, 0x0000000714300000, 0x0000000714400000|  0%| F|  |TS 37|AC  0|TAMS 0x0000000714300000, 0x0000000714300000|
| 324|0x0000000714400000, 0x0000000714400000, 0x0000000714500000|  0%| F|  |TS 37|AC  0|TAMS 0x0000000714400000, 0x0000000714400000|
| 325|0x0000000714500000, 0x0000000714500000, 0x0000000714600000|  0%| F|  |TS 37|AC  0|TAMS 0x0000000714500000, 0x0000000714500000|
| 326|0x0000000714600000, 0x0000000714600000, 0x0000000714700000|  0%| F|  |TS 37|AC  0|TAMS 0x0000000714600000, 0x0000000714600000|
| 327|0x0000000714700000, 0x0000000714700000, 0x0000000714800000|  0%| F|  |TS 37|AC  0|TAMS 0x0000000714700000, 0x0000000714700000|
| 328|0x0000000714800000, 0x0000000714800000, 0x0000000714900000|  0%| F|  |TS 37|AC  0|TAMS 0x0000000714800000, 0x0000000714800000|
| 329|0x0000000714900000, 0x0000000714900000, 0x0000000714a00000|  0%| F|  |TS 37|AC  0|TAMS 0x0000000714900000, 0x0000000714900000|
| 330|0x0000000714a00000, 0x0000000714a00000, 0x0000000714b00000|  0%| F|  |TS 37|AC  0|TAMS 0x0000000714a00000, 0x0000000714a00000|
| 331|0x0000000714b00000, 0x0000000714b00000, 0x0000000714c00000|  0%| F|  |TS 37|AC  0|TAMS 0x0000000714b00000, 0x0000000714b00000|
| 332|0x0000000714c00000, 0x0000000714c00000, 0x0000000714d00000|  0%| F|  |TS 37|AC  0|TAMS 0x0000000714c00000, 0x0000000714c00000|
| 333|0x0000000714d00000, 0x0000000714d00000, 0x0000000714e00000|  0%| F|  |TS 37|AC  0|TAMS 0x0000000714d00000, 0x0000000714d00000|
| 334|0x0000000714e00000, 0x0000000714e00000, 0x0000000714f00000|  0%| F|  |TS 37|AC  0|TAMS 0x0000000714e00000, 0x0000000714e00000|
| 335|0x0000000714f00000, 0x0000000714f00000, 0x0000000715000000|  0%| F|  |TS 37|AC  0|TAMS 0x0000000714f00000, 0x0000000714f00000|
| 336|0x0000000715000000, 0x0000000715000000, 0x0000000715100000|  0%| F|  |TS 37|AC  0|TAMS 0x0000000715000000, 0x0000000715000000|
| 337|0x0000000715100000, 0x0000000715100000, 0x0000000715200000|  0%| F|  |TS 37|AC  0|TAMS 0x0000000715100000, 0x0000000715100000|
| 338|0x0000000715200000, 0x0000000715200000, 0x0000000715300000|  0%| F|  |TS 37|AC  0|TAMS 0x0000000715200000, 0x0000000715200000|
| 339|0x0000000715300000, 0x0000000715300000, 0x0000000715400000|  0%| F|  |TS 37|AC  0|TAMS 0x0000000715300000, 0x0000000715300000|
| 340|0x0000000715400000, 0x0000000715400000, 0x0000000715500000|  0%| F|  |TS 37|AC  0|TAMS 0x0000000715400000, 0x0000000715400000|
| 341|0x0000000715500000, 0x0000000715500000, 0x0000000715600000|  0%| F|  |TS 37|AC  0|TAMS 0x0000000715500000, 0x0000000715500000|
| 342|0x0000000715600000, 0x0000000715600000, 0x0000000715700000|  0%| F|  |TS 37|AC  0|TAMS 0x0000000715600000, 0x0000000715600000|
| 343|0x0000000715700000, 0x0000000715700000, 0x0000000715800000|  0%| F|  |TS 37|AC  0|TAMS 0x0000000715700000, 0x0000000715700000|
| 344|0x0000000715800000, 0x0000000715800000, 0x0000000715900000|  0%| F|  |TS 37|AC  0|TAMS 0x0000000715800000, 0x0000000715800000|
| 345|0x0000000715900000, 0x000000071592e0a0, 0x0000000715a00000| 17%| E|  |TS 37|AC  0|TAMS 0x0000000715900000, 0x0000000715900000|
| 346|0x0000000715a00000, 0x0000000715b00000, 0x0000000715b00000|100%| E|CS|TS 37|AC  0|TAMS 0x0000000715a00000, 0x0000000715a00000|
| 347|0x0000000715b00000, 0x0000000715c00000, 0x0000000715c00000|100%| E|CS|TS 37|AC  0|TAMS 0x0000000715b00000, 0x0000000715b00000|
| 348|0x0000000715c00000, 0x0000000715d00000, 0x0000000715d00000|100%| E|CS|TS 37|AC  0|TAMS 0x0000000715c00000, 0x0000000715c00000|
| 349|0x0000000715d00000, 0x0000000715e00000, 0x0000000715e00000|100%| E|CS|TS 37|AC  0|TAMS 0x0000000715d00000, 0x0000000715d00000|
| 350|0x0000000715e00000, 0x0000000715f00000, 0x0000000715f00000|100%| E|CS|TS 37|AC  0|TAMS 0x0000000715e00000, 0x0000000715e00000|
| 351|0x0000000715f00000, 0x0000000716000000, 0x0000000716000000|100%| E|CS|TS 37|AC  0|TAMS 0x0000000715f00000, 0x0000000715f00000|
| 352|0x0000000716000000, 0x0000000716100000, 0x0000000716100000|100%| E|CS|TS 37|AC  0|TAMS 0x0000000716000000, 0x0000000716000000|
| 353|0x0000000716100000, 0x0000000716200000, 0x0000000716200000|100%| E|CS|TS 37|AC  0|TAMS 0x0000000716100000, 0x0000000716100000|
| 354|0x0000000716200000, 0x0000000716300000, 0x0000000716300000|100%| E|CS|TS 37|AC  0|TAMS 0x0000000716200000, 0x0000000716200000|
| 355|0x0000000716300000, 0x0000000716400000, 0x0000000716400000|100%| E|CS|TS 37|AC  0|TAMS 0x0000000716300000, 0x0000000716300000|
| 356|0x0000000716400000, 0x0000000716500000, 0x0000000716500000|100%| E|CS|TS 37|AC  0|TAMS 0x0000000716400000, 0x0000000716400000|
| 357|0x0000000716500000, 0x0000000716600000, 0x0000000716600000|100%| E|CS|TS 37|AC  0|TAMS 0x0000000716500000, 0x0000000716500000|
| 358|0x0000000716600000, 0x0000000716700000, 0x0000000716700000|100%| E|CS|TS 37|AC  0|TAMS 0x0000000716600000, 0x0000000716600000|
| 359|0x0000000716700000, 0x0000000716800000, 0x0000000716800000|100%| E|CS|TS 37|AC  0|TAMS 0x0000000716700000, 0x0000000716700000|
| 360|0x0000000716800000, 0x0000000716900000, 0x0000000716900000|100%| E|CS|TS 37|AC  0|TAMS 0x0000000716800000, 0x0000000716800000|
| 361|0x0000000716900000, 0x0000000716a00000, 0x0000000716a00000|100%| E|CS|TS 37|AC  0|TAMS 0x0000000716900000, 0x0000000716900000|
| 362|0x0000000716a00000, 0x0000000716b00000, 0x0000000716b00000|100%| E|CS|TS 37|AC  0|TAMS 0x0000000716a00000, 0x0000000716a00000|
| 363|0x0000000716b00000, 0x0000000716c00000, 0x0000000716c00000|100%| E|CS|TS 37|AC  0|TAMS 0x0000000716b00000, 0x0000000716b00000|
| 364|0x0000000716c00000, 0x0000000716d00000, 0x0000000716d00000|100%| E|CS|TS 37|AC  0|TAMS 0x0000000716c00000, 0x0000000716c00000|
| 365|0x0000000716d00000, 0x0000000716e00000, 0x0000000716e00000|100%| E|CS|TS 37|AC  0|TAMS 0x0000000716d00000, 0x0000000716d00000|
| 366|0x0000000716e00000, 0x0000000716f00000, 0x0000000716f00000|100%| E|CS|TS 37|AC  0|TAMS 0x0000000716e00000, 0x0000000716e00000|
| 367|0x0000000716f00000, 0x0000000717000000, 0x0000000717000000|100%| E|CS|TS 37|AC  0|TAMS 0x0000000716f00000, 0x0000000716f00000|
| 368|0x0000000717000000, 0x0000000717100000, 0x0000000717100000|100%| E|CS|TS 37|AC  0|TAMS 0x0000000717000000, 0x0000000717000000|
| 369|0x0000000717100000, 0x0000000717200000, 0x0000000717200000|100%| E|CS|TS 37|AC  0|TAMS 0x0000000717100000, 0x0000000717100000|
| 370|0x0000000717200000, 0x0000000717300000, 0x0000000717300000|100%| E|CS|TS 37|AC  0|TAMS 0x0000000717200000, 0x0000000717200000|
| 371|0x0000000717300000, 0x0000000717400000, 0x0000000717400000|100%| E|CS|TS 37|AC  0|TAMS 0x0000000717300000, 0x0000000717300000|
| 372|0x0000000717400000, 0x0000000717500000, 0x0000000717500000|100%| E|CS|TS 37|AC  0|TAMS 0x0000000717400000, 0x0000000717400000|
| 373|0x0000000717500000, 0x0000000717600000, 0x0000000717600000|100%| E|CS|TS 37|AC  0|TAMS 0x0000000717500000, 0x0000000717500000|
| 374|0x0000000717600000, 0x0000000717700000, 0x0000000717700000|100%| E|CS|TS 37|AC  0|TAMS 0x0000000717600000, 0x0000000717600000|

Card table byte_map: [0x00000223f25b0000,0x00000223f2bb0000] byte_map_base: 0x00000223eedb0000

Marking Bits (Prev, Next): (CMBitMap*) 0x00000223d90f9cd8, (CMBitMap*) 0x00000223d90f9ca0
 Prev Bits: [0x00000223f61b0000, 0x00000223f91b0000)
 Next Bits: [0x00000223f31b0000, 0x00000223f61b0000)

Polling page: 0x00000223d0aa0000

CodeHeap 'non-profiled nmethods': size=120000Kb used=34528Kb max_used=35335Kb free=85471Kb
 bounds [0x00000223eb080000, 0x00000223ed340000, 0x00000223f25b0000]
CodeHeap 'profiled nmethods': size=120000Kb used=54227Kb max_used=57597Kb free=65772Kb
 bounds [0x00000223e3b50000, 0x00000223e7460000, 0x00000223eb080000]
CodeHeap 'non-nmethods': size=5760Kb used=1949Kb max_used=2019Kb free=3810Kb
 bounds [0x00000223e35b0000, 0x00000223e3820000, 0x00000223e3b50000]
 total_blobs=51843 nmethods=24070 adapters=1367
 compilation: enabled

Compilation events (10 events):
Event: 12121.934 Thread 0x00000223d3572000 34120       4       com.jidesoft.editor.marker.MarkerArea::updateMarkerAreaHeight (113 bytes)
Event: 12121.964 Thread 0x00000223d3572000 nmethod 34120 0x00000223eb629190 code [0x00000223eb629400, 0x00000223eb62a330]
Event: 12123.722 Thread 0x00000223d3598000 34121       3       ui.views.Q.d.a.a::buildPanel (126 bytes)
Event: 12123.726 Thread 0x00000223d3598000 nmethod 34121 0x00000223e490cb10 code [0x00000223e490d180, 0x00000223e49115f0]
Event: 12123.726 Thread 0x00000223d3598000 34122       3       ui.data.experiment.w::aJs (8 bytes)
Event: 12123.726 Thread 0x00000223d3598000 nmethod 34122 0x00000223e3bb0390 code [0x00000223e3bb0540, 0x00000223e3bb06d0]
Event: 12133.230 Thread 0x00000223d3571000 34123       4       com.jidesoft.editor.folding.DefaultFoldingModel$b_::b (134 bytes)
Event: 12133.231 Thread 0x00000223d3571000 nmethod 34123 0x00000223eb3de990 code [0x00000223eb3deb20, 0x00000223eb3dec78]
Event: 12133.596 Thread 0x00000223d3572800 34124       4       ui.utils.lnf.HSyntheticaJideTabbedPaneUI::getContentBorderInsets (270 bytes)
Event: 12133.601 Thread 0x00000223d3572800 nmethod 34124 0x00000223eb41c190 code [0x00000223eb41c360, 0x00000223eb41c768]

GC Heap History (10 events):
Event: 12029.137 GC heap before
{Heap before GC invocations=2012 (full 250):
 garbage-first heap   total 384000K, used 290518K [0x0000000700000000, 0x0000000700100bb8, 0x00000007c0000000)
  region size 1024K, 60 young (61440K), 3 survivors (3072K)
 Metaspace       used 106821K, capacity 109377K, committed 117500K, reserved 1150976K
  class space    used 14656K, capacity 15169K, committed 16892K, reserved 1048576K
}
Event: 12029.140 GC heap after
{Heap after GC invocations=2013 (full 250):
 garbage-first heap   total 384000K, used 231902K [0x0000000700000000, 0x0000000700100bb8, 0x00000007c0000000)
  region size 1024K, 2 young (2048K), 2 survivors (2048K)
 Metaspace       used 106821K, capacity 109377K, committed 117500K, reserved 1150976K
  class space    used 14656K, capacity 15169K, committed 16892K, reserved 1048576K
}
Event: 12075.354 GC heap before
{Heap before GC invocations=2013 (full 250):
 garbage-first heap   total 384000K, used 291294K [0x0000000700000000, 0x0000000700100bb8, 0x00000007c0000000)
  region size 1024K, 60 young (61440K), 2 survivors (2048K)
 Metaspace       used 106821K, capacity 109377K, committed 117500K, reserved 1150976K
  class space    used 14656K, capacity 15169K, committed 16892K, reserved 1048576K
}
Event: 12075.356 GC heap after
{Heap after GC invocations=2014 (full 250):
 garbage-first heap   total 384000K, used 231980K [0x0000000700000000, 0x0000000700100bb8, 0x00000007c0000000)
  region size 1024K, 2 young (2048K), 2 survivors (2048K)
 Metaspace       used 106821K, capacity 109377K, committed 117500K, reserved 1150976K
  class space    used 14656K, capacity 15169K, committed 16892K, reserved 1048576K
}
Event: 12100.702 GC heap before
{Heap before GC invocations=2014 (full 250):
 garbage-first heap   total 384000K, used 291372K [0x0000000700000000, 0x0000000700100bb8, 0x00000007c0000000)
  region size 1024K, 60 young (61440K), 2 survivors (2048K)
 Metaspace       used 106822K, capacity 109377K, committed 117500K, reserved 1150976K
  class space    used 14656K, capacity 15169K, committed 16892K, reserved 1048576K
}
Event: 12100.707 GC heap after
{Heap after GC invocations=2015 (full 250):
 garbage-first heap   total 384000K, used 232131K [0x0000000700000000, 0x0000000700100bb8, 0x00000007c0000000)
  region size 1024K, 3 young (3072K), 3 survivors (3072K)
 Metaspace       used 106822K, capacity 109377K, committed 117500K, reserved 1150976K
  class space    used 14656K, capacity 15169K, committed 16892K, reserved 1048576K
}
Event: 12111.934 GC heap before
{Heap before GC invocations=2015 (full 250):
 garbage-first heap   total 384000K, used 290499K [0x0000000700000000, 0x0000000700100bb8, 0x00000007c0000000)
  region size 1024K, 60 young (61440K), 3 survivors (3072K)
 Metaspace       used 106824K, capacity 109377K, committed 117500K, reserved 1150976K
  class space    used 14656K, capacity 15169K, committed 16892K, reserved 1048576K
}
Event: 12111.939 GC heap after
{Heap after GC invocations=2016 (full 250):
 garbage-first heap   total 384000K, used 232062K [0x0000000700000000, 0x0000000700100bb8, 0x00000007c0000000)
  region size 1024K, 3 young (3072K), 3 survivors (3072K)
 Metaspace       used 106824K, capacity 109377K, committed 117500K, reserved 1150976K
  class space    used 14656K, capacity 15169K, committed 16892K, reserved 1048576K
}
Event: 12128.008 GC heap before
{Heap before GC invocations=2016 (full 250):
 garbage-first heap   total 384000K, used 290430K [0x0000000700000000, 0x0000000700100bb8, 0x00000007c0000000)
  region size 1024K, 60 young (61440K), 3 survivors (3072K)
 Metaspace       used 106836K, capacity 109377K, committed 117500K, reserved 1150976K
  class space    used 14656K, capacity 15169K, committed 16892K, reserved 1048576K
}
Event: 12128.012 GC heap after
{Heap after GC invocations=2017 (full 250):
 garbage-first heap   total 384000K, used 232237K [0x0000000700000000, 0x0000000700100bb8, 0x00000007c0000000)
  region size 1024K, 3 young (3072K), 3 survivors (3072K)
 Metaspace       used 106836K, capacity 109377K, committed 117500K, reserved 1150976K
  class space    used 14656K, capacity 15169K, committed 16892K, reserved 1048576K
}

Deoptimization events (10 events):
Event: 11935.972 Thread 0x00000223dc598000 Uncommon trap: reason=unstable_if action=reinterpret pc=0x00000223ec77452c method=ui.at.am()Lui/views/g; @ 9 c2
Event: 11935.980 Thread 0x00000223dc598000 Uncommon trap: reason=unstable_if action=reinterpret pc=0x00000223ecb65b40 method=ui.cv.bN()Z @ 4 c2
Event: 11935.981 Thread 0x00000223dc598000 Uncommon trap: reason=unstable_if action=reinterpret pc=0x00000223ec51a83c method=ui.cv.bN()Z @ 4 c2
Event: 11935.987 Thread 0x00000223dc598000 Uncommon trap: reason=unstable_if action=reinterpret pc=0x00000223ec46b3f4 method=ui.cv.bN()Z @ 4 c2
Event: 11936.004 Thread 0x00000223dc598000 Uncommon trap: reason=unstable_if action=reinterpret pc=0x00000223eb5866f0 method=javax.swing.event.EventListenerList.remove(Ljava/lang/Class;Ljava/util/EventListener;)V @ 1 c2
Event: 11936.015 Thread 0x00000223dc598000 Uncommon trap: reason=unstable_if action=reinterpret pc=0x00000223ec3d3fac method=java.awt.Component.removePropertyChangeListener(Ljava/beans/PropertyChangeListener;)V @ 8 c2
Event: 11936.835 Thread 0x00000223dc598000 Uncommon trap: reason=unstable_if action=reinterpret pc=0x00000223ec2e5250 method=com.jidesoft.swing.GradientCache.retrieve(Lcom/jidesoft/swing/GradientInfo;)Ljava/awt/image/BufferedImage; @ 26 c2
Event: 11940.071 Thread 0x00000223dc598000 Uncommon trap: reason=class_check action=maybe_recompile pc=0x00000223ecceeec4 method=java.awt.Component.dispatchEventImpl(Ljava/awt/AWTEvent;)V @ 361 c2
Event: 11960.404 Thread 0x00000223dc598000 Uncommon trap: reason=unstable_if action=reinterpret pc=0x00000223ecd5bb98 method=javax.swing.ViewportLayout.layoutContainer(Ljava/awt/Container;)V @ 295 c2
Event: 12065.837 Thread 0x00000223dc598000 Uncommon trap: reason=unstable_if action=reinterpret pc=0x00000223ec684cfc method=java.util.concurrent.locks.AbstractQueuedSynchronizer.unparkSuccessor(Ljava/util/concurrent/locks/AbstractQueuedSynchronizer$Node;)V @ 22 c2

Classes redefined (0 events):
No events

Internal exceptions (10 events):
Event: 11935.888 Thread 0x00000223dc598000 Implicit null exception at 0x00000223ec294b50 to 0x00000223ec294b7d
Event: 11935.891 Thread 0x00000223dc598000 Implicit null exception at 0x00000223ec686edd to 0x00000223ec6870c2
Event: 11935.897 Thread 0x00000223dc598000 Implicit null exception at 0x00000223ecb74ad0 to 0x00000223ecb74afd
Event: 11935.927 Thread 0x0000022492d77800 Exception <a 'java/lang/InterruptedException'{0x0000000714d00040}: sleep interrupted> (0x0000000714d00040) thrown at [t:/workspace/hotspot/src/share/vm/prims/jvm.cpp, line 3023]
Event: 11935.972 Thread 0x00000223dc598000 Implicit null exception at 0x00000223ec774465 to 0x00000223ec77451d
Event: 11935.980 Thread 0x00000223dc598000 Implicit null exception at 0x00000223ecb65954 to 0x00000223ecb65b2d
Event: 11935.981 Thread 0x00000223dc598000 Implicit null exception at 0x00000223ec51a7d3 to 0x00000223ec51a82e
Event: 11936.004 Thread 0x00000223dc598000 Implicit null exception at 0x00000223eb58603f to 0x00000223eb5866e1
Event: 11936.011 Thread 0x00000223dc598000 Implicit null exception at 0x00000223ec3d3b5e to 0x00000223ec3d3f95
Event: 12065.837 Thread 0x00000223dc598000 Implicit null exception at 0x00000223ec683c62 to 0x00000223ec684cdd

Events (10 events):
Event: 12128.717 Thread 0x0000022492d74800 Thread added: 0x0000022492d74800
Event: 12128.722 Thread 0x0000022492d74800 Thread exited: 0x0000022492d74800
Event: 12129.717 Thread 0x0000022492d76000 Thread added: 0x0000022492d76000
Event: 12129.722 Thread 0x0000022492d76000 Thread exited: 0x0000022492d76000
Event: 12130.718 Thread 0x0000022492d74800 Thread added: 0x0000022492d74800
Event: 12130.723 Thread 0x0000022492d74800 Thread exited: 0x0000022492d74800
Event: 12131.718 Thread 0x0000022492d74800 Thread added: 0x0000022492d74800
Event: 12131.722 Thread 0x0000022492d74800 Thread exited: 0x0000022492d74800
Event: 12132.720 Thread 0x0000022492d6f000 Thread added: 0x0000022492d6f000
Event: 12132.723 Thread 0x0000022492d6f000 Thread exited: 0x0000022492d6f000


Dynamic libraries:
0x00007ff6b6b90000 - 0x00007ff6b6bc0000 	D:\Xilinx\Vivado\2019.1\bin\unwrapped\win64.o\vivado.exe
0x00007ffe68ff0000 - 0x00007ffe691e8000 	C:\WINDOWS\SYSTEM32\ntdll.dll
0x00007ffe68ed0000 - 0x00007ffe68f91000 	C:\WINDOWS\System32\KERNEL32.DLL
0x00007ffe66890000 - 0x00007ffe66b86000 	C:\WINDOWS\System32\KERNELBASE.dll
0x00007ffe66b90000 - 0x00007ffe66c90000 	C:\WINDOWS\System32\ucrtbase.dll
0x00007ffe4ae50000 - 0x00007ffe4aedd000 	C:\WINDOWS\SYSTEM32\MSVCP140.dll
0x00007ffe61e20000 - 0x00007ffe61e34000 	D:\Xilinx\Vivado\2019.1\lib\win64.o\libboost_signals.dll
0x00007ffe61e00000 - 0x00007ffe61e14000 	D:\Xilinx\Vivado\2019.1\lib\win64.o\librdi_commonmain.dll
0x00007ffe1be50000 - 0x00007ffe1cd32000 	D:\Xilinx\Vivado\2019.1\lib\win64.o\librdi_common.dll
0x00007ffe4ae30000 - 0x00007ffe4ae4d000 	C:\WINDOWS\SYSTEM32\VCRUNTIME140.dll
0x00007ffe67030000 - 0x00007ffe671cf000 	C:\WINDOWS\System32\USER32.dll
0x00007ffe4ad50000 - 0x00007ffe4ad5c000 	C:\WINDOWS\SYSTEM32\VCRUNTIME140_1.dll
0x00007ffe66860000 - 0x00007ffe66882000 	C:\WINDOWS\System32\win32u.dll
0x00007ffe67a80000 - 0x00007ffe67aab000 	C:\WINDOWS\System32\GDI32.dll
0x00007ffe66f00000 - 0x00007ffe67017000 	C:\WINDOWS\System32\gdi32full.dll
0x00007ffe55720000 - 0x00007ffe55746000 	D:\Xilinx\Vivado\2019.1\lib\win64.o\libboost_filesystem.dll
0x00007ffe61fd0000 - 0x00007ffe61fda000 	D:\Xilinx\Vivado\2019.1\lib\win64.o\librdi_commonversion.dll
0x00007ffe667c0000 - 0x00007ffe6685d000 	C:\WINDOWS\System32\msvcp_win.dll
0x00007ffe679d0000 - 0x00007ffe67a80000 	C:\WINDOWS\System32\ADVAPI32.dll
0x00007ffe67e10000 - 0x00007ffe67eae000 	C:\WINDOWS\System32\msvcrt.dll
0x00007ffe336f0000 - 0x00007ffe33811000 	D:\Xilinx\Vivado\2019.1\lib\win64.o\librdi_commonxillic.dll
0x00007ffe68060000 - 0x00007ffe687cc000 	C:\WINDOWS\System32\SHELL32.dll
0x00007ffe68e30000 - 0x00007ffe68ed0000 	C:\WINDOWS\System32\sechost.dll
0x000000006dad0000 - 0x000000006dbfb000 	D:\Xilinx\Vivado\2019.1\lib\win64.o\tcl85t.dll
0x00007ffe68d00000 - 0x00007ffe68e23000 	C:\WINDOWS\System32\RPCRT4.dll
0x00007ffe67c90000 - 0x00007ffe67cfb000 	C:\WINDOWS\System32\WS2_32.dll
0x00007ffe66df0000 - 0x00007ffe66e17000 	C:\WINDOWS\System32\bcrypt.dll
0x00007ffe55810000 - 0x00007ffe55824000 	D:\Xilinx\Vivado\2019.1\lib\win64.o\libboost_date_time.dll
0x00007ffe33380000 - 0x00007ffe336ee000 	D:\Xilinx\Vivado\2019.1\lib\win64.o\libCOIN-all.dll
0x00007ffe37440000 - 0x00007ffe374bf000 	D:\Xilinx\Vivado\2019.1\lib\win64.o\libboost_program_options.dll
0x00007ffe34d10000 - 0x00007ffe34e24000 	D:\Xilinx\Vivado\2019.1\lib\win64.o\libboost_regex.dll
0x00007ffe61e80000 - 0x00007ffe61e8b000 	D:\Xilinx\Vivado\2019.1\lib\win64.o\libboost_system.dll
0x00007ffe551e0000 - 0x00007ffe55201000 	D:\Xilinx\Vivado\2019.1\lib\win64.o\libboost_thread.dll
0x00007ffe61df0000 - 0x00007ffe61dff000 	D:\Xilinx\Vivado\2019.1\lib\win64.o\libboost_xilinx.dll
0x00007ffe332d0000 - 0x00007ffe33375000 	D:\Xilinx\Vivado\2019.1\lib\win64.o\libhdxml.dll
0x00007ffe37120000 - 0x00007ffe371a2000 	D:\Xilinx\Vivado\2019.1\lib\win64.o\libhdlpsolve.dll
0x00007ffe18150000 - 0x00007ffe18cff400 	D:\Xilinx\Vivado\2019.1\lib\win64.o\libisl_iostreams.dll
0x00007ffe551a0000 - 0x00007ffe551ce000 	D:\Xilinx\Vivado\2019.1\lib\win64.o\libisl_sysinfo.dll
0x00007ffe375e0000 - 0x00007ffe37645000 	D:\Xilinx\Vivado\2019.1\lib\win64.o\liblmx6.0.dll
0x00007ffe55760000 - 0x00007ffe5577a000 	D:\Xilinx\Vivado\2019.1\lib\win64.o\pthreadVC2.dll
0x00007ffe55180000 - 0x00007ffe5519c000 	D:\Xilinx\Vivado\2019.1\lib\win64.o\librdiconfig.dll
0x00007ffe44d40000 - 0x00007ffe44d61000 	D:\Xilinx\Vivado\2019.1\lib\win64.o\librdizlib.dll
0x0000000012000000 - 0x0000000012270000 	D:\Xilinx\Vivado\2019.1\lib\win64.o\xerces-c_3_1.dll
0x00007ffe4aee0000 - 0x00007ffe4aef9000 	C:\WINDOWS\SYSTEM32\NETAPI32.dll
0x00007ffe49d30000 - 0x00007ffe4a206000 	C:\WINDOWS\SYSTEM32\WININET.dll
0x00007ffe5f0e0000 - 0x00007ffe5f1ea000 	C:\WINDOWS\SYSTEM32\WINHTTP.dll
0x00007ffe4cef0000 - 0x00007ffe4d0dc000 	C:\WINDOWS\SYSTEM32\urlmon.dll
0x00007ffe32ac0000 - 0x00007ffe32d98000 	D:\Xilinx\Vivado\2019.1\lib\win64.o\libXil_lmgr11.dll
0x00007ffe678f0000 - 0x00007ffe679ca000 	C:\WINDOWS\System32\COMDLG32.dll
0x00007ffdecdc0000 - 0x00007ffdecdc9000 	C:\WINDOWS\SYSTEM32\WSOCK32.dll
0x00007ffe688e0000 - 0x00007ffe68c33000 	C:\WINDOWS\System32\combase.dll
0x00007ffe68830000 - 0x00007ffe688dd000 	C:\WINDOWS\System32\shcore.dll
0x00007ffe12020000 - 0x00007ffe12eb1000 	D:\Xilinx\Vivado\2019.1\lib\win64.o\gurobi65.dll
0x00007ffe44840000 - 0x00007ffe44871000 	C:\WINDOWS\SYSTEM32\VCOMP140.DLL
0x00007ffe687d0000 - 0x00007ffe68825000 	C:\WINDOWS\System32\SHLWAPI.dll
0x00007ffe67350000 - 0x00007ffe6741d000 	C:\WINDOWS\System32\OLEAUT32.dll
0x00007ffe61dd0000 - 0x00007ffe61ddd000 	D:\Xilinx\Vivado\2019.1\lib\win64.o\libboost_chrono.dll
0x00007ffe67ab0000 - 0x00007ffe67bdb000 	C:\WINDOWS\System32\ole32.dll
0x00007ffe44d20000 - 0x00007ffe44d3b000 	D:\Xilinx\Vivado\2019.1\lib\win64.o\libboost_iostreams.dll
0x00007ffe44c40000 - 0x00007ffe44c65000 	D:\Xilinx\Vivado\2019.1\lib\win64.o\libisl_iosutils.dll
0x00007ffe666a0000 - 0x00007ffe66709000 	C:\WINDOWS\System32\WINTRUST.dll
0x00007ffe66c90000 - 0x00007ffe66dee000 	C:\WINDOWS\System32\CRYPT32.dll
0x00007ffe54ea0000 - 0x00007ffe54ec8000 	C:\WINDOWS\SYSTEM32\srvcli.dll
0x00007ffe4d220000 - 0x00007ffe4d4de000 	C:\WINDOWS\SYSTEM32\iertutil.dll
0x00007ffe65af0000 - 0x00007ffe65afc000 	C:\WINDOWS\SYSTEM32\netutils.dll
0x00007ffe49ae0000 - 0x00007ffe49b90000 	C:\WINDOWS\WinSxS\amd64_microsoft.windows.common-controls_6595b64144ccf1df_5.82.19041.4355_none_792ecafd2442822f\COMCTL32.dll
0x00007ffe61930000 - 0x00007ffe6194d000 	C:\WINDOWS\SYSTEM32\dhcpcsvc.DLL
0x00007ffe67d00000 - 0x00007ffe67d2f000 	C:\WINDOWS\System32\IMM32.DLL
0x00007ffe66250000 - 0x00007ffe66262000 	C:\WINDOWS\SYSTEM32\MSASN1.dll
0x00007ffe64f00000 - 0x00007ffe64f12000 	C:\WINDOWS\SYSTEM32\kernel.appcore.dll
0x00007ffe25f20000 - 0x00007ffe26437000 	D:\Xilinx\Vivado\2019.1\lib\win64.o\librdi_commontasks.dll
0x00007ffe5eea0000 - 0x00007ffe5eeaa000 	C:\WINDOWS\SYSTEM32\VERSION.dll
0x00007ffe21110000 - 0x00007ffe21396000 	D:\Xilinx\Vivado\2019.1\lib\win64.o\librdi_sio.dll
0x000000006c210000 - 0x000000006cc35000 	D:\Xilinx\Vivado\2019.1\tps\win64\jre9.0.4\bin\server\jvm.dll
0x00007ffe68fa0000 - 0x00007ffe68fa8000 	C:\WINDOWS\System32\PSAPI.DLL
0x00007ffe65ab0000 - 0x00007ffe65aeb000 	C:\WINDOWS\SYSTEM32\IPHLPAPI.DLL
0x00007ffe5ace0000 - 0x00007ffe5ad07000 	C:\WINDOWS\SYSTEM32\WINMM.dll
0x00007ffe331e0000 - 0x00007ffe332cf000 	D:\Xilinx\Vivado\2019.1\tps\win64\jre9.0.4\bin\MSVCR120.dll
0x00007ffe65e20000 - 0x00007ffe65e8a000 	C:\WINDOWS\SYSTEM32\MSWSOCK.DLL
0x00007ffe64720000 - 0x00007ffe64ebe000 	C:\WINDOWS\SYSTEM32\windows.storage.dll
0x00007ffe660c0000 - 0x00007ffe660ee000 	C:\WINDOWS\SYSTEM32\Wldp.dll
0x00007ffe0e2c0000 - 0x00007ffe1077c000 	D:\Xilinx\Vivado\2019.1\lib\win64.o\librdi_tcltasks.dll
0x00007ffe32a40000 - 0x00007ffe32ab8000 	D:\Xilinx\Vivado\2019.1\lib\win64.o\librdi_boarddep.dll
0x00007ffe1cfa0000 - 0x00007ffe1d3a8000 	D:\Xilinx\Vivado\2019.1\lib\win64.o\librdi_bitstream.dll
0x00007ffe2ded0000 - 0x00007ffe2e061000 	D:\Xilinx\Vivado\2019.1\lib\win64.o\librdi_board.dll
0x00007ffe328b0000 - 0x00007ffe3299b000 	D:\Xilinx\Vivado\2019.1\lib\win64.o\librdi_chipscope.dll
0x00007ffe28720000 - 0x00007ffe288dd000 	D:\Xilinx\Vivado\2019.1\lib\win64.o\librdi_chipscopeimpl.dll
0x00007ffe27f40000 - 0x00007ffe28096000 	D:\Xilinx\Vivado\2019.1\lib\win64.o\librdi_containers.dll
0x00007ffe1b770000 - 0x00007ffe1be4a000 	D:\Xilinx\Vivado\2019.1\lib\win64.o\librdi_coregenipxact.dll
0x00007ffdd55d0000 - 0x00007ffdd9613000 	D:\Xilinx\Vivado\2019.1\lib\win64.o\librdi_designutils.dll
0x00007ffe1e0e0000 - 0x00007ffe1e3fe000 	D:\Xilinx\Vivado\2019.1\lib\win64.o\librdi_dlyest.dll
0x00007ffe17bb0000 - 0x00007ffe1814a000 	D:\Xilinx\Vivado\2019.1\lib\win64.o\librdi_drc.dll
0x00007ffe2f0c0000 - 0x00007ffe2f184000 	D:\Xilinx\Vivado\2019.1\lib\win64.o\librdi_dsp.dll
0x00007ffe17150000 - 0x00007ffe1779d000 	D:\Xilinx\Vivado\2019.1\lib\win64.o\librdi_filemgmt.dll
0x00007ffe1a470000 - 0x00007ffe1a753000 	D:\Xilinx\Vivado\2019.1\lib\win64.o\librdi_guitools.dll
0x00007ffdc0b40000 - 0x00007ffdd2f6c000 	D:\Xilinx\Vivado\2019.1\lib\win64.o\librdi_device.dll
0x00007ffe35b10000 - 0x00007ffe35b75000 	D:\Xilinx\Vivado\2019.1\lib\win64.o\librdi_hdf.dll
0x00007ffe0a150000 - 0x00007ffe0c001000 	D:\Xilinx\Vivado\2019.1\lib\win64.o\librdi_coregen.dll
0x00007ffe038a0000 - 0x00007ffe04e60000 	D:\Xilinx\Vivado\2019.1\lib\win64.o\librdi_implflow.dll
0x00007ffe11a00000 - 0x00007ffe12015000 	D:\Xilinx\Vivado\2019.1\lib\win64.o\librdi_memdata.dll
0x00007ffe0c010000 - 0x00007ffe0d9fa000 	D:\Xilinx\Vivado\2019.1\lib\win64.o\librdi_constraints.dll
0x00007ffe2eda0000 - 0x00007ffe2ee13000 	D:\Xilinx\Vivado\2019.1\lib\win64.o\librdi_memoryarray.dll
0x00007ffe3c470000 - 0x00007ffe3c4bb000 	D:\Xilinx\Vivado\2019.1\lib\win64.o\librdi_pfi.dll
0x00007ffe09aa0000 - 0x00007ffe0a142000 	D:\Xilinx\Vivado\2019.1\lib\win64.o\librdi_netlist.dll
0x00007ffe008b0000 - 0x00007ffe03596000 	D:\Xilinx\Vivado\2019.1\lib\win64.o\librdi_mig.dll
0x00007ffe178a0000 - 0x00007ffe17baf000 	D:\Xilinx\Vivado\2019.1\lib\win64.o\librdi_platform.dll
0x00007ffe08d30000 - 0x00007ffe0947a000 	D:\Xilinx\Vivado\2019.1\lib\win64.o\librdi_power.dll
0x00007ffdbe4c0000 - 0x00007ffdc0b36000 	D:\Xilinx\Vivado\2019.1\lib\win64.o\librdi_place.dll
0x00007ffe11480000 - 0x00007ffe119ff000 	D:\Xilinx\Vivado\2019.1\lib\win64.o\librdi_project.dll
0x00007ffe09680000 - 0x00007ffe09a71000 	D:\Xilinx\Vivado\2019.1\lib\win64.o\librdi_runs.dll
0x00007ffe27600000 - 0x00007ffe276fa000 	D:\Xilinx\Vivado\2019.1\lib\win64.o\librdi_runsbase.dll
0x00007ffdffa90000 - 0x00007ffe00196000 	D:\Xilinx\Vivado\2019.1\lib\win64.o\librdi_rsb.dll
0x00007ffe08620000 - 0x00007ffe08d29000 	D:\Xilinx\Vivado\2019.1\lib\win64.o\librdi_psta.dll
0x00007ffe1b140000 - 0x00007ffe1b396000 	D:\Xilinx\Vivado\2019.1\lib\win64.o\librdi_simdata.dll
0x00007ffdd47b0000 - 0x00007ffdd55c1000 	D:\Xilinx\Vivado\2019.1\lib\win64.o\librdi_timing.dll
0x00007ffe25da0000 - 0x00007ffe25f12000 	D:\Xilinx\Vivado\2019.1\lib\win64.o\librdi_advchipscopeimpl.dll
0x00007ffe37e60000 - 0x00007ffe37eac000 	D:\Xilinx\Vivado\2019.1\lib\win64.o\libboost_serialization.dll
0x00007ffe004c0000 - 0x00007ffe008a5000 	D:\Xilinx\Vivado\2019.1\lib\win64.o\librdi_hip_config.dll
0x00007ffe20f70000 - 0x00007ffe2110f000 	D:\Xilinx\Vivado\2019.1\lib\win64.o\librdi_hip_devdesign.dll
0x00007ffe37670000 - 0x00007ffe376b3000 	D:\Xilinx\Vivado\2019.1\lib\win64.o\librdi_noc_frameworks.dll
0x00007ffdd4260000 - 0x00007ffdd47ae000 	D:\Xilinx\Vivado\2019.1\lib\win64.o\librdi_xdm.dll
0x00007ffe27560000 - 0x00007ffe275fe000 	D:\Xilinx\Vivado\2019.1\lib\win64.o\libise.dll
0x00007ffdbd970000 - 0x00007ffdbe4b7000 	D:\Xilinx\Vivado\2019.1\lib\win64.o\libverific.dll
0x00007ffe37b40000 - 0x00007ffe37b80000 	D:\Xilinx\Vivado\2019.1\lib\win64.o\librdi_wavedata_SimpleApi.dll
0x00007ffdd3c60000 - 0x00007ffdd425c000 	D:\Xilinx\Vivado\2019.1\lib\win64.o\librdi_wavedata.dll
0x00007ffe20190000 - 0x00007ffe20252000 	D:\Xilinx\Vivado\2019.1\lib\win64.o\librdi_ipconfig_readwrite.dll
0x00007ffe33f90000 - 0x00007ffe33fcf000 	D:\Xilinx\Vivado\2019.1\lib\win64.o\librdi_schedmon.dll
0x00007ffe19890000 - 0x00007ffe19ae9000 	D:\Xilinx\Vivado\2019.1\lib\win64.o\librdi_hsm.dll

VM Arguments:
jvm_args: -Dsun.java2d.pmoffscreen=false -Dsun.java2d.xrender=false -Dsun.java2d.d3d=false -Dsun.awt.nopixfmt=true -Dsun.java2d.dpiaware=true -Dsun.java2d.uiScale.enabled=false -Xverify:none -Dswing.aatext=true -XX:-UsePerfData -Djdk.map.althashing.threshold=512 -XX:StringTableSize=4072 --add-opens=java.base/java.nio=ALL-UNNAMED --add-opens=java.desktop/sun.swing=ALL-UNNAMED --add-opens=java.desktop/javax.swing=ALL-UNNAMED --add-opens=java.desktop/javax.swing.tree=ALL-UNNAMED --add-opens=java.desktop/javax.swing.plaf.basic=ALL-UNNAMED --add-opens=java.desktop/javax.swing.plaf.synth=ALL-UNNAMED --add-opens=java.desktop/com.sun.awt=ALL-UNNAMED -XX:NewSize=60m -XX:MaxNewSize=60m -Xms128m -Xmx3072m -Xss5m 
java_command: <unknown>
java_class_path (initial): D:/Xilinx/Vivado/2019.1\lib\classes\alloy.jar;D:/Xilinx/Vivado/2019.1\lib\classes\autopilot.scelaborator.jar;D:/Xilinx/Vivado/2019.1\lib\classes\autopilot.sourceprocessor.jar;D:/Xilinx/Vivado/2019.1\lib\classes\autopilot.tbprocessor.jar;D:/Xilinx/Vivado/2019.1\lib\classes\batik-anim.jar;D:/Xilinx/Vivado/2019.1\lib\classes\batik-awt-util.jar;D:/Xilinx/Vivado/2019.1\lib\classes\batik-bridge.jar;D:/Xilinx/Vivado/2019.1\lib\classes\batik-codec.jar;D:/Xilinx/Vivado/2019.1\lib\classes\batik-css.jar;D:/Xilinx/Vivado/2019.1\lib\classes\batik-dom.jar;D:/Xilinx/Vivado/2019.1\lib\classes\batik-ext.jar;D:/Xilinx/Vivado/2019.1\lib\classes\batik-gui-util.jar;D:/Xilinx/Vivado/2019.1\lib\classes\batik-gvt.jar;D:/Xilinx/Vivado/2019.1\lib\classes\batik-parser.jar;D:/Xilinx/Vivado/2019.1\lib\classes\batik-script.jar;D:/Xilinx/Vivado/2019.1\lib\classes\batik-svg-dom.jar;D:/Xilinx/Vivado/2019.1\lib\classes\batik-swing.jar;D:/Xilinx/Vivado/2019.1\lib\classes\batik-transcoder.jar;D:/Xilinx/Vivado/2019.1\lib\classes\batik-util.jar;D:/Xilinx/Vivado/2019.1\lib\classes\batik-xml.jar;D:/Xilinx/Vivado/2019.1\lib\classes\com.google.gson_2.7.0.v20170129-0911.jar;D:/Xilinx/Vivado/2019.1\lib\classes\com.google.guava_21.0.0.v20170206-1425.jar;D:/Xilinx/Vivado/2019.1\lib\classes\com.google.inject_3.0.0.v201605172100.jar;D:/Xilinx/Vivado/2019.1\lib\classes\com.ibm.icu_4.4.2.v20110208.jar;D:/Xilinx/Vivado/2019.1\lib\classes\com.sigasi.hdt.annotations.runtime_4.3.0.201903071210.jar;D:/Xilinx/Vivado/2019.1\lib\classes\com.sigasi.hdt.blockdiagram.model_4.3.0.201903071210.jar;D:/Xilinx/Vivado/2019.1\lib\classes\com.sigasi.hdt.connection_4.3.0.201903071210.jar;D:/Xilinx/Vivado/2019.1\lib\classes\com.sigasi.hdt.dependencies.model_4.3.0.201903071210.jar;D:/Xilinx/Vivado/2019.1\lib\classes\com.sigasi.hdt.epl_4.3.0.201903071210.jar;D:/Xilinx/Vivado/2019.1\lib\classes\com.sigasi.hdt.graphics.model_4.3.0.201903071210.jar;D:/Xilinx/Vivado/2019.1\lib\classes\com.sigasi.hdt.project_4.3.0
Launcher Type: generic

Logging:
Log output configuration:
#0: stdout all=warning uptime,level,tags
#1: stderr all=off uptime,level,tags

Environment Variables:
PATH=D:/Xilinx/Vivado/2019.1/bin;D:/Xilinx/Vivado/2019.1/lib/win64.o;D:/Xilinx/Vivado/2019.1/tps/win64/jre9.0.4/bin/server;D:/Xilinx/Vivado/2019.1/tps/win64/jre9.0.4/bin;D:/Xilinx/SDK/2019.1/bin;D:/Xilinx/Vivado/2019.1/ids_lite/ISE/bin/nt64;D:/Xilinx/Vivado/2019.1/ids_lite/ISE/lib/nt64;C:\WINDOWS\system32;C:\WINDOWS;C:\WINDOWS\System32\Wbem;C:\WINDOWS\System32\WindowsPowerShell\v1.0\;C:\WINDOWS\System32\OpenSSH\;D:\Git\cmd;C:\Users\32983\AppData\Local\Microsoft\WindowsApps;;D:\software\Microsoft VS Code\bin;D:\texlive\2024\bin\windows;D:\software\iverilog\bin;D:\software\iverilog\gtkwave\bin;D:/Xilinx/Vivado/2019.1\tps\mingw\6.2.0\win64.o\nt\bin;D:/Xilinx/Vivado/2019.1\tps\mingw\6.2.0\win64.o\nt\libexec\gcc\x86_64-w64-mingw32\6.2.0;D:/Xilinx/Vivado/2019.1\tps\win64\python-2.7.5;D:/Xilinx/Vivado/2019.1\tps\win64\python-2.7.5\lib;D:/Xilinx/Vivado/2019.1\tps\win64\python-2.7.5\Lib\lib-tk;D:/Xilinx/Vivado/2019.1\tps\win64\python-2.7.5\lib\site-packages
USERNAME=32983
OS=Windows_NT
PROCESSOR_IDENTIFIER=Intel64 Family 6 Model 165 Stepping 3, GenuineIntel



---------------  S Y S T E M  ---------------

OS: Windows 10 , 64 bit Build 19041 (10.0.19041.4597)

CPU:total 12 (initial active 12) (6 cores per cpu, 2 threads per core) family 6 model 165 stepping 3, cmov, cx8, fxsr, mmx, sse, sse2, sse3, ssse3, sse4.1, sse4.2, popcnt, avx, avx2, aes, clmul, erms, 3dnowpref, lzcnt, ht, tsc, tscinvbit, bmi1, bmi2, adx, fma

Memory: 4k page, physical 16612320k(4414564k free), swap 32340960k(9319592k free)

vm_info: Java HotSpot(TM) 64-Bit Server VM (9.0.4+11) for windows-amd64 JRE (9.0.4+11), built on Dec 20 2017 02:18:54 by "mach5one" with MS VC++ 12.0 (VS2013)

END.
