INFO: [VRFC 10-2263] Analyzing Verilog file "D:/github/memory_system/memory_system.sim/sim_1/synth/timing/xsim/Dcache_tb_time_synth.v" into library xil_defaultlib
INFO: [VRFC 10-311] analyzing module IBUF_UNIQ_BASE_
INFO: [VRFC 10-311] analyzing module IBUF_HD1114
INFO: [VRFC 10-311] analyzing module IBUF_HD1115
INFO: [VRFC 10-311] analyzing module IBUF_HD1116
INFO: [VRFC 10-311] analyzing module IBUF_HD1117
INFO: [VRFC 10-311] analyzing module IBUF_HD1118
INFO: [VRFC 10-311] analyzing module IBUF_HD1119
INFO: [VRFC 10-311] analyzing module IBUF_HD1120
INFO: [VRFC 10-311] analyzing module IBUF_HD1121
INFO: [VRFC 10-311] analyzing module IBUF_HD1122
INFO: [VRFC 10-311] analyzing module IBUF_HD1123
INFO: [VRFC 10-311] analyzing module IBUF_HD1124
INFO: [VRFC 10-311] analyzing module IBUF_HD1125
INFO: [VRFC 10-311] analyzing module IBUF_HD1126
INFO: [VRFC 10-311] analyzing module IBUF_HD1127
INFO: [VRFC 10-311] analyzing module IBUF_HD1128
INFO: [VRFC 10-311] analyzing module IBUF_HD1129
INFO: [VRFC 10-311] analyzing module IBUF_HD1130
INFO: [VRFC 10-311] analyzing module IBUF_HD1131
INFO: [VRFC 10-311] analyzing module IBUF_HD1132
INFO: [VRFC 10-311] analyzing module IBUF_HD1133
INFO: [VRFC 10-311] analyzing module IBUF_HD1134
INFO: [VRFC 10-311] analyzing module IBUF_HD1135
INFO: [VRFC 10-311] analyzing module IBUF_HD1136
INFO: [VRFC 10-311] analyzing module IBUF_HD1137
INFO: [VRFC 10-311] analyzing module IBUF_HD1138
INFO: [VRFC 10-311] analyzing module IBUF_HD1139
INFO: [VRFC 10-311] analyzing module IBUF_HD1140
INFO: [VRFC 10-311] analyzing module IBUF_HD1141
INFO: [VRFC 10-311] analyzing module IBUF_HD1142
INFO: [VRFC 10-311] analyzing module IBUF_HD1143
INFO: [VRFC 10-311] analyzing module IBUF_HD1144
INFO: [VRFC 10-311] analyzing module IBUF_HD1145
INFO: [VRFC 10-311] analyzing module IBUF_HD1146
INFO: [VRFC 10-311] analyzing module IBUF_HD1147
INFO: [VRFC 10-311] analyzing module IBUF_HD1148
INFO: [VRFC 10-311] analyzing module IBUF_HD1149
INFO: [VRFC 10-311] analyzing module IBUF_HD1150
INFO: [VRFC 10-311] analyzing module IBUF_HD1151
INFO: [VRFC 10-311] analyzing module IBUF_HD1152
INFO: [VRFC 10-311] analyzing module IBUF_HD1153
INFO: [VRFC 10-311] analyzing module IBUF_HD1154
INFO: [VRFC 10-311] analyzing module IBUF_HD1155
INFO: [VRFC 10-311] analyzing module IBUF_HD1156
INFO: [VRFC 10-311] analyzing module IBUF_HD1157
INFO: [VRFC 10-311] analyzing module IBUF_HD1158
INFO: [VRFC 10-311] analyzing module IBUF_HD1159
INFO: [VRFC 10-311] analyzing module IBUF_HD1160
INFO: [VRFC 10-311] analyzing module IBUF_HD1161
INFO: [VRFC 10-311] analyzing module IBUF_HD1162
INFO: [VRFC 10-311] analyzing module IBUF_HD1163
INFO: [VRFC 10-311] analyzing module IBUF_HD1164
INFO: [VRFC 10-311] analyzing module IBUF_HD1165
INFO: [VRFC 10-311] analyzing module IBUF_HD1166
INFO: [VRFC 10-311] analyzing module IBUF_HD1167
INFO: [VRFC 10-311] analyzing module IBUF_HD1168
INFO: [VRFC 10-311] analyzing module IBUF_HD1169
INFO: [VRFC 10-311] analyzing module IBUF_HD1170
INFO: [VRFC 10-311] analyzing module IBUF_HD1171
INFO: [VRFC 10-311] analyzing module IBUF_HD1172
INFO: [VRFC 10-311] analyzing module IBUF_HD1173
INFO: [VRFC 10-311] analyzing module IBUF_HD1174
INFO: [VRFC 10-311] analyzing module IBUF_HD1175
INFO: [VRFC 10-311] analyzing module IBUF_HD1176
INFO: [VRFC 10-311] analyzing module IBUF_HD1177
INFO: [VRFC 10-311] analyzing module IBUF_HD1178
INFO: [VRFC 10-311] analyzing module IBUF_HD1179
INFO: [VRFC 10-311] analyzing module IBUF_HD1180
INFO: [VRFC 10-311] analyzing module IBUF_HD1181
INFO: [VRFC 10-311] analyzing module IBUF_HD1182
INFO: [VRFC 10-311] analyzing module IBUF_HD1183
INFO: [VRFC 10-311] analyzing module IBUF_HD1184
INFO: [VRFC 10-311] analyzing module IBUF_HD1185
INFO: [VRFC 10-311] analyzing module IBUF_HD1186
INFO: [VRFC 10-311] analyzing module IBUF_HD1187
INFO: [VRFC 10-311] analyzing module IBUF_HD1188
INFO: [VRFC 10-311] analyzing module IBUF_HD1189
INFO: [VRFC 10-311] analyzing module IBUF_HD1190
INFO: [VRFC 10-311] analyzing module IBUF_HD1191
INFO: [VRFC 10-311] analyzing module IBUF_HD1192
INFO: [VRFC 10-311] analyzing module IBUF_HD1193
INFO: [VRFC 10-311] analyzing module IBUF_HD1194
INFO: [VRFC 10-311] analyzing module IBUF_HD1195
INFO: [VRFC 10-311] analyzing module IBUF_HD1196
INFO: [VRFC 10-311] analyzing module IBUF_HD1197
INFO: [VRFC 10-311] analyzing module IBUF_HD1198
INFO: [VRFC 10-311] analyzing module IBUF_HD1199
INFO: [VRFC 10-311] analyzing module IBUF_HD1200
INFO: [VRFC 10-311] analyzing module IBUF_HD1201
INFO: [VRFC 10-311] analyzing module IBUF_HD1202
INFO: [VRFC 10-311] analyzing module IBUF_HD1203
INFO: [VRFC 10-311] analyzing module IBUF_HD1204
INFO: [VRFC 10-311] analyzing module IBUF_HD1205
INFO: [VRFC 10-311] analyzing module IBUF_HD1206
INFO: [VRFC 10-311] analyzing module IBUF_HD1207
INFO: [VRFC 10-311] analyzing module IBUF_HD1208
INFO: [VRFC 10-311] analyzing module IBUF_HD1209
INFO: [VRFC 10-311] analyzing module IBUF_HD1210
INFO: [VRFC 10-311] analyzing module IBUF_HD1211
INFO: [VRFC 10-311] analyzing module IBUF_HD1212
INFO: [VRFC 10-311] analyzing module IBUF_HD1213
INFO: [VRFC 10-311] analyzing module IBUF_HD1214
INFO: [VRFC 10-311] analyzing module IBUF_HD1215
INFO: [VRFC 10-311] analyzing module IBUF_HD1216
INFO: [VRFC 10-311] analyzing module IBUF_HD1217
INFO: [VRFC 10-311] analyzing module IBUF_HD1218
INFO: [VRFC 10-311] analyzing module IBUF_HD1219
INFO: [VRFC 10-311] analyzing module IBUF_HD1220
INFO: [VRFC 10-311] analyzing module IBUF_HD1221
INFO: [VRFC 10-311] analyzing module IBUF_HD1222
INFO: [VRFC 10-311] analyzing module IBUF_HD1223
INFO: [VRFC 10-311] analyzing module IBUF_HD1224
INFO: [VRFC 10-311] analyzing module IBUF_HD1225
INFO: [VRFC 10-311] analyzing module IBUF_HD1226
INFO: [VRFC 10-311] analyzing module IBUF_HD1227
INFO: [VRFC 10-311] analyzing module IBUF_HD1228
INFO: [VRFC 10-311] analyzing module IBUF_HD1229
INFO: [VRFC 10-311] analyzing module IBUF_HD1230
INFO: [VRFC 10-311] analyzing module IBUF_HD1231
INFO: [VRFC 10-311] analyzing module IBUF_HD1232
INFO: [VRFC 10-311] analyzing module IBUF_HD1233
INFO: [VRFC 10-311] analyzing module IBUF_HD1234
INFO: [VRFC 10-311] analyzing module IBUF_HD1235
INFO: [VRFC 10-311] analyzing module IBUF_HD1236
INFO: [VRFC 10-311] analyzing module IBUF_HD1237
INFO: [VRFC 10-311] analyzing module IBUF_HD1238
INFO: [VRFC 10-311] analyzing module IBUF_HD1239
INFO: [VRFC 10-311] analyzing module IBUF_HD1240
INFO: [VRFC 10-311] analyzing module IBUF_HD1241
INFO: [VRFC 10-311] analyzing module IBUF_HD1242
INFO: [VRFC 10-311] analyzing module IBUF_HD1243
INFO: [VRFC 10-311] analyzing module IBUF_HD1244
INFO: [VRFC 10-311] analyzing module IBUF_HD1245
INFO: [VRFC 10-311] analyzing module IBUF_HD1246
INFO: [VRFC 10-311] analyzing module IBUF_HD1247
INFO: [VRFC 10-311] analyzing module IBUF_HD1248
INFO: [VRFC 10-311] analyzing module IBUF_HD1249
INFO: [VRFC 10-311] analyzing module IBUF_HD1250
INFO: [VRFC 10-311] analyzing module IBUF_HD1251
INFO: [VRFC 10-311] analyzing module IBUF_HD1252
INFO: [VRFC 10-311] analyzing module IBUF_HD1253
INFO: [VRFC 10-311] analyzing module IBUF_HD1254
INFO: [VRFC 10-311] analyzing module IBUF_HD1255
INFO: [VRFC 10-311] analyzing module IBUF_HD1256
INFO: [VRFC 10-311] analyzing module IBUF_HD1257
INFO: [VRFC 10-311] analyzing module IBUF_HD1258
INFO: [VRFC 10-311] analyzing module IBUF_HD1259
INFO: [VRFC 10-311] analyzing module IBUF_HD1260
INFO: [VRFC 10-311] analyzing module IBUF_HD1261
INFO: [VRFC 10-311] analyzing module IBUF_HD1262
INFO: [VRFC 10-311] analyzing module IBUF_HD1263
INFO: [VRFC 10-311] analyzing module IBUF_HD1264
INFO: [VRFC 10-311] analyzing module IBUF_HD1265
INFO: [VRFC 10-311] analyzing module IBUF_HD1266
INFO: [VRFC 10-311] analyzing module IBUF_HD1267
INFO: [VRFC 10-311] analyzing module IBUF_HD1268
INFO: [VRFC 10-311] analyzing module IBUF_HD1269
INFO: [VRFC 10-311] analyzing module IBUF_HD1270
INFO: [VRFC 10-311] analyzing module IBUF_HD1271
INFO: [VRFC 10-311] analyzing module IBUF_HD1272
INFO: [VRFC 10-311] analyzing module IBUF_HD1273
INFO: [VRFC 10-311] analyzing module IBUF_HD1274
INFO: [VRFC 10-311] analyzing module IBUF_HD1275
INFO: [VRFC 10-311] analyzing module IBUF_HD1276
INFO: [VRFC 10-311] analyzing module IBUF_HD1277
INFO: [VRFC 10-311] analyzing module IBUF_HD1278
INFO: [VRFC 10-311] analyzing module IBUF_HD1279
INFO: [VRFC 10-311] analyzing module IBUF_HD1280
INFO: [VRFC 10-311] analyzing module IBUF_HD1281
INFO: [VRFC 10-311] analyzing module IBUF_HD1282
INFO: [VRFC 10-311] analyzing module IBUF_HD1283
INFO: [VRFC 10-311] analyzing module IBUF_HD1284
INFO: [VRFC 10-311] analyzing module IBUF_HD1285
INFO: [VRFC 10-311] analyzing module IBUF_HD1286
INFO: [VRFC 10-311] analyzing module IBUF_HD1287
INFO: [VRFC 10-311] analyzing module IBUF_HD1288
INFO: [VRFC 10-311] analyzing module IBUF_HD1289
INFO: [VRFC 10-311] analyzing module IBUF_HD1290
INFO: [VRFC 10-311] analyzing module IBUF_HD1291
INFO: [VRFC 10-311] analyzing module IBUF_HD1292
INFO: [VRFC 10-311] analyzing module IBUF_HD1293
INFO: [VRFC 10-311] analyzing module IBUF_HD1294
INFO: [VRFC 10-311] analyzing module IBUF_HD1295
INFO: [VRFC 10-311] analyzing module IBUF_HD1296
INFO: [VRFC 10-311] analyzing module IBUF_HD1297
INFO: [VRFC 10-311] analyzing module IBUF_HD1298
INFO: [VRFC 10-311] analyzing module IBUF_HD1299
INFO: [VRFC 10-311] analyzing module IBUF_HD1300
INFO: [VRFC 10-311] analyzing module IBUF_HD1301
INFO: [VRFC 10-311] analyzing module IBUF_HD1302
INFO: [VRFC 10-311] analyzing module IBUF_HD1303
INFO: [VRFC 10-311] analyzing module IBUF_HD1304
INFO: [VRFC 10-311] analyzing module IBUF_HD1305
INFO: [VRFC 10-311] analyzing module IBUF_HD1306
INFO: [VRFC 10-311] analyzing module IBUF_HD1307
INFO: [VRFC 10-311] analyzing module IBUF_HD1308
INFO: [VRFC 10-311] analyzing module IBUF_HD1309
INFO: [VRFC 10-311] analyzing module IBUF_HD1310
INFO: [VRFC 10-311] analyzing module IBUF_HD1311
INFO: [VRFC 10-311] analyzing module IBUF_HD1312
INFO: [VRFC 10-311] analyzing module IBUF_HD1313
INFO: [VRFC 10-311] analyzing module IBUF_HD1314
INFO: [VRFC 10-311] analyzing module IBUF_HD1315
INFO: [VRFC 10-311] analyzing module IBUF_HD1316
INFO: [VRFC 10-311] analyzing module IBUF_HD1317
INFO: [VRFC 10-311] analyzing module IBUF_HD1318
INFO: [VRFC 10-311] analyzing module IBUF_HD1319
INFO: [VRFC 10-311] analyzing module IBUF_HD1320
INFO: [VRFC 10-311] analyzing module IBUF_HD1321
INFO: [VRFC 10-311] analyzing module IBUF_HD1322
INFO: [VRFC 10-311] analyzing module IBUF_HD1323
INFO: [VRFC 10-311] analyzing module IBUF_HD1324
INFO: [VRFC 10-311] analyzing module IBUF_HD1325
INFO: [VRFC 10-311] analyzing module IBUF_HD1326
INFO: [VRFC 10-311] analyzing module IBUF_HD1327
INFO: [VRFC 10-311] analyzing module IBUF_HD1328
INFO: [VRFC 10-311] analyzing module IBUF_HD1329
INFO: [VRFC 10-311] analyzing module IBUF_HD1330
INFO: [VRFC 10-311] analyzing module IBUF_HD1331
INFO: [VRFC 10-311] analyzing module IBUF_HD1332
INFO: [VRFC 10-311] analyzing module IBUF_HD1333
INFO: [VRFC 10-311] analyzing module IBUF_HD1334
INFO: [VRFC 10-311] analyzing module IBUF_HD1335
INFO: [VRFC 10-311] analyzing module IBUF_HD1336
INFO: [VRFC 10-311] analyzing module IBUF_HD1337
INFO: [VRFC 10-311] analyzing module IBUF_HD1338
INFO: [VRFC 10-311] analyzing module IBUF_HD1339
INFO: [VRFC 10-311] analyzing module IBUF_HD1340
INFO: [VRFC 10-311] analyzing module IBUF_HD1341
INFO: [VRFC 10-311] analyzing module IBUF_HD1342
INFO: [VRFC 10-311] analyzing module IBUF_HD1343
INFO: [VRFC 10-311] analyzing module IBUF_HD1344
INFO: [VRFC 10-311] analyzing module IBUF_HD1345
INFO: [VRFC 10-311] analyzing module IBUF_HD1346
INFO: [VRFC 10-311] analyzing module IBUF_HD1347
INFO: [VRFC 10-311] analyzing module IBUF_HD1348
INFO: [VRFC 10-311] analyzing module IBUF_HD1349
INFO: [VRFC 10-311] analyzing module IBUF_HD1350
INFO: [VRFC 10-311] analyzing module IBUF_HD1351
INFO: [VRFC 10-311] analyzing module IBUF_HD1352
INFO: [VRFC 10-311] analyzing module IBUF_HD1353
INFO: [VRFC 10-311] analyzing module IBUF_HD1354
INFO: [VRFC 10-311] analyzing module IBUF_HD1355
INFO: [VRFC 10-311] analyzing module IBUF_HD1356
INFO: [VRFC 10-311] analyzing module IBUF_HD1357
INFO: [VRFC 10-311] analyzing module IBUF_HD1358
INFO: [VRFC 10-311] analyzing module IBUF_HD1359
INFO: [VRFC 10-311] analyzing module IBUF_HD1360
INFO: [VRFC 10-311] analyzing module IBUF_HD1361
INFO: [VRFC 10-311] analyzing module IBUF_HD1362
INFO: [VRFC 10-311] analyzing module IBUF_HD1363
INFO: [VRFC 10-311] analyzing module IBUF_HD1364
INFO: [VRFC 10-311] analyzing module IBUF_HD1365
INFO: [VRFC 10-311] analyzing module IBUF_HD1366
INFO: [VRFC 10-311] analyzing module IBUF_HD1367
INFO: [VRFC 10-311] analyzing module IBUF_HD1368
INFO: [VRFC 10-311] analyzing module IBUF_HD1369
INFO: [VRFC 10-311] analyzing module IBUF_HD1370
INFO: [VRFC 10-311] analyzing module IBUF_HD1371
INFO: [VRFC 10-311] analyzing module IBUF_HD1372
INFO: [VRFC 10-311] analyzing module IBUF_HD1373
INFO: [VRFC 10-311] analyzing module IBUF_HD1374
INFO: [VRFC 10-311] analyzing module IBUF_HD1375
INFO: [VRFC 10-311] analyzing module IBUF_HD1376
INFO: [VRFC 10-311] analyzing module IBUF_HD1377
INFO: [VRFC 10-311] analyzing module IBUF_HD1378
INFO: [VRFC 10-311] analyzing module IBUF_HD1379
INFO: [VRFC 10-311] analyzing module IBUF_HD1380
INFO: [VRFC 10-311] analyzing module IBUF_HD1381
INFO: [VRFC 10-311] analyzing module IBUF_HD1382
INFO: [VRFC 10-311] analyzing module IBUF_HD1383
INFO: [VRFC 10-311] analyzing module IBUF_HD1384
INFO: [VRFC 10-311] analyzing module IBUF_HD1385
INFO: [VRFC 10-311] analyzing module IBUF_HD1386
INFO: [VRFC 10-311] analyzing module IBUF_HD1387
INFO: [VRFC 10-311] analyzing module IBUF_HD1388
INFO: [VRFC 10-311] analyzing module IBUF_HD1389
INFO: [VRFC 10-311] analyzing module IBUF_HD1390
INFO: [VRFC 10-311] analyzing module IBUF_HD1391
INFO: [VRFC 10-311] analyzing module IBUF_HD1392
INFO: [VRFC 10-311] analyzing module IBUF_HD1393
INFO: [VRFC 10-311] analyzing module IBUF_HD1394
INFO: [VRFC 10-311] analyzing module IBUF_HD1395
INFO: [VRFC 10-311] analyzing module IBUF_HD1396
INFO: [VRFC 10-311] analyzing module IBUF_HD1397
INFO: [VRFC 10-311] analyzing module IBUF_HD1398
INFO: [VRFC 10-311] analyzing module IBUF_HD1399
INFO: [VRFC 10-311] analyzing module IBUF_HD1400
INFO: [VRFC 10-311] analyzing module IBUF_HD1401
INFO: [VRFC 10-311] analyzing module IBUF_HD1402
INFO: [VRFC 10-311] analyzing module IBUF_HD1403
INFO: [VRFC 10-311] analyzing module IBUF_HD1404
INFO: [VRFC 10-311] analyzing module IBUF_HD1405
INFO: [VRFC 10-311] analyzing module IBUF_HD1406
INFO: [VRFC 10-311] analyzing module IBUF_HD1407
INFO: [VRFC 10-311] analyzing module IBUF_HD1408
INFO: [VRFC 10-311] analyzing module IBUF_HD1409
INFO: [VRFC 10-311] analyzing module IBUF_HD1410
INFO: [VRFC 10-311] analyzing module IBUF_HD1411
INFO: [VRFC 10-311] analyzing module IBUF_HD1412
INFO: [VRFC 10-311] analyzing module IBUF_HD1413
INFO: [VRFC 10-311] analyzing module IBUF_HD1414
INFO: [VRFC 10-311] analyzing module IBUF_HD1415
INFO: [VRFC 10-311] analyzing module IBUF_HD1416
INFO: [VRFC 10-311] analyzing module IBUF_HD1417
INFO: [VRFC 10-311] analyzing module IBUF_HD1418
INFO: [VRFC 10-311] analyzing module IBUF_HD1419
INFO: [VRFC 10-311] analyzing module IBUF_HD1420
INFO: [VRFC 10-311] analyzing module IBUF_HD1421
INFO: [VRFC 10-311] analyzing module IBUF_HD1422
INFO: [VRFC 10-311] analyzing module IBUF_HD1423
INFO: [VRFC 10-311] analyzing module IBUF_HD1424
INFO: [VRFC 10-311] analyzing module IBUF_HD1425
INFO: [VRFC 10-311] analyzing module IBUF_HD1426
INFO: [VRFC 10-311] analyzing module IBUF_HD1427
INFO: [VRFC 10-311] analyzing module IBUF_HD1428
INFO: [VRFC 10-311] analyzing module IBUF_HD1429
INFO: [VRFC 10-311] analyzing module IBUF_HD1430
INFO: [VRFC 10-311] analyzing module IBUF_HD1431
INFO: [VRFC 10-311] analyzing module IBUF_HD1432
INFO: [VRFC 10-311] analyzing module IBUF_HD1433
INFO: [VRFC 10-311] analyzing module IBUF_HD1434
INFO: [VRFC 10-311] analyzing module IBUF_HD1435
INFO: [VRFC 10-311] analyzing module IBUF_HD1436
INFO: [VRFC 10-311] analyzing module IBUF_HD1437
INFO: [VRFC 10-311] analyzing module IBUF_HD1438
INFO: [VRFC 10-311] analyzing module IBUF_HD1439
INFO: [VRFC 10-311] analyzing module IBUF_HD1440
INFO: [VRFC 10-311] analyzing module IBUF_HD1441
INFO: [VRFC 10-311] analyzing module IBUF_HD1442
INFO: [VRFC 10-311] analyzing module IBUF_HD1443
INFO: [VRFC 10-311] analyzing module IBUF_HD1444
INFO: [VRFC 10-311] analyzing module IBUF_HD1445
INFO: [VRFC 10-311] analyzing module IBUF_HD1446
INFO: [VRFC 10-311] analyzing module IBUF_HD1447
INFO: [VRFC 10-311] analyzing module IBUF_HD1448
INFO: [VRFC 10-311] analyzing module IBUF_HD1449
INFO: [VRFC 10-311] analyzing module IBUF_HD1450
INFO: [VRFC 10-311] analyzing module IBUF_HD1451
INFO: [VRFC 10-311] analyzing module IBUF_HD1452
INFO: [VRFC 10-311] analyzing module IBUF_HD1453
INFO: [VRFC 10-311] analyzing module IBUF_HD1454
INFO: [VRFC 10-311] analyzing module IBUF_HD1455
INFO: [VRFC 10-311] analyzing module IBUF_HD1456
INFO: [VRFC 10-311] analyzing module IBUF_HD1457
INFO: [VRFC 10-311] analyzing module IBUF_HD1458
INFO: [VRFC 10-311] analyzing module IBUF_HD1459
INFO: [VRFC 10-311] analyzing module IBUF_HD1460
INFO: [VRFC 10-311] analyzing module IBUF_HD1461
INFO: [VRFC 10-311] analyzing module IBUF_HD1462
INFO: [VRFC 10-311] analyzing module IBUF_HD1463
INFO: [VRFC 10-311] analyzing module IBUF_HD1464
INFO: [VRFC 10-311] analyzing module IBUF_HD1465
INFO: [VRFC 10-311] analyzing module IBUF_HD1466
INFO: [VRFC 10-311] analyzing module IBUF_HD1467
INFO: [VRFC 10-311] analyzing module IBUF_HD1468
INFO: [VRFC 10-311] analyzing module IBUF_HD1469
INFO: [VRFC 10-311] analyzing module IBUF_HD1470
INFO: [VRFC 10-311] analyzing module IBUF_HD1471
INFO: [VRFC 10-311] analyzing module IBUF_HD1472
INFO: [VRFC 10-311] analyzing module IBUF_HD1473
INFO: [VRFC 10-311] analyzing module IBUF_HD1474
INFO: [VRFC 10-311] analyzing module IBUF_HD1475
INFO: [VRFC 10-311] analyzing module IBUF_HD1476
INFO: [VRFC 10-311] analyzing module IBUF_HD1477
INFO: [VRFC 10-311] analyzing module IBUF_HD1478
INFO: [VRFC 10-311] analyzing module IBUF_HD1479
INFO: [VRFC 10-311] analyzing module IBUF_HD1480
INFO: [VRFC 10-311] analyzing module IBUF_HD1481
INFO: [VRFC 10-311] analyzing module IBUF_HD1482
INFO: [VRFC 10-311] analyzing module IBUF_HD1483
INFO: [VRFC 10-311] analyzing module IBUF_HD1484
INFO: [VRFC 10-311] analyzing module Dcache
INFO: [VRFC 10-311] analyzing module Dcache_D_V_buffer
INFO: [VRFC 10-311] analyzing module Dcache_bank_dataSram0
INFO: [VRFC 10-311] analyzing module Dcache_bank_dataSram1
INFO: [VRFC 10-311] analyzing module Dcache_bank_tagSRAM
INFO: [VRFC 10-311] analyzing module Dcache_plru_buffer
INFO: [VRFC 10-311] analyzing module cArbMerge2_6b
INFO: [VRFC 10-311] analyzing module cFifo1
INFO: [VRFC 10-311] analyzing module cMutexMerge2_1b
INFO: [VRFC 10-311] analyzing module cMutexMerge2_1b__1
INFO: [VRFC 10-311] analyzing module cMutexMerge6_outpmt_6b
INFO: [VRFC 10-311] analyzing module cPmtFifo1
INFO: [VRFC 10-311] analyzing module cPmtFifo1__1
INFO: [VRFC 10-311] analyzing module cPmtFifo2
INFO: [VRFC 10-311] analyzing module cSelector5_fire2
INFO: [VRFC 10-311] analyzing module cSelector6
INFO: [VRFC 10-311] analyzing module contTap
INFO: [VRFC 10-311] analyzing module contTap__1
INFO: [VRFC 10-311] analyzing module contTap__10
INFO: [VRFC 10-311] analyzing module contTap__11
INFO: [VRFC 10-311] analyzing module contTap__2
INFO: [VRFC 10-311] analyzing module contTap__3
INFO: [VRFC 10-311] analyzing module contTap__4
INFO: [VRFC 10-311] analyzing module contTap__5
INFO: [VRFC 10-311] analyzing module contTap__6
INFO: [VRFC 10-311] analyzing module contTap__7
INFO: [VRFC 10-311] analyzing module contTap__8
INFO: [VRFC 10-311] analyzing module contTap__9
INFO: [VRFC 10-311] analyzing module dcache_tag_compare
INFO: [VRFC 10-311] analyzing module delay1U
INFO: [VRFC 10-311] analyzing module delay1U__1
INFO: [VRFC 10-311] analyzing module delay1U__2
INFO: [VRFC 10-311] analyzing module delay1U__3
INFO: [VRFC 10-311] analyzing module delay1U__4
INFO: [VRFC 10-311] analyzing module delay1U__5
INFO: [VRFC 10-311] analyzing module delay1Unit
INFO: [VRFC 10-311] analyzing module delay1Unit__1
INFO: [VRFC 10-311] analyzing module delay1Unit__2
INFO: [VRFC 10-311] analyzing module delay2U
INFO: [VRFC 10-311] analyzing module delay2U__1
INFO: [VRFC 10-311] analyzing module delay2U__2
INFO: [VRFC 10-311] analyzing module delay2U__3
INFO: [VRFC 10-311] analyzing module delay2U__4
INFO: [VRFC 10-311] analyzing module delay2U__5
INFO: [VRFC 10-311] analyzing module pmtRelay
INFO: [VRFC 10-311] analyzing module pmtRelay__2
INFO: [VRFC 10-311] analyzing module pmtRelay__3
INFO: [VRFC 10-311] analyzing module receiver
INFO: [VRFC 10-311] analyzing module receiver__1
INFO: [VRFC 10-311] analyzing module receiver__2
INFO: [VRFC 10-311] analyzing module receiver__3
INFO: [VRFC 10-311] analyzing module receiver__4
INFO: [VRFC 10-311] analyzing module receiver__5
INFO: [VRFC 10-311] analyzing module relay
INFO: [VRFC 10-311] analyzing module relay__1
INFO: [VRFC 10-311] analyzing module relay__2
INFO: [VRFC 10-311] analyzing module relay__3
INFO: [VRFC 10-311] analyzing module relay__4
INFO: [VRFC 10-311] analyzing module sender
INFO: [VRFC 10-311] analyzing module sender__2
INFO: [VRFC 10-311] analyzing module sender__3
INFO: [VRFC 10-311] analyzing module sender__4
INFO: [VRFC 10-311] analyzing module sender__5
INFO: [VRFC 10-311] analyzing module sender__6
INFO: [VRFC 10-311] analyzing module Dcache_bank_dataSram0_blk_mem_gen_generic_cstr
INFO: [VRFC 10-311] analyzing module Dcache_bank_dataSram0_blk_mem_gen_prim_width
INFO: [VRFC 10-311] analyzing module Dcache_bank_dataSram0_blk_mem_gen_prim_width__parameterized0
INFO: [VRFC 10-311] analyzing module Dcache_bank_dataSram0_blk_mem_gen_prim_width__parameterized1
INFO: [VRFC 10-311] analyzing module Dcache_bank_dataSram0_blk_mem_gen_prim_width__parameterized10
INFO: [VRFC 10-311] analyzing module Dcache_bank_dataSram0_blk_mem_gen_prim_width__parameterized11
INFO: [VRFC 10-311] analyzing module Dcache_bank_dataSram0_blk_mem_gen_prim_width__parameterized12
INFO: [VRFC 10-311] analyzing module Dcache_bank_dataSram0_blk_mem_gen_prim_width__parameterized13
INFO: [VRFC 10-311] analyzing module Dcache_bank_dataSram0_blk_mem_gen_prim_width__parameterized14
INFO: [VRFC 10-311] analyzing module Dcache_bank_dataSram0_blk_mem_gen_prim_width__parameterized15
INFO: [VRFC 10-311] analyzing module Dcache_bank_dataSram0_blk_mem_gen_prim_width__parameterized16
INFO: [VRFC 10-311] analyzing module Dcache_bank_dataSram0_blk_mem_gen_prim_width__parameterized17
INFO: [VRFC 10-311] analyzing module Dcache_bank_dataSram0_blk_mem_gen_prim_width__parameterized18
INFO: [VRFC 10-311] analyzing module Dcache_bank_dataSram0_blk_mem_gen_prim_width__parameterized19
INFO: [VRFC 10-311] analyzing module Dcache_bank_dataSram0_blk_mem_gen_prim_width__parameterized2
INFO: [VRFC 10-311] analyzing module Dcache_bank_dataSram0_blk_mem_gen_prim_width__parameterized20
INFO: [VRFC 10-311] analyzing module Dcache_bank_dataSram0_blk_mem_gen_prim_width__parameterized21
INFO: [VRFC 10-311] analyzing module Dcache_bank_dataSram0_blk_mem_gen_prim_width__parameterized22
INFO: [VRFC 10-311] analyzing module Dcache_bank_dataSram0_blk_mem_gen_prim_width__parameterized23
INFO: [VRFC 10-311] analyzing module Dcache_bank_dataSram0_blk_mem_gen_prim_width__parameterized24
INFO: [VRFC 10-311] analyzing module Dcache_bank_dataSram0_blk_mem_gen_prim_width__parameterized25
INFO: [VRFC 10-311] analyzing module Dcache_bank_dataSram0_blk_mem_gen_prim_width__parameterized26
INFO: [VRFC 10-311] analyzing module Dcache_bank_dataSram0_blk_mem_gen_prim_width__parameterized27
INFO: [VRFC 10-311] analyzing module Dcache_bank_dataSram0_blk_mem_gen_prim_width__parameterized28
INFO: [VRFC 10-311] analyzing module Dcache_bank_dataSram0_blk_mem_gen_prim_width__parameterized29
INFO: [VRFC 10-311] analyzing module Dcache_bank_dataSram0_blk_mem_gen_prim_width__parameterized3
INFO: [VRFC 10-311] analyzing module Dcache_bank_dataSram0_blk_mem_gen_prim_width__parameterized30
INFO: [VRFC 10-311] analyzing module Dcache_bank_dataSram0_blk_mem_gen_prim_width__parameterized4
INFO: [VRFC 10-311] analyzing module Dcache_bank_dataSram0_blk_mem_gen_prim_width__parameterized5
INFO: [VRFC 10-311] analyzing module Dcache_bank_dataSram0_blk_mem_gen_prim_width__parameterized6
INFO: [VRFC 10-311] analyzing module Dcache_bank_dataSram0_blk_mem_gen_prim_width__parameterized7
INFO: [VRFC 10-311] analyzing module Dcache_bank_dataSram0_blk_mem_gen_prim_width__parameterized8
INFO: [VRFC 10-311] analyzing module Dcache_bank_dataSram0_blk_mem_gen_prim_width__parameterized9
INFO: [VRFC 10-311] analyzing module Dcache_bank_dataSram0_blk_mem_gen_prim_wrapper_init
INFO: [VRFC 10-311] analyzing module Dcache_bank_dataSram0_blk_mem_gen_prim_wrapper_init__parameterized0
INFO: [VRFC 10-311] analyzing module Dcache_bank_dataSram0_blk_mem_gen_prim_wrapper_init__parameterized1
INFO: [VRFC 10-311] analyzing module Dcache_bank_dataSram0_blk_mem_gen_prim_wrapper_init__parameterized10
INFO: [VRFC 10-311] analyzing module Dcache_bank_dataSram0_blk_mem_gen_prim_wrapper_init__parameterized11
INFO: [VRFC 10-311] analyzing module Dcache_bank_dataSram0_blk_mem_gen_prim_wrapper_init__parameterized12
INFO: [VRFC 10-311] analyzing module Dcache_bank_dataSram0_blk_mem_gen_prim_wrapper_init__parameterized13
INFO: [VRFC 10-311] analyzing module Dcache_bank_dataSram0_blk_mem_gen_prim_wrapper_init__parameterized14
INFO: [VRFC 10-311] analyzing module Dcache_bank_dataSram0_blk_mem_gen_prim_wrapper_init__parameterized15
INFO: [VRFC 10-311] analyzing module Dcache_bank_dataSram0_blk_mem_gen_prim_wrapper_init__parameterized16
INFO: [VRFC 10-311] analyzing module Dcache_bank_dataSram0_blk_mem_gen_prim_wrapper_init__parameterized17
INFO: [VRFC 10-311] analyzing module Dcache_bank_dataSram0_blk_mem_gen_prim_wrapper_init__parameterized18
INFO: [VRFC 10-311] analyzing module Dcache_bank_dataSram0_blk_mem_gen_prim_wrapper_init__parameterized19
INFO: [VRFC 10-311] analyzing module Dcache_bank_dataSram0_blk_mem_gen_prim_wrapper_init__parameterized2
INFO: [VRFC 10-311] analyzing module Dcache_bank_dataSram0_blk_mem_gen_prim_wrapper_init__parameterized20
INFO: [VRFC 10-311] analyzing module Dcache_bank_dataSram0_blk_mem_gen_prim_wrapper_init__parameterized21
INFO: [VRFC 10-311] analyzing module Dcache_bank_dataSram0_blk_mem_gen_prim_wrapper_init__parameterized22
INFO: [VRFC 10-311] analyzing module Dcache_bank_dataSram0_blk_mem_gen_prim_wrapper_init__parameterized23
INFO: [VRFC 10-311] analyzing module Dcache_bank_dataSram0_blk_mem_gen_prim_wrapper_init__parameterized24
INFO: [VRFC 10-311] analyzing module Dcache_bank_dataSram0_blk_mem_gen_prim_wrapper_init__parameterized25
INFO: [VRFC 10-311] analyzing module Dcache_bank_dataSram0_blk_mem_gen_prim_wrapper_init__parameterized26
INFO: [VRFC 10-311] analyzing module Dcache_bank_dataSram0_blk_mem_gen_prim_wrapper_init__parameterized27
INFO: [VRFC 10-311] analyzing module Dcache_bank_dataSram0_blk_mem_gen_prim_wrapper_init__parameterized28
INFO: [VRFC 10-311] analyzing module Dcache_bank_dataSram0_blk_mem_gen_prim_wrapper_init__parameterized29
INFO: [VRFC 10-311] analyzing module Dcache_bank_dataSram0_blk_mem_gen_prim_wrapper_init__parameterized3
INFO: [VRFC 10-311] analyzing module Dcache_bank_dataSram0_blk_mem_gen_prim_wrapper_init__parameterized30
INFO: [VRFC 10-311] analyzing module Dcache_bank_dataSram0_blk_mem_gen_prim_wrapper_init__parameterized4
INFO: [VRFC 10-311] analyzing module Dcache_bank_dataSram0_blk_mem_gen_prim_wrapper_init__parameterized5
INFO: [VRFC 10-311] analyzing module Dcache_bank_dataSram0_blk_mem_gen_prim_wrapper_init__parameterized6
INFO: [VRFC 10-311] analyzing module Dcache_bank_dataSram0_blk_mem_gen_prim_wrapper_init__parameterized7
INFO: [VRFC 10-311] analyzing module Dcache_bank_dataSram0_blk_mem_gen_prim_wrapper_init__parameterized8
INFO: [VRFC 10-311] analyzing module Dcache_bank_dataSram0_blk_mem_gen_prim_wrapper_init__parameterized9
INFO: [VRFC 10-311] analyzing module Dcache_bank_dataSram0_blk_mem_gen_top
INFO: [VRFC 10-311] analyzing module Dcache_bank_dataSram0_blk_mem_gen_v8_4_3
INFO: [VRFC 10-311] analyzing module Dcache_bank_dataSram0_blk_mem_gen_v8_4_3_synth
INFO: [VRFC 10-311] analyzing module Dcache_bank_dataSram1_blk_mem_gen_generic_cstr
INFO: [VRFC 10-311] analyzing module Dcache_bank_dataSram1_blk_mem_gen_prim_width
INFO: [VRFC 10-311] analyzing module Dcache_bank_dataSram1_blk_mem_gen_prim_width__parameterized0
INFO: [VRFC 10-311] analyzing module Dcache_bank_dataSram1_blk_mem_gen_prim_width__parameterized1
INFO: [VRFC 10-311] analyzing module Dcache_bank_dataSram1_blk_mem_gen_prim_width__parameterized10
INFO: [VRFC 10-311] analyzing module Dcache_bank_dataSram1_blk_mem_gen_prim_width__parameterized11
INFO: [VRFC 10-311] analyzing module Dcache_bank_dataSram1_blk_mem_gen_prim_width__parameterized12
INFO: [VRFC 10-311] analyzing module Dcache_bank_dataSram1_blk_mem_gen_prim_width__parameterized13
INFO: [VRFC 10-311] analyzing module Dcache_bank_dataSram1_blk_mem_gen_prim_width__parameterized14
INFO: [VRFC 10-311] analyzing module Dcache_bank_dataSram1_blk_mem_gen_prim_width__parameterized15
INFO: [VRFC 10-311] analyzing module Dcache_bank_dataSram1_blk_mem_gen_prim_width__parameterized16
INFO: [VRFC 10-311] analyzing module Dcache_bank_dataSram1_blk_mem_gen_prim_width__parameterized17
INFO: [VRFC 10-311] analyzing module Dcache_bank_dataSram1_blk_mem_gen_prim_width__parameterized18
INFO: [VRFC 10-311] analyzing module Dcache_bank_dataSram1_blk_mem_gen_prim_width__parameterized19
INFO: [VRFC 10-311] analyzing module Dcache_bank_dataSram1_blk_mem_gen_prim_width__parameterized2
INFO: [VRFC 10-311] analyzing module Dcache_bank_dataSram1_blk_mem_gen_prim_width__parameterized20
INFO: [VRFC 10-311] analyzing module Dcache_bank_dataSram1_blk_mem_gen_prim_width__parameterized21
INFO: [VRFC 10-311] analyzing module Dcache_bank_dataSram1_blk_mem_gen_prim_width__parameterized22
INFO: [VRFC 10-311] analyzing module Dcache_bank_dataSram1_blk_mem_gen_prim_width__parameterized23
INFO: [VRFC 10-311] analyzing module Dcache_bank_dataSram1_blk_mem_gen_prim_width__parameterized24
INFO: [VRFC 10-311] analyzing module Dcache_bank_dataSram1_blk_mem_gen_prim_width__parameterized25
INFO: [VRFC 10-311] analyzing module Dcache_bank_dataSram1_blk_mem_gen_prim_width__parameterized26
INFO: [VRFC 10-311] analyzing module Dcache_bank_dataSram1_blk_mem_gen_prim_width__parameterized27
INFO: [VRFC 10-311] analyzing module Dcache_bank_dataSram1_blk_mem_gen_prim_width__parameterized28
INFO: [VRFC 10-311] analyzing module Dcache_bank_dataSram1_blk_mem_gen_prim_width__parameterized29
INFO: [VRFC 10-311] analyzing module Dcache_bank_dataSram1_blk_mem_gen_prim_width__parameterized3
INFO: [VRFC 10-311] analyzing module Dcache_bank_dataSram1_blk_mem_gen_prim_width__parameterized30
INFO: [VRFC 10-311] analyzing module Dcache_bank_dataSram1_blk_mem_gen_prim_width__parameterized4
INFO: [VRFC 10-311] analyzing module Dcache_bank_dataSram1_blk_mem_gen_prim_width__parameterized5
INFO: [VRFC 10-311] analyzing module Dcache_bank_dataSram1_blk_mem_gen_prim_width__parameterized6
INFO: [VRFC 10-311] analyzing module Dcache_bank_dataSram1_blk_mem_gen_prim_width__parameterized7
INFO: [VRFC 10-311] analyzing module Dcache_bank_dataSram1_blk_mem_gen_prim_width__parameterized8
INFO: [VRFC 10-311] analyzing module Dcache_bank_dataSram1_blk_mem_gen_prim_width__parameterized9
INFO: [VRFC 10-311] analyzing module Dcache_bank_dataSram1_blk_mem_gen_prim_wrapper_init
INFO: [VRFC 10-311] analyzing module Dcache_bank_dataSram1_blk_mem_gen_prim_wrapper_init__parameterized0
INFO: [VRFC 10-311] analyzing module Dcache_bank_dataSram1_blk_mem_gen_prim_wrapper_init__parameterized1
INFO: [VRFC 10-311] analyzing module Dcache_bank_dataSram1_blk_mem_gen_prim_wrapper_init__parameterized10
INFO: [VRFC 10-311] analyzing module Dcache_bank_dataSram1_blk_mem_gen_prim_wrapper_init__parameterized11
INFO: [VRFC 10-311] analyzing module Dcache_bank_dataSram1_blk_mem_gen_prim_wrapper_init__parameterized12
INFO: [VRFC 10-311] analyzing module Dcache_bank_dataSram1_blk_mem_gen_prim_wrapper_init__parameterized13
INFO: [VRFC 10-311] analyzing module Dcache_bank_dataSram1_blk_mem_gen_prim_wrapper_init__parameterized14
INFO: [VRFC 10-311] analyzing module Dcache_bank_dataSram1_blk_mem_gen_prim_wrapper_init__parameterized15
INFO: [VRFC 10-311] analyzing module Dcache_bank_dataSram1_blk_mem_gen_prim_wrapper_init__parameterized16
INFO: [VRFC 10-311] analyzing module Dcache_bank_dataSram1_blk_mem_gen_prim_wrapper_init__parameterized17
INFO: [VRFC 10-311] analyzing module Dcache_bank_dataSram1_blk_mem_gen_prim_wrapper_init__parameterized18
INFO: [VRFC 10-311] analyzing module Dcache_bank_dataSram1_blk_mem_gen_prim_wrapper_init__parameterized19
INFO: [VRFC 10-311] analyzing module Dcache_bank_dataSram1_blk_mem_gen_prim_wrapper_init__parameterized2
INFO: [VRFC 10-311] analyzing module Dcache_bank_dataSram1_blk_mem_gen_prim_wrapper_init__parameterized20
INFO: [VRFC 10-311] analyzing module Dcache_bank_dataSram1_blk_mem_gen_prim_wrapper_init__parameterized21
INFO: [VRFC 10-311] analyzing module Dcache_bank_dataSram1_blk_mem_gen_prim_wrapper_init__parameterized22
INFO: [VRFC 10-311] analyzing module Dcache_bank_dataSram1_blk_mem_gen_prim_wrapper_init__parameterized23
INFO: [VRFC 10-311] analyzing module Dcache_bank_dataSram1_blk_mem_gen_prim_wrapper_init__parameterized24
INFO: [VRFC 10-311] analyzing module Dcache_bank_dataSram1_blk_mem_gen_prim_wrapper_init__parameterized25
INFO: [VRFC 10-311] analyzing module Dcache_bank_dataSram1_blk_mem_gen_prim_wrapper_init__parameterized26
INFO: [VRFC 10-311] analyzing module Dcache_bank_dataSram1_blk_mem_gen_prim_wrapper_init__parameterized27
INFO: [VRFC 10-311] analyzing module Dcache_bank_dataSram1_blk_mem_gen_prim_wrapper_init__parameterized28
INFO: [VRFC 10-311] analyzing module Dcache_bank_dataSram1_blk_mem_gen_prim_wrapper_init__parameterized29
INFO: [VRFC 10-311] analyzing module Dcache_bank_dataSram1_blk_mem_gen_prim_wrapper_init__parameterized3
INFO: [VRFC 10-311] analyzing module Dcache_bank_dataSram1_blk_mem_gen_prim_wrapper_init__parameterized30
INFO: [VRFC 10-311] analyzing module Dcache_bank_dataSram1_blk_mem_gen_prim_wrapper_init__parameterized4
INFO: [VRFC 10-311] analyzing module Dcache_bank_dataSram1_blk_mem_gen_prim_wrapper_init__parameterized5
INFO: [VRFC 10-311] analyzing module Dcache_bank_dataSram1_blk_mem_gen_prim_wrapper_init__parameterized6
INFO: [VRFC 10-311] analyzing module Dcache_bank_dataSram1_blk_mem_gen_prim_wrapper_init__parameterized7
INFO: [VRFC 10-311] analyzing module Dcache_bank_dataSram1_blk_mem_gen_prim_wrapper_init__parameterized8
INFO: [VRFC 10-311] analyzing module Dcache_bank_dataSram1_blk_mem_gen_prim_wrapper_init__parameterized9
INFO: [VRFC 10-311] analyzing module Dcache_bank_dataSram1_blk_mem_gen_top
INFO: [VRFC 10-311] analyzing module Dcache_bank_dataSram1_blk_mem_gen_v8_4_3
INFO: [VRFC 10-311] analyzing module Dcache_bank_dataSram1_blk_mem_gen_v8_4_3_synth
INFO: [VRFC 10-311] analyzing module Dcache_bank_tagSRAM_blk_mem_gen_generic_cstr
INFO: [VRFC 10-311] analyzing module Dcache_bank_tagSRAM_blk_mem_gen_prim_width
INFO: [VRFC 10-311] analyzing module Dcache_bank_tagSRAM_blk_mem_gen_prim_width__parameterized0
INFO: [VRFC 10-311] analyzing module Dcache_bank_tagSRAM_blk_mem_gen_prim_width__parameterized1
INFO: [VRFC 10-311] analyzing module Dcache_bank_tagSRAM_blk_mem_gen_prim_width__parameterized2
INFO: [VRFC 10-311] analyzing module Dcache_bank_tagSRAM_blk_mem_gen_prim_width__parameterized3
INFO: [VRFC 10-311] analyzing module Dcache_bank_tagSRAM_blk_mem_gen_prim_width__parameterized4
INFO: [VRFC 10-311] analyzing module Dcache_bank_tagSRAM_blk_mem_gen_prim_wrapper_init
INFO: [VRFC 10-311] analyzing module Dcache_bank_tagSRAM_blk_mem_gen_prim_wrapper_init__parameterized0
INFO: [VRFC 10-311] analyzing module Dcache_bank_tagSRAM_blk_mem_gen_prim_wrapper_init__parameterized1
INFO: [VRFC 10-311] analyzing module Dcache_bank_tagSRAM_blk_mem_gen_prim_wrapper_init__parameterized2
INFO: [VRFC 10-311] analyzing module Dcache_bank_tagSRAM_blk_mem_gen_prim_wrapper_init__parameterized3
INFO: [VRFC 10-311] analyzing module Dcache_bank_tagSRAM_blk_mem_gen_prim_wrapper_init__parameterized4
INFO: [VRFC 10-311] analyzing module Dcache_bank_tagSRAM_blk_mem_gen_top
INFO: [VRFC 10-311] analyzing module Dcache_bank_tagSRAM_blk_mem_gen_v8_4_3
INFO: [VRFC 10-311] analyzing module Dcache_bank_tagSRAM_blk_mem_gen_v8_4_3_synth
INFO: [VRFC 10-311] analyzing module glbl
INFO: [VRFC 10-2263] Analyzing Verilog file "D:/github/memory_system/memory_system.srcs/sim_1/new/replace_fifo_buffer_tb.v" into library xil_defaultlib
INFO: [VRFC 10-311] analyzing module replace_fifo_buffer_tb
INFO: [VRFC 10-2263] Analyzing Verilog file "D:/github/memory_system/memory_system.srcs/sim_1/new/Icache_tb.v" into library xil_defaultlib
INFO: [VRFC 10-311] analyzing module Icache_tb
INFO: [VRFC 10-2263] Analyzing Verilog file "D:/github/memory_system/memory_system.srcs/sim_1/new/Dcache_D_V_buffer_tb.v" into library xil_defaultlib
INFO: [VRFC 10-311] analyzing module Dcache_D_V_buffer_tb
INFO: [VRFC 10-2263] Analyzing Verilog file "D:/github/memory_system/memory_system.srcs/sim_1/new/Dcache_tb.v" into library xil_defaultlib
INFO: [VRFC 10-311] analyzing module Dcache_tb
