# do {Dcache_tb_compile.do}
# ** Warning: (vlib-34) Library already exists at "modelsim_lib/work".
# ** Warning: (vlib-34) Library already exists at "modelsim_lib/msim".
# ** Warning: (vlib-34) Library already exists at "modelsim_lib/msim/xil_defaultlib".
# Model Technology ModelSim SE-64 vmap 10.7 Lib Mapping Utility 2017.12 Dec  7 2017
# vmap xil_defaultlib modelsim_lib/msim/xil_defaultlib 
# Modifying D:\Xilinx\Xlib\modelsim.ini
# ** Warning: (vlog-159) Mode option -64 is not supported in this context and will be ignored.
# Model Technology ModelSim SE-64 vlog 10.7 Compiler 2017.12 Dec  7 2017
# Start time: 11:23:50 on Aug 03,2024
# vlog -64 -incr -work xil_defaultlib ../../../../memory_system.srcs/sources_1/ip/Icache_SRAM_bank/sim/Icache_SRAM_bank.v ../../../../memory_system.srcs/sources_1/ip/Dcache_bank_dataSram0/sim/Dcache_bank_dataSram0.v ../../../../memory_system.srcs/sources_1/ip/Dcache_bank_dataSram1/sim/Dcache_bank_dataSram1.v ../../../../memory_system.srcs/sources_1/ip/Dcache_bank_tagSRAM/sim/Dcache_bank_tagSRAM.v ../../../../memory_system.srcs/sources_1/new/replace_fifo_buffer.v ../../../../memory_system.srcs/sources_1/new/control/cFifo2.v ../../../../memory_system.srcs/sources_1/new/control/cMutexMerge2_35b.v ../../../../memory_system.srcs/sources_1/new/control/cSelector2.v ../../../../memory_system.srcs/sources_1/new/control/cSplitter2.v ../../../../memory_system.srcs/sources_1/new/control/contTap.v ../../../../memory_system.srcs/sources_1/new/control/delay/delay1U.v ../../../../memory_system.srcs/sources_1/new/control/delay/delay1Unit.v ../../../../memory_system.srcs/sources_1/new/control/delay/delay2U.v ../../../../memory_system.srcs/sources_1/new/control/receiver.v ../../../../memory_system.srcs/sources_1/new/control/relay.v ../../../../memory_system.srcs/sources_1/new/control/sender.v ../../../../memory_system.srcs/sources_1/new/Icache.v ../../../../memory_system.srcs/sources_1/new/control/cFifo1.v ../../../../memory_system.srcs/sources_1/new/CacheTop.v ../../../../memory_system.srcs/sources_1/new/Dcache.v ../../../../memory_system.srcs/sources_1/new/L2Cache.v ../../../../memory_system.srcs/sources_1/new/control/delay/delay2Unit.v ../../../../memory_system.srcs/sources_1/new/control/pmtRelay.v ../../../../memory_system.srcs/sources_1/new/control/cMutexMerge2_1b.v ../../../../memory_system.srcs/sources_1/new/tag_compare.v ../../../../memory_system.srcs/sources_1/new/control/cPmtFifo2.v ../../../../memory_system.srcs/sources_1/new/control/cMutexMerge6_outpmt_6b.v ../../../../memory_system.srcs/sources_1/new/Dcache_D_V_buffer.v ../../../../memory_system.srcs/sources_1/new/Dcache_plru_buffer.v ../../../../memory_system.srcs/sources_1/new/control/cSelector5.v ../../../../memory_system.srcs/sources_1/new/dcache_plru_evict.v ../../../../memory_system.srcs/sources_1/new/control/cSelector5_fire2.v ../../../../memory_system.srcs/sources_1/new/control/cWaitMerge2_2b.v ../../../../memory_system.srcs/sources_1/new/dcache_tag_compare.v ../../../../memory_system.srcs/sources_1/new/control/cPmtFifo1.v ../../../../memory_system.srcs/sources_1/new/control/cArbMerge2_6b.v ../../../../memory_system.srcs/sources_1/new/control/cSelector6.v ../../../../memory_system.srcs/sources_1/new/control/cMutexMerge4_38b.v ../../../../memory_system.srcs/sources_1/new/control/cSelector4.v ../../../../memory_system.srcs/sources_1/new/control/cMutexMerge3_5b.v ../../../../memory_system.srcs/sources_1/new/control/cMutexMerge2_5b.v ../../../../memory_system.srcs/sources_1/new/control/cArbMerge2_5b.v ../../../../memory_system.srcs/sources_1/new/control/cSelector8.v ../../../../memory_system.srcs/sources_1/new/control/cArbMerge8_8b.v ../../../../memory_system.srcs/sim_1/new/replace_fifo_buffer_tb.v ../../../../memory_system.srcs/sim_1/new/Icache_tb.v ../../../../memory_system.srcs/sim_1/new/Dcache_D_V_buffer_tb.v ../../../../memory_system.srcs/sim_1/new/Dcache_tb.v 
# -- Skipping module Icache_SRAM_bank
# -- Skipping module Dcache_bank_dataSram0
# -- Skipping module Dcache_bank_dataSram1
# -- Skipping module Dcache_bank_tagSRAM
# -- Skipping module replace_fifo_buffer
# -- Skipping module cFifo2
# -- Skipping module cMutexMerge2_35b
# -- Skipping module cSelector2
# -- Skipping module cSplitter2
# -- Skipping module contTap
# -- Skipping module delay1U
# -- Skipping module delay1Unit
# -- Skipping module delay2U
# -- Skipping module receiver
# -- Skipping module relay
# -- Skipping module sender
# -- Skipping module Icache
# -- Skipping module cFifo1
# -- Skipping module CacheTop
# -- Skipping module Dcache
# -- Skipping module L2Cache
# -- Skipping module delay2Unit
# -- Skipping module pmtRelay
# -- Skipping module cMutexMerge2_1b
# -- Skipping module tag_compare
# -- Skipping module cPmtFifo2
# -- Skipping module cMutexMerge6_outpmt_6b
# -- Skipping module Dcache_D_V_buffer
# -- Skipping module Dcache_plru_buffer
# -- Skipping module cSelector5
# -- Skipping module dcache_plru_evict
# -- Skipping module cSelector5_fire2
# -- Skipping module cWaitMerge2_2b
# -- Skipping module dcache_tag_compare
# -- Skipping module cPmtFifo1
# -- Skipping module cArbMerge2_6b
# -- Skipping module cSelector6
# -- Skipping module cMutexMerge4_38b
# -- Skipping module cSelector4
# -- Skipping module cMutexMerge3_5b
# -- Skipping module cMutexMerge2_5b
# -- Skipping module cArbMerge2_5b
# -- Skipping module cSelector8
# -- Skipping module cArbMerge8_8b
# -- Skipping module replace_fifo_buffer_tb
# -- Skipping module Icache_tb
# -- Skipping module Dcache_D_V_buffer_tb
# -- Compiling module Dcache_tb
# 
# Top level modules:
# 	CacheTop
# 	delay2Unit
# 	cSelector5
# 	cSelector4
# 	cArbMerge2_5b
# 	replace_fifo_buffer_tb
# 	Icache_tb
# 	Dcache_D_V_buffer_tb
# 	Dcache_tb
# End time: 11:23:50 on Aug 03,2024, Elapsed time: 0:00:00
# Errors: 0, Warnings: 1
# Model Technology ModelSim SE-64 vlog 10.7 Compiler 2017.12 Dec  7 2017
# Start time: 11:23:52 on Aug 03,2024
# vlog -work xil_defaultlib glbl.v 
# -- Compiling module glbl
# 
# Top level modules:
# 	glbl
# End time: 11:23:52 on Aug 03,2024, Elapsed time: 0:00:00
# Errors: 0, Warnings: 0
