#! /usr/local/iverilog/bin/vvp
:ivl_version "11.0 (devel)" "(s20150603-642-g3bdb50da)";
:ivl_delay_selection "TYPICAL";
:vpi_time_precision - 12;
:vpi_module "system";
:vpi_module "vhdl_sys";
:vpi_module "vhdl_textio";
:vpi_module "v2005_math";
:vpi_module "va_math";
S_00000000011d7a90 .scope module, "Dcache_D_V_buffer" "Dcache_D_V_buffer" 2 23;
 .timescale -9 -12;
    .port_info 0 /INPUT 1 "rst";
    .port_info 1 /INPUT 1 "fire";
    .port_info 2 /INPUT 8 "i_D_V_buffer_addr_8";
    .port_info 3 /INPUT 1 "i_D_V_write_enable";
    .port_info 4 /INPUT 2 "i_data_in_2";
    .port_info 5 /OUTPUT 16 "o_w_data_out_16";
L_00000000010532a0 .functor BUFZ 16, L_00000000010529c0, C4<0000000000000000>, C4<0000000000000000>, C4<0000000000000000>;
v00000000011d7c20 .array "D_V_buffer", 0 31, 15 0;
v00000000011d7cc0_0 .net *"_s0", 15 0, L_00000000010529c0;  1 drivers
v00000000011d7d60_0 .net *"_s3", 4 0, L_0000000001052f60;  1 drivers
v00000000011d7e00_0 .net *"_s4", 6 0, L_00000000010524c0;  1 drivers
L_00000000010a8028 .functor BUFT 1, C4<00>, C4<0>, C4<0>, C4<0>;
v0000000001051e30_0 .net *"_s7", 1 0, L_00000000010a8028;  1 drivers
o000000000105f058 .functor BUFZ 1, C4<z>; HiZ drive
v0000000001051ed0_0 .net "fire", 0 0, o000000000105f058;  0 drivers
o000000000105f088 .functor BUFZ 8, C4<zzzzzzzz>; HiZ drive
v0000000001051f70_0 .net "i_D_V_buffer_addr_8", 7 0, o000000000105f088;  0 drivers
o000000000105f0b8 .functor BUFZ 1, C4<z>; HiZ drive
v0000000001052010_0 .net "i_D_V_write_enable", 0 0, o000000000105f0b8;  0 drivers
o000000000105f0e8 .functor BUFZ 2, C4<zz>; HiZ drive
v00000000010520b0_0 .net "i_data_in_2", 1 0, o000000000105f0e8;  0 drivers
v0000000001052150_0 .net "o_w_data_out_16", 15 0, L_00000000010532a0;  1 drivers
o000000000105f148 .functor BUFZ 1, C4<z>; HiZ drive
v00000000010521f0_0 .net "rst", 0 0, o000000000105f148;  0 drivers
E_0000000001046fe0/0 .event negedge, v00000000010521f0_0;
E_0000000001046fe0/1 .event posedge, v0000000001051ed0_0;
E_0000000001046fe0 .event/or E_0000000001046fe0/0, E_0000000001046fe0/1;
L_00000000010529c0 .array/port v00000000011d7c20, L_00000000010524c0;
L_0000000001052f60 .part o000000000105f088, 3, 5;
L_00000000010524c0 .concat [ 5 2 0 0], L_0000000001052f60, L_00000000010a8028;
    .scope S_00000000011d7a90;
T_0 ;
    %wait E_0000000001046fe0;
    %load/vec4 v00000000010521f0_0;
    %pad/u 32;
    %cmpi/e 0, 0, 32;
    %jmp/0xz  T_0.0, 4;
    %pushi/vec4 0, 0, 16;
    %ix/load 3, 0, 0;
    %flag_set/imm 4, 0;
    %ix/load 4, 0, 0; Constant delay
    %assign/vec4/a/d v00000000011d7c20, 0, 4;
    %pushi/vec4 0, 0, 16;
    %ix/load 3, 1, 0;
    %flag_set/imm 4, 0;
    %ix/load 4, 0, 0; Constant delay
    %assign/vec4/a/d v00000000011d7c20, 0, 4;
    %pushi/vec4 0, 0, 16;
    %ix/load 3, 2, 0;
    %flag_set/imm 4, 0;
    %ix/load 4, 0, 0; Constant delay
    %assign/vec4/a/d v00000000011d7c20, 0, 4;
    %pushi/vec4 0, 0, 16;
    %ix/load 3, 3, 0;
    %flag_set/imm 4, 0;
    %ix/load 4, 0, 0; Constant delay
    %assign/vec4/a/d v00000000011d7c20, 0, 4;
    %pushi/vec4 0, 0, 16;
    %ix/load 3, 4, 0;
    %flag_set/imm 4, 0;
    %ix/load 4, 0, 0; Constant delay
    %assign/vec4/a/d v00000000011d7c20, 0, 4;
    %pushi/vec4 0, 0, 16;
    %ix/load 3, 5, 0;
    %flag_set/imm 4, 0;
    %ix/load 4, 0, 0; Constant delay
    %assign/vec4/a/d v00000000011d7c20, 0, 4;
    %pushi/vec4 0, 0, 16;
    %ix/load 3, 6, 0;
    %flag_set/imm 4, 0;
    %ix/load 4, 0, 0; Constant delay
    %assign/vec4/a/d v00000000011d7c20, 0, 4;
    %pushi/vec4 0, 0, 16;
    %ix/load 3, 7, 0;
    %flag_set/imm 4, 0;
    %ix/load 4, 0, 0; Constant delay
    %assign/vec4/a/d v00000000011d7c20, 0, 4;
    %pushi/vec4 0, 0, 16;
    %ix/load 3, 8, 0;
    %flag_set/imm 4, 0;
    %ix/load 4, 0, 0; Constant delay
    %assign/vec4/a/d v00000000011d7c20, 0, 4;
    %pushi/vec4 0, 0, 16;
    %ix/load 3, 9, 0;
    %flag_set/imm 4, 0;
    %ix/load 4, 0, 0; Constant delay
    %assign/vec4/a/d v00000000011d7c20, 0, 4;
    %pushi/vec4 0, 0, 16;
    %ix/load 3, 10, 0;
    %flag_set/imm 4, 0;
    %ix/load 4, 0, 0; Constant delay
    %assign/vec4/a/d v00000000011d7c20, 0, 4;
    %pushi/vec4 0, 0, 16;
    %ix/load 3, 11, 0;
    %flag_set/imm 4, 0;
    %ix/load 4, 0, 0; Constant delay
    %assign/vec4/a/d v00000000011d7c20, 0, 4;
    %pushi/vec4 0, 0, 16;
    %ix/load 3, 12, 0;
    %flag_set/imm 4, 0;
    %ix/load 4, 0, 0; Constant delay
    %assign/vec4/a/d v00000000011d7c20, 0, 4;
    %pushi/vec4 0, 0, 16;
    %ix/load 3, 13, 0;
    %flag_set/imm 4, 0;
    %ix/load 4, 0, 0; Constant delay
    %assign/vec4/a/d v00000000011d7c20, 0, 4;
    %pushi/vec4 0, 0, 16;
    %ix/load 3, 14, 0;
    %flag_set/imm 4, 0;
    %ix/load 4, 0, 0; Constant delay
    %assign/vec4/a/d v00000000011d7c20, 0, 4;
    %pushi/vec4 0, 0, 16;
    %ix/load 3, 15, 0;
    %flag_set/imm 4, 0;
    %ix/load 4, 0, 0; Constant delay
    %assign/vec4/a/d v00000000011d7c20, 0, 4;
    %pushi/vec4 0, 0, 16;
    %ix/load 3, 16, 0;
    %flag_set/imm 4, 0;
    %ix/load 4, 0, 0; Constant delay
    %assign/vec4/a/d v00000000011d7c20, 0, 4;
    %pushi/vec4 0, 0, 16;
    %ix/load 3, 17, 0;
    %flag_set/imm 4, 0;
    %ix/load 4, 0, 0; Constant delay
    %assign/vec4/a/d v00000000011d7c20, 0, 4;
    %pushi/vec4 0, 0, 16;
    %ix/load 3, 18, 0;
    %flag_set/imm 4, 0;
    %ix/load 4, 0, 0; Constant delay
    %assign/vec4/a/d v00000000011d7c20, 0, 4;
    %pushi/vec4 0, 0, 16;
    %ix/load 3, 19, 0;
    %flag_set/imm 4, 0;
    %ix/load 4, 0, 0; Constant delay
    %assign/vec4/a/d v00000000011d7c20, 0, 4;
    %pushi/vec4 0, 0, 16;
    %ix/load 3, 20, 0;
    %flag_set/imm 4, 0;
    %ix/load 4, 0, 0; Constant delay
    %assign/vec4/a/d v00000000011d7c20, 0, 4;
    %pushi/vec4 0, 0, 16;
    %ix/load 3, 21, 0;
    %flag_set/imm 4, 0;
    %ix/load 4, 0, 0; Constant delay
    %assign/vec4/a/d v00000000011d7c20, 0, 4;
    %pushi/vec4 0, 0, 16;
    %ix/load 3, 22, 0;
    %flag_set/imm 4, 0;
    %ix/load 4, 0, 0; Constant delay
    %assign/vec4/a/d v00000000011d7c20, 0, 4;
    %pushi/vec4 0, 0, 16;
    %ix/load 3, 23, 0;
    %flag_set/imm 4, 0;
    %ix/load 4, 0, 0; Constant delay
    %assign/vec4/a/d v00000000011d7c20, 0, 4;
    %pushi/vec4 0, 0, 16;
    %ix/load 3, 24, 0;
    %flag_set/imm 4, 0;
    %ix/load 4, 0, 0; Constant delay
    %assign/vec4/a/d v00000000011d7c20, 0, 4;
    %pushi/vec4 0, 0, 16;
    %ix/load 3, 25, 0;
    %flag_set/imm 4, 0;
    %ix/load 4, 0, 0; Constant delay
    %assign/vec4/a/d v00000000011d7c20, 0, 4;
    %pushi/vec4 0, 0, 16;
    %ix/load 3, 26, 0;
    %flag_set/imm 4, 0;
    %ix/load 4, 0, 0; Constant delay
    %assign/vec4/a/d v00000000011d7c20, 0, 4;
    %pushi/vec4 0, 0, 16;
    %ix/load 3, 27, 0;
    %flag_set/imm 4, 0;
    %ix/load 4, 0, 0; Constant delay
    %assign/vec4/a/d v00000000011d7c20, 0, 4;
    %pushi/vec4 0, 0, 16;
    %ix/load 3, 28, 0;
    %flag_set/imm 4, 0;
    %ix/load 4, 0, 0; Constant delay
    %assign/vec4/a/d v00000000011d7c20, 0, 4;
    %pushi/vec4 0, 0, 16;
    %ix/load 3, 29, 0;
    %flag_set/imm 4, 0;
    %ix/load 4, 0, 0; Constant delay
    %assign/vec4/a/d v00000000011d7c20, 0, 4;
    %pushi/vec4 0, 0, 16;
    %ix/load 3, 30, 0;
    %flag_set/imm 4, 0;
    %ix/load 4, 0, 0; Constant delay
    %assign/vec4/a/d v00000000011d7c20, 0, 4;
    %pushi/vec4 0, 0, 16;
    %ix/load 3, 31, 0;
    %flag_set/imm 4, 0;
    %ix/load 4, 0, 0; Constant delay
    %assign/vec4/a/d v00000000011d7c20, 0, 4;
    %jmp T_0.1;
T_0.0 ;
    %load/vec4 v0000000001052010_0;
    %cmpi/e 1, 0, 1;
    %jmp/0xz  T_0.2, 4;
    %load/vec4 v00000000010520b0_0;
    %parti/s 1, 1, 2;
    %load/vec4 v0000000001051f70_0;
    %parti/s 5, 3, 3;
    %pad/u 7;
    %ix/vec4 4;
    %flag_mov 8, 4;
    %load/vec4 v0000000001051f70_0;
    %parti/s 3, 0, 2;
    %concati/vec4 1, 0, 1;
    %ix/vec4 5;
    %flag_or 8, 4;
    %ix/load 6, 0, 0; Constant delay
    %ix/mov 3, 4;
    %flag_mov 4, 8;
    %assign/vec4/a/d v00000000011d7c20, 5, 6;
    %load/vec4 v00000000010520b0_0;
    %parti/s 1, 0, 2;
    %load/vec4 v0000000001051f70_0;
    %parti/s 5, 3, 3;
    %pad/u 7;
    %ix/vec4 4;
    %flag_mov 8, 4;
    %load/vec4 v0000000001051f70_0;
    %parti/s 3, 0, 2;
    %concati/vec4 0, 0, 1;
    %ix/vec4 5;
    %flag_or 8, 4;
    %ix/load 6, 0, 0; Constant delay
    %ix/mov 3, 4;
    %flag_mov 4, 8;
    %assign/vec4/a/d v00000000011d7c20, 5, 6;
    %jmp T_0.3;
T_0.2 ;
    %load/vec4 v0000000001051f70_0;
    %parti/s 5, 3, 3;
    %pad/u 7;
    %ix/vec4 4;
    %load/vec4a v00000000011d7c20, 4;
    %load/vec4 v0000000001051f70_0;
    %parti/s 3, 0, 2;
    %concati/vec4 1, 0, 1;
    %part/u 1;
    %load/vec4 v0000000001051f70_0;
    %parti/s 5, 3, 3;
    %pad/u 7;
    %ix/vec4 4;
    %flag_mov 8, 4;
    %load/vec4 v0000000001051f70_0;
    %parti/s 3, 0, 2;
    %concati/vec4 1, 0, 1;
    %ix/vec4 5;
    %flag_or 8, 4;
    %ix/load 6, 0, 0; Constant delay
    %ix/mov 3, 4;
    %flag_mov 4, 8;
    %assign/vec4/a/d v00000000011d7c20, 5, 6;
    %load/vec4 v0000000001051f70_0;
    %parti/s 5, 3, 3;
    %pad/u 7;
    %ix/vec4 4;
    %load/vec4a v00000000011d7c20, 4;
    %load/vec4 v0000000001051f70_0;
    %parti/s 3, 0, 2;
    %concati/vec4 0, 0, 1;
    %part/u 1;
    %load/vec4 v0000000001051f70_0;
    %parti/s 5, 3, 3;
    %pad/u 7;
    %ix/vec4 4;
    %flag_mov 8, 4;
    %load/vec4 v0000000001051f70_0;
    %parti/s 3, 0, 2;
    %concati/vec4 0, 0, 1;
    %ix/vec4 5;
    %flag_or 8, 4;
    %ix/load 6, 0, 0; Constant delay
    %ix/mov 3, 4;
    %flag_mov 4, 8;
    %assign/vec4/a/d v00000000011d7c20, 5, 6;
T_0.3 ;
T_0.1 ;
    %jmp T_0;
    .thread T_0;
# The file index is used to find the file name in the following table.
:file_names 3;
    "N/A";
    "<interactive>";
    "Dcache_D_V_buffer.v";
