#! /usr/local/iverilog/bin/vvp
:ivl_version "11.0 (devel)" "(s20150603-642-g3bdb50da)";
:ivl_delay_selection "TYPICAL";
:vpi_time_precision - 12;
:vpi_module "system";
:vpi_module "vhdl_sys";
:vpi_module "vhdl_textio";
:vpi_module "v2005_math";
:vpi_module "va_math";
S_00000000008be0e0 .scope module, "replace_fifo_buffer" "replace_fifo_buffer" 2 23;
 .timescale -9 -12;
    .port_info 0 /INPUT 1 "rst";
    .port_info 1 /INPUT 1 "fire";
    .port_info 2 /INPUT 9 "i_replace_fifo_buffer_addr_9";
    .port_info 3 /INPUT 1 "i_replace_fifo_buffer_write_enable";
    .port_info 4 /INPUT 1 "i_data_in";
    .port_info 5 /OUTPUT 1 "o_data_out";
v00000000008be2e0 .array "fifo_buffer", 0 31, 15 0;
o000000000090afd8 .functor BUFZ 1, C4<z>; HiZ drive
v00000000008bd370_0 .net "fire", 0 0, o000000000090afd8;  0 drivers
o000000000090b008 .functor BUFZ 1, C4<z>; HiZ drive
v00000000008bdc20_0 .net "i_data_in", 0 0, o000000000090b008;  0 drivers
o000000000090b038 .functor BUFZ 9, C4<zzzzzzzzz>; HiZ drive
v00000000008bdcc0_0 .net "i_replace_fifo_buffer_addr_9", 8 0, o000000000090b038;  0 drivers
o000000000090b068 .functor BUFZ 1, C4<z>; HiZ drive
v00000000008bdd60_0 .net "i_replace_fifo_buffer_write_enable", 0 0, o000000000090b068;  0 drivers
v00000000008bde00_0 .var "o_data_out", 0 0;
o000000000090b0c8 .functor BUFZ 1, C4<z>; HiZ drive
v00000000008bdea0_0 .net "rst", 0 0, o000000000090b0c8;  0 drivers
E_00000000008ba3c0/0 .event negedge, v00000000008bdea0_0;
E_00000000008ba3c0/1 .event posedge, v00000000008bd370_0;
E_00000000008ba3c0 .event/or E_00000000008ba3c0/0, E_00000000008ba3c0/1;
    .scope S_00000000008be0e0;
T_0 ;
    %wait E_00000000008ba3c0;
    %load/vec4 v00000000008bdea0_0;
    %pad/u 32;
    %cmpi/e 0, 0, 32;
    %jmp/0xz  T_0.0, 4;
    %pushi/vec4 0, 0, 16;
    %ix/load 3, 0, 0;
    %flag_set/imm 4, 0;
    %ix/load 4, 0, 0; Constant delay
    %assign/vec4/a/d v00000000008be2e0, 0, 4;
    %pushi/vec4 0, 0, 16;
    %ix/load 3, 1, 0;
    %flag_set/imm 4, 0;
    %ix/load 4, 0, 0; Constant delay
    %assign/vec4/a/d v00000000008be2e0, 0, 4;
    %pushi/vec4 0, 0, 16;
    %ix/load 3, 2, 0;
    %flag_set/imm 4, 0;
    %ix/load 4, 0, 0; Constant delay
    %assign/vec4/a/d v00000000008be2e0, 0, 4;
    %pushi/vec4 0, 0, 16;
    %ix/load 3, 3, 0;
    %flag_set/imm 4, 0;
    %ix/load 4, 0, 0; Constant delay
    %assign/vec4/a/d v00000000008be2e0, 0, 4;
    %pushi/vec4 0, 0, 16;
    %ix/load 3, 4, 0;
    %flag_set/imm 4, 0;
    %ix/load 4, 0, 0; Constant delay
    %assign/vec4/a/d v00000000008be2e0, 0, 4;
    %pushi/vec4 0, 0, 16;
    %ix/load 3, 5, 0;
    %flag_set/imm 4, 0;
    %ix/load 4, 0, 0; Constant delay
    %assign/vec4/a/d v00000000008be2e0, 0, 4;
    %pushi/vec4 0, 0, 16;
    %ix/load 3, 6, 0;
    %flag_set/imm 4, 0;
    %ix/load 4, 0, 0; Constant delay
    %assign/vec4/a/d v00000000008be2e0, 0, 4;
    %pushi/vec4 0, 0, 16;
    %ix/load 3, 7, 0;
    %flag_set/imm 4, 0;
    %ix/load 4, 0, 0; Constant delay
    %assign/vec4/a/d v00000000008be2e0, 0, 4;
    %pushi/vec4 0, 0, 16;
    %ix/load 3, 8, 0;
    %flag_set/imm 4, 0;
    %ix/load 4, 0, 0; Constant delay
    %assign/vec4/a/d v00000000008be2e0, 0, 4;
    %pushi/vec4 0, 0, 16;
    %ix/load 3, 9, 0;
    %flag_set/imm 4, 0;
    %ix/load 4, 0, 0; Constant delay
    %assign/vec4/a/d v00000000008be2e0, 0, 4;
    %pushi/vec4 0, 0, 16;
    %ix/load 3, 10, 0;
    %flag_set/imm 4, 0;
    %ix/load 4, 0, 0; Constant delay
    %assign/vec4/a/d v00000000008be2e0, 0, 4;
    %pushi/vec4 0, 0, 16;
    %ix/load 3, 11, 0;
    %flag_set/imm 4, 0;
    %ix/load 4, 0, 0; Constant delay
    %assign/vec4/a/d v00000000008be2e0, 0, 4;
    %pushi/vec4 0, 0, 16;
    %ix/load 3, 12, 0;
    %flag_set/imm 4, 0;
    %ix/load 4, 0, 0; Constant delay
    %assign/vec4/a/d v00000000008be2e0, 0, 4;
    %pushi/vec4 0, 0, 16;
    %ix/load 3, 13, 0;
    %flag_set/imm 4, 0;
    %ix/load 4, 0, 0; Constant delay
    %assign/vec4/a/d v00000000008be2e0, 0, 4;
    %pushi/vec4 0, 0, 16;
    %ix/load 3, 14, 0;
    %flag_set/imm 4, 0;
    %ix/load 4, 0, 0; Constant delay
    %assign/vec4/a/d v00000000008be2e0, 0, 4;
    %pushi/vec4 0, 0, 16;
    %ix/load 3, 15, 0;
    %flag_set/imm 4, 0;
    %ix/load 4, 0, 0; Constant delay
    %assign/vec4/a/d v00000000008be2e0, 0, 4;
    %jmp T_0.1;
T_0.0 ;
    %load/vec4 v00000000008bdcc0_0;
    %parti/s 4, 5, 4;
    %pad/u 7;
    %ix/vec4 4;
    %load/vec4a v00000000008be2e0, 4;
    %load/vec4 v00000000008bdcc0_0;
    %parti/s 5, 0, 2;
    %part/u 1;
    %assign/vec4 v00000000008bde00_0, 0;
    %load/vec4 v00000000008bdd60_0;
    %cmpi/e 1, 0, 1;
    %jmp/0xz  T_0.2, 4;
    %load/vec4 v00000000008bdc20_0;
    %load/vec4 v00000000008bdcc0_0;
    %parti/s 4, 5, 4;
    %pad/u 7;
    %ix/vec4 4;
    %flag_mov 8, 4;
    %load/vec4 v00000000008bdcc0_0;
    %parti/s 5, 0, 2;
    %ix/vec4 5;
    %flag_or 8, 4;
    %ix/load 6, 0, 0; Constant delay
    %ix/mov 3, 4;
    %flag_mov 4, 8;
    %assign/vec4/a/d v00000000008be2e0, 5, 6;
T_0.2 ;
T_0.1 ;
    %jmp T_0;
    .thread T_0;
# The file index is used to find the file name in the following table.
:file_names 3;
    "N/A";
    "<interactive>";
    "replace_fifo_buffer.v";
