INFO: [VRFC 10-2263] Analyzing Verilog file "D:/github/memory_system/memory_system.sim/sim_1/synth/func/xsim/Dcache_tb_func_synth.v" into library xil_defaultlib
INFO: [VRFC 10-311] analyzing module Dcache
INFO: [VRFC 10-311] analyzing module Dcache_D_V_buffer
INFO: [VRFC 10-311] analyzing module Dcache_bank_dataSram0
INFO: [VRFC 10-311] analyzing module Dcache_bank_dataSram1
INFO: [VRFC 10-311] analyzing module Dcache_bank_tagSRAM
INFO: [VRFC 10-311] analyzing module Dcache_plru_buffer
INFO: [VRFC 10-311] analyzing module cArbMerge2_6b
INFO: [VRFC 10-311] analyzing module cFifo1
INFO: [VRFC 10-311] analyzing module cMutexMerge2_1b
INFO: [VRFC 10-311] analyzing module cMutexMerge2_1b__1
INFO: [VRFC 10-311] analyzing module cMutexMerge6_outpmt_6b
INFO: [VRFC 10-311] analyzing module cPmtFifo1
INFO: [VRFC 10-311] analyzing module cPmtFifo1_0
INFO: [VRFC 10-311] analyzing module cPmtFifo2
INFO: [VRFC 10-311] analyzing module cSelector5_fire2
INFO: [VRFC 10-311] analyzing module cSelector6
INFO: [VRFC 10-311] analyzing module contTap
INFO: [VRFC 10-311] analyzing module contTap__1
INFO: [VRFC 10-311] analyzing module contTap__10
INFO: [VRFC 10-311] analyzing module contTap__11
INFO: [VRFC 10-311] analyzing module contTap__2
INFO: [VRFC 10-311] analyzing module contTap__3
INFO: [VRFC 10-311] analyzing module contTap__4
INFO: [VRFC 10-311] analyzing module contTap__5
INFO: [VRFC 10-311] analyzing module contTap__6
INFO: [VRFC 10-311] analyzing module contTap__7
INFO: [VRFC 10-311] analyzing module contTap__8
INFO: [VRFC 10-311] analyzing module contTap__9
INFO: [VRFC 10-311] analyzing module delay1U
INFO: [VRFC 10-311] analyzing module delay1U__1
INFO: [VRFC 10-311] analyzing module delay1U__2
INFO: [VRFC 10-311] analyzing module delay1U__3
INFO: [VRFC 10-311] analyzing module delay1U__4
INFO: [VRFC 10-311] analyzing module delay1U__5
INFO: [VRFC 10-311] analyzing module delay1U__6
INFO: [VRFC 10-311] analyzing module delay1U__7
INFO: [VRFC 10-311] analyzing module delay1Unit
INFO: [VRFC 10-311] analyzing module delay1Unit__1
INFO: [VRFC 10-311] analyzing module delay1Unit__2
INFO: [VRFC 10-311] analyzing module delay2U
INFO: [VRFC 10-311] analyzing module delay2U__1
INFO: [VRFC 10-311] analyzing module pmtRelay
INFO: [VRFC 10-311] analyzing module pmtRelay__1
INFO: [VRFC 10-311] analyzing module pmtRelay__3
INFO: [VRFC 10-311] analyzing module receiver
INFO: [VRFC 10-311] analyzing module receiver__1
INFO: [VRFC 10-311] analyzing module receiver__2
INFO: [VRFC 10-311] analyzing module receiver__3
INFO: [VRFC 10-311] analyzing module receiver__4
INFO: [VRFC 10-311] analyzing module receiver__5
INFO: [VRFC 10-311] analyzing module relay
INFO: [VRFC 10-311] analyzing module relay__1
INFO: [VRFC 10-311] analyzing module relay__2
INFO: [VRFC 10-311] analyzing module relay__3
INFO: [VRFC 10-311] analyzing module relay__4
INFO: [VRFC 10-311] analyzing module sender
INFO: [VRFC 10-311] analyzing module sender__1
INFO: [VRFC 10-311] analyzing module sender__3
INFO: [VRFC 10-311] analyzing module sender__4
INFO: [VRFC 10-311] analyzing module sender__5
INFO: [VRFC 10-311] analyzing module sender__6
INFO: [VRFC 10-311] analyzing module Dcache_bank_dataSram0_blk_mem_gen_generic_cstr
INFO: [VRFC 10-311] analyzing module Dcache_bank_dataSram0_blk_mem_gen_prim_width
INFO: [VRFC 10-311] analyzing module Dcache_bank_dataSram0_blk_mem_gen_prim_width__parameterized0
INFO: [VRFC 10-311] analyzing module Dcache_bank_dataSram0_blk_mem_gen_prim_width__parameterized1
INFO: [VRFC 10-311] analyzing module Dcache_bank_dataSram0_blk_mem_gen_prim_width__parameterized10
INFO: [VRFC 10-311] analyzing module Dcache_bank_dataSram0_blk_mem_gen_prim_width__parameterized11
INFO: [VRFC 10-311] analyzing module Dcache_bank_dataSram0_blk_mem_gen_prim_width__parameterized12
INFO: [VRFC 10-311] analyzing module Dcache_bank_dataSram0_blk_mem_gen_prim_width__parameterized13
INFO: [VRFC 10-311] analyzing module Dcache_bank_dataSram0_blk_mem_gen_prim_width__parameterized14
INFO: [VRFC 10-311] analyzing module Dcache_bank_dataSram0_blk_mem_gen_prim_width__parameterized15
INFO: [VRFC 10-311] analyzing module Dcache_bank_dataSram0_blk_mem_gen_prim_width__parameterized16
INFO: [VRFC 10-311] analyzing module Dcache_bank_dataSram0_blk_mem_gen_prim_width__parameterized17
INFO: [VRFC 10-311] analyzing module Dcache_bank_dataSram0_blk_mem_gen_prim_width__parameterized18
INFO: [VRFC 10-311] analyzing module Dcache_bank_dataSram0_blk_mem_gen_prim_width__parameterized19
INFO: [VRFC 10-311] analyzing module Dcache_bank_dataSram0_blk_mem_gen_prim_width__parameterized2
INFO: [VRFC 10-311] analyzing module Dcache_bank_dataSram0_blk_mem_gen_prim_width__parameterized20
INFO: [VRFC 10-311] analyzing module Dcache_bank_dataSram0_blk_mem_gen_prim_width__parameterized21
INFO: [VRFC 10-311] analyzing module Dcache_bank_dataSram0_blk_mem_gen_prim_width__parameterized22
INFO: [VRFC 10-311] analyzing module Dcache_bank_dataSram0_blk_mem_gen_prim_width__parameterized23
INFO: [VRFC 10-311] analyzing module Dcache_bank_dataSram0_blk_mem_gen_prim_width__parameterized24
INFO: [VRFC 10-311] analyzing module Dcache_bank_dataSram0_blk_mem_gen_prim_width__parameterized25
INFO: [VRFC 10-311] analyzing module Dcache_bank_dataSram0_blk_mem_gen_prim_width__parameterized26
INFO: [VRFC 10-311] analyzing module Dcache_bank_dataSram0_blk_mem_gen_prim_width__parameterized27
INFO: [VRFC 10-311] analyzing module Dcache_bank_dataSram0_blk_mem_gen_prim_width__parameterized28
INFO: [VRFC 10-311] analyzing module Dcache_bank_dataSram0_blk_mem_gen_prim_width__parameterized29
INFO: [VRFC 10-311] analyzing module Dcache_bank_dataSram0_blk_mem_gen_prim_width__parameterized3
INFO: [VRFC 10-311] analyzing module Dcache_bank_dataSram0_blk_mem_gen_prim_width__parameterized30
INFO: [VRFC 10-311] analyzing module Dcache_bank_dataSram0_blk_mem_gen_prim_width__parameterized4
INFO: [VRFC 10-311] analyzing module Dcache_bank_dataSram0_blk_mem_gen_prim_width__parameterized5
INFO: [VRFC 10-311] analyzing module Dcache_bank_dataSram0_blk_mem_gen_prim_width__parameterized6
INFO: [VRFC 10-311] analyzing module Dcache_bank_dataSram0_blk_mem_gen_prim_width__parameterized7
INFO: [VRFC 10-311] analyzing module Dcache_bank_dataSram0_blk_mem_gen_prim_width__parameterized8
INFO: [VRFC 10-311] analyzing module Dcache_bank_dataSram0_blk_mem_gen_prim_width__parameterized9
INFO: [VRFC 10-311] analyzing module Dcache_bank_dataSram0_blk_mem_gen_prim_wrapper_init
INFO: [VRFC 10-311] analyzing module Dcache_bank_dataSram0_blk_mem_gen_prim_wrapper_init__parameterized0
INFO: [VRFC 10-311] analyzing module Dcache_bank_dataSram0_blk_mem_gen_prim_wrapper_init__parameterized1
INFO: [VRFC 10-311] analyzing module Dcache_bank_dataSram0_blk_mem_gen_prim_wrapper_init__parameterized10
INFO: [VRFC 10-311] analyzing module Dcache_bank_dataSram0_blk_mem_gen_prim_wrapper_init__parameterized11
INFO: [VRFC 10-311] analyzing module Dcache_bank_dataSram0_blk_mem_gen_prim_wrapper_init__parameterized12
INFO: [VRFC 10-311] analyzing module Dcache_bank_dataSram0_blk_mem_gen_prim_wrapper_init__parameterized13
INFO: [VRFC 10-311] analyzing module Dcache_bank_dataSram0_blk_mem_gen_prim_wrapper_init__parameterized14
INFO: [VRFC 10-311] analyzing module Dcache_bank_dataSram0_blk_mem_gen_prim_wrapper_init__parameterized15
INFO: [VRFC 10-311] analyzing module Dcache_bank_dataSram0_blk_mem_gen_prim_wrapper_init__parameterized16
INFO: [VRFC 10-311] analyzing module Dcache_bank_dataSram0_blk_mem_gen_prim_wrapper_init__parameterized17
INFO: [VRFC 10-311] analyzing module Dcache_bank_dataSram0_blk_mem_gen_prim_wrapper_init__parameterized18
INFO: [VRFC 10-311] analyzing module Dcache_bank_dataSram0_blk_mem_gen_prim_wrapper_init__parameterized19
INFO: [VRFC 10-311] analyzing module Dcache_bank_dataSram0_blk_mem_gen_prim_wrapper_init__parameterized2
INFO: [VRFC 10-311] analyzing module Dcache_bank_dataSram0_blk_mem_gen_prim_wrapper_init__parameterized20
INFO: [VRFC 10-311] analyzing module Dcache_bank_dataSram0_blk_mem_gen_prim_wrapper_init__parameterized21
INFO: [VRFC 10-311] analyzing module Dcache_bank_dataSram0_blk_mem_gen_prim_wrapper_init__parameterized22
INFO: [VRFC 10-311] analyzing module Dcache_bank_dataSram0_blk_mem_gen_prim_wrapper_init__parameterized23
INFO: [VRFC 10-311] analyzing module Dcache_bank_dataSram0_blk_mem_gen_prim_wrapper_init__parameterized24
INFO: [VRFC 10-311] analyzing module Dcache_bank_dataSram0_blk_mem_gen_prim_wrapper_init__parameterized25
INFO: [VRFC 10-311] analyzing module Dcache_bank_dataSram0_blk_mem_gen_prim_wrapper_init__parameterized26
INFO: [VRFC 10-311] analyzing module Dcache_bank_dataSram0_blk_mem_gen_prim_wrapper_init__parameterized27
INFO: [VRFC 10-311] analyzing module Dcache_bank_dataSram0_blk_mem_gen_prim_wrapper_init__parameterized28
INFO: [VRFC 10-311] analyzing module Dcache_bank_dataSram0_blk_mem_gen_prim_wrapper_init__parameterized29
INFO: [VRFC 10-311] analyzing module Dcache_bank_dataSram0_blk_mem_gen_prim_wrapper_init__parameterized3
INFO: [VRFC 10-311] analyzing module Dcache_bank_dataSram0_blk_mem_gen_prim_wrapper_init__parameterized30
INFO: [VRFC 10-311] analyzing module Dcache_bank_dataSram0_blk_mem_gen_prim_wrapper_init__parameterized4
INFO: [VRFC 10-311] analyzing module Dcache_bank_dataSram0_blk_mem_gen_prim_wrapper_init__parameterized5
INFO: [VRFC 10-311] analyzing module Dcache_bank_dataSram0_blk_mem_gen_prim_wrapper_init__parameterized6
INFO: [VRFC 10-311] analyzing module Dcache_bank_dataSram0_blk_mem_gen_prim_wrapper_init__parameterized7
INFO: [VRFC 10-311] analyzing module Dcache_bank_dataSram0_blk_mem_gen_prim_wrapper_init__parameterized8
INFO: [VRFC 10-311] analyzing module Dcache_bank_dataSram0_blk_mem_gen_prim_wrapper_init__parameterized9
INFO: [VRFC 10-311] analyzing module Dcache_bank_dataSram0_blk_mem_gen_top
INFO: [VRFC 10-311] analyzing module Dcache_bank_dataSram0_blk_mem_gen_v8_4_3
INFO: [VRFC 10-311] analyzing module Dcache_bank_dataSram0_blk_mem_gen_v8_4_3_synth
INFO: [VRFC 10-311] analyzing module Dcache_bank_dataSram1_blk_mem_gen_generic_cstr
INFO: [VRFC 10-311] analyzing module Dcache_bank_dataSram1_blk_mem_gen_prim_width
INFO: [VRFC 10-311] analyzing module Dcache_bank_dataSram1_blk_mem_gen_prim_width__parameterized0
INFO: [VRFC 10-311] analyzing module Dcache_bank_dataSram1_blk_mem_gen_prim_width__parameterized1
INFO: [VRFC 10-311] analyzing module Dcache_bank_dataSram1_blk_mem_gen_prim_width__parameterized10
INFO: [VRFC 10-311] analyzing module Dcache_bank_dataSram1_blk_mem_gen_prim_width__parameterized11
INFO: [VRFC 10-311] analyzing module Dcache_bank_dataSram1_blk_mem_gen_prim_width__parameterized12
INFO: [VRFC 10-311] analyzing module Dcache_bank_dataSram1_blk_mem_gen_prim_width__parameterized13
INFO: [VRFC 10-311] analyzing module Dcache_bank_dataSram1_blk_mem_gen_prim_width__parameterized14
INFO: [VRFC 10-311] analyzing module Dcache_bank_dataSram1_blk_mem_gen_prim_width__parameterized15
INFO: [VRFC 10-311] analyzing module Dcache_bank_dataSram1_blk_mem_gen_prim_width__parameterized16
INFO: [VRFC 10-311] analyzing module Dcache_bank_dataSram1_blk_mem_gen_prim_width__parameterized17
INFO: [VRFC 10-311] analyzing module Dcache_bank_dataSram1_blk_mem_gen_prim_width__parameterized18
INFO: [VRFC 10-311] analyzing module Dcache_bank_dataSram1_blk_mem_gen_prim_width__parameterized19
INFO: [VRFC 10-311] analyzing module Dcache_bank_dataSram1_blk_mem_gen_prim_width__parameterized2
INFO: [VRFC 10-311] analyzing module Dcache_bank_dataSram1_blk_mem_gen_prim_width__parameterized20
INFO: [VRFC 10-311] analyzing module Dcache_bank_dataSram1_blk_mem_gen_prim_width__parameterized21
INFO: [VRFC 10-311] analyzing module Dcache_bank_dataSram1_blk_mem_gen_prim_width__parameterized22
INFO: [VRFC 10-311] analyzing module Dcache_bank_dataSram1_blk_mem_gen_prim_width__parameterized23
INFO: [VRFC 10-311] analyzing module Dcache_bank_dataSram1_blk_mem_gen_prim_width__parameterized24
INFO: [VRFC 10-311] analyzing module Dcache_bank_dataSram1_blk_mem_gen_prim_width__parameterized25
INFO: [VRFC 10-311] analyzing module Dcache_bank_dataSram1_blk_mem_gen_prim_width__parameterized26
INFO: [VRFC 10-311] analyzing module Dcache_bank_dataSram1_blk_mem_gen_prim_width__parameterized27
INFO: [VRFC 10-311] analyzing module Dcache_bank_dataSram1_blk_mem_gen_prim_width__parameterized28
INFO: [VRFC 10-311] analyzing module Dcache_bank_dataSram1_blk_mem_gen_prim_width__parameterized29
INFO: [VRFC 10-311] analyzing module Dcache_bank_dataSram1_blk_mem_gen_prim_width__parameterized3
INFO: [VRFC 10-311] analyzing module Dcache_bank_dataSram1_blk_mem_gen_prim_width__parameterized30
INFO: [VRFC 10-311] analyzing module Dcache_bank_dataSram1_blk_mem_gen_prim_width__parameterized4
INFO: [VRFC 10-311] analyzing module Dcache_bank_dataSram1_blk_mem_gen_prim_width__parameterized5
INFO: [VRFC 10-311] analyzing module Dcache_bank_dataSram1_blk_mem_gen_prim_width__parameterized6
INFO: [VRFC 10-311] analyzing module Dcache_bank_dataSram1_blk_mem_gen_prim_width__parameterized7
INFO: [VRFC 10-311] analyzing module Dcache_bank_dataSram1_blk_mem_gen_prim_width__parameterized8
INFO: [VRFC 10-311] analyzing module Dcache_bank_dataSram1_blk_mem_gen_prim_width__parameterized9
INFO: [VRFC 10-311] analyzing module Dcache_bank_dataSram1_blk_mem_gen_prim_wrapper_init
INFO: [VRFC 10-311] analyzing module Dcache_bank_dataSram1_blk_mem_gen_prim_wrapper_init__parameterized0
INFO: [VRFC 10-311] analyzing module Dcache_bank_dataSram1_blk_mem_gen_prim_wrapper_init__parameterized1
INFO: [VRFC 10-311] analyzing module Dcache_bank_dataSram1_blk_mem_gen_prim_wrapper_init__parameterized10
INFO: [VRFC 10-311] analyzing module Dcache_bank_dataSram1_blk_mem_gen_prim_wrapper_init__parameterized11
INFO: [VRFC 10-311] analyzing module Dcache_bank_dataSram1_blk_mem_gen_prim_wrapper_init__parameterized12
INFO: [VRFC 10-311] analyzing module Dcache_bank_dataSram1_blk_mem_gen_prim_wrapper_init__parameterized13
INFO: [VRFC 10-311] analyzing module Dcache_bank_dataSram1_blk_mem_gen_prim_wrapper_init__parameterized14
INFO: [VRFC 10-311] analyzing module Dcache_bank_dataSram1_blk_mem_gen_prim_wrapper_init__parameterized15
INFO: [VRFC 10-311] analyzing module Dcache_bank_dataSram1_blk_mem_gen_prim_wrapper_init__parameterized16
INFO: [VRFC 10-311] analyzing module Dcache_bank_dataSram1_blk_mem_gen_prim_wrapper_init__parameterized17
INFO: [VRFC 10-311] analyzing module Dcache_bank_dataSram1_blk_mem_gen_prim_wrapper_init__parameterized18
INFO: [VRFC 10-311] analyzing module Dcache_bank_dataSram1_blk_mem_gen_prim_wrapper_init__parameterized19
INFO: [VRFC 10-311] analyzing module Dcache_bank_dataSram1_blk_mem_gen_prim_wrapper_init__parameterized2
INFO: [VRFC 10-311] analyzing module Dcache_bank_dataSram1_blk_mem_gen_prim_wrapper_init__parameterized20
INFO: [VRFC 10-311] analyzing module Dcache_bank_dataSram1_blk_mem_gen_prim_wrapper_init__parameterized21
INFO: [VRFC 10-311] analyzing module Dcache_bank_dataSram1_blk_mem_gen_prim_wrapper_init__parameterized22
INFO: [VRFC 10-311] analyzing module Dcache_bank_dataSram1_blk_mem_gen_prim_wrapper_init__parameterized23
INFO: [VRFC 10-311] analyzing module Dcache_bank_dataSram1_blk_mem_gen_prim_wrapper_init__parameterized24
INFO: [VRFC 10-311] analyzing module Dcache_bank_dataSram1_blk_mem_gen_prim_wrapper_init__parameterized25
INFO: [VRFC 10-311] analyzing module Dcache_bank_dataSram1_blk_mem_gen_prim_wrapper_init__parameterized26
INFO: [VRFC 10-311] analyzing module Dcache_bank_dataSram1_blk_mem_gen_prim_wrapper_init__parameterized27
INFO: [VRFC 10-311] analyzing module Dcache_bank_dataSram1_blk_mem_gen_prim_wrapper_init__parameterized28
INFO: [VRFC 10-311] analyzing module Dcache_bank_dataSram1_blk_mem_gen_prim_wrapper_init__parameterized29
INFO: [VRFC 10-311] analyzing module Dcache_bank_dataSram1_blk_mem_gen_prim_wrapper_init__parameterized3
INFO: [VRFC 10-311] analyzing module Dcache_bank_dataSram1_blk_mem_gen_prim_wrapper_init__parameterized30
INFO: [VRFC 10-311] analyzing module Dcache_bank_dataSram1_blk_mem_gen_prim_wrapper_init__parameterized4
INFO: [VRFC 10-311] analyzing module Dcache_bank_dataSram1_blk_mem_gen_prim_wrapper_init__parameterized5
INFO: [VRFC 10-311] analyzing module Dcache_bank_dataSram1_blk_mem_gen_prim_wrapper_init__parameterized6
INFO: [VRFC 10-311] analyzing module Dcache_bank_dataSram1_blk_mem_gen_prim_wrapper_init__parameterized7
INFO: [VRFC 10-311] analyzing module Dcache_bank_dataSram1_blk_mem_gen_prim_wrapper_init__parameterized8
INFO: [VRFC 10-311] analyzing module Dcache_bank_dataSram1_blk_mem_gen_prim_wrapper_init__parameterized9
INFO: [VRFC 10-311] analyzing module Dcache_bank_dataSram1_blk_mem_gen_top
INFO: [VRFC 10-311] analyzing module Dcache_bank_dataSram1_blk_mem_gen_v8_4_3
INFO: [VRFC 10-311] analyzing module Dcache_bank_dataSram1_blk_mem_gen_v8_4_3_synth
INFO: [VRFC 10-311] analyzing module Dcache_bank_tagSRAM_blk_mem_gen_generic_cstr
INFO: [VRFC 10-311] analyzing module Dcache_bank_tagSRAM_blk_mem_gen_prim_width
INFO: [VRFC 10-311] analyzing module Dcache_bank_tagSRAM_blk_mem_gen_prim_width__parameterized0
INFO: [VRFC 10-311] analyzing module Dcache_bank_tagSRAM_blk_mem_gen_prim_width__parameterized1
INFO: [VRFC 10-311] analyzing module Dcache_bank_tagSRAM_blk_mem_gen_prim_width__parameterized2
INFO: [VRFC 10-311] analyzing module Dcache_bank_tagSRAM_blk_mem_gen_prim_width__parameterized3
INFO: [VRFC 10-311] analyzing module Dcache_bank_tagSRAM_blk_mem_gen_prim_width__parameterized4
INFO: [VRFC 10-311] analyzing module Dcache_bank_tagSRAM_blk_mem_gen_prim_wrapper_init
INFO: [VRFC 10-311] analyzing module Dcache_bank_tagSRAM_blk_mem_gen_prim_wrapper_init__parameterized0
INFO: [VRFC 10-311] analyzing module Dcache_bank_tagSRAM_blk_mem_gen_prim_wrapper_init__parameterized1
INFO: [VRFC 10-311] analyzing module Dcache_bank_tagSRAM_blk_mem_gen_prim_wrapper_init__parameterized2
INFO: [VRFC 10-311] analyzing module Dcache_bank_tagSRAM_blk_mem_gen_prim_wrapper_init__parameterized3
INFO: [VRFC 10-311] analyzing module Dcache_bank_tagSRAM_blk_mem_gen_prim_wrapper_init__parameterized4
INFO: [VRFC 10-311] analyzing module Dcache_bank_tagSRAM_blk_mem_gen_top
INFO: [VRFC 10-311] analyzing module Dcache_bank_tagSRAM_blk_mem_gen_v8_4_3
INFO: [VRFC 10-311] analyzing module Dcache_bank_tagSRAM_blk_mem_gen_v8_4_3_synth
INFO: [VRFC 10-311] analyzing module glbl
INFO: [VRFC 10-2263] Analyzing Verilog file "D:/github/memory_system/memory_system.srcs/sim_1/new/replace_fifo_buffer_tb.v" into library xil_defaultlib
INFO: [VRFC 10-311] analyzing module replace_fifo_buffer_tb
INFO: [VRFC 10-2263] Analyzing Verilog file "D:/github/memory_system/memory_system.srcs/sim_1/new/Icache_tb.v" into library xil_defaultlib
INFO: [VRFC 10-311] analyzing module Icache_tb
INFO: [VRFC 10-2263] Analyzing Verilog file "D:/github/memory_system/memory_system.srcs/sim_1/new/Dcache_D_V_buffer_tb.v" into library xil_defaultlib
INFO: [VRFC 10-311] analyzing module Dcache_D_V_buffer_tb
INFO: [VRFC 10-2263] Analyzing Verilog file "D:/github/memory_system/memory_system.srcs/sim_1/new/Dcache_tb.v" into library xil_defaultlib
INFO: [VRFC 10-311] analyzing module Dcache_tb
