Vivado Simulator 2019.1
Copyright 1986-1999, 2001-2019 Xilinx, Inc. All Rights Reserved.
Running: D:/Xilinx/Vivado/2019.1/bin/unwrapped/win64.o/xelab.exe -wto 2d96962f3ee74b89b6947b08f7558a0d --incr --debug typical --relax --mt 2 -L xil_defaultlib -L unisims_ver -L secureip --snapshot Icache_tb_func_synth xil_defaultlib.Icache_tb xil_defaultlib.glbl -log elaborate.log 
Using 2 slave threads.
Starting static elaboration
Completed static elaboration
Starting simulation data flow analysis
Completed simulation data flow analysis
Time Resolution for simulation is 1ps
Compiling module unisims_ver.GND
Compiling module unisims_ver.RAMB18E2(CLOCK_DOMAINS="COMMON",...
Compiling module xil_defaultlib.Icache_SRAM_bank0_blk_mem_gen_pr...
Compiling module xil_defaultlib.Icache_SRAM_bank0_blk_mem_gen_pr...
Compiling module unisims_ver.RAMB36E2(CLOCK_DOMAINS="COMMON",...
Compiling module xil_defaultlib.Icache_SRAM_bank0_blk_mem_gen_pr...
Compiling module xil_defaultlib.Icache_SRAM_bank0_blk_mem_gen_pr...
Compiling module xil_defaultlib.Icache_SRAM_bank0_blk_mem_gen_pr...
Compiling module xil_defaultlib.Icache_SRAM_bank0_blk_mem_gen_pr...
Compiling module xil_defaultlib.Icache_SRAM_bank0_blk_mem_gen_pr...
Compiling module xil_defaultlib.Icache_SRAM_bank0_blk_mem_gen_pr...
Compiling module xil_defaultlib.Icache_SRAM_bank0_blk_mem_gen_pr...
Compiling module xil_defaultlib.Icache_SRAM_bank0_blk_mem_gen_pr...
Compiling module xil_defaultlib.Icache_SRAM_bank0_blk_mem_gen_pr...
Compiling module xil_defaultlib.Icache_SRAM_bank0_blk_mem_gen_pr...
Compiling module unisims_ver.FDRE_default
Compiling module unisims_ver.x_lut2_mux4
Compiling module unisims_ver.LUT2
Compiling module unisims_ver.LUT4
Compiling module unisims_ver.SRL16E_default
Compiling module xil_defaultlib.Icache_SRAM_bank0_blk_mem_gen_pr...
Compiling module xil_defaultlib.Icache_SRAM_bank0_blk_mem_gen_pr...
Compiling module xil_defaultlib.Icache_SRAM_bank0_blk_mem_gen_pr...
Compiling module xil_defaultlib.Icache_SRAM_bank0_blk_mem_gen_pr...
Compiling module xil_defaultlib.Icache_SRAM_bank0_blk_mem_gen_pr...
Compiling module xil_defaultlib.Icache_SRAM_bank0_blk_mem_gen_pr...
Compiling module xil_defaultlib.Icache_SRAM_bank0_blk_mem_gen_pr...
Compiling module xil_defaultlib.Icache_SRAM_bank0_blk_mem_gen_pr...
Compiling module xil_defaultlib.Icache_SRAM_bank0_blk_mem_gen_pr...
Compiling module xil_defaultlib.Icache_SRAM_bank0_blk_mem_gen_pr...
Compiling module xil_defaultlib.Icache_SRAM_bank0_blk_mem_gen_pr...
Compiling module xil_defaultlib.Icache_SRAM_bank0_blk_mem_gen_pr...
Compiling module xil_defaultlib.Icache_SRAM_bank0_blk_mem_gen_pr...
Compiling module xil_defaultlib.Icache_SRAM_bank0_blk_mem_gen_pr...
Compiling module xil_defaultlib.Icache_SRAM_bank0_blk_mem_gen_pr...
Compiling module xil_defaultlib.Icache_SRAM_bank0_blk_mem_gen_pr...
Compiling module xil_defaultlib.Icache_SRAM_bank0_blk_mem_gen_pr...
Compiling module xil_defaultlib.Icache_SRAM_bank0_blk_mem_gen_pr...
Compiling module xil_defaultlib.Icache_SRAM_bank0_blk_mem_gen_pr...
Compiling module xil_defaultlib.Icache_SRAM_bank0_blk_mem_gen_pr...
Compiling module xil_defaultlib.Icache_SRAM_bank0_blk_mem_gen_ge...
Compiling module xil_defaultlib.Icache_SRAM_bank0_blk_mem_gen_to...
Compiling module xil_defaultlib.Icache_SRAM_bank0_blk_mem_gen_v8...
Compiling module xil_defaultlib.Icache_SRAM_bank0_blk_mem_gen_v8...
Compiling module xil_defaultlib.Icache_SRAM_bank0
Compiling module unisims_ver.IBUF
Compiling module unisims_ver.FDPE(INIT=1'b0)
Compiling module unisims_ver.x_lut1_mux2
Compiling module unisims_ver.LUT1
Compiling module xil_defaultlib.contTap__1
Compiling module unisims_ver.x_lut3_mux8
Compiling module unisims_ver.LUT3
Compiling module xil_defaultlib.contTap__2
Compiling module xil_defaultlib.cMutexMerge2_35b
Compiling module xil_defaultlib.contTap__5
Compiling module xil_defaultlib.contTap
Compiling module xil_defaultlib.cMutexMerge2_1b
Compiling module unisims_ver.BUFGCE(CE_TYPE="ASYNC",SIM_DEVIC...
Compiling module unisims_ver.OBUF
Compiling module unisims_ver.FDCE_default
Compiling module unisims_ver.FDPE_default
Compiling module xil_defaultlib.delay1U__1
Compiling module xil_defaultlib.delay1U
Compiling module xil_defaultlib.receiver__1
Compiling module xil_defaultlib.relay__1
Compiling module xil_defaultlib.relay__2
Compiling module xil_defaultlib.sender__3
Compiling module xil_defaultlib.cFifo2
Compiling module xil_defaultlib.delay2U__1
Compiling module xil_defaultlib.receiver__2
Compiling module xil_defaultlib.relay__3
Compiling module xil_defaultlib.sender__2
Compiling module xil_defaultlib.cSelector2__1
Compiling module xil_defaultlib.delay2U
Compiling module xil_defaultlib.receiver
Compiling module xil_defaultlib.relay
Compiling module xil_defaultlib.sender
Compiling module xil_defaultlib.cSelector2
Compiling module xil_defaultlib.contTap__3
Compiling module xil_defaultlib.delay1Unit__1
Compiling module xil_defaultlib.delay1Unit
Compiling module xil_defaultlib.contTap__4
Compiling module xil_defaultlib.cSplitter2
Compiling module unisims_ver.LUT5
Compiling module unisims_ver.LUT6
Compiling module unisims_ver.MUXF7
Compiling module unisims_ver.MUXF8
Compiling module xil_defaultlib.replace_fifo_buffer
Compiling module unisims_ver.CARRY8
Compiling module xil_defaultlib.tag_compare
Compiling module xil_defaultlib.Icache
Compiling module xil_defaultlib.Icache_tb
Compiling module xil_defaultlib.glbl
Built simulation snapshot Icache_tb_func_synth
