INFO: [VRFC 10-2263] Analyzing Verilog file "D:/github/memory_system/memory_system.sim/sim_1/synth/func/xsim/Icache_tb_func_synth.v" into library xil_defaultlib
INFO: [VRFC 10-311] analyzing module Icache
INFO: [VRFC 10-311] analyzing module Icache_SRAM_bank0
INFO: [VRFC 10-311] analyzing module cFifo2
INFO: [VRFC 10-311] analyzing module cMutexMerge2_1b
INFO: [VRFC 10-311] analyzing module cMutexMerge2_35b
INFO: [VRFC 10-311] analyzing module cSelector2
INFO: [VRFC 10-311] analyzing module cSelector2__1
INFO: [VRFC 10-311] analyzing module cSplitter2
INFO: [VRFC 10-311] analyzing module contTap
INFO: [VRFC 10-311] analyzing module contTap__1
INFO: [VRFC 10-311] analyzing module contTap__2
INFO: [VRFC 10-311] analyzing module contTap__3
INFO: [VRFC 10-311] analyzing module contTap__4
INFO: [VRFC 10-311] analyzing module contTap__5
INFO: [VRFC 10-311] analyzing module delay1U
INFO: [VRFC 10-311] analyzing module delay1U__1
INFO: [VRFC 10-311] analyzing module delay1Unit
INFO: [VRFC 10-311] analyzing module delay1Unit__1
INFO: [VRFC 10-311] analyzing module delay2U
INFO: [VRFC 10-311] analyzing module delay2U__1
INFO: [VRFC 10-311] analyzing module receiver
INFO: [VRFC 10-311] analyzing module receiver__1
INFO: [VRFC 10-311] analyzing module receiver__2
INFO: [VRFC 10-311] analyzing module relay
INFO: [VRFC 10-311] analyzing module relay__1
INFO: [VRFC 10-311] analyzing module relay__2
INFO: [VRFC 10-311] analyzing module relay__3
INFO: [VRFC 10-311] analyzing module replace_fifo_buffer
INFO: [VRFC 10-311] analyzing module sender
INFO: [VRFC 10-311] analyzing module sender__2
INFO: [VRFC 10-311] analyzing module sender__3
INFO: [VRFC 10-311] analyzing module tag_compare
INFO: [VRFC 10-311] analyzing module Icache_SRAM_bank0_blk_mem_gen_generic_cstr
INFO: [VRFC 10-311] analyzing module Icache_SRAM_bank0_blk_mem_gen_prim_width
INFO: [VRFC 10-311] analyzing module Icache_SRAM_bank0_blk_mem_gen_prim_width__parameterized0
INFO: [VRFC 10-311] analyzing module Icache_SRAM_bank0_blk_mem_gen_prim_width__parameterized1
INFO: [VRFC 10-311] analyzing module Icache_SRAM_bank0_blk_mem_gen_prim_width__parameterized10
INFO: [VRFC 10-311] analyzing module Icache_SRAM_bank0_blk_mem_gen_prim_width__parameterized11
INFO: [VRFC 10-311] analyzing module Icache_SRAM_bank0_blk_mem_gen_prim_width__parameterized12
INFO: [VRFC 10-311] analyzing module Icache_SRAM_bank0_blk_mem_gen_prim_width__parameterized13
INFO: [VRFC 10-311] analyzing module Icache_SRAM_bank0_blk_mem_gen_prim_width__parameterized14
INFO: [VRFC 10-311] analyzing module Icache_SRAM_bank0_blk_mem_gen_prim_width__parameterized2
INFO: [VRFC 10-311] analyzing module Icache_SRAM_bank0_blk_mem_gen_prim_width__parameterized3
INFO: [VRFC 10-311] analyzing module Icache_SRAM_bank0_blk_mem_gen_prim_width__parameterized4
INFO: [VRFC 10-311] analyzing module Icache_SRAM_bank0_blk_mem_gen_prim_width__parameterized5
INFO: [VRFC 10-311] analyzing module Icache_SRAM_bank0_blk_mem_gen_prim_width__parameterized6
INFO: [VRFC 10-311] analyzing module Icache_SRAM_bank0_blk_mem_gen_prim_width__parameterized7
INFO: [VRFC 10-311] analyzing module Icache_SRAM_bank0_blk_mem_gen_prim_width__parameterized8
INFO: [VRFC 10-311] analyzing module Icache_SRAM_bank0_blk_mem_gen_prim_width__parameterized9
INFO: [VRFC 10-311] analyzing module Icache_SRAM_bank0_blk_mem_gen_prim_wrapper
INFO: [VRFC 10-311] analyzing module Icache_SRAM_bank0_blk_mem_gen_prim_wrapper__parameterized0
INFO: [VRFC 10-311] analyzing module Icache_SRAM_bank0_blk_mem_gen_prim_wrapper__parameterized1
INFO: [VRFC 10-311] analyzing module Icache_SRAM_bank0_blk_mem_gen_prim_wrapper__parameterized10
INFO: [VRFC 10-311] analyzing module Icache_SRAM_bank0_blk_mem_gen_prim_wrapper__parameterized11
INFO: [VRFC 10-311] analyzing module Icache_SRAM_bank0_blk_mem_gen_prim_wrapper__parameterized12
INFO: [VRFC 10-311] analyzing module Icache_SRAM_bank0_blk_mem_gen_prim_wrapper__parameterized13
INFO: [VRFC 10-311] analyzing module Icache_SRAM_bank0_blk_mem_gen_prim_wrapper__parameterized14
INFO: [VRFC 10-311] analyzing module Icache_SRAM_bank0_blk_mem_gen_prim_wrapper__parameterized2
INFO: [VRFC 10-311] analyzing module Icache_SRAM_bank0_blk_mem_gen_prim_wrapper__parameterized3
INFO: [VRFC 10-311] analyzing module Icache_SRAM_bank0_blk_mem_gen_prim_wrapper__parameterized4
INFO: [VRFC 10-311] analyzing module Icache_SRAM_bank0_blk_mem_gen_prim_wrapper__parameterized5
INFO: [VRFC 10-311] analyzing module Icache_SRAM_bank0_blk_mem_gen_prim_wrapper__parameterized6
INFO: [VRFC 10-311] analyzing module Icache_SRAM_bank0_blk_mem_gen_prim_wrapper__parameterized7
INFO: [VRFC 10-311] analyzing module Icache_SRAM_bank0_blk_mem_gen_prim_wrapper__parameterized8
INFO: [VRFC 10-311] analyzing module Icache_SRAM_bank0_blk_mem_gen_prim_wrapper__parameterized9
INFO: [VRFC 10-311] analyzing module Icache_SRAM_bank0_blk_mem_gen_top
INFO: [VRFC 10-311] analyzing module Icache_SRAM_bank0_blk_mem_gen_v8_4_3
INFO: [VRFC 10-311] analyzing module Icache_SRAM_bank0_blk_mem_gen_v8_4_3_synth
INFO: [VRFC 10-311] analyzing module glbl
INFO: [VRFC 10-2263] Analyzing Verilog file "D:/github/memory_system/memory_system.srcs/sim_1/new/replace_fifo_buffer_tb.v" into library xil_defaultlib
INFO: [VRFC 10-311] analyzing module replace_fifo_buffer_tb
INFO: [VRFC 10-2263] Analyzing Verilog file "D:/github/memory_system/memory_system.srcs/sim_1/new/Icache_tb.v" into library xil_defaultlib
INFO: [VRFC 10-311] analyzing module Icache_tb
