# do {Dcache_tb_compile.do}
# Model Technology ModelSim SE-64 vmap 10.7 Lib Mapping Utility 2017.12 Dec  7 2017
# vmap xil_defaultlib modelsim_lib/msim/xil_defaultlib 
# Modifying D:\Xilinx\Xlib\modelsim.ini
# ** Warning: (vlog-159) Mode option -64 is not supported in this context and will be ignored.
# Model Technology ModelSim SE-64 vlog 10.7 Compiler 2017.12 Dec  7 2017
# Start time: 11:42:19 on Aug 03,2024
# vlog -64 -incr -work xil_defaultlib Dcache_tb_func_synth.v ../../../../../memory_system.srcs/sim_1/new/replace_fifo_buffer_tb.v ../../../../../memory_system.srcs/sim_1/new/Icache_tb.v ../../../../../memory_system.srcs/sim_1/new/Dcache_D_V_buffer_tb.v ../../../../../memory_system.srcs/sim_1/new/Dcache_tb.v 
# -- Compiling module Dcache
# -- Compiling module Dcache_D_V_buffer
# -- Compiling module Dcache_bank_dataSram0
# -- Compiling module Dcache_bank_dataSram1
# -- Compiling module Dcache_bank_tagSRAM
# -- Compiling module Dcache_plru_buffer
# -- Compiling module cArbMerge2_6b
# -- Compiling module cFifo1
# -- Compiling module cMutexMerge2_1b
# -- Compiling module cMutexMerge2_1b__1
# -- Compiling module cMutexMerge6_outpmt_6b
# -- Compiling module cPmtFifo1
# -- Compiling module cPmtFifo1__1
# -- Compiling module cPmtFifo2
# -- Compiling module cSelector5_fire2
# -- Compiling module cSelector6
# -- Compiling module contTap
# -- Compiling module contTap__1
# -- Compiling module contTap__10
# -- Compiling module contTap__11
# -- Compiling module contTap__2
# -- Compiling module contTap__3
# -- Compiling module contTap__4
# -- Compiling module contTap__5
# -- Compiling module contTap__6
# -- Compiling module contTap__7
# -- Compiling module contTap__8
# -- Compiling module contTap__9
# -- Compiling module dcache_tag_compare
# -- Compiling module delay1U
# -- Compiling module delay1U__1
# -- Compiling module delay1U__2
# -- Compiling module delay1U__3
# -- Compiling module delay1U__4
# -- Compiling module delay1U__5
# -- Compiling module delay1Unit
# -- Compiling module delay1Unit__1
# -- Compiling module delay1Unit__2
# -- Compiling module delay2U
# -- Compiling module delay2U__1
# -- Compiling module delay2U__2
# -- Compiling module delay2U__3
# -- Compiling module delay2U__4
# -- Compiling module delay2U__5
# -- Compiling module pmtRelay
# -- Compiling module pmtRelay__2
# -- Compiling module pmtRelay__3
# -- Compiling module receiver
# -- Compiling module receiver__1
# -- Compiling module receiver__2
# -- Compiling module receiver__3
# -- Compiling module receiver__4
# -- Compiling module receiver__5
# -- Compiling module relay
# -- Compiling module relay__1
# -- Compiling module relay__2
# -- Compiling module relay__3
# -- Compiling module relay__4
# -- Compiling module sender
# -- Compiling module sender__2
# -- Compiling module sender__3
# -- Compiling module sender__4
# -- Compiling module sender__5
# -- Compiling module sender__6
# -- Compiling module Dcache_bank_dataSram0_blk_mem_gen_generic_cstr
# -- Compiling module Dcache_bank_dataSram0_blk_mem_gen_prim_width
# -- Compiling module Dcache_bank_dataSram0_blk_mem_gen_prim_width__parameterized0
# -- Compiling module Dcache_bank_dataSram0_blk_mem_gen_prim_width__parameterized1
# -- Compiling module Dcache_bank_dataSram0_blk_mem_gen_prim_width__parameterized10
# -- Compiling module Dcache_bank_dataSram0_blk_mem_gen_prim_width__parameterized11
# -- Compiling module Dcache_bank_dataSram0_blk_mem_gen_prim_width__parameterized12
# -- Compiling module Dcache_bank_dataSram0_blk_mem_gen_prim_width__parameterized13
# -- Compiling module Dcache_bank_dataSram0_blk_mem_gen_prim_width__parameterized14
# -- Compiling module Dcache_bank_dataSram0_blk_mem_gen_prim_width__parameterized15
# -- Compiling module Dcache_bank_dataSram0_blk_mem_gen_prim_width__parameterized16
# -- Compiling module Dcache_bank_dataSram0_blk_mem_gen_prim_width__parameterized17
# -- Compiling module Dcache_bank_dataSram0_blk_mem_gen_prim_width__parameterized18
# -- Compiling module Dcache_bank_dataSram0_blk_mem_gen_prim_width__parameterized19
# -- Compiling module Dcache_bank_dataSram0_blk_mem_gen_prim_width__parameterized2
# -- Compiling module Dcache_bank_dataSram0_blk_mem_gen_prim_width__parameterized20
# -- Compiling module Dcache_bank_dataSram0_blk_mem_gen_prim_width__parameterized21
# -- Compiling module Dcache_bank_dataSram0_blk_mem_gen_prim_width__parameterized22
# -- Compiling module Dcache_bank_dataSram0_blk_mem_gen_prim_width__parameterized23
# -- Compiling module Dcache_bank_dataSram0_blk_mem_gen_prim_width__parameterized24
# -- Compiling module Dcache_bank_dataSram0_blk_mem_gen_prim_width__parameterized25
# -- Compiling module Dcache_bank_dataSram0_blk_mem_gen_prim_width__parameterized26
# -- Compiling module Dcache_bank_dataSram0_blk_mem_gen_prim_width__parameterized27
# -- Compiling module Dcache_bank_dataSram0_blk_mem_gen_prim_width__parameterized28
# -- Compiling module Dcache_bank_dataSram0_blk_mem_gen_prim_width__parameterized29
# -- Compiling module Dcache_bank_dataSram0_blk_mem_gen_prim_width__parameterized3
# -- Compiling module Dcache_bank_dataSram0_blk_mem_gen_prim_width__parameterized30
# -- Compiling module Dcache_bank_dataSram0_blk_mem_gen_prim_width__parameterized4
# -- Compiling module Dcache_bank_dataSram0_blk_mem_gen_prim_width__parameterized5
# -- Compiling module Dcache_bank_dataSram0_blk_mem_gen_prim_width__parameterized6
# -- Compiling module Dcache_bank_dataSram0_blk_mem_gen_prim_width__parameterized7
# -- Compiling module Dcache_bank_dataSram0_blk_mem_gen_prim_width__parameterized8
# -- Compiling module Dcache_bank_dataSram0_blk_mem_gen_prim_width__parameterized9
# -- Compiling module Dcache_bank_dataSram0_blk_mem_gen_prim_wrapper_init
# -- Compiling module Dcache_bank_dataSram0_blk_mem_gen_prim_wrapper_init__parameterized0
# -- Compiling module Dcache_bank_dataSram0_blk_mem_gen_prim_wrapper_init__parameterized1
# -- Compiling module Dcache_bank_dataSram0_blk_mem_gen_prim_wrapper_init__parameterized10
# -- Compiling module Dcache_bank_dataSram0_blk_mem_gen_prim_wrapper_init__parameterized11
# -- Compiling module Dcache_bank_dataSram0_blk_mem_gen_prim_wrapper_init__parameterized12
# -- Compiling module Dcache_bank_dataSram0_blk_mem_gen_prim_wrapper_init__parameterized13
# -- Compiling module Dcache_bank_dataSram0_blk_mem_gen_prim_wrapper_init__parameterized14
# -- Compiling module Dcache_bank_dataSram0_blk_mem_gen_prim_wrapper_init__parameterized15
# -- Compiling module Dcache_bank_dataSram0_blk_mem_gen_prim_wrapper_init__parameterized16
# -- Compiling module Dcache_bank_dataSram0_blk_mem_gen_prim_wrapper_init__parameterized17
# -- Compiling module Dcache_bank_dataSram0_blk_mem_gen_prim_wrapper_init__parameterized18
# -- Compiling module Dcache_bank_dataSram0_blk_mem_gen_prim_wrapper_init__parameterized19
# -- Compiling module Dcache_bank_dataSram0_blk_mem_gen_prim_wrapper_init__parameterized2
# -- Compiling module Dcache_bank_dataSram0_blk_mem_gen_prim_wrapper_init__parameterized20
# -- Compiling module Dcache_bank_dataSram0_blk_mem_gen_prim_wrapper_init__parameterized21
# -- Compiling module Dcache_bank_dataSram0_blk_mem_gen_prim_wrapper_init__parameterized22
# -- Compiling module Dcache_bank_dataSram0_blk_mem_gen_prim_wrapper_init__parameterized23
# -- Compiling module Dcache_bank_dataSram0_blk_mem_gen_prim_wrapper_init__parameterized24
# -- Compiling module Dcache_bank_dataSram0_blk_mem_gen_prim_wrapper_init__parameterized25
# -- Compiling module Dcache_bank_dataSram0_blk_mem_gen_prim_wrapper_init__parameterized26
# -- Compiling module Dcache_bank_dataSram0_blk_mem_gen_prim_wrapper_init__parameterized27
# -- Compiling module Dcache_bank_dataSram0_blk_mem_gen_prim_wrapper_init__parameterized28
# -- Compiling module Dcache_bank_dataSram0_blk_mem_gen_prim_wrapper_init__parameterized29
# -- Compiling module Dcache_bank_dataSram0_blk_mem_gen_prim_wrapper_init__parameterized3
# -- Compiling module Dcache_bank_dataSram0_blk_mem_gen_prim_wrapper_init__parameterized30
# -- Compiling module Dcache_bank_dataSram0_blk_mem_gen_prim_wrapper_init__parameterized4
# -- Compiling module Dcache_bank_dataSram0_blk_mem_gen_prim_wrapper_init__parameterized5
# -- Compiling module Dcache_bank_dataSram0_blk_mem_gen_prim_wrapper_init__parameterized6
# -- Compiling module Dcache_bank_dataSram0_blk_mem_gen_prim_wrapper_init__parameterized7
# -- Compiling module Dcache_bank_dataSram0_blk_mem_gen_prim_wrapper_init__parameterized8
# -- Compiling module Dcache_bank_dataSram0_blk_mem_gen_prim_wrapper_init__parameterized9
# -- Compiling module Dcache_bank_dataSram0_blk_mem_gen_top
# -- Compiling module Dcache_bank_dataSram0_blk_mem_gen_v8_4_3
# -- Compiling module Dcache_bank_dataSram0_blk_mem_gen_v8_4_3_synth
# -- Compiling module Dcache_bank_dataSram1_blk_mem_gen_generic_cstr
# -- Compiling module Dcache_bank_dataSram1_blk_mem_gen_prim_width
# -- Compiling module Dcache_bank_dataSram1_blk_mem_gen_prim_width__parameterized0
# -- Compiling module Dcache_bank_dataSram1_blk_mem_gen_prim_width__parameterized1
# -- Compiling module Dcache_bank_dataSram1_blk_mem_gen_prim_width__parameterized10
# -- Compiling module Dcache_bank_dataSram1_blk_mem_gen_prim_width__parameterized11
# -- Compiling module Dcache_bank_dataSram1_blk_mem_gen_prim_width__parameterized12
# -- Compiling module Dcache_bank_dataSram1_blk_mem_gen_prim_width__parameterized13
# -- Compiling module Dcache_bank_dataSram1_blk_mem_gen_prim_width__parameterized14
# -- Compiling module Dcache_bank_dataSram1_blk_mem_gen_prim_width__parameterized15
# -- Compiling module Dcache_bank_dataSram1_blk_mem_gen_prim_width__parameterized16
# -- Compiling module Dcache_bank_dataSram1_blk_mem_gen_prim_width__parameterized17
# -- Compiling module Dcache_bank_dataSram1_blk_mem_gen_prim_width__parameterized18
# -- Compiling module Dcache_bank_dataSram1_blk_mem_gen_prim_width__parameterized19
# -- Compiling module Dcache_bank_dataSram1_blk_mem_gen_prim_width__parameterized2
# -- Compiling module Dcache_bank_dataSram1_blk_mem_gen_prim_width__parameterized20
# -- Compiling module Dcache_bank_dataSram1_blk_mem_gen_prim_width__parameterized21
# -- Compiling module Dcache_bank_dataSram1_blk_mem_gen_prim_width__parameterized22
# -- Compiling module Dcache_bank_dataSram1_blk_mem_gen_prim_width__parameterized23
# -- Compiling module Dcache_bank_dataSram1_blk_mem_gen_prim_width__parameterized24
# -- Compiling module Dcache_bank_dataSram1_blk_mem_gen_prim_width__parameterized25
# -- Compiling module Dcache_bank_dataSram1_blk_mem_gen_prim_width__parameterized26
# -- Compiling module Dcache_bank_dataSram1_blk_mem_gen_prim_width__parameterized27
# -- Compiling module Dcache_bank_dataSram1_blk_mem_gen_prim_width__parameterized28
# -- Compiling module Dcache_bank_dataSram1_blk_mem_gen_prim_width__parameterized29
# -- Compiling module Dcache_bank_dataSram1_blk_mem_gen_prim_width__parameterized3
# -- Compiling module Dcache_bank_dataSram1_blk_mem_gen_prim_width__parameterized30
# -- Compiling module Dcache_bank_dataSram1_blk_mem_gen_prim_width__parameterized4
# -- Compiling module Dcache_bank_dataSram1_blk_mem_gen_prim_width__parameterized5
# -- Compiling module Dcache_bank_dataSram1_blk_mem_gen_prim_width__parameterized6
# -- Compiling module Dcache_bank_dataSram1_blk_mem_gen_prim_width__parameterized7
# -- Compiling module Dcache_bank_dataSram1_blk_mem_gen_prim_width__parameterized8
# -- Compiling module Dcache_bank_dataSram1_blk_mem_gen_prim_width__parameterized9
# -- Compiling module Dcache_bank_dataSram1_blk_mem_gen_prim_wrapper_init
# -- Compiling module Dcache_bank_dataSram1_blk_mem_gen_prim_wrapper_init__parameterized0
# -- Compiling module Dcache_bank_dataSram1_blk_mem_gen_prim_wrapper_init__parameterized1
# -- Compiling module Dcache_bank_dataSram1_blk_mem_gen_prim_wrapper_init__parameterized10
# -- Compiling module Dcache_bank_dataSram1_blk_mem_gen_prim_wrapper_init__parameterized11
# -- Compiling module Dcache_bank_dataSram1_blk_mem_gen_prim_wrapper_init__parameterized12
# -- Compiling module Dcache_bank_dataSram1_blk_mem_gen_prim_wrapper_init__parameterized13
# -- Compiling module Dcache_bank_dataSram1_blk_mem_gen_prim_wrapper_init__parameterized14
# -- Compiling module Dcache_bank_dataSram1_blk_mem_gen_prim_wrapper_init__parameterized15
# -- Compiling module Dcache_bank_dataSram1_blk_mem_gen_prim_wrapper_init__parameterized16
# -- Compiling module Dcache_bank_dataSram1_blk_mem_gen_prim_wrapper_init__parameterized17
# -- Compiling module Dcache_bank_dataSram1_blk_mem_gen_prim_wrapper_init__parameterized18
# -- Compiling module Dcache_bank_dataSram1_blk_mem_gen_prim_wrapper_init__parameterized19
# -- Compiling module Dcache_bank_dataSram1_blk_mem_gen_prim_wrapper_init__parameterized2
# -- Compiling module Dcache_bank_dataSram1_blk_mem_gen_prim_wrapper_init__parameterized20
# -- Compiling module Dcache_bank_dataSram1_blk_mem_gen_prim_wrapper_init__parameterized21
# -- Compiling module Dcache_bank_dataSram1_blk_mem_gen_prim_wrapper_init__parameterized22
# -- Compiling module Dcache_bank_dataSram1_blk_mem_gen_prim_wrapper_init__parameterized23
# -- Compiling module Dcache_bank_dataSram1_blk_mem_gen_prim_wrapper_init__parameterized24
# -- Compiling module Dcache_bank_dataSram1_blk_mem_gen_prim_wrapper_init__parameterized25
# -- Compiling module Dcache_bank_dataSram1_blk_mem_gen_prim_wrapper_init__parameterized26
# -- Compiling module Dcache_bank_dataSram1_blk_mem_gen_prim_wrapper_init__parameterized27
# -- Compiling module Dcache_bank_dataSram1_blk_mem_gen_prim_wrapper_init__parameterized28
# -- Compiling module Dcache_bank_dataSram1_blk_mem_gen_prim_wrapper_init__parameterized29
# -- Compiling module Dcache_bank_dataSram1_blk_mem_gen_prim_wrapper_init__parameterized3
# -- Compiling module Dcache_bank_dataSram1_blk_mem_gen_prim_wrapper_init__parameterized30
# -- Compiling module Dcache_bank_dataSram1_blk_mem_gen_prim_wrapper_init__parameterized4
# -- Compiling module Dcache_bank_dataSram1_blk_mem_gen_prim_wrapper_init__parameterized5
# -- Compiling module Dcache_bank_dataSram1_blk_mem_gen_prim_wrapper_init__parameterized6
# -- Compiling module Dcache_bank_dataSram1_blk_mem_gen_prim_wrapper_init__parameterized7
# -- Compiling module Dcache_bank_dataSram1_blk_mem_gen_prim_wrapper_init__parameterized8
# -- Compiling module Dcache_bank_dataSram1_blk_mem_gen_prim_wrapper_init__parameterized9
# -- Compiling module Dcache_bank_dataSram1_blk_mem_gen_top
# -- Compiling module Dcache_bank_dataSram1_blk_mem_gen_v8_4_3
# -- Compiling module Dcache_bank_dataSram1_blk_mem_gen_v8_4_3_synth
# -- Compiling module Dcache_bank_tagSRAM_blk_mem_gen_generic_cstr
# -- Compiling module Dcache_bank_tagSRAM_blk_mem_gen_prim_width
# -- Compiling module Dcache_bank_tagSRAM_blk_mem_gen_prim_width__parameterized0
# -- Compiling module Dcache_bank_tagSRAM_blk_mem_gen_prim_width__parameterized1
# -- Compiling module Dcache_bank_tagSRAM_blk_mem_gen_prim_width__parameterized2
# -- Compiling module Dcache_bank_tagSRAM_blk_mem_gen_prim_width__parameterized3
# -- Compiling module Dcache_bank_tagSRAM_blk_mem_gen_prim_width__parameterized4
# -- Compiling module Dcache_bank_tagSRAM_blk_mem_gen_prim_wrapper_init
# -- Compiling module Dcache_bank_tagSRAM_blk_mem_gen_prim_wrapper_init__parameterized0
# -- Compiling module Dcache_bank_tagSRAM_blk_mem_gen_prim_wrapper_init__parameterized1
# -- Compiling module Dcache_bank_tagSRAM_blk_mem_gen_prim_wrapper_init__parameterized2
# -- Compiling module Dcache_bank_tagSRAM_blk_mem_gen_prim_wrapper_init__parameterized3
# -- Compiling module Dcache_bank_tagSRAM_blk_mem_gen_prim_wrapper_init__parameterized4
# -- Compiling module Dcache_bank_tagSRAM_blk_mem_gen_top
# -- Compiling module Dcache_bank_tagSRAM_blk_mem_gen_v8_4_3
# -- Compiling module Dcache_bank_tagSRAM_blk_mem_gen_v8_4_3_synth
# -- Compiling module glbl
# -- Compiling module replace_fifo_buffer_tb
# -- Compiling module Icache_tb
# -- Compiling module Dcache_D_V_buffer_tb
# -- Compiling module Dcache_tb
# 
# Top level modules:
# 	glbl
# 	replace_fifo_buffer_tb
# 	Icache_tb
# 	Dcache_D_V_buffer_tb
# 	Dcache_tb
# End time: 11:42:19 on Aug 03,2024, Elapsed time: 0:00:00
# Errors: 0, Warnings: 1
