# //  ModelSim SE-64 10.7 Dec  7 2017
# //
# //  Copyright 1991-2017 Mentor Graphics Corporation
# //  All Rights Reserved.
# //
# //  ModelSim SE-64 and its associated documentation contain trade
# //  secrets and commercial or financial information that are the property of
# //  Mentor Graphics Corporation and are privileged, confidential,
# //  and exempt from disclosure under the Freedom of Information Act,
# //  5 U.S.C. Section 552. Furthermore, this information
# //  is prohibited from disclosure under the Trade Secrets Act,
# //  18 U.S.C. Section 1905.
# //
# do {Dcache_tb_simulate.do}
# vsim -voptargs=""+acc"" -L xil_defaultlib -L unisims_ver -L secureip -lib xil_defaultlib xil_defaultlib.Dcache_tb xil_defaultlib.glbl 
# Start time: 11:42:27 on Aug 03,2024
# ** Note: (vsim-3812) Design is being optimized...
# Loading work.Dcache_tb(fast)
# Loading work.Dcache(fast)
# Loading unisims_ver.IBUF(fast)
# Loading unisims_ver.BUFGCE(fast)
# Loading unisims_ver.OBUF(fast)
# Loading unisims_ver.LUT3(fast)
# Loading unisims_ver.LUT6(fast)
# Loading unisims_ver.LUT6(fast__1)
# Loading unisims_ver.MUXF7(fast)
# Loading unisims_ver.LUT2(fast)
# Loading unisims_ver.LUT2(fast__1)
# Loading unisims_ver.FDCE(fast)
# Loading unisims_ver.LUT3(fast__1)
# Loading unisims_ver.LUT3(fast__2)
# Loading unisims_ver.FDRE(fast)
# Loading unisims_ver.LUT6(fast__2)
# Loading work.Dcache_D_V_buffer(fast)
# Loading unisims_ver.LUT5(fast)
# Loading unisims_ver.LUT6(fast__3)
# Loading unisims_ver.LUT6(fast__4)
# Loading unisims_ver.LUT6(fast__5)
# Loading unisims_ver.LUT5(fast__1)
# Loading unisims_ver.LUT4(fast)
# Loading unisims_ver.LUT6(fast__6)
# Loading unisims_ver.LUT6(fast__7)
# Loading unisims_ver.LUT6(fast__8)
# Loading unisims_ver.LUT5(fast__2)
# Loading unisims_ver.LUT4(fast__1)
# Loading unisims_ver.LUT6(fast__9)
# Loading unisims_ver.LUT6(fast__10)
# Loading unisims_ver.LUT6(fast__11)
# Loading unisims_ver.LUT6(fast__12)
# Loading unisims_ver.LUT2(fast__2)
# Loading unisims_ver.LUT6(fast__13)
# Loading unisims_ver.LUT6(fast__14)
# Loading unisims_ver.LUT6(fast__15)
# Loading unisims_ver.LUT4(fast__2)
# Loading unisims_ver.LUT6(fast__16)
# Loading unisims_ver.LUT6(fast__17)
# Loading unisims_ver.LUT5(fast__3)
# Loading unisims_ver.LUT6(fast__18)
# Loading unisims_ver.LUT6(fast__19)
# Loading unisims_ver.LUT6(fast__20)
# Loading unisims_ver.LUT2(fast__3)
# Loading unisims_ver.LUT4(fast__3)
# Loading unisims_ver.LUT6(fast__21)
# Loading unisims_ver.LUT6(fast__22)
# Loading unisims_ver.LUT6(fast__23)
# Loading unisims_ver.LUT3(fast__3)
# Loading unisims_ver.LUT3(fast__4)
# Loading unisims_ver.LUT3(fast__5)
# Loading unisims_ver.LUT3(fast__6)
# Loading unisims_ver.LUT3(fast__7)
# Loading unisims_ver.LUT4(fast__4)
# Loading unisims_ver.LUT3(fast__8)
# Loading unisims_ver.LUT1(fast)
# Loading unisims_ver.LUT3(fast__9)
# Loading unisims_ver.LUT4(fast__5)
# Loading unisims_ver.LUT3(fast__10)
# Loading unisims_ver.LUT3(fast__11)
# Loading unisims_ver.MUXF8(fast)
# Loading unisims_ver.LUT2(fast__4)
# Loading unisims_ver.LUT5(fast__4)
# Loading unisims_ver.LUT5(fast__5)
# Loading unisims_ver.LUT5(fast__6)
# Loading work.Dcache_bank_dataSram0(fast)
# Loading work.Dcache_bank_dataSram0_blk_mem_gen_v8_4_3(fast)
# Loading unisims_ver.GND(fast)
# Loading work.Dcache_bank_dataSram0_blk_mem_gen_v8_4_3_synth(fast)
# Loading work.Dcache_bank_dataSram0_blk_mem_gen_top(fast)
# Loading work.Dcache_bank_dataSram0_blk_mem_gen_generic_cstr(fast)
# Loading work.Dcache_bank_dataSram0_blk_mem_gen_prim_width(fast)
# Loading work.Dcache_bank_dataSram0_blk_mem_gen_prim_wrapper_init(fast)
# Loading unisims_ver.RAMB36E2(fast)
# Loading work.Dcache_bank_dataSram0_blk_mem_gen_prim_width__parameterized9(fast)
# Loading work.Dcache_bank_dataSram0_blk_mem_gen_prim_wrapper_init__parameterized9(fast)
# Loading work.Dcache_bank_dataSram0_blk_mem_gen_prim_width__parameterized10(fast)
# Loading work.Dcache_bank_dataSram0_blk_mem_gen_prim_wrapper_init__parameterized10(fast)
# Loading work.Dcache_bank_dataSram0_blk_mem_gen_prim_width__parameterized11(fast)
# Loading work.Dcache_bank_dataSram0_blk_mem_gen_prim_wrapper_init__parameterized11(fast)
# Loading work.Dcache_bank_dataSram0_blk_mem_gen_prim_width__parameterized12(fast)
# Loading work.Dcache_bank_dataSram0_blk_mem_gen_prim_wrapper_init__parameterized12(fast)
# Loading work.Dcache_bank_dataSram0_blk_mem_gen_prim_width__parameterized13(fast)
# Loading work.Dcache_bank_dataSram0_blk_mem_gen_prim_wrapper_init__parameterized13(fast)
# Loading work.Dcache_bank_dataSram0_blk_mem_gen_prim_width__parameterized14(fast)
# Loading work.Dcache_bank_dataSram0_blk_mem_gen_prim_wrapper_init__parameterized14(fast)
# Loading work.Dcache_bank_dataSram0_blk_mem_gen_prim_width__parameterized15(fast)
# Loading work.Dcache_bank_dataSram0_blk_mem_gen_prim_wrapper_init__parameterized15(fast)
# Loading work.Dcache_bank_dataSram0_blk_mem_gen_prim_width__parameterized16(fast)
# Loading work.Dcache_bank_dataSram0_blk_mem_gen_prim_wrapper_init__parameterized16(fast)
# Loading work.Dcache_bank_dataSram0_blk_mem_gen_prim_width__parameterized17(fast)
# Loading work.Dcache_bank_dataSram0_blk_mem_gen_prim_wrapper_init__parameterized17(fast)
# Loading work.Dcache_bank_dataSram0_blk_mem_gen_prim_width__parameterized18(fast)
# Loading work.Dcache_bank_dataSram0_blk_mem_gen_prim_wrapper_init__parameterized18(fast)
# Loading work.Dcache_bank_dataSram0_blk_mem_gen_prim_width__parameterized0(fast)
# Loading work.Dcache_bank_dataSram0_blk_mem_gen_prim_wrapper_init__parameterized0(fast)
# Loading work.Dcache_bank_dataSram0_blk_mem_gen_prim_width__parameterized19(fast)
# Loading work.Dcache_bank_dataSram0_blk_mem_gen_prim_wrapper_init__parameterized19(fast)
# Loading work.Dcache_bank_dataSram0_blk_mem_gen_prim_width__parameterized20(fast)
# Loading work.Dcache_bank_dataSram0_blk_mem_gen_prim_wrapper_init__parameterized20(fast)
# Loading work.Dcache_bank_dataSram0_blk_mem_gen_prim_width__parameterized21(fast)
# Loading work.Dcache_bank_dataSram0_blk_mem_gen_prim_wrapper_init__parameterized21(fast)
# Loading work.Dcache_bank_dataSram0_blk_mem_gen_prim_width__parameterized22(fast)
# Loading work.Dcache_bank_dataSram0_blk_mem_gen_prim_wrapper_init__parameterized22(fast)
# Loading work.Dcache_bank_dataSram0_blk_mem_gen_prim_width__parameterized23(fast)
# Loading work.Dcache_bank_dataSram0_blk_mem_gen_prim_wrapper_init__parameterized23(fast)
# Loading work.Dcache_bank_dataSram0_blk_mem_gen_prim_width__parameterized24(fast)
# Loading work.Dcache_bank_dataSram0_blk_mem_gen_prim_wrapper_init__parameterized24(fast)
# Loading work.Dcache_bank_dataSram0_blk_mem_gen_prim_width__parameterized25(fast)
# Loading work.Dcache_bank_dataSram0_blk_mem_gen_prim_wrapper_init__parameterized25(fast)
# Loading work.Dcache_bank_dataSram0_blk_mem_gen_prim_width__parameterized26(fast)
# Loading work.Dcache_bank_dataSram0_blk_mem_gen_prim_wrapper_init__parameterized26(fast)
# Loading work.Dcache_bank_dataSram0_blk_mem_gen_prim_width__parameterized27(fast)
# Loading work.Dcache_bank_dataSram0_blk_mem_gen_prim_wrapper_init__parameterized27(fast)
# Loading work.Dcache_bank_dataSram0_blk_mem_gen_prim_width__parameterized28(fast)
# Loading work.Dcache_bank_dataSram0_blk_mem_gen_prim_wrapper_init__parameterized28(fast)
# Loading work.Dcache_bank_dataSram0_blk_mem_gen_prim_width__parameterized1(fast)
# Loading work.Dcache_bank_dataSram0_blk_mem_gen_prim_wrapper_init__parameterized1(fast)
# Loading work.Dcache_bank_dataSram0_blk_mem_gen_prim_width__parameterized29(fast)
# Loading work.Dcache_bank_dataSram0_blk_mem_gen_prim_wrapper_init__parameterized29(fast)
# Loading work.Dcache_bank_dataSram0_blk_mem_gen_prim_width__parameterized30(fast)
# Loading work.Dcache_bank_dataSram0_blk_mem_gen_prim_wrapper_init__parameterized30(fast)
# Loading work.Dcache_bank_dataSram0_blk_mem_gen_prim_width__parameterized2(fast)
# Loading work.Dcache_bank_dataSram0_blk_mem_gen_prim_wrapper_init__parameterized2(fast)
# Loading work.Dcache_bank_dataSram0_blk_mem_gen_prim_width__parameterized3(fast)
# Loading work.Dcache_bank_dataSram0_blk_mem_gen_prim_wrapper_init__parameterized3(fast)
# Loading work.Dcache_bank_dataSram0_blk_mem_gen_prim_width__parameterized4(fast)
# Loading work.Dcache_bank_dataSram0_blk_mem_gen_prim_wrapper_init__parameterized4(fast)
# Loading work.Dcache_bank_dataSram0_blk_mem_gen_prim_width__parameterized5(fast)
# Loading work.Dcache_bank_dataSram0_blk_mem_gen_prim_wrapper_init__parameterized5(fast)
# Loading work.Dcache_bank_dataSram0_blk_mem_gen_prim_width__parameterized6(fast)
# Loading work.Dcache_bank_dataSram0_blk_mem_gen_prim_wrapper_init__parameterized6(fast)
# Loading work.Dcache_bank_dataSram0_blk_mem_gen_prim_width__parameterized7(fast)
# Loading work.Dcache_bank_dataSram0_blk_mem_gen_prim_wrapper_init__parameterized7(fast)
# Loading work.Dcache_bank_dataSram0_blk_mem_gen_prim_width__parameterized8(fast)
# Loading work.Dcache_bank_dataSram0_blk_mem_gen_prim_wrapper_init__parameterized8(fast)
# Loading unisims_ver.LUT5(fast__7)
# Loading unisims_ver.LUT6(fast__24)
# Loading unisims_ver.LUT6(fast__25)
# Loading unisims_ver.LUT6(fast__26)
# Loading unisims_ver.LUT6(fast__27)
# Loading unisims_ver.LUT6(fast__28)
# Loading unisims_ver.LUT6(fast__29)
# Loading unisims_ver.LUT5(fast__8)
# Loading unisims_ver.LUT5(fast__9)
# Loading unisims_ver.LUT6(fast__30)
# Loading unisims_ver.LUT6(fast__31)
# Loading unisims_ver.LUT6(fast__32)
# Loading unisims_ver.LUT6(fast__33)
# Loading unisims_ver.LUT6(fast__34)
# Loading unisims_ver.LUT6(fast__35)
# Loading unisims_ver.LUT6(fast__36)
# Loading unisims_ver.LUT6(fast__37)
# Loading unisims_ver.LUT3(fast__12)
# Loading work.Dcache_bank_dataSram1(fast)
# Loading work.Dcache_bank_dataSram1_blk_mem_gen_v8_4_3(fast)
# Loading work.Dcache_bank_dataSram1_blk_mem_gen_v8_4_3_synth(fast)
# Loading work.Dcache_bank_dataSram1_blk_mem_gen_top(fast)
# Loading work.Dcache_bank_dataSram1_blk_mem_gen_generic_cstr(fast)
# Loading work.Dcache_bank_dataSram1_blk_mem_gen_prim_width(fast)
# Loading work.Dcache_bank_dataSram1_blk_mem_gen_prim_wrapper_init(fast)
# Loading work.Dcache_bank_dataSram1_blk_mem_gen_prim_width__parameterized9(fast)
# Loading work.Dcache_bank_dataSram1_blk_mem_gen_prim_wrapper_init__parameterized9(fast)
# Loading work.Dcache_bank_dataSram1_blk_mem_gen_prim_width__parameterized10(fast)
# Loading work.Dcache_bank_dataSram1_blk_mem_gen_prim_wrapper_init__parameterized10(fast)
# Loading work.Dcache_bank_dataSram1_blk_mem_gen_prim_width__parameterized11(fast)
# Loading work.Dcache_bank_dataSram1_blk_mem_gen_prim_wrapper_init__parameterized11(fast)
# Loading work.Dcache_bank_dataSram1_blk_mem_gen_prim_width__parameterized12(fast)
# Loading work.Dcache_bank_dataSram1_blk_mem_gen_prim_wrapper_init__parameterized12(fast)
# Loading work.Dcache_bank_dataSram1_blk_mem_gen_prim_width__parameterized13(fast)
# Loading work.Dcache_bank_dataSram1_blk_mem_gen_prim_wrapper_init__parameterized13(fast)
# Loading work.Dcache_bank_dataSram1_blk_mem_gen_prim_width__parameterized14(fast)
# Loading work.Dcache_bank_dataSram1_blk_mem_gen_prim_wrapper_init__parameterized14(fast)
# Loading work.Dcache_bank_dataSram1_blk_mem_gen_prim_width__parameterized15(fast)
# Loading work.Dcache_bank_dataSram1_blk_mem_gen_prim_wrapper_init__parameterized15(fast)
# Loading work.Dcache_bank_dataSram1_blk_mem_gen_prim_width__parameterized16(fast)
# Loading work.Dcache_bank_dataSram1_blk_mem_gen_prim_wrapper_init__parameterized16(fast)
# Loading work.Dcache_bank_dataSram1_blk_mem_gen_prim_width__parameterized17(fast)
# Loading work.Dcache_bank_dataSram1_blk_mem_gen_prim_wrapper_init__parameterized17(fast)
# Loading work.Dcache_bank_dataSram1_blk_mem_gen_prim_width__parameterized18(fast)
# Loading work.Dcache_bank_dataSram1_blk_mem_gen_prim_wrapper_init__parameterized18(fast)
# Loading work.Dcache_bank_dataSram1_blk_mem_gen_prim_width__parameterized0(fast)
# Loading work.Dcache_bank_dataSram1_blk_mem_gen_prim_wrapper_init__parameterized0(fast)
# Loading work.Dcache_bank_dataSram1_blk_mem_gen_prim_width__parameterized19(fast)
# Loading work.Dcache_bank_dataSram1_blk_mem_gen_prim_wrapper_init__parameterized19(fast)
# Loading work.Dcache_bank_dataSram1_blk_mem_gen_prim_width__parameterized20(fast)
# Loading work.Dcache_bank_dataSram1_blk_mem_gen_prim_wrapper_init__parameterized20(fast)
# Loading work.Dcache_bank_dataSram1_blk_mem_gen_prim_width__parameterized21(fast)
# Loading work.Dcache_bank_dataSram1_blk_mem_gen_prim_wrapper_init__parameterized21(fast)
# Loading work.Dcache_bank_dataSram1_blk_mem_gen_prim_width__parameterized22(fast)
# Loading work.Dcache_bank_dataSram1_blk_mem_gen_prim_wrapper_init__parameterized22(fast)
# Loading work.Dcache_bank_dataSram1_blk_mem_gen_prim_width__parameterized23(fast)
# Loading work.Dcache_bank_dataSram1_blk_mem_gen_prim_wrapper_init__parameterized23(fast)
# Loading work.Dcache_bank_dataSram1_blk_mem_gen_prim_width__parameterized24(fast)
# Loading work.Dcache_bank_dataSram1_blk_mem_gen_prim_wrapper_init__parameterized24(fast)
# Loading work.Dcache_bank_dataSram1_blk_mem_gen_prim_width__parameterized25(fast)
# Loading work.Dcache_bank_dataSram1_blk_mem_gen_prim_wrapper_init__parameterized25(fast)
# Loading work.Dcache_bank_dataSram1_blk_mem_gen_prim_width__parameterized26(fast)
# Loading work.Dcache_bank_dataSram1_blk_mem_gen_prim_wrapper_init__parameterized26(fast)
# Loading work.Dcache_bank_dataSram1_blk_mem_gen_prim_width__parameterized27(fast)
# Loading work.Dcache_bank_dataSram1_blk_mem_gen_prim_wrapper_init__parameterized27(fast)
# Loading work.Dcache_bank_dataSram1_blk_mem_gen_prim_width__parameterized28(fast)
# Loading work.Dcache_bank_dataSram1_blk_mem_gen_prim_wrapper_init__parameterized28(fast)
# Loading work.Dcache_bank_dataSram1_blk_mem_gen_prim_width__parameterized1(fast)
# Loading work.Dcache_bank_dataSram1_blk_mem_gen_prim_wrapper_init__parameterized1(fast)
# Loading work.Dcache_bank_dataSram1_blk_mem_gen_prim_width__parameterized29(fast)
# Loading work.Dcache_bank_dataSram1_blk_mem_gen_prim_wrapper_init__parameterized29(fast)
# Loading work.Dcache_bank_dataSram1_blk_mem_gen_prim_width__parameterized30(fast)
# Loading work.Dcache_bank_dataSram1_blk_mem_gen_prim_wrapper_init__parameterized30(fast)
# Loading work.Dcache_bank_dataSram1_blk_mem_gen_prim_width__parameterized2(fast)
# Loading work.Dcache_bank_dataSram1_blk_mem_gen_prim_wrapper_init__parameterized2(fast)
# Loading work.Dcache_bank_dataSram1_blk_mem_gen_prim_width__parameterized3(fast)
# Loading work.Dcache_bank_dataSram1_blk_mem_gen_prim_wrapper_init__parameterized3(fast)
# Loading work.Dcache_bank_dataSram1_blk_mem_gen_prim_width__parameterized4(fast)
# Loading work.Dcache_bank_dataSram1_blk_mem_gen_prim_wrapper_init__parameterized4(fast)
# Loading work.Dcache_bank_dataSram1_blk_mem_gen_prim_width__parameterized5(fast)
# Loading work.Dcache_bank_dataSram1_blk_mem_gen_prim_wrapper_init__parameterized5(fast)
# Loading work.Dcache_bank_dataSram1_blk_mem_gen_prim_width__parameterized6(fast)
# Loading work.Dcache_bank_dataSram1_blk_mem_gen_prim_wrapper_init__parameterized6(fast)
# Loading work.Dcache_bank_dataSram1_blk_mem_gen_prim_width__parameterized7(fast)
# Loading work.Dcache_bank_dataSram1_blk_mem_gen_prim_wrapper_init__parameterized7(fast)
# Loading work.Dcache_bank_dataSram1_blk_mem_gen_prim_width__parameterized8(fast)
# Loading work.Dcache_bank_dataSram1_blk_mem_gen_prim_wrapper_init__parameterized8(fast)
# Loading unisims_ver.LUT5(fast__10)
# Loading unisims_ver.LUT6(fast__38)
# Loading unisims_ver.LUT6(fast__39)
# Loading unisims_ver.LUT5(fast__11)
# Loading unisims_ver.LUT6(fast__40)
# Loading unisims_ver.LUT6(fast__41)
# Loading unisims_ver.LUT5(fast__12)
# Loading unisims_ver.LUT3(fast__13)
# Loading unisims_ver.LUT6(fast__42)
# Loading unisims_ver.LUT5(fast__13)
# Loading unisims_ver.LUT6(fast__43)
# Loading unisims_ver.LUT6(fast__44)
# Loading work.Dcache_bank_tagSRAM(fast)
# Loading work.Dcache_bank_tagSRAM_blk_mem_gen_v8_4_3(fast)
# Loading work.Dcache_bank_tagSRAM_blk_mem_gen_v8_4_3_synth(fast)
# Loading work.Dcache_bank_tagSRAM_blk_mem_gen_top(fast)
# Loading work.Dcache_bank_tagSRAM_blk_mem_gen_generic_cstr(fast)
# Loading work.Dcache_bank_tagSRAM_blk_mem_gen_prim_width(fast)
# Loading work.Dcache_bank_tagSRAM_blk_mem_gen_prim_wrapper_init(fast)
# Loading unisims_ver.RAMB18E2(fast)
# Loading work.Dcache_bank_tagSRAM_blk_mem_gen_prim_width__parameterized0(fast)
# Loading work.Dcache_bank_tagSRAM_blk_mem_gen_prim_wrapper_init__parameterized0(fast)
# Loading unisims_ver.RAMB36E2(fast__1)
# Loading work.Dcache_bank_tagSRAM_blk_mem_gen_prim_width__parameterized1(fast)
# Loading work.Dcache_bank_tagSRAM_blk_mem_gen_prim_wrapper_init__parameterized1(fast)
# Loading work.Dcache_bank_tagSRAM_blk_mem_gen_prim_width__parameterized2(fast)
# Loading work.Dcache_bank_tagSRAM_blk_mem_gen_prim_wrapper_init__parameterized2(fast)
# Loading work.Dcache_bank_tagSRAM_blk_mem_gen_prim_width__parameterized3(fast)
# Loading work.Dcache_bank_tagSRAM_blk_mem_gen_prim_wrapper_init__parameterized3(fast)
# Loading work.Dcache_bank_tagSRAM_blk_mem_gen_prim_width__parameterized4(fast)
# Loading work.Dcache_bank_tagSRAM_blk_mem_gen_prim_wrapper_init__parameterized4(fast)
# Loading work.Dcache_plru_buffer(fast)
# Loading unisims_ver.LUT5(fast__14)
# Loading unisims_ver.LUT5(fast__15)
# Loading unisims_ver.LUT5(fast__16)
# Loading unisims_ver.LUT5(fast__17)
# Loading unisims_ver.LUT5(fast__18)
# Loading unisims_ver.LUT5(fast__19)
# Loading unisims_ver.LUT5(fast__20)
# Loading unisims_ver.LUT5(fast__21)
# Loading unisims_ver.LUT5(fast__22)
# Loading unisims_ver.LUT5(fast__23)
# Loading unisims_ver.LUT5(fast__24)
# Loading unisims_ver.LUT5(fast__25)
# Loading unisims_ver.LUT5(fast__26)
# Loading unisims_ver.LUT5(fast__27)
# Loading unisims_ver.LUT5(fast__28)
# Loading unisims_ver.LUT4(fast__6)
# Loading unisims_ver.LUT5(fast__29)
# Loading unisims_ver.LUT5(fast__30)
# Loading unisims_ver.LUT5(fast__31)
# Loading unisims_ver.LUT5(fast__32)
# Loading unisims_ver.LUT5(fast__33)
# Loading unisims_ver.LUT5(fast__34)
# Loading unisims_ver.LUT5(fast__35)
# Loading unisims_ver.LUT5(fast__36)
# Loading unisims_ver.LUT3(fast__14)
# Loading work.cPmtFifo2(fast)
# Loading work.delay1U__3(fast)
# Loading unisims_ver.LUT1(fast__1)
# Loading work.delay1U__4(fast)
# Loading work.receiver__3(fast)
# Loading unisims_ver.FDPE(fast)
# Loading work.pmtRelay__3(fast)
# Loading unisims_ver.LUT2(fast__5)
# Loading unisims_ver.LUT2(fast__6)
# Loading unisims_ver.LUT2(fast__7)
# Loading work.relay__2(fast)
# Loading work.sender__6(fast)
# Loading work.cArbMerge2_6b(fast)
# Loading work.delay2U__1(fast)
# Loading work.delay2U__3(fast)
# Loading work.delay2U__4(fast)
# Loading work.delay2U__2(fast)
# Loading work.cPmtFifo1(fast)
# Loading work.delay1Unit__1(fast)
# Loading work.delay1U__1(fast)
# Loading work.pmtRelay(fast)
# Loading work.receiver__1(fast)
# Loading work.sender__2(fast)
# Loading work.contTap__2(fast)
# Loading work.cFifo1(fast)
# Loading work.delay1Unit(fast)
# Loading work.receiver__2(fast)
# Loading work.relay__1(fast)
# Loading work.sender__3(fast)
# Loading unisims_ver.LUT4(fast__7)
# Loading work.cPmtFifo1__1(fast)
# Loading work.delay1Unit__2(fast)
# Loading work.delay1U__5(fast)
# Loading work.pmtRelay__2(fast)
# Loading work.receiver__5(fast)
# Loading work.sender__5(fast)
# Loading work.contTap__1(fast)
# Loading work.cMutexMerge2_1b__1(fast)
# Loading work.contTap__11(fast)
# Loading unisims_ver.LUT4(fast__8)
# Loading work.contTap__10(fast)
# Loading work.cMutexMerge2_1b(fast)
# Loading work.contTap__9(fast)
# Loading work.contTap(fast)
# Loading work.cMutexMerge6_outpmt_6b(fast)
# Loading work.contTap__3(fast)
# Loading work.contTap__7(fast)
# Loading work.contTap__6(fast)
# Loading unisims_ver.LUT5(fast__37)
# Loading unisims_ver.LUT6(fast__45)
# Loading unisims_ver.LUT6(fast__46)
# Loading work.contTap__4(fast)
# Loading work.contTap__8(fast)
# Loading work.contTap__5(fast)
# Loading work.delay1U__2(fast)
# Loading work.cSelector5_fire2(fast)
# Loading work.delay2U(fast)
# Loading work.delay1U(fast)
# Loading work.receiver(fast)
# Loading unisims_ver.LUT5(fast__38)
# Loading work.relay__4(fast)
# Loading work.relay(fast)
# Loading work.sender(fast)
# Loading unisims_ver.LUT3(fast__15)
# Loading work.cSelector6(fast)
# Loading work.delay2U__5(fast)
# Loading work.receiver__4(fast)
# Loading work.relay__3(fast)
# Loading work.sender__4(fast)
# Loading work.dcache_tag_compare(fast)
# Loading unisims_ver.LUT2(fast__8)
# Loading unisims_ver.LDCE(fast)
# Loading unisims_ver.LUT4(fast__9)
# Loading unisims_ver.LUT6(fast__47)
# Loading unisims_ver.LDCE(fast__1)
# Loading unisims_ver.LUT4(fast__10)
# Loading unisims_ver.LUT4(fast__11)
# Loading unisims_ver.LUT6(fast__48)
# Loading unisims_ver.LUT4(fast__12)
# Loading unisims_ver.LUT4(fast__13)
# Loading unisims_ver.LUT6(fast__49)
# Loading unisims_ver.LUT4(fast__14)
# Loading unisims_ver.LUT4(fast__15)
# Loading unisims_ver.LUT3(fast__16)
# Loading unisims_ver.LUT6(fast__50)
# Loading unisims_ver.LUT5(fast__39)
# Loading unisims_ver.LUT5(fast__40)
# Loading unisims_ver.LUT5(fast__41)
# Loading unisims_ver.LUT6(fast__51)
# Loading unisims_ver.LUT6(fast__52)
# Loading unisims_ver.LUT6(fast__53)
# Loading unisims_ver.LUT6(fast__54)
# Loading unisims_ver.LUT6(fast__55)
# Loading unisims_ver.LUT6(fast__56)
# Loading unisims_ver.LUT6(fast__57)
# Loading unisims_ver.LUT6(fast__58)
# Loading unisims_ver.LUT5(fast__42)
# Loading unisims_ver.CARRY8(fast)
# Loading unisims_ver.LUT6(fast__59)
# Loading work.glbl(fast)
# 1
# 1
# .main_pane.wave.interior.cs.body.pw.wf
# .main_pane.structure.interior.cs.body.struct
# .main_pane.objects.interior.cs.body.tree
# ** Note: $stop    : ../../../../../memory_system.srcs/sim_1/new/Dcache_tb.v(249)
#    Time: 500 ns  Iteration: 0  Instance: /Dcache_tb
# Break in Module Dcache_tb at ../../../../../memory_system.srcs/sim_1/new/Dcache_tb.v line 249
# End time: 15:53:43 on Aug 03,2024, Elapsed time: 4:11:16
# Errors: 0, Warnings: 0
