# do {Dcache_tb_compile.do}
# ** Warning: (vlib-34) Library already exists at "modelsim_lib/work".
# ** Warning: (vlib-34) Library already exists at "modelsim_lib/msim".
# ** Warning: (vlib-34) Library already exists at "modelsim_lib/msim/xil_defaultlib".
# Model Technology ModelSim SE-64 vmap 10.7 Lib Mapping Utility 2017.12 Dec  7 2017
# vmap xil_defaultlib modelsim_lib/msim/xil_defaultlib 
# Modifying D:\Xilinx\Xlib\modelsim.ini
# ** Warning: (vlog-159) Mode option -64 is not supported in this context and will be ignored.
# Model Technology ModelSim SE-64 vlog 10.7 Compiler 2017.12 Dec  7 2017
# Start time: 15:52:59 on Aug 11,2024
# vlog -64 -incr -work xil_defaultlib Dcache_tb_time_synth.v ../../../../../memory_system.srcs/sim_1/new/replace_fifo_buffer_tb.v ../../../../../memory_system.srcs/sim_1/new/Icache_tb.v ../../../../../memory_system.srcs/sim_1/new/Dcache_D_V_buffer_tb.v ../../../../../memory_system.srcs/sim_1/new/Dcache_tb.v 
# -- Skipping module IBUF_UNIQ_BASE_
# -- Skipping module IBUF_HD372
# -- Skipping module IBUF_HD373
# -- Skipping module IBUF_HD374
# -- Skipping module IBUF_HD375
# -- Skipping module IBUF_HD376
# -- Skipping module IBUF_HD377
# -- Skipping module IBUF_HD378
# -- Skipping module IBUF_HD379
# -- Skipping module IBUF_HD380
# -- Skipping module IBUF_HD381
# -- Skipping module IBUF_HD382
# -- Skipping module IBUF_HD383
# -- Skipping module IBUF_HD384
# -- Skipping module IBUF_HD385
# -- Skipping module IBUF_HD386
# -- Skipping module IBUF_HD387
# -- Skipping module IBUF_HD388
# -- Skipping module IBUF_HD389
# -- Skipping module IBUF_HD390
# -- Skipping module IBUF_HD391
# -- Skipping module IBUF_HD392
# -- Skipping module IBUF_HD393
# -- Skipping module IBUF_HD394
# -- Skipping module IBUF_HD395
# -- Skipping module IBUF_HD396
# -- Skipping module IBUF_HD397
# -- Skipping module IBUF_HD398
# -- Skipping module IBUF_HD399
# -- Skipping module IBUF_HD400
# -- Skipping module IBUF_HD401
# -- Skipping module IBUF_HD402
# -- Skipping module IBUF_HD403
# -- Skipping module IBUF_HD404
# -- Skipping module IBUF_HD405
# -- Skipping module IBUF_HD406
# -- Skipping module IBUF_HD407
# -- Skipping module IBUF_HD408
# -- Skipping module IBUF_HD409
# -- Skipping module IBUF_HD410
# -- Skipping module IBUF_HD411
# -- Skipping module IBUF_HD412
# -- Skipping module IBUF_HD413
# -- Skipping module IBUF_HD414
# -- Skipping module IBUF_HD415
# -- Skipping module IBUF_HD416
# -- Skipping module IBUF_HD417
# -- Skipping module IBUF_HD418
# -- Skipping module IBUF_HD419
# -- Skipping module IBUF_HD420
# -- Skipping module IBUF_HD421
# -- Skipping module IBUF_HD422
# -- Skipping module IBUF_HD423
# -- Skipping module IBUF_HD424
# -- Skipping module IBUF_HD425
# -- Skipping module IBUF_HD426
# -- Skipping module IBUF_HD427
# -- Skipping module IBUF_HD428
# -- Skipping module IBUF_HD429
# -- Skipping module IBUF_HD430
# -- Skipping module IBUF_HD431
# -- Skipping module IBUF_HD432
# -- Skipping module IBUF_HD433
# -- Skipping module IBUF_HD434
# -- Skipping module IBUF_HD435
# -- Skipping module IBUF_HD436
# -- Skipping module IBUF_HD437
# -- Skipping module IBUF_HD438
# -- Skipping module IBUF_HD439
# -- Skipping module IBUF_HD440
# -- Skipping module IBUF_HD441
# -- Skipping module IBUF_HD442
# -- Skipping module IBUF_HD443
# -- Skipping module IBUF_HD444
# -- Skipping module IBUF_HD445
# -- Skipping module IBUF_HD446
# -- Skipping module IBUF_HD447
# -- Skipping module IBUF_HD448
# -- Skipping module IBUF_HD449
# -- Skipping module IBUF_HD450
# -- Skipping module IBUF_HD451
# -- Skipping module IBUF_HD452
# -- Skipping module IBUF_HD453
# -- Skipping module IBUF_HD454
# -- Skipping module IBUF_HD455
# -- Skipping module IBUF_HD456
# -- Skipping module IBUF_HD457
# -- Skipping module IBUF_HD458
# -- Skipping module IBUF_HD459
# -- Skipping module IBUF_HD460
# -- Skipping module IBUF_HD461
# -- Skipping module IBUF_HD462
# -- Skipping module IBUF_HD463
# -- Skipping module IBUF_HD464
# -- Skipping module IBUF_HD465
# -- Skipping module IBUF_HD466
# -- Skipping module IBUF_HD467
# -- Skipping module IBUF_HD468
# -- Skipping module IBUF_HD469
# -- Skipping module IBUF_HD470
# -- Skipping module IBUF_HD471
# -- Skipping module IBUF_HD472
# -- Skipping module IBUF_HD473
# -- Skipping module IBUF_HD474
# -- Skipping module IBUF_HD475
# -- Skipping module IBUF_HD476
# -- Skipping module IBUF_HD477
# -- Skipping module IBUF_HD478
# -- Skipping module IBUF_HD479
# -- Skipping module IBUF_HD480
# -- Skipping module IBUF_HD481
# -- Skipping module IBUF_HD482
# -- Skipping module IBUF_HD483
# -- Skipping module IBUF_HD484
# -- Skipping module IBUF_HD485
# -- Skipping module IBUF_HD486
# -- Skipping module IBUF_HD487
# -- Skipping module IBUF_HD488
# -- Skipping module IBUF_HD489
# -- Skipping module IBUF_HD490
# -- Skipping module IBUF_HD491
# -- Skipping module IBUF_HD492
# -- Skipping module IBUF_HD493
# -- Skipping module IBUF_HD494
# -- Skipping module IBUF_HD495
# -- Skipping module IBUF_HD496
# -- Skipping module IBUF_HD497
# -- Skipping module IBUF_HD498
# -- Skipping module IBUF_HD499
# -- Skipping module IBUF_HD500
# -- Skipping module IBUF_HD501
# -- Skipping module IBUF_HD502
# -- Skipping module IBUF_HD503
# -- Skipping module IBUF_HD504
# -- Skipping module IBUF_HD505
# -- Skipping module IBUF_HD506
# -- Skipping module IBUF_HD507
# -- Skipping module IBUF_HD508
# -- Skipping module IBUF_HD509
# -- Skipping module IBUF_HD510
# -- Skipping module IBUF_HD511
# -- Skipping module IBUF_HD512
# -- Skipping module IBUF_HD513
# -- Skipping module IBUF_HD514
# -- Skipping module IBUF_HD515
# -- Skipping module IBUF_HD516
# -- Skipping module IBUF_HD517
# -- Skipping module IBUF_HD518
# -- Skipping module IBUF_HD519
# -- Skipping module IBUF_HD520
# -- Skipping module IBUF_HD521
# -- Skipping module IBUF_HD522
# -- Skipping module IBUF_HD523
# -- Skipping module IBUF_HD524
# -- Skipping module IBUF_HD525
# -- Skipping module IBUF_HD526
# -- Skipping module IBUF_HD527
# -- Skipping module IBUF_HD528
# -- Skipping module IBUF_HD529
# -- Skipping module IBUF_HD530
# -- Skipping module IBUF_HD531
# -- Skipping module IBUF_HD532
# -- Skipping module IBUF_HD533
# -- Skipping module IBUF_HD534
# -- Skipping module IBUF_HD535
# -- Skipping module IBUF_HD536
# -- Skipping module IBUF_HD537
# -- Skipping module IBUF_HD538
# -- Skipping module IBUF_HD539
# -- Skipping module IBUF_HD540
# -- Skipping module IBUF_HD541
# -- Skipping module IBUF_HD542
# -- Skipping module IBUF_HD543
# -- Skipping module IBUF_HD544
# -- Skipping module IBUF_HD545
# -- Skipping module IBUF_HD546
# -- Skipping module IBUF_HD547
# -- Skipping module IBUF_HD548
# -- Skipping module IBUF_HD549
# -- Skipping module IBUF_HD550
# -- Skipping module IBUF_HD551
# -- Skipping module IBUF_HD552
# -- Skipping module IBUF_HD553
# -- Skipping module IBUF_HD554
# -- Skipping module IBUF_HD555
# -- Skipping module IBUF_HD556
# -- Skipping module IBUF_HD557
# -- Skipping module IBUF_HD558
# -- Skipping module IBUF_HD559
# -- Skipping module IBUF_HD560
# -- Skipping module IBUF_HD561
# -- Skipping module IBUF_HD562
# -- Skipping module IBUF_HD563
# -- Skipping module IBUF_HD564
# -- Skipping module IBUF_HD565
# -- Skipping module IBUF_HD566
# -- Skipping module IBUF_HD567
# -- Skipping module IBUF_HD568
# -- Skipping module IBUF_HD569
# -- Skipping module IBUF_HD570
# -- Skipping module IBUF_HD571
# -- Skipping module IBUF_HD572
# -- Skipping module IBUF_HD573
# -- Skipping module IBUF_HD574
# -- Skipping module IBUF_HD575
# -- Skipping module IBUF_HD576
# -- Skipping module IBUF_HD577
# -- Skipping module IBUF_HD578
# -- Skipping module IBUF_HD579
# -- Skipping module IBUF_HD580
# -- Skipping module IBUF_HD581
# -- Skipping module IBUF_HD582
# -- Skipping module IBUF_HD583
# -- Skipping module IBUF_HD584
# -- Skipping module IBUF_HD585
# -- Skipping module IBUF_HD586
# -- Skipping module IBUF_HD587
# -- Skipping module IBUF_HD588
# -- Skipping module IBUF_HD589
# -- Skipping module IBUF_HD590
# -- Skipping module IBUF_HD591
# -- Skipping module IBUF_HD592
# -- Skipping module IBUF_HD593
# -- Skipping module IBUF_HD594
# -- Skipping module IBUF_HD595
# -- Skipping module IBUF_HD596
# -- Skipping module IBUF_HD597
# -- Skipping module IBUF_HD598
# -- Skipping module IBUF_HD599
# -- Skipping module IBUF_HD600
# -- Skipping module IBUF_HD601
# -- Skipping module IBUF_HD602
# -- Skipping module IBUF_HD603
# -- Skipping module IBUF_HD604
# -- Skipping module IBUF_HD605
# -- Skipping module IBUF_HD606
# -- Skipping module IBUF_HD607
# -- Skipping module IBUF_HD608
# -- Skipping module IBUF_HD609
# -- Skipping module IBUF_HD610
# -- Skipping module IBUF_HD611
# -- Skipping module IBUF_HD612
# -- Skipping module IBUF_HD613
# -- Skipping module IBUF_HD614
# -- Skipping module IBUF_HD615
# -- Skipping module IBUF_HD616
# -- Skipping module IBUF_HD617
# -- Skipping module IBUF_HD618
# -- Skipping module IBUF_HD619
# -- Skipping module IBUF_HD620
# -- Skipping module IBUF_HD621
# -- Skipping module IBUF_HD622
# -- Skipping module IBUF_HD623
# -- Skipping module IBUF_HD624
# -- Skipping module IBUF_HD625
# -- Skipping module IBUF_HD626
# -- Skipping module IBUF_HD627
# -- Skipping module IBUF_HD628
# -- Skipping module IBUF_HD629
# -- Skipping module IBUF_HD630
# -- Skipping module IBUF_HD631
# -- Skipping module IBUF_HD632
# -- Skipping module IBUF_HD633
# -- Skipping module IBUF_HD634
# -- Skipping module IBUF_HD635
# -- Skipping module IBUF_HD636
# -- Skipping module IBUF_HD637
# -- Skipping module IBUF_HD638
# -- Skipping module IBUF_HD639
# -- Skipping module IBUF_HD640
# -- Skipping module IBUF_HD641
# -- Skipping module IBUF_HD642
# -- Skipping module IBUF_HD643
# -- Skipping module IBUF_HD644
# -- Skipping module IBUF_HD645
# -- Skipping module IBUF_HD646
# -- Skipping module IBUF_HD647
# -- Skipping module IBUF_HD648
# -- Skipping module IBUF_HD649
# -- Skipping module IBUF_HD650
# -- Skipping module IBUF_HD651
# -- Skipping module IBUF_HD652
# -- Skipping module IBUF_HD653
# -- Skipping module IBUF_HD654
# -- Skipping module IBUF_HD655
# -- Skipping module IBUF_HD656
# -- Skipping module IBUF_HD657
# -- Skipping module IBUF_HD658
# -- Skipping module IBUF_HD659
# -- Skipping module IBUF_HD660
# -- Skipping module IBUF_HD661
# -- Skipping module IBUF_HD662
# -- Skipping module IBUF_HD663
# -- Skipping module IBUF_HD664
# -- Skipping module IBUF_HD665
# -- Skipping module IBUF_HD666
# -- Skipping module IBUF_HD667
# -- Skipping module IBUF_HD668
# -- Skipping module IBUF_HD669
# -- Skipping module IBUF_HD670
# -- Skipping module IBUF_HD671
# -- Skipping module IBUF_HD672
# -- Skipping module IBUF_HD673
# -- Skipping module IBUF_HD674
# -- Skipping module IBUF_HD675
# -- Skipping module IBUF_HD676
# -- Skipping module IBUF_HD677
# -- Skipping module IBUF_HD678
# -- Skipping module IBUF_HD679
# -- Skipping module IBUF_HD680
# -- Skipping module IBUF_HD681
# -- Skipping module IBUF_HD682
# -- Skipping module IBUF_HD683
# -- Skipping module IBUF_HD684
# -- Skipping module IBUF_HD685
# -- Skipping module IBUF_HD686
# -- Skipping module IBUF_HD687
# -- Skipping module IBUF_HD688
# -- Skipping module IBUF_HD689
# -- Skipping module IBUF_HD690
# -- Skipping module IBUF_HD691
# -- Skipping module IBUF_HD692
# -- Skipping module IBUF_HD693
# -- Skipping module IBUF_HD694
# -- Skipping module IBUF_HD695
# -- Skipping module IBUF_HD696
# -- Skipping module IBUF_HD697
# -- Skipping module IBUF_HD698
# -- Skipping module IBUF_HD699
# -- Skipping module IBUF_HD700
# -- Skipping module IBUF_HD701
# -- Skipping module IBUF_HD702
# -- Skipping module IBUF_HD703
# -- Skipping module IBUF_HD704
# -- Skipping module IBUF_HD705
# -- Skipping module IBUF_HD706
# -- Skipping module IBUF_HD707
# -- Skipping module IBUF_HD708
# -- Skipping module IBUF_HD709
# -- Skipping module IBUF_HD710
# -- Skipping module IBUF_HD711
# -- Skipping module IBUF_HD712
# -- Skipping module IBUF_HD713
# -- Skipping module IBUF_HD714
# -- Skipping module IBUF_HD715
# -- Skipping module IBUF_HD716
# -- Skipping module IBUF_HD717
# -- Skipping module IBUF_HD718
# -- Skipping module IBUF_HD719
# -- Skipping module IBUF_HD720
# -- Skipping module IBUF_HD721
# -- Skipping module IBUF_HD722
# -- Skipping module IBUF_HD723
# -- Skipping module IBUF_HD724
# -- Skipping module IBUF_HD725
# -- Skipping module IBUF_HD726
# -- Skipping module IBUF_HD727
# -- Skipping module IBUF_HD728
# -- Skipping module IBUF_HD729
# -- Skipping module IBUF_HD730
# -- Skipping module IBUF_HD731
# -- Skipping module IBUF_HD732
# -- Skipping module IBUF_HD733
# -- Skipping module IBUF_HD734
# -- Skipping module IBUF_HD735
# -- Skipping module IBUF_HD736
# -- Skipping module IBUF_HD737
# -- Skipping module IBUF_HD738
# -- Skipping module IBUF_HD739
# -- Skipping module IBUF_HD740
# -- Skipping module IBUF_HD741
# -- Skipping module IBUF_HD742
# -- Compiling module Dcache
# -- Compiling module Dcache_D_V_buffer
# -- Compiling module Dcache_bank_dataSram0
# -- Compiling module Dcache_bank_dataSram1
# -- Compiling module Dcache_bank_tagSRAM
# -- Compiling module Dcache_plru_buffer
# -- Compiling module cArbMerge2_6b
# -- Compiling module cFifo1
# -- Compiling module cMutexMerge2_1b
# -- Compiling module cMutexMerge2_1b__1
# -- Compiling module cMutexMerge6_outpmt_6b
# -- Compiling module cPmtFifo1
# -- Compiling module cPmtFifo1__1
# -- Compiling module cPmtFifo2
# -- Compiling module cSelector5_fire2
# -- Compiling module cSelector6
# -- Compiling module contTap
# -- Compiling module contTap__1
# -- Compiling module contTap__10
# -- Compiling module contTap__11
# -- Compiling module contTap__2
# -- Compiling module contTap__3
# -- Compiling module contTap__4
# -- Compiling module contTap__5
# -- Compiling module contTap__6
# -- Compiling module contTap__7
# -- Compiling module contTap__8
# -- Compiling module contTap__9
# -- Compiling module dcache_tag_compare
# -- Compiling module delay1U
# -- Compiling module delay1U__1
# -- Compiling module delay1U__2
# -- Compiling module delay1U__3
# -- Compiling module delay1U__4
# -- Compiling module delay1U__5
# -- Compiling module delay1Unit
# -- Compiling module delay1Unit__1
# -- Compiling module delay1Unit__2
# -- Compiling module delay2U
# -- Compiling module delay2U__1
# -- Compiling module delay2U__2
# -- Compiling module delay2U__3
# -- Compiling module delay2U__4
# -- Compiling module delay2U__5
# -- Compiling module pmtRelay
# -- Compiling module pmtRelay__2
# -- Compiling module pmtRelay__3
# -- Compiling module receiver
# -- Compiling module receiver__1
# -- Compiling module receiver__2
# -- Compiling module receiver__3
# -- Compiling module receiver__4
# -- Compiling module receiver__5
# -- Compiling module relay
# -- Compiling module relay__1
# -- Compiling module relay__2
# -- Compiling module relay__3
# -- Compiling module relay__4
# -- Compiling module sender
# -- Compiling module sender__2
# -- Compiling module sender__3
# -- Compiling module sender__4
# -- Compiling module sender__5
# -- Compiling module sender__6
# -- Compiling module Dcache_bank_dataSram0_blk_mem_gen_generic_cstr
# -- Compiling module Dcache_bank_dataSram0_blk_mem_gen_prim_width
# -- Compiling module Dcache_bank_dataSram0_blk_mem_gen_prim_width__parameterized0
# -- Compiling module Dcache_bank_dataSram0_blk_mem_gen_prim_width__parameterized1
# -- Compiling module Dcache_bank_dataSram0_blk_mem_gen_prim_width__parameterized10
# -- Compiling module Dcache_bank_dataSram0_blk_mem_gen_prim_width__parameterized11
# -- Compiling module Dcache_bank_dataSram0_blk_mem_gen_prim_width__parameterized12
# -- Compiling module Dcache_bank_dataSram0_blk_mem_gen_prim_width__parameterized13
# -- Compiling module Dcache_bank_dataSram0_blk_mem_gen_prim_width__parameterized14
# -- Compiling module Dcache_bank_dataSram0_blk_mem_gen_prim_width__parameterized15
# -- Compiling module Dcache_bank_dataSram0_blk_mem_gen_prim_width__parameterized16
# -- Compiling module Dcache_bank_dataSram0_blk_mem_gen_prim_width__parameterized17
# -- Compiling module Dcache_bank_dataSram0_blk_mem_gen_prim_width__parameterized18
# -- Compiling module Dcache_bank_dataSram0_blk_mem_gen_prim_width__parameterized19
# -- Compiling module Dcache_bank_dataSram0_blk_mem_gen_prim_width__parameterized2
# -- Compiling module Dcache_bank_dataSram0_blk_mem_gen_prim_width__parameterized20
# -- Compiling module Dcache_bank_dataSram0_blk_mem_gen_prim_width__parameterized21
# -- Compiling module Dcache_bank_dataSram0_blk_mem_gen_prim_width__parameterized22
# -- Compiling module Dcache_bank_dataSram0_blk_mem_gen_prim_width__parameterized23
# -- Compiling module Dcache_bank_dataSram0_blk_mem_gen_prim_width__parameterized24
# -- Compiling module Dcache_bank_dataSram0_blk_mem_gen_prim_width__parameterized25
# -- Compiling module Dcache_bank_dataSram0_blk_mem_gen_prim_width__parameterized26
# -- Compiling module Dcache_bank_dataSram0_blk_mem_gen_prim_width__parameterized27
# -- Compiling module Dcache_bank_dataSram0_blk_mem_gen_prim_width__parameterized28
# -- Compiling module Dcache_bank_dataSram0_blk_mem_gen_prim_width__parameterized29
# -- Compiling module Dcache_bank_dataSram0_blk_mem_gen_prim_width__parameterized3
# -- Compiling module Dcache_bank_dataSram0_blk_mem_gen_prim_width__parameterized30
# -- Compiling module Dcache_bank_dataSram0_blk_mem_gen_prim_width__parameterized4
# -- Compiling module Dcache_bank_dataSram0_blk_mem_gen_prim_width__parameterized5
# -- Compiling module Dcache_bank_dataSram0_blk_mem_gen_prim_width__parameterized6
# -- Compiling module Dcache_bank_dataSram0_blk_mem_gen_prim_width__parameterized7
# -- Compiling module Dcache_bank_dataSram0_blk_mem_gen_prim_width__parameterized8
# -- Compiling module Dcache_bank_dataSram0_blk_mem_gen_prim_width__parameterized9
# -- Compiling module Dcache_bank_dataSram0_blk_mem_gen_prim_wrapper_init
# -- Compiling module Dcache_bank_dataSram0_blk_mem_gen_prim_wrapper_init__parameterized0
# -- Compiling module Dcache_bank_dataSram0_blk_mem_gen_prim_wrapper_init__parameterized1
# -- Compiling module Dcache_bank_dataSram0_blk_mem_gen_prim_wrapper_init__parameterized10
# -- Compiling module Dcache_bank_dataSram0_blk_mem_gen_prim_wrapper_init__parameterized11
# -- Compiling module Dcache_bank_dataSram0_blk_mem_gen_prim_wrapper_init__parameterized12
# -- Compiling module Dcache_bank_dataSram0_blk_mem_gen_prim_wrapper_init__parameterized13
# -- Compiling module Dcache_bank_dataSram0_blk_mem_gen_prim_wrapper_init__parameterized14
# -- Compiling module Dcache_bank_dataSram0_blk_mem_gen_prim_wrapper_init__parameterized15
# -- Compiling module Dcache_bank_dataSram0_blk_mem_gen_prim_wrapper_init__parameterized16
# -- Compiling module Dcache_bank_dataSram0_blk_mem_gen_prim_wrapper_init__parameterized17
# -- Compiling module Dcache_bank_dataSram0_blk_mem_gen_prim_wrapper_init__parameterized18
# -- Compiling module Dcache_bank_dataSram0_blk_mem_gen_prim_wrapper_init__parameterized19
# -- Compiling module Dcache_bank_dataSram0_blk_mem_gen_prim_wrapper_init__parameterized2
# -- Compiling module Dcache_bank_dataSram0_blk_mem_gen_prim_wrapper_init__parameterized20
# -- Compiling module Dcache_bank_dataSram0_blk_mem_gen_prim_wrapper_init__parameterized21
# -- Compiling module Dcache_bank_dataSram0_blk_mem_gen_prim_wrapper_init__parameterized22
# -- Compiling module Dcache_bank_dataSram0_blk_mem_gen_prim_wrapper_init__parameterized23
# -- Compiling module Dcache_bank_dataSram0_blk_mem_gen_prim_wrapper_init__parameterized24
# -- Compiling module Dcache_bank_dataSram0_blk_mem_gen_prim_wrapper_init__parameterized25
# -- Compiling module Dcache_bank_dataSram0_blk_mem_gen_prim_wrapper_init__parameterized26
# -- Compiling module Dcache_bank_dataSram0_blk_mem_gen_prim_wrapper_init__parameterized27
# -- Compiling module Dcache_bank_dataSram0_blk_mem_gen_prim_wrapper_init__parameterized28
# -- Compiling module Dcache_bank_dataSram0_blk_mem_gen_prim_wrapper_init__parameterized29
# -- Compiling module Dcache_bank_dataSram0_blk_mem_gen_prim_wrapper_init__parameterized3
# -- Compiling module Dcache_bank_dataSram0_blk_mem_gen_prim_wrapper_init__parameterized30
# -- Compiling module Dcache_bank_dataSram0_blk_mem_gen_prim_wrapper_init__parameterized4
# -- Compiling module Dcache_bank_dataSram0_blk_mem_gen_prim_wrapper_init__parameterized5
# -- Compiling module Dcache_bank_dataSram0_blk_mem_gen_prim_wrapper_init__parameterized6
# -- Compiling module Dcache_bank_dataSram0_blk_mem_gen_prim_wrapper_init__parameterized7
# -- Compiling module Dcache_bank_dataSram0_blk_mem_gen_prim_wrapper_init__parameterized8
# -- Compiling module Dcache_bank_dataSram0_blk_mem_gen_prim_wrapper_init__parameterized9
# -- Compiling module Dcache_bank_dataSram0_blk_mem_gen_top
# -- Compiling module Dcache_bank_dataSram0_blk_mem_gen_v8_4_3
# -- Compiling module Dcache_bank_dataSram0_blk_mem_gen_v8_4_3_synth
# -- Compiling module Dcache_bank_dataSram1_blk_mem_gen_generic_cstr
# -- Compiling module Dcache_bank_dataSram1_blk_mem_gen_prim_width
# -- Compiling module Dcache_bank_dataSram1_blk_mem_gen_prim_width__parameterized0
# -- Compiling module Dcache_bank_dataSram1_blk_mem_gen_prim_width__parameterized1
# -- Compiling module Dcache_bank_dataSram1_blk_mem_gen_prim_width__parameterized10
# -- Compiling module Dcache_bank_dataSram1_blk_mem_gen_prim_width__parameterized11
# -- Compiling module Dcache_bank_dataSram1_blk_mem_gen_prim_width__parameterized12
# -- Compiling module Dcache_bank_dataSram1_blk_mem_gen_prim_width__parameterized13
# -- Compiling module Dcache_bank_dataSram1_blk_mem_gen_prim_width__parameterized14
# -- Compiling module Dcache_bank_dataSram1_blk_mem_gen_prim_width__parameterized15
# -- Compiling module Dcache_bank_dataSram1_blk_mem_gen_prim_width__parameterized16
# -- Compiling module Dcache_bank_dataSram1_blk_mem_gen_prim_width__parameterized17
# -- Compiling module Dcache_bank_dataSram1_blk_mem_gen_prim_width__parameterized18
# -- Compiling module Dcache_bank_dataSram1_blk_mem_gen_prim_width__parameterized19
# -- Compiling module Dcache_bank_dataSram1_blk_mem_gen_prim_width__parameterized2
# -- Compiling module Dcache_bank_dataSram1_blk_mem_gen_prim_width__parameterized20
# -- Compiling module Dcache_bank_dataSram1_blk_mem_gen_prim_width__parameterized21
# -- Compiling module Dcache_bank_dataSram1_blk_mem_gen_prim_width__parameterized22
# -- Compiling module Dcache_bank_dataSram1_blk_mem_gen_prim_width__parameterized23
# -- Compiling module Dcache_bank_dataSram1_blk_mem_gen_prim_width__parameterized24
# -- Compiling module Dcache_bank_dataSram1_blk_mem_gen_prim_width__parameterized25
# -- Compiling module Dcache_bank_dataSram1_blk_mem_gen_prim_width__parameterized26
# -- Compiling module Dcache_bank_dataSram1_blk_mem_gen_prim_width__parameterized27
# -- Compiling module Dcache_bank_dataSram1_blk_mem_gen_prim_width__parameterized28
# -- Compiling module Dcache_bank_dataSram1_blk_mem_gen_prim_width__parameterized29
# -- Compiling module Dcache_bank_dataSram1_blk_mem_gen_prim_width__parameterized3
# -- Compiling module Dcache_bank_dataSram1_blk_mem_gen_prim_width__parameterized30
# -- Compiling module Dcache_bank_dataSram1_blk_mem_gen_prim_width__parameterized4
# -- Compiling module Dcache_bank_dataSram1_blk_mem_gen_prim_width__parameterized5
# -- Compiling module Dcache_bank_dataSram1_blk_mem_gen_prim_width__parameterized6
# -- Compiling module Dcache_bank_dataSram1_blk_mem_gen_prim_width__parameterized7
# -- Compiling module Dcache_bank_dataSram1_blk_mem_gen_prim_width__parameterized8
# -- Compiling module Dcache_bank_dataSram1_blk_mem_gen_prim_width__parameterized9
# -- Compiling module Dcache_bank_dataSram1_blk_mem_gen_prim_wrapper_init
# -- Compiling module Dcache_bank_dataSram1_blk_mem_gen_prim_wrapper_init__parameterized0
# -- Compiling module Dcache_bank_dataSram1_blk_mem_gen_prim_wrapper_init__parameterized1
# -- Compiling module Dcache_bank_dataSram1_blk_mem_gen_prim_wrapper_init__parameterized10
# -- Compiling module Dcache_bank_dataSram1_blk_mem_gen_prim_wrapper_init__parameterized11
# -- Compiling module Dcache_bank_dataSram1_blk_mem_gen_prim_wrapper_init__parameterized12
# -- Compiling module Dcache_bank_dataSram1_blk_mem_gen_prim_wrapper_init__parameterized13
# -- Compiling module Dcache_bank_dataSram1_blk_mem_gen_prim_wrapper_init__parameterized14
# -- Compiling module Dcache_bank_dataSram1_blk_mem_gen_prim_wrapper_init__parameterized15
# -- Compiling module Dcache_bank_dataSram1_blk_mem_gen_prim_wrapper_init__parameterized16
# -- Compiling module Dcache_bank_dataSram1_blk_mem_gen_prim_wrapper_init__parameterized17
# -- Compiling module Dcache_bank_dataSram1_blk_mem_gen_prim_wrapper_init__parameterized18
# -- Compiling module Dcache_bank_dataSram1_blk_mem_gen_prim_wrapper_init__parameterized19
# -- Compiling module Dcache_bank_dataSram1_blk_mem_gen_prim_wrapper_init__parameterized2
# -- Compiling module Dcache_bank_dataSram1_blk_mem_gen_prim_wrapper_init__parameterized20
# -- Compiling module Dcache_bank_dataSram1_blk_mem_gen_prim_wrapper_init__parameterized21
# -- Compiling module Dcache_bank_dataSram1_blk_mem_gen_prim_wrapper_init__parameterized22
# -- Compiling module Dcache_bank_dataSram1_blk_mem_gen_prim_wrapper_init__parameterized23
# -- Compiling module Dcache_bank_dataSram1_blk_mem_gen_prim_wrapper_init__parameterized24
# -- Compiling module Dcache_bank_dataSram1_blk_mem_gen_prim_wrapper_init__parameterized25
# -- Compiling module Dcache_bank_dataSram1_blk_mem_gen_prim_wrapper_init__parameterized26
# -- Compiling module Dcache_bank_dataSram1_blk_mem_gen_prim_wrapper_init__parameterized27
# -- Compiling module Dcache_bank_dataSram1_blk_mem_gen_prim_wrapper_init__parameterized28
# -- Compiling module Dcache_bank_dataSram1_blk_mem_gen_prim_wrapper_init__parameterized29
# -- Compiling module Dcache_bank_dataSram1_blk_mem_gen_prim_wrapper_init__parameterized3
# -- Compiling module Dcache_bank_dataSram1_blk_mem_gen_prim_wrapper_init__parameterized30
# -- Compiling module Dcache_bank_dataSram1_blk_mem_gen_prim_wrapper_init__parameterized4
# -- Compiling module Dcache_bank_dataSram1_blk_mem_gen_prim_wrapper_init__parameterized5
# -- Compiling module Dcache_bank_dataSram1_blk_mem_gen_prim_wrapper_init__parameterized6
# -- Compiling module Dcache_bank_dataSram1_blk_mem_gen_prim_wrapper_init__parameterized7
# -- Compiling module Dcache_bank_dataSram1_blk_mem_gen_prim_wrapper_init__parameterized8
# -- Compiling module Dcache_bank_dataSram1_blk_mem_gen_prim_wrapper_init__parameterized9
# -- Compiling module Dcache_bank_dataSram1_blk_mem_gen_top
# -- Compiling module Dcache_bank_dataSram1_blk_mem_gen_v8_4_3
# -- Compiling module Dcache_bank_dataSram1_blk_mem_gen_v8_4_3_synth
# -- Compiling module Dcache_bank_tagSRAM_blk_mem_gen_generic_cstr
# -- Compiling module Dcache_bank_tagSRAM_blk_mem_gen_prim_width
# -- Compiling module Dcache_bank_tagSRAM_blk_mem_gen_prim_width__parameterized0
# -- Compiling module Dcache_bank_tagSRAM_blk_mem_gen_prim_width__parameterized1
# -- Compiling module Dcache_bank_tagSRAM_blk_mem_gen_prim_width__parameterized2
# -- Compiling module Dcache_bank_tagSRAM_blk_mem_gen_prim_width__parameterized3
# -- Compiling module Dcache_bank_tagSRAM_blk_mem_gen_prim_width__parameterized4
# -- Compiling module Dcache_bank_tagSRAM_blk_mem_gen_prim_wrapper_init
# -- Compiling module Dcache_bank_tagSRAM_blk_mem_gen_prim_wrapper_init__parameterized0
# -- Compiling module Dcache_bank_tagSRAM_blk_mem_gen_prim_wrapper_init__parameterized1
# -- Compiling module Dcache_bank_tagSRAM_blk_mem_gen_prim_wrapper_init__parameterized2
# -- Compiling module Dcache_bank_tagSRAM_blk_mem_gen_prim_wrapper_init__parameterized3
# -- Compiling module Dcache_bank_tagSRAM_blk_mem_gen_prim_wrapper_init__parameterized4
# -- Compiling module Dcache_bank_tagSRAM_blk_mem_gen_top
# -- Compiling module Dcache_bank_tagSRAM_blk_mem_gen_v8_4_3
# -- Compiling module Dcache_bank_tagSRAM_blk_mem_gen_v8_4_3_synth
# -- Compiling module glbl
# -- Skipping module replace_fifo_buffer_tb
# -- Skipping module Icache_tb
# -- Skipping module Dcache_D_V_buffer_tb
# -- Skipping module Dcache_tb
# 
# Top level modules:
# 	glbl
# 	replace_fifo_buffer_tb
# 	Icache_tb
# 	Dcache_D_V_buffer_tb
# 	Dcache_tb
# End time: 15:53:00 on Aug 11,2024, Elapsed time: 0:00:01
# Errors: 0, Warnings: 1
