# //  ModelSim SE-64 10.7 Dec  7 2017
# //
# //  Copyright 1991-2017 Mentor Graphics Corporation
# //  All Rights Reserved.
# //
# //  ModelSim SE-64 and its associated documentation contain trade
# //  secrets and commercial or financial information that are the property of
# //  Mentor Graphics Corporation and are privileged, confidential,
# //  and exempt from disclosure under the Freedom of Information Act,
# //  5 U.S.C. Section 552. Furthermore, this information
# //  is prohibited from disclosure under the Trade Secrets Act,
# //  18 U.S.C. Section 1905.
# //
# do {Dcache_tb_simulate.do}
# vsim -voptargs=""+acc"" "+transport_int_delays" "+pulse_e/0" "+pulse_int_e/0" "+pulse_r/0" "+pulse_int_r/0" -L xil_defaultlib -L simprims_ver -L secureip -lib xil_defaultlib xil_defaultlib.Dcache_tb xil_defaultlib.glbl 
# Start time: 15:53:12 on Aug 11,2024
# ** Note: (vsim-3812) Design is being optimized...
# Loading work.Dcache_tb(fast)
# Loading work.Dcache(fast)
# Loading work.IBUF_UNIQ_BASE_(fast)
# Loading simprims_ver.IBUFCTRL(fast)
# Loading simprims_ver.INBUF(fast)
# Loading work.IBUF_HD372(fast)
# Loading work.IBUF_HD373(fast)
# Loading work.IBUF_HD374(fast)
# Loading work.IBUF_HD375(fast)
# Loading work.IBUF_HD376(fast)
# Loading work.IBUF_HD377(fast)
# Loading work.IBUF_HD378(fast)
# Loading work.IBUF_HD379(fast)
# Loading work.IBUF_HD380(fast)
# Loading work.IBUF_HD381(fast)
# Loading work.IBUF_HD382(fast)
# Loading work.IBUF_HD383(fast)
# Loading work.IBUF_HD384(fast)
# Loading work.IBUF_HD385(fast)
# Loading work.IBUF_HD386(fast)
# Loading work.IBUF_HD387(fast)
# Loading work.IBUF_HD388(fast)
# Loading work.IBUF_HD389(fast)
# Loading work.IBUF_HD390(fast)
# Loading work.IBUF_HD391(fast)
# Loading work.IBUF_HD392(fast)
# Loading work.IBUF_HD393(fast)
# Loading work.IBUF_HD394(fast)
# Loading work.IBUF_HD395(fast)
# Loading work.IBUF_HD396(fast)
# Loading work.IBUF_HD397(fast)
# Loading work.IBUF_HD398(fast)
# Loading work.IBUF_HD399(fast)
# Loading work.IBUF_HD400(fast)
# Loading work.IBUF_HD401(fast)
# Loading work.IBUF_HD402(fast)
# Loading work.IBUF_HD403(fast)
# Loading work.IBUF_HD404(fast)
# Loading work.IBUF_HD405(fast)
# Loading work.IBUF_HD406(fast)
# Loading work.IBUF_HD407(fast)
# Loading work.IBUF_HD408(fast)
# Loading work.IBUF_HD409(fast)
# Loading work.IBUF_HD410(fast)
# Loading work.IBUF_HD411(fast)
# Loading work.IBUF_HD412(fast)
# Loading work.IBUF_HD413(fast)
# Loading work.IBUF_HD414(fast)
# Loading work.IBUF_HD415(fast)
# Loading work.IBUF_HD416(fast)
# Loading work.IBUF_HD417(fast)
# Loading work.IBUF_HD418(fast)
# Loading work.IBUF_HD419(fast)
# Loading work.IBUF_HD420(fast)
# Loading work.IBUF_HD421(fast)
# Loading work.IBUF_HD422(fast)
# Loading work.IBUF_HD423(fast)
# Loading work.IBUF_HD424(fast)
# Loading work.IBUF_HD425(fast)
# Loading work.IBUF_HD426(fast)
# Loading work.IBUF_HD427(fast)
# Loading work.IBUF_HD428(fast)
# Loading work.IBUF_HD429(fast)
# Loading work.IBUF_HD430(fast)
# Loading work.IBUF_HD431(fast)
# Loading work.IBUF_HD432(fast)
# Loading work.IBUF_HD433(fast)
# Loading work.IBUF_HD434(fast)
# Loading work.IBUF_HD435(fast)
# Loading work.IBUF_HD436(fast)
# Loading work.IBUF_HD437(fast)
# Loading work.IBUF_HD438(fast)
# Loading work.IBUF_HD439(fast)
# Loading work.IBUF_HD440(fast)
# Loading work.IBUF_HD441(fast)
# Loading work.IBUF_HD442(fast)
# Loading work.IBUF_HD443(fast)
# Loading work.IBUF_HD444(fast)
# Loading work.IBUF_HD445(fast)
# Loading work.IBUF_HD446(fast)
# Loading work.IBUF_HD447(fast)
# Loading work.IBUF_HD448(fast)
# Loading work.IBUF_HD449(fast)
# Loading work.IBUF_HD450(fast)
# Loading work.IBUF_HD451(fast)
# Loading work.IBUF_HD452(fast)
# Loading work.IBUF_HD453(fast)
# Loading work.IBUF_HD454(fast)
# Loading work.IBUF_HD455(fast)
# Loading work.IBUF_HD456(fast)
# Loading work.IBUF_HD457(fast)
# Loading work.IBUF_HD458(fast)
# Loading work.IBUF_HD459(fast)
# Loading work.IBUF_HD460(fast)
# Loading work.IBUF_HD461(fast)
# Loading work.IBUF_HD462(fast)
# Loading work.IBUF_HD463(fast)
# Loading work.IBUF_HD464(fast)
# Loading work.IBUF_HD465(fast)
# Loading work.IBUF_HD466(fast)
# Loading work.IBUF_HD467(fast)
# Loading work.IBUF_HD468(fast)
# Loading work.IBUF_HD469(fast)
# Loading work.IBUF_HD470(fast)
# Loading work.IBUF_HD471(fast)
# Loading work.IBUF_HD472(fast)
# Loading work.IBUF_HD473(fast)
# Loading work.IBUF_HD474(fast)
# Loading work.IBUF_HD475(fast)
# Loading work.IBUF_HD476(fast)
# Loading work.IBUF_HD477(fast)
# Loading work.IBUF_HD478(fast)
# Loading work.IBUF_HD479(fast)
# Loading work.IBUF_HD480(fast)
# Loading work.IBUF_HD481(fast)
# Loading work.IBUF_HD482(fast)
# Loading work.IBUF_HD483(fast)
# Loading work.IBUF_HD484(fast)
# Loading work.IBUF_HD485(fast)
# Loading work.IBUF_HD486(fast)
# Loading work.IBUF_HD487(fast)
# Loading work.IBUF_HD488(fast)
# Loading work.IBUF_HD489(fast)
# Loading work.IBUF_HD490(fast)
# Loading work.IBUF_HD491(fast)
# Loading work.IBUF_HD492(fast)
# Loading work.IBUF_HD493(fast)
# Loading work.IBUF_HD494(fast)
# Loading work.IBUF_HD495(fast)
# Loading work.IBUF_HD496(fast)
# Loading work.IBUF_HD497(fast)
# Loading work.IBUF_HD498(fast)
# Loading work.IBUF_HD499(fast)
# Loading work.IBUF_HD500(fast)
# Loading work.IBUF_HD501(fast)
# Loading work.IBUF_HD502(fast)
# Loading work.IBUF_HD503(fast)
# Loading work.IBUF_HD504(fast)
# Loading work.IBUF_HD505(fast)
# Loading work.IBUF_HD506(fast)
# Loading work.IBUF_HD507(fast)
# Loading work.IBUF_HD508(fast)
# Loading work.IBUF_HD509(fast)
# Loading work.IBUF_HD510(fast)
# Loading work.IBUF_HD511(fast)
# Loading work.IBUF_HD512(fast)
# Loading work.IBUF_HD513(fast)
# Loading work.IBUF_HD514(fast)
# Loading work.IBUF_HD515(fast)
# Loading work.IBUF_HD516(fast)
# Loading work.IBUF_HD517(fast)
# Loading work.IBUF_HD518(fast)
# Loading work.IBUF_HD519(fast)
# Loading work.IBUF_HD520(fast)
# Loading work.IBUF_HD521(fast)
# Loading work.IBUF_HD522(fast)
# Loading work.IBUF_HD523(fast)
# Loading work.IBUF_HD524(fast)
# Loading work.IBUF_HD525(fast)
# Loading work.IBUF_HD526(fast)
# Loading work.IBUF_HD527(fast)
# Loading work.IBUF_HD528(fast)
# Loading work.IBUF_HD529(fast)
# Loading work.IBUF_HD530(fast)
# Loading work.IBUF_HD531(fast)
# Loading work.IBUF_HD532(fast)
# Loading work.IBUF_HD533(fast)
# Loading work.IBUF_HD534(fast)
# Loading work.IBUF_HD535(fast)
# Loading work.IBUF_HD536(fast)
# Loading work.IBUF_HD537(fast)
# Loading work.IBUF_HD538(fast)
# Loading work.IBUF_HD539(fast)
# Loading work.IBUF_HD540(fast)
# Loading work.IBUF_HD541(fast)
# Loading work.IBUF_HD542(fast)
# Loading work.IBUF_HD543(fast)
# Loading work.IBUF_HD544(fast)
# Loading work.IBUF_HD545(fast)
# Loading work.IBUF_HD546(fast)
# Loading work.IBUF_HD547(fast)
# Loading work.IBUF_HD548(fast)
# Loading work.IBUF_HD549(fast)
# Loading work.IBUF_HD550(fast)
# Loading work.IBUF_HD551(fast)
# Loading work.IBUF_HD552(fast)
# Loading work.IBUF_HD553(fast)
# Loading work.IBUF_HD554(fast)
# Loading work.IBUF_HD555(fast)
# Loading work.IBUF_HD556(fast)
# Loading work.IBUF_HD557(fast)
# Loading work.IBUF_HD558(fast)
# Loading work.IBUF_HD559(fast)
# Loading work.IBUF_HD560(fast)
# Loading work.IBUF_HD561(fast)
# Loading work.IBUF_HD562(fast)
# Loading work.IBUF_HD563(fast)
# Loading work.IBUF_HD564(fast)
# Loading work.IBUF_HD565(fast)
# Loading work.IBUF_HD566(fast)
# Loading work.IBUF_HD567(fast)
# Loading work.IBUF_HD568(fast)
# Loading work.IBUF_HD569(fast)
# Loading work.IBUF_HD570(fast)
# Loading work.IBUF_HD571(fast)
# Loading work.IBUF_HD572(fast)
# Loading work.IBUF_HD573(fast)
# Loading work.IBUF_HD574(fast)
# Loading work.IBUF_HD575(fast)
# Loading work.IBUF_HD576(fast)
# Loading work.IBUF_HD577(fast)
# Loading work.IBUF_HD578(fast)
# Loading work.IBUF_HD579(fast)
# Loading work.IBUF_HD580(fast)
# Loading work.IBUF_HD581(fast)
# Loading work.IBUF_HD582(fast)
# Loading work.IBUF_HD583(fast)
# Loading work.IBUF_HD584(fast)
# Loading work.IBUF_HD585(fast)
# Loading work.IBUF_HD586(fast)
# Loading work.IBUF_HD587(fast)
# Loading work.IBUF_HD588(fast)
# Loading work.IBUF_HD589(fast)
# Loading work.IBUF_HD590(fast)
# Loading work.IBUF_HD591(fast)
# Loading work.IBUF_HD592(fast)
# Loading work.IBUF_HD593(fast)
# Loading work.IBUF_HD594(fast)
# Loading work.IBUF_HD595(fast)
# Loading work.IBUF_HD596(fast)
# Loading work.IBUF_HD597(fast)
# Loading work.IBUF_HD598(fast)
# Loading work.IBUF_HD599(fast)
# Loading work.IBUF_HD600(fast)
# Loading work.IBUF_HD601(fast)
# Loading work.IBUF_HD602(fast)
# Loading work.IBUF_HD603(fast)
# Loading work.IBUF_HD604(fast)
# Loading work.IBUF_HD605(fast)
# Loading work.IBUF_HD606(fast)
# Loading work.IBUF_HD607(fast)
# Loading work.IBUF_HD608(fast)
# Loading work.IBUF_HD609(fast)
# Loading work.IBUF_HD610(fast)
# Loading work.IBUF_HD611(fast)
# Loading work.IBUF_HD612(fast)
# Loading work.IBUF_HD613(fast)
# Loading work.IBUF_HD614(fast)
# Loading work.IBUF_HD615(fast)
# Loading work.IBUF_HD616(fast)
# Loading work.IBUF_HD617(fast)
# Loading work.IBUF_HD618(fast)
# Loading work.IBUF_HD619(fast)
# Loading work.IBUF_HD620(fast)
# Loading work.IBUF_HD621(fast)
# Loading work.IBUF_HD622(fast)
# Loading work.IBUF_HD623(fast)
# Loading work.IBUF_HD624(fast)
# Loading work.IBUF_HD625(fast)
# Loading work.IBUF_HD626(fast)
# Loading work.IBUF_HD627(fast)
# Loading work.IBUF_HD628(fast)
# Loading work.IBUF_HD629(fast)
# Loading work.IBUF_HD630(fast)
# Loading work.IBUF_HD631(fast)
# Loading work.IBUF_HD632(fast)
# Loading work.IBUF_HD633(fast)
# Loading work.IBUF_HD634(fast)
# Loading work.IBUF_HD635(fast)
# Loading work.IBUF_HD636(fast)
# Loading work.IBUF_HD637(fast)
# Loading work.IBUF_HD638(fast)
# Loading work.IBUF_HD639(fast)
# Loading work.IBUF_HD640(fast)
# Loading work.IBUF_HD641(fast)
# Loading work.IBUF_HD642(fast)
# Loading work.IBUF_HD643(fast)
# Loading work.IBUF_HD644(fast)
# Loading work.IBUF_HD645(fast)
# Loading work.IBUF_HD646(fast)
# Loading work.IBUF_HD647(fast)
# Loading work.IBUF_HD648(fast)
# Loading work.IBUF_HD649(fast)
# Loading work.IBUF_HD650(fast)
# Loading work.IBUF_HD651(fast)
# Loading work.IBUF_HD652(fast)
# Loading work.IBUF_HD653(fast)
# Loading work.IBUF_HD654(fast)
# Loading work.IBUF_HD655(fast)
# Loading work.IBUF_HD656(fast)
# Loading work.IBUF_HD657(fast)
# Loading work.IBUF_HD658(fast)
# Loading work.IBUF_HD659(fast)
# Loading work.IBUF_HD660(fast)
# Loading work.IBUF_HD661(fast)
# Loading work.IBUF_HD662(fast)
# Loading work.IBUF_HD663(fast)
# Loading work.IBUF_HD664(fast)
# Loading work.IBUF_HD665(fast)
# Loading work.IBUF_HD666(fast)
# Loading simprims_ver.BUFGCE(fast)
# Loading work.IBUF_HD667(fast)
# Loading work.IBUF_HD668(fast)
# Loading work.IBUF_HD669(fast)
# Loading work.IBUF_HD670(fast)
# Loading work.IBUF_HD671(fast)
# Loading work.IBUF_HD672(fast)
# Loading work.IBUF_HD673(fast)
# Loading work.IBUF_HD674(fast)
# Loading work.IBUF_HD675(fast)
# Loading work.IBUF_HD676(fast)
# Loading work.IBUF_HD677(fast)
# Loading work.IBUF_HD678(fast)
# Loading work.IBUF_HD679(fast)
# Loading work.IBUF_HD680(fast)
# Loading work.IBUF_HD681(fast)
# Loading work.IBUF_HD682(fast)
# Loading work.IBUF_HD683(fast)
# Loading work.IBUF_HD684(fast)
# Loading work.IBUF_HD685(fast)
# Loading work.IBUF_HD686(fast)
# Loading work.IBUF_HD687(fast)
# Loading work.IBUF_HD688(fast)
# Loading work.IBUF_HD689(fast)
# Loading work.IBUF_HD690(fast)
# Loading work.IBUF_HD691(fast)
# Loading work.IBUF_HD692(fast)
# Loading work.IBUF_HD693(fast)
# Loading work.IBUF_HD694(fast)
# Loading work.IBUF_HD695(fast)
# Loading work.IBUF_HD696(fast)
# Loading work.IBUF_HD697(fast)
# Loading work.IBUF_HD698(fast)
# Loading work.IBUF_HD699(fast)
# Loading work.IBUF_HD700(fast)
# Loading work.IBUF_HD701(fast)
# Loading work.IBUF_HD702(fast)
# Loading work.IBUF_HD703(fast)
# Loading work.IBUF_HD704(fast)
# Loading work.IBUF_HD705(fast)
# Loading work.IBUF_HD706(fast)
# Loading work.IBUF_HD707(fast)
# Loading work.IBUF_HD708(fast)
# Loading work.IBUF_HD709(fast)
# Loading work.IBUF_HD710(fast)
# Loading work.IBUF_HD711(fast)
# Loading work.IBUF_HD712(fast)
# Loading work.IBUF_HD713(fast)
# Loading work.IBUF_HD714(fast)
# Loading work.IBUF_HD715(fast)
# Loading work.IBUF_HD716(fast)
# Loading work.IBUF_HD717(fast)
# Loading work.IBUF_HD718(fast)
# Loading work.IBUF_HD719(fast)
# Loading work.IBUF_HD720(fast)
# Loading work.IBUF_HD721(fast)
# Loading work.IBUF_HD722(fast)
# Loading work.IBUF_HD723(fast)
# Loading work.IBUF_HD724(fast)
# Loading work.IBUF_HD725(fast)
# Loading work.IBUF_HD726(fast)
# Loading work.IBUF_HD727(fast)
# Loading work.IBUF_HD728(fast)
# Loading work.IBUF_HD729(fast)
# Loading work.IBUF_HD730(fast)
# Loading work.IBUF_HD731(fast)
# Loading work.IBUF_HD732(fast)
# Loading work.IBUF_HD733(fast)
# Loading work.IBUF_HD734(fast)
# Loading work.IBUF_HD735(fast)
# Loading work.IBUF_HD736(fast)
# Loading work.IBUF_HD737(fast)
# Loading work.IBUF_HD738(fast)
# Loading work.IBUF_HD739(fast)
# Loading work.IBUF_HD740(fast)
# Loading work.IBUF_HD741(fast)
# Loading simprims_ver.OBUF(fast)
# Loading simprims_ver.LUT3(fast)
# Loading simprims_ver.LUT6(fast)
# Loading simprims_ver.LUT6(fast__1)
# Loading simprims_ver.MUXF7(fast)
# Loading simprims_ver.LUT2(fast)
# Loading simprims_ver.LUT2(fast__1)
# Loading simprims_ver.FDCE(fast)
# Loading simprims_ver.LUT3(fast__1)
# Loading simprims_ver.LUT3(fast__2)
# Loading simprims_ver.FDRE(fast)
# Loading simprims_ver.LUT6(fast__2)
# Loading work.IBUF_HD742(fast)
# Loading work.Dcache_D_V_buffer(fast)
# Loading simprims_ver.LUT5(fast)
# Loading simprims_ver.LUT6(fast__3)
# Loading simprims_ver.LUT6(fast__4)
# Loading simprims_ver.LUT6(fast__5)
# Loading simprims_ver.LUT5(fast__1)
# Loading simprims_ver.LUT4(fast)
# Loading simprims_ver.LUT6(fast__6)
# Loading simprims_ver.LUT6(fast__7)
# Loading simprims_ver.LUT6(fast__8)
# Loading simprims_ver.LUT5(fast__2)
# Loading simprims_ver.LUT4(fast__1)
# Loading simprims_ver.LUT6(fast__9)
# Loading simprims_ver.LUT6(fast__10)
# Loading simprims_ver.LUT6(fast__11)
# Loading simprims_ver.LUT6(fast__12)
# Loading simprims_ver.LUT2(fast__2)
# Loading simprims_ver.LUT6(fast__13)
# Loading simprims_ver.LUT6(fast__14)
# Loading simprims_ver.LUT6(fast__15)
# Loading simprims_ver.LUT4(fast__2)
# Loading simprims_ver.LUT6(fast__16)
# Loading simprims_ver.LUT6(fast__17)
# Loading simprims_ver.LUT5(fast__3)
# Loading simprims_ver.LUT6(fast__18)
# Loading simprims_ver.LUT6(fast__19)
# Loading simprims_ver.LUT6(fast__20)
# Loading simprims_ver.LUT2(fast__3)
# Loading simprims_ver.LUT4(fast__3)
# Loading simprims_ver.LUT6(fast__21)
# Loading simprims_ver.LUT6(fast__22)
# Loading simprims_ver.LUT6(fast__23)
# Loading simprims_ver.LUT3(fast__3)
# Loading simprims_ver.LUT3(fast__4)
# Loading simprims_ver.LUT3(fast__5)
# Loading simprims_ver.LUT3(fast__6)
# Loading simprims_ver.LUT3(fast__7)
# Loading simprims_ver.LUT4(fast__4)
# Loading simprims_ver.LUT3(fast__8)
# Loading simprims_ver.LUT1(fast)
# Loading simprims_ver.LUT3(fast__9)
# Loading simprims_ver.LUT4(fast__5)
# Loading simprims_ver.LUT3(fast__10)
# Loading simprims_ver.LUT3(fast__11)
# Loading simprims_ver.MUXF8(fast)
# Loading simprims_ver.LUT2(fast__4)
# Loading simprims_ver.LUT5(fast__4)
# Loading simprims_ver.LUT5(fast__5)
# Loading work.Dcache_bank_dataSram0(fast)
# Loading work.Dcache_bank_dataSram0_blk_mem_gen_v8_4_3(fast)
# Loading simprims_ver.GND(fast)
# Loading work.Dcache_bank_dataSram0_blk_mem_gen_v8_4_3_synth(fast)
# Loading work.Dcache_bank_dataSram0_blk_mem_gen_top(fast)
# Loading work.Dcache_bank_dataSram0_blk_mem_gen_generic_cstr(fast)
# Loading work.Dcache_bank_dataSram0_blk_mem_gen_prim_width(fast)
# Loading work.Dcache_bank_dataSram0_blk_mem_gen_prim_wrapper_init(fast)
# Loading simprims_ver.RAMB36E2(fast)
# Loading work.Dcache_bank_dataSram0_blk_mem_gen_prim_width__parameterized9(fast)
# Loading work.Dcache_bank_dataSram0_blk_mem_gen_prim_wrapper_init__parameterized9(fast)
# Loading work.Dcache_bank_dataSram0_blk_mem_gen_prim_width__parameterized10(fast)
# Loading work.Dcache_bank_dataSram0_blk_mem_gen_prim_wrapper_init__parameterized10(fast)
# Loading work.Dcache_bank_dataSram0_blk_mem_gen_prim_width__parameterized11(fast)
# Loading work.Dcache_bank_dataSram0_blk_mem_gen_prim_wrapper_init__parameterized11(fast)
# Loading work.Dcache_bank_dataSram0_blk_mem_gen_prim_width__parameterized12(fast)
# Loading work.Dcache_bank_dataSram0_blk_mem_gen_prim_wrapper_init__parameterized12(fast)
# Loading work.Dcache_bank_dataSram0_blk_mem_gen_prim_width__parameterized13(fast)
# Loading work.Dcache_bank_dataSram0_blk_mem_gen_prim_wrapper_init__parameterized13(fast)
# Loading work.Dcache_bank_dataSram0_blk_mem_gen_prim_width__parameterized14(fast)
# Loading work.Dcache_bank_dataSram0_blk_mem_gen_prim_wrapper_init__parameterized14(fast)
# Loading work.Dcache_bank_dataSram0_blk_mem_gen_prim_width__parameterized15(fast)
# Loading work.Dcache_bank_dataSram0_blk_mem_gen_prim_wrapper_init__parameterized15(fast)
# Loading work.Dcache_bank_dataSram0_blk_mem_gen_prim_width__parameterized16(fast)
# Loading work.Dcache_bank_dataSram0_blk_mem_gen_prim_wrapper_init__parameterized16(fast)
# Loading work.Dcache_bank_dataSram0_blk_mem_gen_prim_width__parameterized17(fast)
# Loading work.Dcache_bank_dataSram0_blk_mem_gen_prim_wrapper_init__parameterized17(fast)
# Loading work.Dcache_bank_dataSram0_blk_mem_gen_prim_width__parameterized18(fast)
# Loading work.Dcache_bank_dataSram0_blk_mem_gen_prim_wrapper_init__parameterized18(fast)
# Loading work.Dcache_bank_dataSram0_blk_mem_gen_prim_width__parameterized0(fast)
# Loading work.Dcache_bank_dataSram0_blk_mem_gen_prim_wrapper_init__parameterized0(fast)
# Loading work.Dcache_bank_dataSram0_blk_mem_gen_prim_width__parameterized19(fast)
# Loading work.Dcache_bank_dataSram0_blk_mem_gen_prim_wrapper_init__parameterized19(fast)
# Loading work.Dcache_bank_dataSram0_blk_mem_gen_prim_width__parameterized20(fast)
# Loading work.Dcache_bank_dataSram0_blk_mem_gen_prim_wrapper_init__parameterized20(fast)
# Loading work.Dcache_bank_dataSram0_blk_mem_gen_prim_width__parameterized21(fast)
# Loading work.Dcache_bank_dataSram0_blk_mem_gen_prim_wrapper_init__parameterized21(fast)
# Loading work.Dcache_bank_dataSram0_blk_mem_gen_prim_width__parameterized22(fast)
# Loading work.Dcache_bank_dataSram0_blk_mem_gen_prim_wrapper_init__parameterized22(fast)
# Loading work.Dcache_bank_dataSram0_blk_mem_gen_prim_width__parameterized23(fast)
# Loading work.Dcache_bank_dataSram0_blk_mem_gen_prim_wrapper_init__parameterized23(fast)
# Loading work.Dcache_bank_dataSram0_blk_mem_gen_prim_width__parameterized24(fast)
# Loading work.Dcache_bank_dataSram0_blk_mem_gen_prim_wrapper_init__parameterized24(fast)
# Loading work.Dcache_bank_dataSram0_blk_mem_gen_prim_width__parameterized25(fast)
# Loading work.Dcache_bank_dataSram0_blk_mem_gen_prim_wrapper_init__parameterized25(fast)
# Loading work.Dcache_bank_dataSram0_blk_mem_gen_prim_width__parameterized26(fast)
# Loading work.Dcache_bank_dataSram0_blk_mem_gen_prim_wrapper_init__parameterized26(fast)
# Loading work.Dcache_bank_dataSram0_blk_mem_gen_prim_width__parameterized27(fast)
# Loading work.Dcache_bank_dataSram0_blk_mem_gen_prim_wrapper_init__parameterized27(fast)
# Loading work.Dcache_bank_dataSram0_blk_mem_gen_prim_width__parameterized28(fast)
# Loading work.Dcache_bank_dataSram0_blk_mem_gen_prim_wrapper_init__parameterized28(fast)
# Loading work.Dcache_bank_dataSram0_blk_mem_gen_prim_width__parameterized1(fast)
# Loading work.Dcache_bank_dataSram0_blk_mem_gen_prim_wrapper_init__parameterized1(fast)
# Loading work.Dcache_bank_dataSram0_blk_mem_gen_prim_width__parameterized29(fast)
# Loading work.Dcache_bank_dataSram0_blk_mem_gen_prim_wrapper_init__parameterized29(fast)
# Loading work.Dcache_bank_dataSram0_blk_mem_gen_prim_width__parameterized30(fast)
# Loading work.Dcache_bank_dataSram0_blk_mem_gen_prim_wrapper_init__parameterized30(fast)
# Loading work.Dcache_bank_dataSram0_blk_mem_gen_prim_width__parameterized2(fast)
# Loading work.Dcache_bank_dataSram0_blk_mem_gen_prim_wrapper_init__parameterized2(fast)
# Loading work.Dcache_bank_dataSram0_blk_mem_gen_prim_width__parameterized3(fast)
# Loading work.Dcache_bank_dataSram0_blk_mem_gen_prim_wrapper_init__parameterized3(fast)
# Loading work.Dcache_bank_dataSram0_blk_mem_gen_prim_width__parameterized4(fast)
# Loading work.Dcache_bank_dataSram0_blk_mem_gen_prim_wrapper_init__parameterized4(fast)
# Loading work.Dcache_bank_dataSram0_blk_mem_gen_prim_width__parameterized5(fast)
# Loading work.Dcache_bank_dataSram0_blk_mem_gen_prim_wrapper_init__parameterized5(fast)
# Loading work.Dcache_bank_dataSram0_blk_mem_gen_prim_width__parameterized6(fast)
# Loading work.Dcache_bank_dataSram0_blk_mem_gen_prim_wrapper_init__parameterized6(fast)
# Loading work.Dcache_bank_dataSram0_blk_mem_gen_prim_width__parameterized7(fast)
# Loading work.Dcache_bank_dataSram0_blk_mem_gen_prim_wrapper_init__parameterized7(fast)
# Loading work.Dcache_bank_dataSram0_blk_mem_gen_prim_width__parameterized8(fast)
# Loading work.Dcache_bank_dataSram0_blk_mem_gen_prim_wrapper_init__parameterized8(fast)
# Loading simprims_ver.LUT5(fast__6)
# Loading simprims_ver.LUT6(fast__24)
# Loading simprims_ver.LUT6(fast__25)
# Loading simprims_ver.LUT6(fast__26)
# Loading simprims_ver.LUT6(fast__27)
# Loading simprims_ver.LUT6(fast__28)
# Loading simprims_ver.LUT6(fast__29)
# Loading simprims_ver.LUT5(fast__7)
# Loading simprims_ver.LUT5(fast__8)
# Loading simprims_ver.LUT6(fast__30)
# Loading simprims_ver.LUT6(fast__31)
# Loading simprims_ver.LUT6(fast__32)
# Loading simprims_ver.LUT6(fast__33)
# Loading simprims_ver.LUT6(fast__34)
# Loading simprims_ver.LUT6(fast__35)
# Loading simprims_ver.LUT6(fast__36)
# Loading simprims_ver.LUT6(fast__37)
# Loading simprims_ver.LUT3(fast__12)
# Loading work.Dcache_bank_dataSram1(fast)
# Loading work.Dcache_bank_dataSram1_blk_mem_gen_v8_4_3(fast)
# Loading work.Dcache_bank_dataSram1_blk_mem_gen_v8_4_3_synth(fast)
# Loading work.Dcache_bank_dataSram1_blk_mem_gen_top(fast)
# Loading work.Dcache_bank_dataSram1_blk_mem_gen_generic_cstr(fast)
# Loading work.Dcache_bank_dataSram1_blk_mem_gen_prim_width(fast)
# Loading work.Dcache_bank_dataSram1_blk_mem_gen_prim_wrapper_init(fast)
# Loading work.Dcache_bank_dataSram1_blk_mem_gen_prim_width__parameterized9(fast)
# Loading work.Dcache_bank_dataSram1_blk_mem_gen_prim_wrapper_init__parameterized9(fast)
# Loading work.Dcache_bank_dataSram1_blk_mem_gen_prim_width__parameterized10(fast)
# Loading work.Dcache_bank_dataSram1_blk_mem_gen_prim_wrapper_init__parameterized10(fast)
# Loading work.Dcache_bank_dataSram1_blk_mem_gen_prim_width__parameterized11(fast)
# Loading work.Dcache_bank_dataSram1_blk_mem_gen_prim_wrapper_init__parameterized11(fast)
# Loading work.Dcache_bank_dataSram1_blk_mem_gen_prim_width__parameterized12(fast)
# Loading work.Dcache_bank_dataSram1_blk_mem_gen_prim_wrapper_init__parameterized12(fast)
# Loading work.Dcache_bank_dataSram1_blk_mem_gen_prim_width__parameterized13(fast)
# Loading work.Dcache_bank_dataSram1_blk_mem_gen_prim_wrapper_init__parameterized13(fast)
# Loading work.Dcache_bank_dataSram1_blk_mem_gen_prim_width__parameterized14(fast)
# Loading work.Dcache_bank_dataSram1_blk_mem_gen_prim_wrapper_init__parameterized14(fast)
# Loading work.Dcache_bank_dataSram1_blk_mem_gen_prim_width__parameterized15(fast)
# Loading work.Dcache_bank_dataSram1_blk_mem_gen_prim_wrapper_init__parameterized15(fast)
# Loading work.Dcache_bank_dataSram1_blk_mem_gen_prim_width__parameterized16(fast)
# Loading work.Dcache_bank_dataSram1_blk_mem_gen_prim_wrapper_init__parameterized16(fast)
# Loading work.Dcache_bank_dataSram1_blk_mem_gen_prim_width__parameterized17(fast)
# Loading work.Dcache_bank_dataSram1_blk_mem_gen_prim_wrapper_init__parameterized17(fast)
# Loading work.Dcache_bank_dataSram1_blk_mem_gen_prim_width__parameterized18(fast)
# Loading work.Dcache_bank_dataSram1_blk_mem_gen_prim_wrapper_init__parameterized18(fast)
# Loading work.Dcache_bank_dataSram1_blk_mem_gen_prim_width__parameterized0(fast)
# Loading work.Dcache_bank_dataSram1_blk_mem_gen_prim_wrapper_init__parameterized0(fast)
# Loading work.Dcache_bank_dataSram1_blk_mem_gen_prim_width__parameterized19(fast)
# Loading work.Dcache_bank_dataSram1_blk_mem_gen_prim_wrapper_init__parameterized19(fast)
# Loading work.Dcache_bank_dataSram1_blk_mem_gen_prim_width__parameterized20(fast)
# Loading work.Dcache_bank_dataSram1_blk_mem_gen_prim_wrapper_init__parameterized20(fast)
# Loading work.Dcache_bank_dataSram1_blk_mem_gen_prim_width__parameterized21(fast)
# Loading work.Dcache_bank_dataSram1_blk_mem_gen_prim_wrapper_init__parameterized21(fast)
# Loading work.Dcache_bank_dataSram1_blk_mem_gen_prim_width__parameterized22(fast)
# Loading work.Dcache_bank_dataSram1_blk_mem_gen_prim_wrapper_init__parameterized22(fast)
# Loading work.Dcache_bank_dataSram1_blk_mem_gen_prim_width__parameterized23(fast)
# Loading work.Dcache_bank_dataSram1_blk_mem_gen_prim_wrapper_init__parameterized23(fast)
# Loading work.Dcache_bank_dataSram1_blk_mem_gen_prim_width__parameterized24(fast)
# Loading work.Dcache_bank_dataSram1_blk_mem_gen_prim_wrapper_init__parameterized24(fast)
# Loading work.Dcache_bank_dataSram1_blk_mem_gen_prim_width__parameterized25(fast)
# Loading work.Dcache_bank_dataSram1_blk_mem_gen_prim_wrapper_init__parameterized25(fast)
# Loading work.Dcache_bank_dataSram1_blk_mem_gen_prim_width__parameterized26(fast)
# Loading work.Dcache_bank_dataSram1_blk_mem_gen_prim_wrapper_init__parameterized26(fast)
# Loading work.Dcache_bank_dataSram1_blk_mem_gen_prim_width__parameterized27(fast)
# Loading work.Dcache_bank_dataSram1_blk_mem_gen_prim_wrapper_init__parameterized27(fast)
# Loading work.Dcache_bank_dataSram1_blk_mem_gen_prim_width__parameterized28(fast)
# Loading work.Dcache_bank_dataSram1_blk_mem_gen_prim_wrapper_init__parameterized28(fast)
# Loading work.Dcache_bank_dataSram1_blk_mem_gen_prim_width__parameterized1(fast)
# Loading work.Dcache_bank_dataSram1_blk_mem_gen_prim_wrapper_init__parameterized1(fast)
# Loading work.Dcache_bank_dataSram1_blk_mem_gen_prim_width__parameterized29(fast)
# Loading work.Dcache_bank_dataSram1_blk_mem_gen_prim_wrapper_init__parameterized29(fast)
# Loading work.Dcache_bank_dataSram1_blk_mem_gen_prim_width__parameterized30(fast)
# Loading work.Dcache_bank_dataSram1_blk_mem_gen_prim_wrapper_init__parameterized30(fast)
# Loading work.Dcache_bank_dataSram1_blk_mem_gen_prim_width__parameterized2(fast)
# Loading work.Dcache_bank_dataSram1_blk_mem_gen_prim_wrapper_init__parameterized2(fast)
# Loading work.Dcache_bank_dataSram1_blk_mem_gen_prim_width__parameterized3(fast)
# Loading work.Dcache_bank_dataSram1_blk_mem_gen_prim_wrapper_init__parameterized3(fast)
# Loading work.Dcache_bank_dataSram1_blk_mem_gen_prim_width__parameterized4(fast)
# Loading work.Dcache_bank_dataSram1_blk_mem_gen_prim_wrapper_init__parameterized4(fast)
# Loading work.Dcache_bank_dataSram1_blk_mem_gen_prim_width__parameterized5(fast)
# Loading work.Dcache_bank_dataSram1_blk_mem_gen_prim_wrapper_init__parameterized5(fast)
# Loading work.Dcache_bank_dataSram1_blk_mem_gen_prim_width__parameterized6(fast)
# Loading work.Dcache_bank_dataSram1_blk_mem_gen_prim_wrapper_init__parameterized6(fast)
# Loading work.Dcache_bank_dataSram1_blk_mem_gen_prim_width__parameterized7(fast)
# Loading work.Dcache_bank_dataSram1_blk_mem_gen_prim_wrapper_init__parameterized7(fast)
# Loading work.Dcache_bank_dataSram1_blk_mem_gen_prim_width__parameterized8(fast)
# Loading work.Dcache_bank_dataSram1_blk_mem_gen_prim_wrapper_init__parameterized8(fast)
# Loading simprims_ver.LUT5(fast__9)
# Loading simprims_ver.LUT6(fast__38)
# Loading simprims_ver.LUT6(fast__39)
# Loading simprims_ver.LUT6(fast__40)
# Loading simprims_ver.LUT5(fast__10)
# Loading simprims_ver.LUT6(fast__41)
# Loading simprims_ver.LUT5(fast__11)
# Loading simprims_ver.LUT3(fast__13)
# Loading simprims_ver.LUT6(fast__42)
# Loading simprims_ver.LUT5(fast__12)
# Loading simprims_ver.LUT6(fast__43)
# Loading simprims_ver.LUT6(fast__44)
# Loading work.Dcache_bank_tagSRAM(fast)
# Loading work.Dcache_bank_tagSRAM_blk_mem_gen_v8_4_3(fast)
# Loading work.Dcache_bank_tagSRAM_blk_mem_gen_v8_4_3_synth(fast)
# Loading work.Dcache_bank_tagSRAM_blk_mem_gen_top(fast)
# Loading work.Dcache_bank_tagSRAM_blk_mem_gen_generic_cstr(fast)
# Loading work.Dcache_bank_tagSRAM_blk_mem_gen_prim_width(fast)
# Loading work.Dcache_bank_tagSRAM_blk_mem_gen_prim_wrapper_init(fast)
# Loading simprims_ver.RAMB18E2(fast)
# Loading work.Dcache_bank_tagSRAM_blk_mem_gen_prim_width__parameterized0(fast)
# Loading work.Dcache_bank_tagSRAM_blk_mem_gen_prim_wrapper_init__parameterized0(fast)
# Loading simprims_ver.RAMB36E2(fast__1)
# Loading work.Dcache_bank_tagSRAM_blk_mem_gen_prim_width__parameterized1(fast)
# Loading work.Dcache_bank_tagSRAM_blk_mem_gen_prim_wrapper_init__parameterized1(fast)
# Loading work.Dcache_bank_tagSRAM_blk_mem_gen_prim_width__parameterized2(fast)
# Loading work.Dcache_bank_tagSRAM_blk_mem_gen_prim_wrapper_init__parameterized2(fast)
# Loading work.Dcache_bank_tagSRAM_blk_mem_gen_prim_width__parameterized3(fast)
# Loading work.Dcache_bank_tagSRAM_blk_mem_gen_prim_wrapper_init__parameterized3(fast)
# Loading work.Dcache_bank_tagSRAM_blk_mem_gen_prim_width__parameterized4(fast)
# Loading work.Dcache_bank_tagSRAM_blk_mem_gen_prim_wrapper_init__parameterized4(fast)
# Loading work.Dcache_plru_buffer(fast)
# Loading simprims_ver.LUT5(fast__13)
# Loading simprims_ver.LUT5(fast__14)
# Loading simprims_ver.LUT5(fast__15)
# Loading simprims_ver.LUT5(fast__16)
# Loading simprims_ver.LUT5(fast__17)
# Loading simprims_ver.LUT5(fast__18)
# Loading simprims_ver.LUT5(fast__19)
# Loading simprims_ver.LUT5(fast__20)
# Loading simprims_ver.LUT5(fast__21)
# Loading simprims_ver.LUT5(fast__22)
# Loading simprims_ver.LUT5(fast__23)
# Loading simprims_ver.LUT5(fast__24)
# Loading simprims_ver.LUT5(fast__25)
# Loading simprims_ver.LUT5(fast__26)
# Loading simprims_ver.LUT5(fast__27)
# Loading simprims_ver.LUT5(fast__28)
# Loading simprims_ver.LUT4(fast__6)
# Loading simprims_ver.LUT5(fast__29)
# Loading simprims_ver.LUT5(fast__30)
# Loading simprims_ver.LUT5(fast__31)
# Loading simprims_ver.LUT5(fast__32)
# Loading simprims_ver.LUT5(fast__33)
# Loading simprims_ver.LUT5(fast__34)
# Loading simprims_ver.LUT5(fast__35)
# Loading simprims_ver.LUT3(fast__14)
# Loading work.cPmtFifo2(fast)
# Loading work.delay1U__3(fast)
# Loading simprims_ver.LUT1(fast__1)
# Loading work.delay1U__4(fast)
# Loading work.receiver__3(fast)
# Loading simprims_ver.FDPE(fast)
# Loading work.pmtRelay__3(fast)
# Loading simprims_ver.LUT2(fast__5)
# Loading simprims_ver.LUT2(fast__6)
# Loading simprims_ver.LUT2(fast__7)
# Loading work.relay__2(fast)
# Loading work.sender__6(fast)
# Loading work.cArbMerge2_6b(fast)
# Loading work.delay2U__1(fast)
# Loading work.delay2U__3(fast)
# Loading work.delay2U__4(fast)
# Loading work.delay2U__2(fast)
# Loading work.cPmtFifo1(fast)
# Loading work.delay1Unit__1(fast)
# Loading work.delay1U__1(fast)
# Loading work.pmtRelay(fast)
# Loading work.receiver__1(fast)
# Loading work.sender__2(fast)
# Loading work.contTap__2(fast)
# Loading work.cFifo1(fast)
# Loading work.delay1Unit(fast)
# Loading work.receiver__2(fast)
# Loading work.relay__1(fast)
# Loading work.sender__3(fast)
# Loading simprims_ver.LUT4(fast__7)
# Loading work.cPmtFifo1__1(fast)
# Loading work.delay1Unit__2(fast)
# Loading work.delay1U__5(fast)
# Loading work.pmtRelay__2(fast)
# Loading work.receiver__5(fast)
# Loading work.sender__5(fast)
# Loading work.contTap__1(fast)
# Loading work.cMutexMerge2_1b__1(fast)
# Loading work.contTap__11(fast)
# Loading simprims_ver.LUT4(fast__8)
# Loading work.contTap__10(fast)
# Loading work.cMutexMerge2_1b(fast)
# Loading work.contTap__9(fast)
# Loading work.contTap(fast)
# Loading work.cMutexMerge6_outpmt_6b(fast)
# Loading work.contTap__3(fast)
# Loading work.contTap__7(fast)
# Loading work.contTap__6(fast)
# Loading simprims_ver.LUT5(fast__36)
# Loading simprims_ver.LUT6(fast__45)
# Loading simprims_ver.LUT6(fast__46)
# Loading work.contTap__4(fast)
# Loading work.contTap__8(fast)
# Loading work.contTap__5(fast)
# Loading work.delay1U__2(fast)
# Loading work.cSelector5_fire2(fast)
# Loading work.delay2U(fast)
# Loading work.delay1U(fast)
# Loading work.receiver(fast)
# Loading simprims_ver.LUT5(fast__37)
# Loading work.relay__4(fast)
# Loading work.relay(fast)
# Loading work.sender(fast)
# Loading simprims_ver.LUT3(fast__15)
# Loading work.cSelector6(fast)
# Loading work.delay2U__5(fast)
# Loading work.receiver__4(fast)
# Loading work.relay__3(fast)
# Loading work.sender__4(fast)
# Loading work.dcache_tag_compare(fast)
# Loading simprims_ver.LUT4(fast__9)
# Loading simprims_ver.LDCE(fast)
# Loading simprims_ver.LUT4(fast__10)
# Loading simprims_ver.LUT6(fast__47)
# Loading simprims_ver.LUT4(fast__11)
# Loading simprims_ver.LUT4(fast__12)
# Loading simprims_ver.LUT6(fast__48)
# Loading simprims_ver.LUT4(fast__13)
# Loading simprims_ver.LUT4(fast__14)
# Loading simprims_ver.LUT3(fast__16)
# Loading simprims_ver.LUT6(fast__49)
# Loading simprims_ver.LUT5(fast__38)
# Loading simprims_ver.LUT5(fast__39)
# Loading simprims_ver.LUT5(fast__40)
# Loading simprims_ver.LUT6(fast__50)
# Loading simprims_ver.LUT6(fast__51)
# Loading simprims_ver.LUT6(fast__52)
# Loading simprims_ver.LUT6(fast__53)
# Loading simprims_ver.LUT6(fast__54)
# Loading simprims_ver.LUT6(fast__55)
# Loading simprims_ver.LUT6(fast__56)
# Loading simprims_ver.LUT6(fast__57)
# Loading simprims_ver.LUT5(fast__41)
# Loading simprims_ver.CARRY8(fast)
# Loading simprims_ver.LUT6(fast__58)
# Loading work.glbl(fast)
# Loading instances from Dcache_tb_time_synth.sdf
# Loading timing data from Dcache_tb_time_synth.sdf
# ** Note: (vsim-3587) SDF Backannotation Successfully Completed.
#    Time: 0 ps  Iteration: 0  Instance: /Dcache_tb File: ../../../../../memory_system.srcs/sim_1/new/Dcache_tb.v
# ** Warning: (vsim-3316) No solution possible for some delayed timing check nets. 2727 negative limits were zeroed. Use +ntc_warn for more info.
#    Time: 0 ps  Iteration: 0  Instance: /Dcache_tb File: ../../../../../memory_system.srcs/sim_1/new/Dcache_tb.v
# 1
# 1
# .main_pane.wave.interior.cs.body.pw.wf
# .main_pane.structure.interior.cs.body.struct
# .main_pane.objects.interior.cs.body.tree
# ** Error: D:/Xilinx/Vivado/2019.1/data/verilog/src/unisims/RAMB36E2.v(3613): $setup( posedge DINADIN &&& clkardclk_en_p:226323 ps, posedge CLKARDCLK &&& clkardclk_en_p:226632 ps, 313 ps );
#    Time: 226632 ps  Iteration: 1  Instance: /Dcache_tb/u_Dcache/u_Dcache_bank_dataSram0/U0/inst_blk_mem_gen/\gnbram.gnativebmg.native_blk_mem_gen /\valid.cstr /\ramloop[16].ram.r /\prim_init.ram /\DEVICE_8SERIES.NO_BMM_INFO.SP.SIMPLE_PRIM36.ram 
# ** Error: D:/Xilinx/Vivado/2019.1/data/verilog/src/unisims/RAMB36E2.v(3613): $setup( posedge DINADIN &&& clkardclk_en_p:226323 ps, posedge CLKARDCLK &&& clkardclk_en_p:226632 ps, 313 ps );
#    Time: 226632 ps  Iteration: 1  Instance: /Dcache_tb/u_Dcache/u_Dcache_bank_dataSram0/U0/inst_blk_mem_gen/\gnbram.gnativebmg.native_blk_mem_gen /\valid.cstr /\ramloop[18].ram.r /\prim_init.ram /\DEVICE_8SERIES.NO_BMM_INFO.SP.SIMPLE_PRIM36.ram 
# ** Error: D:/Xilinx/Vivado/2019.1/data/verilog/src/unisims/RAMB36E2.v(3613): $setup( posedge DINADIN &&& clkardclk_en_p:226323 ps, posedge CLKARDCLK &&& clkardclk_en_p:226632 ps, 313 ps );
#    Time: 226632 ps  Iteration: 1  Instance: /Dcache_tb/u_Dcache/u_Dcache_bank_dataSram0/U0/inst_blk_mem_gen/\gnbram.gnativebmg.native_blk_mem_gen /\valid.cstr /\ramloop[21].ram.r /\prim_init.ram /\DEVICE_8SERIES.NO_BMM_INFO.SP.SIMPLE_PRIM36.ram 
# ** Error: D:/Xilinx/Vivado/2019.1/data/verilog/src/unisims/RAMB36E2.v(3613): $setup( posedge DINADIN &&& clkardclk_en_p:226323 ps, posedge CLKARDCLK &&& clkardclk_en_p:226632 ps, 313 ps );
#    Time: 226632 ps  Iteration: 1  Instance: /Dcache_tb/u_Dcache/u_Dcache_bank_dataSram0/U0/inst_blk_mem_gen/\gnbram.gnativebmg.native_blk_mem_gen /\valid.cstr /\ramloop[22].ram.r /\prim_init.ram /\DEVICE_8SERIES.NO_BMM_INFO.SP.SIMPLE_PRIM36.ram 
# ** Error: D:/Xilinx/Vivado/2019.1/data/verilog/src/unisims/RAMB36E2.v(3613): $setup( posedge DINADIN &&& clkardclk_en_p:226322 ps, posedge CLKARDCLK &&& clkardclk_en_p:226632 ps, 313 ps );
#    Time: 226632 ps  Iteration: 1  Instance: /Dcache_tb/u_Dcache/u_Dcache_bank_dataSram0/U0/inst_blk_mem_gen/\gnbram.gnativebmg.native_blk_mem_gen /\valid.cstr /\ramloop[25].ram.r /\prim_init.ram /\DEVICE_8SERIES.NO_BMM_INFO.SP.SIMPLE_PRIM36.ram 
# ** Error: D:/Xilinx/Vivado/2019.1/data/verilog/src/unisims/RAMB36E2.v(3613): $setup( posedge DINADIN &&& clkardclk_en_p:226323 ps, posedge CLKARDCLK &&& clkardclk_en_p:226632 ps, 313 ps );
#    Time: 226632 ps  Iteration: 1  Instance: /Dcache_tb/u_Dcache/u_Dcache_bank_dataSram0/U0/inst_blk_mem_gen/\gnbram.gnativebmg.native_blk_mem_gen /\valid.cstr /\ramloop[26].ram.r /\prim_init.ram /\DEVICE_8SERIES.NO_BMM_INFO.SP.SIMPLE_PRIM36.ram 
# ** Error: D:/Xilinx/Vivado/2019.1/data/verilog/src/unisims/RAMB36E2.v(3613): $setup( posedge DINADIN &&& clkardclk_en_p:226323 ps, posedge CLKARDCLK &&& clkardclk_en_p:226632 ps, 313 ps );
#    Time: 226632 ps  Iteration: 1  Instance: /Dcache_tb/u_Dcache/u_Dcache_bank_dataSram0/U0/inst_blk_mem_gen/\gnbram.gnativebmg.native_blk_mem_gen /\valid.cstr /\ramloop[28].ram.r /\prim_init.ram /\DEVICE_8SERIES.NO_BMM_INFO.SP.SIMPLE_PRIM36.ram 
# ** Error: D:/Xilinx/Vivado/2019.1/data/verilog/src/unisims/RAMB36E2.v(3613): $setup( posedge DINADIN &&& clkardclk_en_p:226323 ps, posedge CLKARDCLK &&& clkardclk_en_p:226632 ps, 313 ps );
#    Time: 226632 ps  Iteration: 1  Instance: /Dcache_tb/u_Dcache/u_Dcache_bank_dataSram0/U0/inst_blk_mem_gen/\gnbram.gnativebmg.native_blk_mem_gen /\valid.cstr /\ramloop[29].ram.r /\prim_init.ram /\DEVICE_8SERIES.NO_BMM_INFO.SP.SIMPLE_PRIM36.ram 
# ** Error: D:/Xilinx/Vivado/2019.1/data/verilog/src/unisims/RAMB36E2.v(3613): $setup( posedge DINADIN &&& clkardclk_en_p:226323 ps, posedge CLKARDCLK &&& clkardclk_en_p:226632 ps, 313 ps );
#    Time: 226632 ps  Iteration: 1  Instance: /Dcache_tb/u_Dcache/u_Dcache_bank_dataSram0/U0/inst_blk_mem_gen/\gnbram.gnativebmg.native_blk_mem_gen /\valid.cstr /\ramloop[31].ram.r /\prim_init.ram /\DEVICE_8SERIES.NO_BMM_INFO.SP.SIMPLE_PRIM36.ram 
# ** Error: D:/Xilinx/Vivado/2019.1/data/verilog/src/unisims/FDCE.v(170): $hold( posedge C &&& in_clk_enable_p:303819 ps, posedge D &&& in_clk_enable_p:303857 ps, 60 ps );
#    Time: 303857 ps  Iteration: 1  Instance: /Dcache_tb/u_Dcache/u_Dcache_D_V_buffer/\D_V_buffer_reg[29][0] 
# ** Error: D:/Xilinx/Vivado/2019.1/data/verilog/src/unisims/RAMB36E2.v(3613): $setup( posedge DINADIN &&& clkardclk_en_p:346323 ps, posedge CLKARDCLK &&& clkardclk_en_p:346632 ps, 313 ps );
#    Time: 346632 ps  Iteration: 1  Instance: /Dcache_tb/u_Dcache/u_Dcache_bank_dataSram0/U0/inst_blk_mem_gen/\gnbram.gnativebmg.native_blk_mem_gen /\valid.cstr /\ramloop[16].ram.r /\prim_init.ram /\DEVICE_8SERIES.NO_BMM_INFO.SP.SIMPLE_PRIM36.ram 
# ** Error: D:/Xilinx/Vivado/2019.1/data/verilog/src/unisims/RAMB36E2.v(3613): $setup( posedge DINADIN &&& clkardclk_en_p:346322 ps, posedge CLKARDCLK &&& clkardclk_en_p:346632 ps, 313 ps );
#    Time: 346632 ps  Iteration: 1  Instance: /Dcache_tb/u_Dcache/u_Dcache_bank_dataSram0/U0/inst_blk_mem_gen/\gnbram.gnativebmg.native_blk_mem_gen /\valid.cstr /\ramloop[17].ram.r /\prim_init.ram /\DEVICE_8SERIES.NO_BMM_INFO.SP.SIMPLE_PRIM36.ram 
# ** Error: D:/Xilinx/Vivado/2019.1/data/verilog/src/unisims/RAMB36E2.v(3613): $setup( posedge DINADIN &&& clkardclk_en_p:346323 ps, posedge CLKARDCLK &&& clkardclk_en_p:346632 ps, 313 ps );
#    Time: 346632 ps  Iteration: 1  Instance: /Dcache_tb/u_Dcache/u_Dcache_bank_dataSram0/U0/inst_blk_mem_gen/\gnbram.gnativebmg.native_blk_mem_gen /\valid.cstr /\ramloop[19].ram.r /\prim_init.ram /\DEVICE_8SERIES.NO_BMM_INFO.SP.SIMPLE_PRIM36.ram 
# ** Error: D:/Xilinx/Vivado/2019.1/data/verilog/src/unisims/RAMB36E2.v(3613): $setup( posedge DINADIN &&& clkardclk_en_p:346323 ps, posedge CLKARDCLK &&& clkardclk_en_p:346632 ps, 313 ps );
#    Time: 346632 ps  Iteration: 1  Instance: /Dcache_tb/u_Dcache/u_Dcache_bank_dataSram0/U0/inst_blk_mem_gen/\gnbram.gnativebmg.native_blk_mem_gen /\valid.cstr /\ramloop[21].ram.r /\prim_init.ram /\DEVICE_8SERIES.NO_BMM_INFO.SP.SIMPLE_PRIM36.ram 
# ** Error: D:/Xilinx/Vivado/2019.1/data/verilog/src/unisims/RAMB36E2.v(3613): $setup( posedge DINADIN &&& clkardclk_en_p:346323 ps, posedge CLKARDCLK &&& clkardclk_en_p:346632 ps, 313 ps );
#    Time: 346632 ps  Iteration: 1  Instance: /Dcache_tb/u_Dcache/u_Dcache_bank_dataSram0/U0/inst_blk_mem_gen/\gnbram.gnativebmg.native_blk_mem_gen /\valid.cstr /\ramloop[22].ram.r /\prim_init.ram /\DEVICE_8SERIES.NO_BMM_INFO.SP.SIMPLE_PRIM36.ram 
# ** Error: D:/Xilinx/Vivado/2019.1/data/verilog/src/unisims/RAMB36E2.v(3613): $setup( posedge DINADIN &&& clkardclk_en_p:346323 ps, posedge CLKARDCLK &&& clkardclk_en_p:346632 ps, 313 ps );
#    Time: 346632 ps  Iteration: 1  Instance: /Dcache_tb/u_Dcache/u_Dcache_bank_dataSram0/U0/inst_blk_mem_gen/\gnbram.gnativebmg.native_blk_mem_gen /\valid.cstr /\ramloop[23].ram.r /\prim_init.ram /\DEVICE_8SERIES.NO_BMM_INFO.SP.SIMPLE_PRIM36.ram 
# ** Error: D:/Xilinx/Vivado/2019.1/data/verilog/src/unisims/RAMB36E2.v(3613): $setup( posedge DINADIN &&& clkardclk_en_p:346323 ps, posedge CLKARDCLK &&& clkardclk_en_p:346632 ps, 313 ps );
#    Time: 346632 ps  Iteration: 1  Instance: /Dcache_tb/u_Dcache/u_Dcache_bank_dataSram0/U0/inst_blk_mem_gen/\gnbram.gnativebmg.native_blk_mem_gen /\valid.cstr /\ramloop[24].ram.r /\prim_init.ram /\DEVICE_8SERIES.NO_BMM_INFO.SP.SIMPLE_PRIM36.ram 
# ** Error: D:/Xilinx/Vivado/2019.1/data/verilog/src/unisims/RAMB36E2.v(3613): $setup( posedge DINADIN &&& clkardclk_en_p:346322 ps, posedge CLKARDCLK &&& clkardclk_en_p:346632 ps, 313 ps );
#    Time: 346632 ps  Iteration: 1  Instance: /Dcache_tb/u_Dcache/u_Dcache_bank_dataSram0/U0/inst_blk_mem_gen/\gnbram.gnativebmg.native_blk_mem_gen /\valid.cstr /\ramloop[25].ram.r /\prim_init.ram /\DEVICE_8SERIES.NO_BMM_INFO.SP.SIMPLE_PRIM36.ram 
# ** Error: D:/Xilinx/Vivado/2019.1/data/verilog/src/unisims/RAMB36E2.v(3613): $setup( posedge DINADIN &&& clkardclk_en_p:346323 ps, posedge CLKARDCLK &&& clkardclk_en_p:346632 ps, 313 ps );
#    Time: 346632 ps  Iteration: 1  Instance: /Dcache_tb/u_Dcache/u_Dcache_bank_dataSram0/U0/inst_blk_mem_gen/\gnbram.gnativebmg.native_blk_mem_gen /\valid.cstr /\ramloop[26].ram.r /\prim_init.ram /\DEVICE_8SERIES.NO_BMM_INFO.SP.SIMPLE_PRIM36.ram 
# ** Error: D:/Xilinx/Vivado/2019.1/data/verilog/src/unisims/RAMB36E2.v(3613): $setup( posedge DINADIN &&& clkardclk_en_p:346323 ps, posedge CLKARDCLK &&& clkardclk_en_p:346632 ps, 313 ps );
#    Time: 346632 ps  Iteration: 1  Instance: /Dcache_tb/u_Dcache/u_Dcache_bank_dataSram0/U0/inst_blk_mem_gen/\gnbram.gnativebmg.native_blk_mem_gen /\valid.cstr /\ramloop[27].ram.r /\prim_init.ram /\DEVICE_8SERIES.NO_BMM_INFO.SP.SIMPLE_PRIM36.ram 
# ** Error: D:/Xilinx/Vivado/2019.1/data/verilog/src/unisims/RAMB36E2.v(3613): $setup( posedge DINADIN &&& clkardclk_en_p:346323 ps, posedge CLKARDCLK &&& clkardclk_en_p:346632 ps, 313 ps );
#    Time: 346632 ps  Iteration: 1  Instance: /Dcache_tb/u_Dcache/u_Dcache_bank_dataSram0/U0/inst_blk_mem_gen/\gnbram.gnativebmg.native_blk_mem_gen /\valid.cstr /\ramloop[28].ram.r /\prim_init.ram /\DEVICE_8SERIES.NO_BMM_INFO.SP.SIMPLE_PRIM36.ram 
# ** Error: D:/Xilinx/Vivado/2019.1/data/verilog/src/unisims/RAMB36E2.v(3613): $setup( posedge DINADIN &&& clkardclk_en_p:346323 ps, posedge CLKARDCLK &&& clkardclk_en_p:346632 ps, 313 ps );
#    Time: 346632 ps  Iteration: 1  Instance: /Dcache_tb/u_Dcache/u_Dcache_bank_dataSram0/U0/inst_blk_mem_gen/\gnbram.gnativebmg.native_blk_mem_gen /\valid.cstr /\ramloop[31].ram.r /\prim_init.ram /\DEVICE_8SERIES.NO_BMM_INFO.SP.SIMPLE_PRIM36.ram 
# ** Error: D:/Xilinx/Vivado/2019.1/data/verilog/src/unisims/FDCE.v(170): $hold( posedge C &&& in_clk_enable_p:468819 ps, posedge D &&& in_clk_enable_p:468857 ps, 60 ps );
#    Time: 468857 ps  Iteration: 1  Instance: /Dcache_tb/u_Dcache/u_Dcache_D_V_buffer/\D_V_buffer_reg[29][0] 
# ** Note: $stop    : ../../../../../memory_system.srcs/sim_1/new/Dcache_tb.v(249)
#    Time: 500 ns  Iteration: 0  Instance: /Dcache_tb
# Break in Module Dcache_tb at ../../../../../memory_system.srcs/sim_1/new/Dcache_tb.v line 249
add wave -position insertpoint  \
sim:/Dcache_tb/PERIOD \
sim:/Dcache_tb/rst_cycle \
sim:/Dcache_tb/run_time \
sim:/Dcache_tb/count \
sim:/Dcache_tb/rst \
sim:/Dcache_tb/i_lsu_drive \
sim:/Dcache_tb/i_freeNext_lsu \
sim:/Dcache_tb/i_lsu_PA_34 \
sim:/Dcache_tb/i_lsu_storeData_32 \
sim:/Dcache_tb/i_lsu_storeIndex_6 \
sim:/Dcache_tb/i_lsu_load_or_store \
sim:/Dcache_tb/i_freeNext_retire_store \
sim:/Dcache_tb/i_freeNext_retire_load \
sim:/Dcache_tb/i_ptw_drive \
sim:/Dcache_tb/i_freeNext_ptw \
sim:/Dcache_tb/i_ptw_ptePA_34 \
sim:/Dcache_tb/i_L2cache_drive \
sim:/Dcache_tb/i_freeNext_L2cache_writeBack \
sim:/Dcache_tb/i_freeNext_L2cache_miss \
sim:/Dcache_tb/i_L2cache_refill_32B \
sim:/Dcache_tb/o_lsu_free \
sim:/Dcache_tb/o_driveNext_lsu \
sim:/Dcache_tb/o_storeIndex_to_lsu_6 \
sim:/Dcache_tb/o_driveNext_retire_store \
sim:/Dcache_tb/o_driveNext_retire_load \
sim:/Dcache_tb/o_loadData_to_retire_32 \
sim:/Dcache_tb/o_ptw_free \
sim:/Dcache_tb/o_driveNext_ptw \
sim:/Dcache_tb/o_pte_32 \
sim:/Dcache_tb/o_L2cache_free \
sim:/Dcache_tb/o_driveNext_L2cache_writeBack \
sim:/Dcache_tb/o_driveNext_L2cache_miss \
sim:/Dcache_tb/o_miss_addr_34 \
sim:/Dcache_tb/o_writeBack_addr_34 \
sim:/Dcache_tb/o_writeBack_32B \
sim:/Dcache_tb/o_r_case_number_6 \
sim:/Dcache_tb/o_dcache_offset_12 \
sim:/Dcache_tb/o_plru_evictWay_3 \
sim:/Dcache_tb/o_r_hit_way_3 \
sim:/Dcache_tb/o_dcache_PA_34 \
sim:/Dcache_tb/o_r_writeBack_addr_34 \
sim:/Dcache_tb/o_r_hit \
sim:/Dcache_tb/o_r_dirty
# End time: 15:54:36 on Aug 11,2024, Elapsed time: 0:01:24
# Errors: 23, Warnings: 1
